2017-03-26T19:21:55-06:00 INFO (6): ----------------------------------------------------
2017-03-26T19:21:55-06:00 INFO (6): ----------------------------------------------------
2017-03-26T19:21:55-06:00 INFO (6): ----------------------------------------------------
2017-03-26T19:21:55-06:00 INFO (6): ---- USUARIOS CARGAR XLS - FN CARGAR ---------------
2017-03-26T19:21:55-06:00 INFO (6): REQUESTArray
(
    [nombrec] => PRUEBACASA
    [nombrec1] => MAYEN
    [accion] => cargar
    [PHPSESSID] => p0slapa788hhmufv4uqpuskk14
)

2017-03-26T19:21:55-06:00 INFO (6): FILES: Array
(
    [usuarios] => Array
        (
            [name] => Libro1.xls
            [type] => application/octet-stream
            [tmp_name] => /tmp/php63pbpF
            [error] => 0
            [size] => 26624
        )

)

2017-03-26T19:21:55-06:00 INFO (6): TARGET: /home/broadcaster.cm-operations.com/pub_html/dashboard/email2sms/usuarios/CargaXls_858d8693307bf63Entrada.xls
2017-03-26T19:21:55-06:00 INFO (6): INSERTO:: 1
2017-03-26T19:21:55-06:00 INFO (6): MENSAJE 1:: El Archivo Libro1.xls ha sido subido correctamente
2017-03-26T19:21:55-06:00 INFO (6): MENSAJE 2:: 
2017-03-26T19:21:55-06:00 INFO (6): FIN DE LA PRIMERA PARTE DE LA CARGA DE ARCHIVOS::::::::::..........
2017-03-26T19:21:55-06:00 INFO (6): RESULTADO QUERY PARA VER EL ULTIMO ARCHIVO SUBIDO: Array
(
    [0] => Array
        (
            [mktArchivo_id] => 144
            [mktArchivo_nombre] => Libro1.xls
            [mktArchivo_nombreServidor] => CargaXls_858d8693307bf63Entrada.xls
            [mktArchivo_fecha] => 2017-03-26 19:21:55
            [mktArchivo_procesado] => 1
            [mktArchivo_mensaje] => 
            [mktArchivo_archivoSalida] => 
            [mktArchivo_correo] => 
            [mktMensaje_archivo] => 
        )

)

2017-03-26T19:21:55-06:00 INFO (6): SE HIZO EL UPDATE: 1
2017-03-26T19:21:55-06:00 INFO (6): PATH ARMADO DE ARCHIVO ENTRADA: /home/broadcaster.cm-operations.com/pub_html/dashboard/email2sms/usuarios/CargaXls_858d8693307bf63Entrada.xls
2017-03-26T19:21:55-06:00 INFO (6): PATH ARMADO DE ARCHIVO SALIDA: /home/broadcaster.cm-operations.com/pub_html/dashboard/email2sms/usuarios/CargaXls_858d8693307bf63Salida.xls
2017-03-26T19:21:55-06:00 INFO (6): LECTURA DEL ARCHIVO XLS.
2017-03-26T19:21:55-06:00 INFO (6): --------------------------->
2017-03-26T19:21:55-06:00 INFO (6): QUE TRAE MSISDN: 5549444527
2017-03-26T19:21:55-06:00 INFO (6): QUE TRAE CATEGORIA: PRUEBACASA
2017-03-26T19:21:55-06:00 INFO (6): SI TRAE MSISDN
2017-03-26T19:21:55-06:00 INFO (6): SI TRAE OPERADOR
2017-03-26T19:21:55-06:00 INFO (6): SI ES UN OPERADOR VALIDO
2017-03-26T19:21:55-06:00 INFO (6): SI SE ENCUENTRA CATEGORIZADO
2017-03-26T19:21:55-06:00 INFO (6): QUERY DE BUSQUEDA EN BASE DE USUARIOS: SELECT * FROM fuentes_usuarios_toolbox WHERE usuario_msisdn = '5549444527' AND usuario_operador LIKE 'Telcel' AND usuario_categoria = 'PRUEBACASA' AND usuario_activo = 1 AND usuario_id_fk='1'
2017-03-26T19:21:55-06:00 INFO (6): RESULTADO - QUERY DE BUSQUEDA EN BASE DE USUARIOS: Array
(
)

2017-03-26T19:21:55-06:00 INFO (6): NO HAY USUARIO PREVIAMENTE REGISTRADO CON ESA CATEGORIA
2017-03-26T19:21:55-06:00 INFO (6): SE VA INSERTAR EN USUARIOS DEMO PERU
2017-03-26T19:21:55-06:00 INFO (6): ARRAY DATOS USUARIO:: Array
(
    [usuario_msisdn] => 5549444527
    [usuario_operador] => Telcel
    [usuario_categoria] => PRUEBACASA
    [usuario_enviado] => 1
    [usuario_alta] => 2017-03-26 19:21:55
    [usuario_activo] => 1
    [usuario_id_fk] => 1
)

2017-03-26T19:21:55-06:00 INFO (6): INSERTO:: 1
2017-03-26T19:21:55-06:00 INFO (6): --------------------------->
2017-03-26T19:21:55-06:00 INFO (6): QUE TRAE MSISDN: 
2017-03-26T19:21:55-06:00 INFO (6): QUE TRAE CATEGORIA: PRUEBACASA
2017-03-26T19:21:55-06:00 INFO (6): LA LONGITUD NO CORRESPONDE A UN MSISDN VALIDO
2017-03-26T19:21:55-06:00 INFO (6): MENSAJE ENVIADO A REPORTE XLS::  LA LONGITUD NO CORRESPONDE A UN NUMERO CELULAR.

2017-03-26T19:21:55-06:00 INFO (6): --------------------------->
2017-03-26T19:21:55-06:00 INFO (6): QUE TRAE MSISDN: 
2017-03-26T19:21:55-06:00 INFO (6): QUE TRAE CATEGORIA: PRUEBACASA
2017-03-26T19:21:55-06:00 INFO (6): LA LONGITUD NO CORRESPONDE A UN MSISDN VALIDO
2017-03-26T19:21:55-06:00 INFO (6): MENSAJE ENVIADO A REPORTE XLS::  LA LONGITUD NO CORRESPONDE A UN NUMERO CELULAR.

2017-03-26T19:21:55-06:00 INFO (6): --------------------------->
2017-03-26T19:21:55-06:00 INFO (6): QUE TRAE MSISDN: 
2017-03-26T19:21:55-06:00 INFO (6): QUE TRAE CATEGORIA: PRUEBACASA
2017-03-26T19:21:55-06:00 INFO (6): LA LONGITUD NO CORRESPONDE A UN MSISDN VALIDO
2017-03-26T19:21:55-06:00 INFO (6): MENSAJE ENVIADO A REPORTE XLS::  LA LONGITUD NO CORRESPONDE A UN NUMERO CELULAR.

2017-03-26T19:21:55-06:00 INFO (6): --------------------------->
2017-03-26T19:21:55-06:00 INFO (6): QUE TRAE MSISDN: 
2017-03-26T19:21:55-06:00 INFO (6): QUE TRAE CATEGORIA: PRUEBACASA
2017-03-26T19:21:55-06:00 INFO (6): LA LONGITUD NO CORRESPONDE A UN MSISDN VALIDO
2017-03-26T19:21:55-06:00 INFO (6): MENSAJE ENVIADO A REPORTE XLS::  LA LONGITUD NO CORRESPONDE A UN NUMERO CELULAR.

2017-03-26T19:21:55-06:00 INFO (6): --------------------------->
2017-03-26T19:21:55-06:00 INFO (6): QUE TRAE MSISDN: 
2017-03-26T19:21:55-06:00 INFO (6): QUE TRAE CATEGORIA: PRUEBACASA
2017-03-26T19:21:55-06:00 INFO (6): LA LONGITUD NO CORRESPONDE A UN MSISDN VALIDO
2017-03-26T19:21:55-06:00 INFO (6): MENSAJE ENVIADO A REPORTE XLS::  LA LONGITUD NO CORRESPONDE A UN NUMERO CELULAR.

2017-03-26T19:21:55-06:00 INFO (6): --------------------------->
2017-03-26T19:21:55-06:00 INFO (6): QUE TRAE MSISDN: 
2017-03-26T19:21:55-06:00 INFO (6): QUE TRAE CATEGORIA: PRUEBACASA
2017-03-26T19:21:55-06:00 INFO (6): LA LONGITUD NO CORRESPONDE A UN MSISDN VALIDO
2017-03-26T19:21:55-06:00 INFO (6): MENSAJE ENVIADO A REPORTE XLS::  LA LONGITUD NO CORRESPONDE A UN NUMERO CELULAR.

2017-03-26T19:21:55-06:00 INFO (6): --------------------------->
2017-03-26T19:21:55-06:00 INFO (6): QUE TRAE MSISDN: 
2017-03-26T19:21:55-06:00 INFO (6): QUE TRAE CATEGORIA: PRUEBACASA
2017-03-26T19:21:55-06:00 INFO (6): LA LONGITUD NO CORRESPONDE A UN MSISDN VALIDO
2017-03-26T19:21:55-06:00 INFO (6): MENSAJE ENVIADO A REPORTE XLS::  LA LONGITUD NO CORRESPONDE A UN NUMERO CELULAR.

2017-03-26T19:21:55-06:00 INFO (6): --------------------------->
2017-03-26T19:21:55-06:00 INFO (6): QUE TRAE MSISDN: 
2017-03-26T19:21:55-06:00 INFO (6): QUE TRAE CATEGORIA: PRUEBACASA
2017-03-26T19:21:55-06:00 INFO (6): LA LONGITUD NO CORRESPONDE A UN MSISDN VALIDO
2017-03-26T19:21:55-06:00 INFO (6): MENSAJE ENVIADO A REPORTE XLS::  LA LONGITUD NO CORRESPONDE A UN NUMERO CELULAR.

2017-03-26T19:21:55-06:00 INFO (6): --------------------------->
2017-03-26T19:21:55-06:00 INFO (6): QUE TRAE MSISDN: 
2017-03-26T19:21:55-06:00 INFO (6): QUE TRAE CATEGORIA: PRUEBACASA
2017-03-26T19:21:55-06:00 INFO (6): LA LONGITUD NO CORRESPONDE A UN MSISDN VALIDO
2017-03-26T19:21:55-06:00 INFO (6): MENSAJE ENVIADO A REPORTE XLS::  LA LONGITUD NO CORRESPONDE A UN NUMERO CELULAR.

2017-03-26T19:21:55-06:00 INFO (6): --------------------------->
2017-03-26T19:21:55-06:00 INFO (6): QUE TRAE MSISDN: 
2017-03-26T19:21:55-06:00 INFO (6): QUE TRAE CATEGORIA: PRUEBACASA
2017-03-26T19:21:55-06:00 INFO (6): LA LONGITUD NO CORRESPONDE A UN MSISDN VALIDO
2017-03-26T19:21:55-06:00 INFO (6): MENSAJE ENVIADO A REPORTE XLS::  LA LONGITUD NO CORRESPONDE A UN NUMERO CELULAR.

2017-03-26T19:21:55-06:00 INFO (6): --------------------------->
2017-03-26T19:21:55-06:00 INFO (6): QUE TRAE MSISDN: 
2017-03-26T19:21:55-06:00 INFO (6): QUE TRAE CATEGORIA: PRUEBACASA
2017-03-26T19:21:55-06:00 INFO (6): LA LONGITUD NO CORRESPONDE A UN MSISDN VALIDO
2017-03-26T19:21:55-06:00 INFO (6): MENSAJE ENVIADO A REPORTE XLS::  LA LONGITUD NO CORRESPONDE A UN NUMERO CELULAR.

2017-03-26T19:21:55-06:00 INFO (6): --------------------------->
2017-03-26T19:21:55-06:00 INFO (6): QUE TRAE MSISDN: 
2017-03-26T19:21:55-06:00 INFO (6): QUE TRAE CATEGORIA: PRUEBACASA
2017-03-26T19:21:55-06:00 INFO (6): LA LONGITUD NO CORRESPONDE A UN MSISDN VALIDO
2017-03-26T19:21:55-06:00 INFO (6): MENSAJE ENVIADO A REPORTE XLS::  LA LONGITUD NO CORRESPONDE A UN NUMERO CELULAR.

2017-03-26T19:21:55-06:00 INFO (6): --------------------------->
2017-03-26T19:21:55-06:00 INFO (6): QUE TRAE MSISDN: 
2017-03-26T19:21:55-06:00 INFO (6): QUE TRAE CATEGORIA: PRUEBACASA
2017-03-26T19:21:55-06:00 INFO (6): LA LONGITUD NO CORRESPONDE A UN MSISDN VALIDO
2017-03-26T19:21:55-06:00 INFO (6): MENSAJE ENVIADO A REPORTE XLS::  LA LONGITUD NO CORRESPONDE A UN NUMERO CELULAR.

2017-03-26T19:21:55-06:00 INFO (6): --------------------------->
2017-03-26T19:21:55-06:00 INFO (6): QUE TRAE MSISDN: 
2017-03-26T19:21:55-06:00 INFO (6): QUE TRAE CATEGORIA: PRUEBACASA
2017-03-26T19:21:55-06:00 INFO (6): LA LONGITUD NO CORRESPONDE A UN MSISDN VALIDO
2017-03-26T19:21:55-06:00 INFO (6): MENSAJE ENVIADO A REPORTE XLS::  LA LONGITUD NO CORRESPONDE A UN NUMERO CELULAR.

2017-03-26T19:21:55-06:00 INFO (6): --------------------------->
2017-03-26T19:21:55-06:00 INFO (6): QUE TRAE MSISDN: 
2017-03-26T19:21:55-06:00 INFO (6): QUE TRAE CATEGORIA: PRUEBACASA
2017-03-26T19:21:55-06:00 INFO (6): LA LONGITUD NO CORRESPONDE A UN MSISDN VALIDO
2017-03-26T19:21:55-06:00 INFO (6): MENSAJE ENVIADO A REPORTE XLS::  LA LONGITUD NO CORRESPONDE A UN NUMERO CELULAR.

2017-03-26T19:21:55-06:00 INFO (6): --------------------------->
2017-03-26T19:21:55-06:00 INFO (6): QUE TRAE MSISDN: 
2017-03-26T19:21:55-06:00 INFO (6): QUE TRAE CATEGORIA: PRUEBACASA
2017-03-26T19:21:55-06:00 INFO (6): LA LONGITUD NO CORRESPONDE A UN MSISDN VALIDO
2017-03-26T19:21:55-06:00 INFO (6): MENSAJE ENVIADO A REPORTE XLS::  LA LONGITUD NO CORRESPONDE A UN NUMERO CELULAR.

2017-03-26T19:21:55-06:00 INFO (6): --------------------------->
2017-03-26T19:21:55-06:00 INFO (6): QUE TRAE MSISDN: 
2017-03-26T19:21:55-06:00 INFO (6): QUE TRAE CATEGORIA: PRUEBACASA
2017-03-26T19:21:55-06:00 INFO (6): LA LONGITUD NO CORRESPONDE A UN MSISDN VALIDO
2017-03-26T19:21:55-06:00 INFO (6): MENSAJE ENVIADO A REPORTE XLS::  LA LONGITUD NO CORRESPONDE A UN NUMERO CELULAR.

2017-03-26T19:21:55-06:00 INFO (6): --------------------------->
2017-03-26T19:21:55-06:00 INFO (6): QUE TRAE MSISDN: 
2017-03-26T19:21:55-06:00 INFO (6): QUE TRAE CATEGORIA: PRUEBACASA
2017-03-26T19:21:55-06:00 INFO (6): LA LONGITUD NO CORRESPONDE A UN MSISDN VALIDO
2017-03-26T19:21:55-06:00 INFO (6): MENSAJE ENVIADO A REPORTE XLS::  LA LONGITUD NO CORRESPONDE A UN NUMERO CELULAR.

2017-03-26T19:21:55-06:00 INFO (6): --------------------------->
2017-03-26T19:21:55-06:00 INFO (6): QUE TRAE MSISDN: 
2017-03-26T19:21:55-06:00 INFO (6): QUE TRAE CATEGORIA: PRUEBACASA
2017-03-26T19:21:55-06:00 INFO (6): LA LONGITUD NO CORRESPONDE A UN MSISDN VALIDO
2017-03-26T19:21:55-06:00 INFO (6): MENSAJE ENVIADO A REPORTE XLS::  LA LONGITUD NO CORRESPONDE A UN NUMERO CELULAR.

2017-03-26T19:21:55-06:00 INFO (6): --------------------------->
2017-03-26T19:21:55-06:00 INFO (6): QUE TRAE MSISDN: 
2017-03-26T19:21:55-06:00 INFO (6): QUE TRAE CATEGORIA: PRUEBACASA
2017-03-26T19:21:55-06:00 INFO (6): LA LONGITUD NO CORRESPONDE A UN MSISDN VALIDO
2017-03-26T19:21:55-06:00 INFO (6): MENSAJE ENVIADO A REPORTE XLS::  LA LONGITUD NO CORRESPONDE A UN NUMERO CELULAR.

2017-03-26T19:21:55-06:00 INFO (6): --------------------------->
2017-03-26T19:21:55-06:00 INFO (6): QUE TRAE MSISDN: 
2017-03-26T19:21:55-06:00 INFO (6): QUE TRAE CATEGORIA: PRUEBACASA
2017-03-26T19:21:55-06:00 INFO (6): LA LONGITUD NO CORRESPONDE A UN MSISDN VALIDO
2017-03-26T19:21:55-06:00 INFO (6): MENSAJE ENVIADO A REPORTE XLS::  LA LONGITUD NO CORRESPONDE A UN NUMERO CELULAR.

2017-03-26T19:21:55-06:00 INFO (6): --------------------------->
2017-03-26T19:21:55-06:00 INFO (6): QUE TRAE MSISDN: 
2017-03-26T19:21:55-06:00 INFO (6): QUE TRAE CATEGORIA: PRUEBACASA
2017-03-26T19:21:55-06:00 INFO (6): LA LONGITUD NO CORRESPONDE A UN MSISDN VALIDO
2017-03-26T19:21:55-06:00 INFO (6): MENSAJE ENVIADO A REPORTE XLS::  LA LONGITUD NO CORRESPONDE A UN NUMERO CELULAR.

2017-03-26T19:21:55-06:00 INFO (6): --------------------------->
2017-03-26T19:21:55-06:00 INFO (6): QUE TRAE MSISDN: 
2017-03-26T19:21:55-06:00 INFO (6): QUE TRAE CATEGORIA: PRUEBACASA
2017-03-26T19:21:55-06:00 INFO (6): LA LONGITUD NO CORRESPONDE A UN MSISDN VALIDO
2017-03-26T19:21:55-06:00 INFO (6): MENSAJE ENVIADO A REPORTE XLS::  LA LONGITUD NO CORRESPONDE A UN NUMERO CELULAR.

2017-03-26T19:21:55-06:00 INFO (6): FIN:::::::::::..........
2017-03-26T19:22:22-06:00 INFO (6): ----------------------------------------------------
2017-03-26T19:22:22-06:00 INFO (6): ----------------------------------------------------
2017-03-26T19:22:22-06:00 INFO (6): ----------------------------------------------------
2017-03-26T19:22:22-06:00 INFO (6): ---- USUARIOS CARGAR XLS - FN CARGAR ---------------
2017-03-26T19:22:22-06:00 INFO (6): REQUESTArray
(
    [nombrec] => 
    [nombrec1] => PRUEBACASA
    [accion] => cargar
    [PHPSESSID] => p0slapa788hhmufv4uqpuskk14
)

2017-03-26T19:22:22-06:00 INFO (6): FILES: Array
(
    [usuarios] => Array
        (
            [name] => pruebas.xls
            [type] => application/octet-stream
            [tmp_name] => /tmp/phpntGkOE
            [error] => 0
            [size] => 33280
        )

)

2017-03-26T19:22:22-06:00 INFO (6): TARGET: /home/broadcaster.cm-operations.com/pub_html/dashboard/email2sms/usuarios/CargaXls_558d8694eb8a416Entrada.xls
2017-03-26T19:22:22-06:00 INFO (6): INSERTO:: 1
2017-03-26T19:22:22-06:00 INFO (6): MENSAJE 1:: El Archivo pruebas.xls ha sido subido correctamente
2017-03-26T19:22:22-06:00 INFO (6): MENSAJE 2:: 
2017-03-26T19:22:22-06:00 INFO (6): FIN DE LA PRIMERA PARTE DE LA CARGA DE ARCHIVOS::::::::::..........
2017-03-26T19:22:22-06:00 INFO (6): RESULTADO QUERY PARA VER EL ULTIMO ARCHIVO SUBIDO: Array
(
    [0] => Array
        (
            [mktArchivo_id] => 145
            [mktArchivo_nombre] => pruebas.xls
            [mktArchivo_nombreServidor] => CargaXls_558d8694eb8a416Entrada.xls
            [mktArchivo_fecha] => 2017-03-26 19:22:22
            [mktArchivo_procesado] => 1
            [mktArchivo_mensaje] => 
            [mktArchivo_archivoSalida] => 
            [mktArchivo_correo] => 
            [mktMensaje_archivo] => 
        )

)

2017-03-26T19:22:22-06:00 INFO (6): SE HIZO EL UPDATE: 1
2017-03-26T19:22:22-06:00 INFO (6): PATH ARMADO DE ARCHIVO ENTRADA: /home/broadcaster.cm-operations.com/pub_html/dashboard/email2sms/usuarios/CargaXls_558d8694eb8a416Entrada.xls
2017-03-26T19:22:22-06:00 INFO (6): PATH ARMADO DE ARCHIVO SALIDA: /home/broadcaster.cm-operations.com/pub_html/dashboard/email2sms/usuarios/CargaXls_558d8694eb8a416Salida.xls
2017-03-26T19:22:22-06:00 INFO (6): LECTURA DEL ARCHIVO XLS.
2017-03-26T19:22:22-06:00 INFO (6): --------------------------->
2017-03-26T19:22:22-06:00 INFO (6): QUE TRAE MSISDN: 5511111111
2017-03-26T19:22:22-06:00 INFO (6): QUE TRAE CATEGORIA: PRUEBACASA
2017-03-26T19:22:22-06:00 INFO (6): SI TRAE MSISDN
2017-03-26T19:22:22-06:00 INFO (6): SI TRAE OPERADOR
2017-03-26T19:22:22-06:00 INFO (6): SI ES UN OPERADOR VALIDO
2017-03-26T19:22:22-06:00 INFO (6): SI SE ENCUENTRA CATEGORIZADO
2017-03-26T19:22:22-06:00 INFO (6): QUERY DE BUSQUEDA EN BASE DE USUARIOS: SELECT * FROM fuentes_usuarios_toolbox WHERE usuario_msisdn = '5511111111' AND usuario_operador LIKE 'Nextel' AND usuario_categoria = 'PRUEBACASA' AND usuario_activo = 1 AND usuario_id_fk='1'
2017-03-26T19:22:22-06:00 INFO (6): RESULTADO - QUERY DE BUSQUEDA EN BASE DE USUARIOS: Array
(
)

2017-03-26T19:22:22-06:00 INFO (6): NO HAY USUARIO PREVIAMENTE REGISTRADO CON ESA CATEGORIA
2017-03-26T19:22:22-06:00 INFO (6): SE VA INSERTAR EN USUARIOS DEMO PERU
2017-03-26T19:22:22-06:00 INFO (6): ARRAY DATOS USUARIO:: Array
(
    [usuario_msisdn] => 5511111111
    [usuario_operador] => Nextel
    [usuario_categoria] => PRUEBACASA
    [usuario_enviado] => 1
    [usuario_alta] => 2017-03-26 19:22:22
    [usuario_activo] => 1
    [usuario_id_fk] => 1
)

2017-03-26T19:22:22-06:00 INFO (6): INSERTO:: 1
2017-03-26T19:22:22-06:00 INFO (6): --------------------------->
2017-03-26T19:22:22-06:00 INFO (6): QUE TRAE MSISDN: 5511111112
2017-03-26T19:22:22-06:00 INFO (6): QUE TRAE CATEGORIA: PRUEBACASA
2017-03-26T19:22:22-06:00 INFO (6): SI TRAE MSISDN
2017-03-26T19:22:22-06:00 INFO (6): SI TRAE OPERADOR
2017-03-26T19:22:22-06:00 INFO (6): SI ES UN OPERADOR VALIDO
2017-03-26T19:22:22-06:00 INFO (6): SI SE ENCUENTRA CATEGORIZADO
2017-03-26T19:22:22-06:00 INFO (6): QUERY DE BUSQUEDA EN BASE DE USUARIOS: SELECT * FROM fuentes_usuarios_toolbox WHERE usuario_msisdn = '5511111112' AND usuario_operador LIKE 'Movistar' AND usuario_categoria = 'PRUEBACASA' AND usuario_activo = 1 AND usuario_id_fk='1'
2017-03-26T19:22:22-06:00 INFO (6): RESULTADO - QUERY DE BUSQUEDA EN BASE DE USUARIOS: Array
(
)

2017-03-26T19:22:22-06:00 INFO (6): NO HAY USUARIO PREVIAMENTE REGISTRADO CON ESA CATEGORIA
2017-03-26T19:22:22-06:00 INFO (6): SE VA INSERTAR EN USUARIOS DEMO PERU
2017-03-26T19:22:22-06:00 INFO (6): ARRAY DATOS USUARIO:: Array
(
    [usuario_msisdn] => 5511111112
    [usuario_operador] => Movistar
    [usuario_categoria] => PRUEBACASA
    [usuario_enviado] => 1
    [usuario_alta] => 2017-03-26 19:22:22
    [usuario_activo] => 1
    [usuario_id_fk] => 1
)

2017-03-26T19:22:22-06:00 INFO (6): INSERTO:: 1
2017-03-26T19:22:22-06:00 INFO (6): --------------------------->
2017-03-26T19:22:22-06:00 INFO (6): QUE TRAE MSISDN: 5511111113
2017-03-26T19:22:22-06:00 INFO (6): QUE TRAE CATEGORIA: PRUEBACASA
2017-03-26T19:22:22-06:00 INFO (6): SI TRAE MSISDN
2017-03-26T19:22:22-06:00 INFO (6): SI TRAE OPERADOR
2017-03-26T19:22:22-06:00 INFO (6): SI ES UN OPERADOR VALIDO
2017-03-26T19:22:22-06:00 INFO (6): SI SE ENCUENTRA CATEGORIZADO
2017-03-26T19:22:22-06:00 INFO (6): QUERY DE BUSQUEDA EN BASE DE USUARIOS: SELECT * FROM fuentes_usuarios_toolbox WHERE usuario_msisdn = '5511111113' AND usuario_operador LIKE 'Movistar' AND usuario_categoria = 'PRUEBACASA' AND usuario_activo = 1 AND usuario_id_fk='1'
2017-03-26T19:22:22-06:00 INFO (6): RESULTADO - QUERY DE BUSQUEDA EN BASE DE USUARIOS: Array
(
)

2017-03-26T19:22:22-06:00 INFO (6): NO HAY USUARIO PREVIAMENTE REGISTRADO CON ESA CATEGORIA
2017-03-26T19:22:22-06:00 INFO (6): SE VA INSERTAR EN USUARIOS DEMO PERU
2017-03-26T19:22:22-06:00 INFO (6): ARRAY DATOS USUARIO:: Array
(
    [usuario_msisdn] => 5511111113
    [usuario_operador] => Movistar
    [usuario_categoria] => PRUEBACASA
    [usuario_enviado] => 1
    [usuario_alta] => 2017-03-26 19:22:22
    [usuario_activo] => 1
    [usuario_id_fk] => 1
)

2017-03-26T19:22:22-06:00 INFO (6): INSERTO:: 1
2017-03-26T19:22:22-06:00 INFO (6): --------------------------->
2017-03-26T19:22:22-06:00 INFO (6): QUE TRAE MSISDN: 5511111114
2017-03-26T19:22:22-06:00 INFO (6): QUE TRAE CATEGORIA: PRUEBACASA
2017-03-26T19:22:22-06:00 INFO (6): SI TRAE MSISDN
2017-03-26T19:22:22-06:00 INFO (6): SI TRAE OPERADOR
2017-03-26T19:22:22-06:00 INFO (6): SI ES UN OPERADOR VALIDO
2017-03-26T19:22:22-06:00 INFO (6): SI SE ENCUENTRA CATEGORIZADO
2017-03-26T19:22:22-06:00 INFO (6): QUERY DE BUSQUEDA EN BASE DE USUARIOS: SELECT * FROM fuentes_usuarios_toolbox WHERE usuario_msisdn = '5511111114' AND usuario_operador LIKE 'Movistar' AND usuario_categoria = 'PRUEBACASA' AND usuario_activo = 1 AND usuario_id_fk='1'
2017-03-26T19:22:23-06:00 INFO (6): RESULTADO - QUERY DE BUSQUEDA EN BASE DE USUARIOS: Array
(
)

2017-03-26T19:22:23-06:00 INFO (6): NO HAY USUARIO PREVIAMENTE REGISTRADO CON ESA CATEGORIA
2017-03-26T19:22:23-06:00 INFO (6): SE VA INSERTAR EN USUARIOS DEMO PERU
2017-03-26T19:22:23-06:00 INFO (6): ARRAY DATOS USUARIO:: Array
(
    [usuario_msisdn] => 5511111114
    [usuario_operador] => Movistar
    [usuario_categoria] => PRUEBACASA
    [usuario_enviado] => 1
    [usuario_alta] => 2017-03-26 19:22:23
    [usuario_activo] => 1
    [usuario_id_fk] => 1
)

2017-03-26T19:22:23-06:00 INFO (6): INSERTO:: 1
2017-03-26T19:22:23-06:00 INFO (6): --------------------------->
2017-03-26T19:22:23-06:00 INFO (6): QUE TRAE MSISDN: 5511111115
2017-03-26T19:22:23-06:00 INFO (6): QUE TRAE CATEGORIA: PRUEBACASA
2017-03-26T19:22:23-06:00 INFO (6): SI TRAE MSISDN
2017-03-26T19:22:23-06:00 INFO (6): SI TRAE OPERADOR
2017-03-26T19:22:23-06:00 INFO (6): SI ES UN OPERADOR VALIDO
2017-03-26T19:22:23-06:00 INFO (6): SI SE ENCUENTRA CATEGORIZADO
2017-03-26T19:22:23-06:00 INFO (6): QUERY DE BUSQUEDA EN BASE DE USUARIOS: SELECT * FROM fuentes_usuarios_toolbox WHERE usuario_msisdn = '5511111115' AND usuario_operador LIKE 'Movistar' AND usuario_categoria = 'PRUEBACASA' AND usuario_activo = 1 AND usuario_id_fk='1'
2017-03-26T19:22:23-06:00 INFO (6): RESULTADO - QUERY DE BUSQUEDA EN BASE DE USUARIOS: Array
(
)

2017-03-26T19:22:23-06:00 INFO (6): NO HAY USUARIO PREVIAMENTE REGISTRADO CON ESA CATEGORIA
2017-03-26T19:22:23-06:00 INFO (6): SE VA INSERTAR EN USUARIOS DEMO PERU
2017-03-26T19:22:23-06:00 INFO (6): ARRAY DATOS USUARIO:: Array
(
    [usuario_msisdn] => 5511111115
    [usuario_operador] => Movistar
    [usuario_categoria] => PRUEBACASA
    [usuario_enviado] => 1
    [usuario_alta] => 2017-03-26 19:22:23
    [usuario_activo] => 1
    [usuario_id_fk] => 1
)

2017-03-26T19:22:23-06:00 INFO (6): INSERTO:: 1
2017-03-26T19:22:23-06:00 INFO (6): --------------------------->
2017-03-26T19:22:23-06:00 INFO (6): QUE TRAE MSISDN: 5511111116
2017-03-26T19:22:23-06:00 INFO (6): QUE TRAE CATEGORIA: PRUEBACASA
2017-03-26T19:22:23-06:00 INFO (6): SI TRAE MSISDN
2017-03-26T19:22:23-06:00 INFO (6): SI TRAE OPERADOR
2017-03-26T19:22:23-06:00 INFO (6): SI ES UN OPERADOR VALIDO
2017-03-26T19:22:23-06:00 INFO (6): SI SE ENCUENTRA CATEGORIZADO
2017-03-26T19:22:23-06:00 INFO (6): QUERY DE BUSQUEDA EN BASE DE USUARIOS: SELECT * FROM fuentes_usuarios_toolbox WHERE usuario_msisdn = '5511111116' AND usuario_operador LIKE 'Movistar' AND usuario_categoria = 'PRUEBACASA' AND usuario_activo = 1 AND usuario_id_fk='1'
2017-03-26T19:22:23-06:00 INFO (6): RESULTADO - QUERY DE BUSQUEDA EN BASE DE USUARIOS: Array
(
)

2017-03-26T19:22:23-06:00 INFO (6): NO HAY USUARIO PREVIAMENTE REGISTRADO CON ESA CATEGORIA
2017-03-26T19:22:23-06:00 INFO (6): SE VA INSERTAR EN USUARIOS DEMO PERU
2017-03-26T19:22:23-06:00 INFO (6): ARRAY DATOS USUARIO:: Array
(
    [usuario_msisdn] => 5511111116
    [usuario_operador] => Movistar
    [usuario_categoria] => PRUEBACASA
    [usuario_enviado] => 1
    [usuario_alta] => 2017-03-26 19:22:23
    [usuario_activo] => 1
    [usuario_id_fk] => 1
)

2017-03-26T19:22:23-06:00 INFO (6): INSERTO:: 1
2017-03-26T19:22:23-06:00 INFO (6): --------------------------->
2017-03-26T19:22:23-06:00 INFO (6): QUE TRAE MSISDN: 5511111117
2017-03-26T19:22:23-06:00 INFO (6): QUE TRAE CATEGORIA: PRUEBACASA
2017-03-26T19:22:23-06:00 INFO (6): SI TRAE MSISDN
2017-03-26T19:22:23-06:00 INFO (6): SI TRAE OPERADOR
2017-03-26T19:22:23-06:00 INFO (6): SI ES UN OPERADOR VALIDO
2017-03-26T19:22:23-06:00 INFO (6): SI SE ENCUENTRA CATEGORIZADO
2017-03-26T19:22:23-06:00 INFO (6): QUERY DE BUSQUEDA EN BASE DE USUARIOS: SELECT * FROM fuentes_usuarios_toolbox WHERE usuario_msisdn = '5511111117' AND usuario_operador LIKE 'Movistar' AND usuario_categoria = 'PRUEBACASA' AND usuario_activo = 1 AND usuario_id_fk='1'
2017-03-26T19:22:23-06:00 INFO (6): RESULTADO - QUERY DE BUSQUEDA EN BASE DE USUARIOS: Array
(
)

2017-03-26T19:22:23-06:00 INFO (6): NO HAY USUARIO PREVIAMENTE REGISTRADO CON ESA CATEGORIA
2017-03-26T19:22:23-06:00 INFO (6): SE VA INSERTAR EN USUARIOS DEMO PERU
2017-03-26T19:22:23-06:00 INFO (6): ARRAY DATOS USUARIO:: Array
(
    [usuario_msisdn] => 5511111117
    [usuario_operador] => Movistar
    [usuario_categoria] => PRUEBACASA
    [usuario_enviado] => 1
    [usuario_alta] => 2017-03-26 19:22:23
    [usuario_activo] => 1
    [usuario_id_fk] => 1
)

2017-03-26T19:22:23-06:00 INFO (6): INSERTO:: 1
2017-03-26T19:22:23-06:00 INFO (6): --------------------------->
2017-03-26T19:22:23-06:00 INFO (6): QUE TRAE MSISDN: 5511111118
2017-03-26T19:22:23-06:00 INFO (6): QUE TRAE CATEGORIA: PRUEBACASA
2017-03-26T19:22:23-06:00 INFO (6): SI TRAE MSISDN
2017-03-26T19:22:23-06:00 INFO (6): SI TRAE OPERADOR
2017-03-26T19:22:23-06:00 INFO (6): SI ES UN OPERADOR VALIDO
2017-03-26T19:22:23-06:00 INFO (6): SI SE ENCUENTRA CATEGORIZADO
2017-03-26T19:22:23-06:00 INFO (6): QUERY DE BUSQUEDA EN BASE DE USUARIOS: SELECT * FROM fuentes_usuarios_toolbox WHERE usuario_msisdn = '5511111118' AND usuario_operador LIKE 'Movistar' AND usuario_categoria = 'PRUEBACASA' AND usuario_activo = 1 AND usuario_id_fk='1'
2017-03-26T19:22:23-06:00 INFO (6): RESULTADO - QUERY DE BUSQUEDA EN BASE DE USUARIOS: Array
(
)

2017-03-26T19:22:23-06:00 INFO (6): NO HAY USUARIO PREVIAMENTE REGISTRADO CON ESA CATEGORIA
2017-03-26T19:22:23-06:00 INFO (6): SE VA INSERTAR EN USUARIOS DEMO PERU
2017-03-26T19:22:23-06:00 INFO (6): ARRAY DATOS USUARIO:: Array
(
    [usuario_msisdn] => 5511111118
    [usuario_operador] => Movistar
    [usuario_categoria] => PRUEBACASA
    [usuario_enviado] => 1
    [usuario_alta] => 2017-03-26 19:22:23
    [usuario_activo] => 1
    [usuario_id_fk] => 1
)

2017-03-26T19:22:23-06:00 INFO (6): INSERTO:: 1
2017-03-26T19:22:23-06:00 INFO (6): --------------------------->
2017-03-26T19:22:23-06:00 INFO (6): QUE TRAE MSISDN: 5511111119
2017-03-26T19:22:23-06:00 INFO (6): QUE TRAE CATEGORIA: PRUEBACASA
2017-03-26T19:22:23-06:00 INFO (6): SI TRAE MSISDN
2017-03-26T19:22:23-06:00 INFO (6): SI TRAE OPERADOR
2017-03-26T19:22:23-06:00 INFO (6): SI ES UN OPERADOR VALIDO
2017-03-26T19:22:23-06:00 INFO (6): SI SE ENCUENTRA CATEGORIZADO
2017-03-26T19:22:23-06:00 INFO (6): QUERY DE BUSQUEDA EN BASE DE USUARIOS: SELECT * FROM fuentes_usuarios_toolbox WHERE usuario_msisdn = '5511111119' AND usuario_operador LIKE 'Movistar' AND usuario_categoria = 'PRUEBACASA' AND usuario_activo = 1 AND usuario_id_fk='1'
2017-03-26T19:22:23-06:00 INFO (6): RESULTADO - QUERY DE BUSQUEDA EN BASE DE USUARIOS: Array
(
)

2017-03-26T19:22:23-06:00 INFO (6): NO HAY USUARIO PREVIAMENTE REGISTRADO CON ESA CATEGORIA
2017-03-26T19:22:23-06:00 INFO (6): SE VA INSERTAR EN USUARIOS DEMO PERU
2017-03-26T19:22:23-06:00 INFO (6): ARRAY DATOS USUARIO:: Array
(
    [usuario_msisdn] => 5511111119
    [usuario_operador] => Movistar
    [usuario_categoria] => PRUEBACASA
    [usuario_enviado] => 1
    [usuario_alta] => 2017-03-26 19:22:23
    [usuario_activo] => 1
    [usuario_id_fk] => 1
)

2017-03-26T19:22:23-06:00 INFO (6): INSERTO:: 1
2017-03-26T19:22:23-06:00 INFO (6): --------------------------->
2017-03-26T19:22:23-06:00 INFO (6): QUE TRAE MSISDN: 5511111120
2017-03-26T19:22:23-06:00 INFO (6): QUE TRAE CATEGORIA: PRUEBACASA
2017-03-26T19:22:23-06:00 INFO (6): SI TRAE MSISDN
2017-03-26T19:22:23-06:00 INFO (6): SI TRAE OPERADOR
2017-03-26T19:22:23-06:00 INFO (6): SI ES UN OPERADOR VALIDO
2017-03-26T19:22:23-06:00 INFO (6): SI SE ENCUENTRA CATEGORIZADO
2017-03-26T19:22:23-06:00 INFO (6): QUERY DE BUSQUEDA EN BASE DE USUARIOS: SELECT * FROM fuentes_usuarios_toolbox WHERE usuario_msisdn = '5511111120' AND usuario_operador LIKE 'Movistar' AND usuario_categoria = 'PRUEBACASA' AND usuario_activo = 1 AND usuario_id_fk='1'
2017-03-26T19:22:23-06:00 INFO (6): RESULTADO - QUERY DE BUSQUEDA EN BASE DE USUARIOS: Array
(
)

2017-03-26T19:22:23-06:00 INFO (6): NO HAY USUARIO PREVIAMENTE REGISTRADO CON ESA CATEGORIA
2017-03-26T19:22:23-06:00 INFO (6): SE VA INSERTAR EN USUARIOS DEMO PERU
2017-03-26T19:22:23-06:00 INFO (6): ARRAY DATOS USUARIO:: Array
(
    [usuario_msisdn] => 5511111120
    [usuario_operador] => Movistar
    [usuario_categoria] => PRUEBACASA
    [usuario_enviado] => 1
    [usuario_alta] => 2017-03-26 19:22:23
    [usuario_activo] => 1
    [usuario_id_fk] => 1
)

2017-03-26T19:22:23-06:00 INFO (6): INSERTO:: 1
2017-03-26T19:22:23-06:00 INFO (6): --------------------------->
2017-03-26T19:22:23-06:00 INFO (6): QUE TRAE MSISDN: 5511111121
2017-03-26T19:22:23-06:00 INFO (6): QUE TRAE CATEGORIA: PRUEBACASA
2017-03-26T19:22:23-06:00 INFO (6): SI TRAE MSISDN
2017-03-26T19:22:23-06:00 INFO (6): SI TRAE OPERADOR
2017-03-26T19:22:23-06:00 INFO (6): SI ES UN OPERADOR VALIDO
2017-03-26T19:22:23-06:00 INFO (6): SI SE ENCUENTRA CATEGORIZADO
2017-03-26T19:22:23-06:00 INFO (6): QUERY DE BUSQUEDA EN BASE DE USUARIOS: SELECT * FROM fuentes_usuarios_toolbox WHERE usuario_msisdn = '5511111121' AND usuario_operador LIKE 'Movistar' AND usuario_categoria = 'PRUEBACASA' AND usuario_activo = 1 AND usuario_id_fk='1'
2017-03-26T19:22:23-06:00 INFO (6): RESULTADO - QUERY DE BUSQUEDA EN BASE DE USUARIOS: Array
(
)

2017-03-26T19:22:23-06:00 INFO (6): NO HAY USUARIO PREVIAMENTE REGISTRADO CON ESA CATEGORIA
2017-03-26T19:22:23-06:00 INFO (6): SE VA INSERTAR EN USUARIOS DEMO PERU
2017-03-26T19:22:23-06:00 INFO (6): ARRAY DATOS USUARIO:: Array
(
    [usuario_msisdn] => 5511111121
    [usuario_operador] => Movistar
    [usuario_categoria] => PRUEBACASA
    [usuario_enviado] => 1
    [usuario_alta] => 2017-03-26 19:22:23
    [usuario_activo] => 1
    [usuario_id_fk] => 1
)

2017-03-26T19:22:23-06:00 INFO (6): INSERTO:: 1
2017-03-26T19:22:23-06:00 INFO (6): --------------------------->
2017-03-26T19:22:23-06:00 INFO (6): QUE TRAE MSISDN: 5511111122
2017-03-26T19:22:23-06:00 INFO (6): QUE TRAE CATEGORIA: PRUEBACASA
2017-03-26T19:22:23-06:00 INFO (6): SI TRAE MSISDN
2017-03-26T19:22:23-06:00 INFO (6): SI TRAE OPERADOR
2017-03-26T19:22:23-06:00 INFO (6): SI ES UN OPERADOR VALIDO
2017-03-26T19:22:23-06:00 INFO (6): SI SE ENCUENTRA CATEGORIZADO
2017-03-26T19:22:23-06:00 INFO (6): QUERY DE BUSQUEDA EN BASE DE USUARIOS: SELECT * FROM fuentes_usuarios_toolbox WHERE usuario_msisdn = '5511111122' AND usuario_operador LIKE 'Movistar' AND usuario_categoria = 'PRUEBACASA' AND usuario_activo = 1 AND usuario_id_fk='1'
2017-03-26T19:22:23-06:00 INFO (6): RESULTADO - QUERY DE BUSQUEDA EN BASE DE USUARIOS: Array
(
)

2017-03-26T19:22:23-06:00 INFO (6): NO HAY USUARIO PREVIAMENTE REGISTRADO CON ESA CATEGORIA
2017-03-26T19:22:23-06:00 INFO (6): SE VA INSERTAR EN USUARIOS DEMO PERU
2017-03-26T19:22:23-06:00 INFO (6): ARRAY DATOS USUARIO:: Array
(
    [usuario_msisdn] => 5511111122
    [usuario_operador] => Movistar
    [usuario_categoria] => PRUEBACASA
    [usuario_enviado] => 1
    [usuario_alta] => 2017-03-26 19:22:23
    [usuario_activo] => 1
    [usuario_id_fk] => 1
)

2017-03-26T19:22:23-06:00 INFO (6): INSERTO:: 1
2017-03-26T19:22:23-06:00 INFO (6): --------------------------->
2017-03-26T19:22:23-06:00 INFO (6): QUE TRAE MSISDN: 5511111123
2017-03-26T19:22:23-06:00 INFO (6): QUE TRAE CATEGORIA: PRUEBACASA
2017-03-26T19:22:23-06:00 INFO (6): SI TRAE MSISDN
2017-03-26T19:22:23-06:00 INFO (6): SI TRAE OPERADOR
2017-03-26T19:22:23-06:00 INFO (6): SI ES UN OPERADOR VALIDO
2017-03-26T19:22:23-06:00 INFO (6): SI SE ENCUENTRA CATEGORIZADO
2017-03-26T19:22:23-06:00 INFO (6): QUERY DE BUSQUEDA EN BASE DE USUARIOS: SELECT * FROM fuentes_usuarios_toolbox WHERE usuario_msisdn = '5511111123' AND usuario_operador LIKE 'Movistar' AND usuario_categoria = 'PRUEBACASA' AND usuario_activo = 1 AND usuario_id_fk='1'
2017-03-26T19:22:23-06:00 INFO (6): RESULTADO - QUERY DE BUSQUEDA EN BASE DE USUARIOS: Array
(
)

2017-03-26T19:22:23-06:00 INFO (6): NO HAY USUARIO PREVIAMENTE REGISTRADO CON ESA CATEGORIA
2017-03-26T19:22:23-06:00 INFO (6): SE VA INSERTAR EN USUARIOS DEMO PERU
2017-03-26T19:22:23-06:00 INFO (6): ARRAY DATOS USUARIO:: Array
(
    [usuario_msisdn] => 5511111123
    [usuario_operador] => Movistar
    [usuario_categoria] => PRUEBACASA
    [usuario_enviado] => 1
    [usuario_alta] => 2017-03-26 19:22:23
    [usuario_activo] => 1
    [usuario_id_fk] => 1
)

2017-03-26T19:22:23-06:00 INFO (6): INSERTO:: 1
2017-03-26T19:22:23-06:00 INFO (6): --------------------------->
2017-03-26T19:22:23-06:00 INFO (6): QUE TRAE MSISDN: 5511111124
2017-03-26T19:22:23-06:00 INFO (6): QUE TRAE CATEGORIA: PRUEBACASA
2017-03-26T19:22:23-06:00 INFO (6): SI TRAE MSISDN
2017-03-26T19:22:23-06:00 INFO (6): SI TRAE OPERADOR
2017-03-26T19:22:23-06:00 INFO (6): SI ES UN OPERADOR VALIDO
2017-03-26T19:22:23-06:00 INFO (6): SI SE ENCUENTRA CATEGORIZADO
2017-03-26T19:22:23-06:00 INFO (6): QUERY DE BUSQUEDA EN BASE DE USUARIOS: SELECT * FROM fuentes_usuarios_toolbox WHERE usuario_msisdn = '5511111124' AND usuario_operador LIKE 'Movistar' AND usuario_categoria = 'PRUEBACASA' AND usuario_activo = 1 AND usuario_id_fk='1'
2017-03-26T19:22:23-06:00 INFO (6): RESULTADO - QUERY DE BUSQUEDA EN BASE DE USUARIOS: Array
(
)

2017-03-26T19:22:23-06:00 INFO (6): NO HAY USUARIO PREVIAMENTE REGISTRADO CON ESA CATEGORIA
2017-03-26T19:22:23-06:00 INFO (6): SE VA INSERTAR EN USUARIOS DEMO PERU
2017-03-26T19:22:23-06:00 INFO (6): ARRAY DATOS USUARIO:: Array
(
    [usuario_msisdn] => 5511111124
    [usuario_operador] => Movistar
    [usuario_categoria] => PRUEBACASA
    [usuario_enviado] => 1
    [usuario_alta] => 2017-03-26 19:22:23
    [usuario_activo] => 1
    [usuario_id_fk] => 1
)

2017-03-26T19:22:23-06:00 INFO (6): INSERTO:: 1
2017-03-26T19:22:23-06:00 INFO (6): --------------------------->
2017-03-26T19:22:23-06:00 INFO (6): QUE TRAE MSISDN: 5511111125
2017-03-26T19:22:23-06:00 INFO (6): QUE TRAE CATEGORIA: PRUEBACASA
2017-03-26T19:22:23-06:00 INFO (6): SI TRAE MSISDN
2017-03-26T19:22:23-06:00 INFO (6): SI TRAE OPERADOR
2017-03-26T19:22:23-06:00 INFO (6): SI ES UN OPERADOR VALIDO
2017-03-26T19:22:23-06:00 INFO (6): SI SE ENCUENTRA CATEGORIZADO
2017-03-26T19:22:23-06:00 INFO (6): QUERY DE BUSQUEDA EN BASE DE USUARIOS: SELECT * FROM fuentes_usuarios_toolbox WHERE usuario_msisdn = '5511111125' AND usuario_operador LIKE 'Movistar' AND usuario_categoria = 'PRUEBACASA' AND usuario_activo = 1 AND usuario_id_fk='1'
2017-03-26T19:22:23-06:00 INFO (6): RESULTADO - QUERY DE BUSQUEDA EN BASE DE USUARIOS: Array
(
)

2017-03-26T19:22:23-06:00 INFO (6): NO HAY USUARIO PREVIAMENTE REGISTRADO CON ESA CATEGORIA
2017-03-26T19:22:23-06:00 INFO (6): SE VA INSERTAR EN USUARIOS DEMO PERU
2017-03-26T19:22:23-06:00 INFO (6): ARRAY DATOS USUARIO:: Array
(
    [usuario_msisdn] => 5511111125
    [usuario_operador] => Movistar
    [usuario_categoria] => PRUEBACASA
    [usuario_enviado] => 1
    [usuario_alta] => 2017-03-26 19:22:23
    [usuario_activo] => 1
    [usuario_id_fk] => 1
)

2017-03-26T19:22:23-06:00 INFO (6): INSERTO:: 1
2017-03-26T19:22:23-06:00 INFO (6): --------------------------->
2017-03-26T19:22:23-06:00 INFO (6): QUE TRAE MSISDN: 5511111126
2017-03-26T19:22:23-06:00 INFO (6): QUE TRAE CATEGORIA: PRUEBACASA
2017-03-26T19:22:23-06:00 INFO (6): SI TRAE MSISDN
2017-03-26T19:22:23-06:00 INFO (6): SI TRAE OPERADOR
2017-03-26T19:22:23-06:00 INFO (6): SI ES UN OPERADOR VALIDO
2017-03-26T19:22:23-06:00 INFO (6): SI SE ENCUENTRA CATEGORIZADO
2017-03-26T19:22:23-06:00 INFO (6): QUERY DE BUSQUEDA EN BASE DE USUARIOS: SELECT * FROM fuentes_usuarios_toolbox WHERE usuario_msisdn = '5511111126' AND usuario_operador LIKE 'Movistar' AND usuario_categoria = 'PRUEBACASA' AND usuario_activo = 1 AND usuario_id_fk='1'
2017-03-26T19:22:23-06:00 INFO (6): RESULTADO - QUERY DE BUSQUEDA EN BASE DE USUARIOS: Array
(
)

2017-03-26T19:22:23-06:00 INFO (6): NO HAY USUARIO PREVIAMENTE REGISTRADO CON ESA CATEGORIA
2017-03-26T19:22:23-06:00 INFO (6): SE VA INSERTAR EN USUARIOS DEMO PERU
2017-03-26T19:22:23-06:00 INFO (6): ARRAY DATOS USUARIO:: Array
(
    [usuario_msisdn] => 5511111126
    [usuario_operador] => Movistar
    [usuario_categoria] => PRUEBACASA
    [usuario_enviado] => 1
    [usuario_alta] => 2017-03-26 19:22:23
    [usuario_activo] => 1
    [usuario_id_fk] => 1
)

2017-03-26T19:22:23-06:00 INFO (6): INSERTO:: 1
2017-03-26T19:22:23-06:00 INFO (6): --------------------------->
2017-03-26T19:22:23-06:00 INFO (6): QUE TRAE MSISDN: 5511111127
2017-03-26T19:22:23-06:00 INFO (6): QUE TRAE CATEGORIA: PRUEBACASA
2017-03-26T19:22:23-06:00 INFO (6): SI TRAE MSISDN
2017-03-26T19:22:23-06:00 INFO (6): SI TRAE OPERADOR
2017-03-26T19:22:23-06:00 INFO (6): SI ES UN OPERADOR VALIDO
2017-03-26T19:22:23-06:00 INFO (6): SI SE ENCUENTRA CATEGORIZADO
2017-03-26T19:22:23-06:00 INFO (6): QUERY DE BUSQUEDA EN BASE DE USUARIOS: SELECT * FROM fuentes_usuarios_toolbox WHERE usuario_msisdn = '5511111127' AND usuario_operador LIKE 'Movistar' AND usuario_categoria = 'PRUEBACASA' AND usuario_activo = 1 AND usuario_id_fk='1'
2017-03-26T19:22:23-06:00 INFO (6): RESULTADO - QUERY DE BUSQUEDA EN BASE DE USUARIOS: Array
(
)

2017-03-26T19:22:23-06:00 INFO (6): NO HAY USUARIO PREVIAMENTE REGISTRADO CON ESA CATEGORIA
2017-03-26T19:22:23-06:00 INFO (6): SE VA INSERTAR EN USUARIOS DEMO PERU
2017-03-26T19:22:23-06:00 INFO (6): ARRAY DATOS USUARIO:: Array
(
    [usuario_msisdn] => 5511111127
    [usuario_operador] => Movistar
    [usuario_categoria] => PRUEBACASA
    [usuario_enviado] => 1
    [usuario_alta] => 2017-03-26 19:22:23
    [usuario_activo] => 1
    [usuario_id_fk] => 1
)

2017-03-26T19:22:23-06:00 INFO (6): INSERTO:: 1
2017-03-26T19:22:23-06:00 INFO (6): --------------------------->
2017-03-26T19:22:23-06:00 INFO (6): QUE TRAE MSISDN: 5511111128
2017-03-26T19:22:23-06:00 INFO (6): QUE TRAE CATEGORIA: PRUEBACASA
2017-03-26T19:22:23-06:00 INFO (6): SI TRAE MSISDN
2017-03-26T19:22:23-06:00 INFO (6): SI TRAE OPERADOR
2017-03-26T19:22:23-06:00 INFO (6): SI ES UN OPERADOR VALIDO
2017-03-26T19:22:23-06:00 INFO (6): SI SE ENCUENTRA CATEGORIZADO
2017-03-26T19:22:23-06:00 INFO (6): QUERY DE BUSQUEDA EN BASE DE USUARIOS: SELECT * FROM fuentes_usuarios_toolbox WHERE usuario_msisdn = '5511111128' AND usuario_operador LIKE 'Movistar' AND usuario_categoria = 'PRUEBACASA' AND usuario_activo = 1 AND usuario_id_fk='1'
2017-03-26T19:22:23-06:00 INFO (6): RESULTADO - QUERY DE BUSQUEDA EN BASE DE USUARIOS: Array
(
)

2017-03-26T19:22:23-06:00 INFO (6): NO HAY USUARIO PREVIAMENTE REGISTRADO CON ESA CATEGORIA
2017-03-26T19:22:23-06:00 INFO (6): SE VA INSERTAR EN USUARIOS DEMO PERU
2017-03-26T19:22:23-06:00 INFO (6): ARRAY DATOS USUARIO:: Array
(
    [usuario_msisdn] => 5511111128
    [usuario_operador] => Movistar
    [usuario_categoria] => PRUEBACASA
    [usuario_enviado] => 1
    [usuario_alta] => 2017-03-26 19:22:23
    [usuario_activo] => 1
    [usuario_id_fk] => 1
)

2017-03-26T19:22:23-06:00 INFO (6): INSERTO:: 1
2017-03-26T19:22:23-06:00 INFO (6): FIN:::::::::::..........
