2017-03-31T10:41:44-06:00 INFO (6): >>>>>>>>>>>>>>>>>>>>>>>>>>>>>>>>>>>>>>>>>>>>>>>>>>>>>>>>>>>>>>>>>>>>>>>
2017-03-31T10:41:44-06:00 INFO (6): >>>>>>>>>>>>>>>>>>>>>>>>>>>>>>>>>>>>>>>>>>>>>>>>>>>>>>>>>>>>>>>>>>>>>>>
2017-03-31T10:41:44-06:00 INFO (6): >>>>>>>>>>>>>>>>>>>>>>>>>>>>>>>>>>>>>>>>>>>>>>>>>>>>>>>>>>>>>>>>>>>>>>>
2017-03-31T10:41:44-06:00 INFO (6): >>>>>>>>>>>>>>>>>>>>>>>>>>>>>>>>>>>>>>>>>>>>>>>>>>>>>>>>>>>>>>>>>>>>>>>INICIO: 2017/03/31 10:41:44
2017-03-31T10:41:44-06:00 INFO (6): REQUEST: Array
(
    [nombrec] => dummy
    [nombrec1] => nueva
    [accion] => cargar
    [PHPSESSID] => ult1oglvptm271j5gs3lj6g9t0
)

2017-03-31T10:41:44-06:00 INFO (6): FILES: Array
(
    [usuarios] => Array
        (
            [name] => dummy.xlsx
            [type] => application/vnd.openxmlformats-officedocument.spreadsheetml.sheet
            [tmp_name] => /tmp/phpcwCW15
            [error] => 0
            [size] => 32586
        )

)

2017-03-31T10:41:44-06:00 INFO (6):  msisdn ---->5549444527
2017-03-31T10:41:44-06:00 INFO (6): DATOS ALTA:: Array
(
    [usuario_msisdn] => 5549444527
    [usuario_operador] => 
    [usuario_categoria] => dummy
    [usuario_enviado] => 1
    [usuario_alta] => 2017-03-31 10:41:44
    [usuario_activo] => 1
    [usuario_id_fk] => 1
)

2017-03-31T10:41:44-06:00 INFO (6): INSERTO ALTA:: 1
2017-03-31T10:41:44-06:00 INFO (6):  msisdn ---->5549444527
2017-03-31T10:41:44-06:00 INFO (6): DATOS ALTA:: Array
(
    [usuario_msisdn] => 5549444527
    [usuario_operador] => 
    [usuario_categoria] => dummy
    [usuario_enviado] => 1
    [usuario_alta] => 2017-03-31 10:41:44
    [usuario_activo] => 1
    [usuario_id_fk] => 1
)

2017-03-31T10:41:44-06:00 INFO (6): INSERTO ALTA:: 1
2017-03-31T10:41:44-06:00 INFO (6):  msisdn ---->5549444527
2017-03-31T10:41:44-06:00 INFO (6): DATOS ALTA:: Array
(
    [usuario_msisdn] => 5549444527
    [usuario_operador] => 
    [usuario_categoria] => dummy
    [usuario_enviado] => 1
    [usuario_alta] => 2017-03-31 10:41:44
    [usuario_activo] => 1
    [usuario_id_fk] => 1
)

2017-03-31T10:41:44-06:00 INFO (6): INSERTO ALTA:: 1
2017-03-31T10:41:44-06:00 INFO (6):  msisdn ---->5549444527
2017-03-31T10:41:44-06:00 INFO (6): DATOS ALTA:: Array
(
    [usuario_msisdn] => 5549444527
    [usuario_operador] => 
    [usuario_categoria] => dummy
    [usuario_enviado] => 1
    [usuario_alta] => 2017-03-31 10:41:44
    [usuario_activo] => 1
    [usuario_id_fk] => 1
)

2017-03-31T10:41:44-06:00 INFO (6): INSERTO ALTA:: 1
2017-03-31T10:41:44-06:00 INFO (6):  msisdn ---->5549444527
2017-03-31T10:41:44-06:00 INFO (6): DATOS ALTA:: Array
(
    [usuario_msisdn] => 5549444527
    [usuario_operador] => 
    [usuario_categoria] => dummy
    [usuario_enviado] => 1
    [usuario_alta] => 2017-03-31 10:41:44
    [usuario_activo] => 1
    [usuario_id_fk] => 1
)

2017-03-31T10:41:44-06:00 INFO (6): INSERTO ALTA:: 1
2017-03-31T10:41:44-06:00 INFO (6):  msisdn ---->5549444527
2017-03-31T10:41:44-06:00 INFO (6): DATOS ALTA:: Array
(
    [usuario_msisdn] => 5549444527
    [usuario_operador] => 
    [usuario_categoria] => dummy
    [usuario_enviado] => 1
    [usuario_alta] => 2017-03-31 10:41:44
    [usuario_activo] => 1
    [usuario_id_fk] => 1
)

2017-03-31T10:41:44-06:00 INFO (6): INSERTO ALTA:: 1
2017-03-31T10:41:44-06:00 INFO (6):  msisdn ---->5549444527
2017-03-31T10:41:44-06:00 INFO (6): DATOS ALTA:: Array
(
    [usuario_msisdn] => 5549444527
    [usuario_operador] => 
    [usuario_categoria] => dummy
    [usuario_enviado] => 1
    [usuario_alta] => 2017-03-31 10:41:44
    [usuario_activo] => 1
    [usuario_id_fk] => 1
)

2017-03-31T10:41:44-06:00 INFO (6): INSERTO ALTA:: 1
2017-03-31T10:41:44-06:00 INFO (6):  msisdn ---->5549444527
2017-03-31T10:41:44-06:00 INFO (6): DATOS ALTA:: Array
(
    [usuario_msisdn] => 5549444527
    [usuario_operador] => 
    [usuario_categoria] => dummy
    [usuario_enviado] => 1
    [usuario_alta] => 2017-03-31 10:41:44
    [usuario_activo] => 1
    [usuario_id_fk] => 1
)

2017-03-31T10:41:44-06:00 INFO (6): INSERTO ALTA:: 1
2017-03-31T10:41:44-06:00 INFO (6):  msisdn ---->5549444527
2017-03-31T10:41:44-06:00 INFO (6): DATOS ALTA:: Array
(
    [usuario_msisdn] => 5549444527
    [usuario_operador] => 
    [usuario_categoria] => dummy
    [usuario_enviado] => 1
    [usuario_alta] => 2017-03-31 10:41:44
    [usuario_activo] => 1
    [usuario_id_fk] => 1
)

2017-03-31T10:41:44-06:00 INFO (6): INSERTO ALTA:: 1
2017-03-31T10:41:44-06:00 INFO (6):  msisdn ---->5549444527
2017-03-31T10:41:44-06:00 INFO (6): DATOS ALTA:: Array
(
    [usuario_msisdn] => 5549444527
    [usuario_operador] => 
    [usuario_categoria] => dummy
    [usuario_enviado] => 1
    [usuario_alta] => 2017-03-31 10:41:44
    [usuario_activo] => 1
    [usuario_id_fk] => 1
)

2017-03-31T10:41:44-06:00 INFO (6): INSERTO ALTA:: 1
2017-03-31T10:41:44-06:00 INFO (6):  msisdn ---->5549444527
2017-03-31T10:41:44-06:00 INFO (6): DATOS ALTA:: Array
(
    [usuario_msisdn] => 5549444527
    [usuario_operador] => 
    [usuario_categoria] => dummy
    [usuario_enviado] => 1
    [usuario_alta] => 2017-03-31 10:41:44
    [usuario_activo] => 1
    [usuario_id_fk] => 1
)

2017-03-31T10:41:44-06:00 INFO (6): INSERTO ALTA:: 1
2017-03-31T10:41:44-06:00 INFO (6):  msisdn ---->5549444527
2017-03-31T10:41:44-06:00 INFO (6): DATOS ALTA:: Array
(
    [usuario_msisdn] => 5549444527
    [usuario_operador] => 
    [usuario_categoria] => dummy
    [usuario_enviado] => 1
    [usuario_alta] => 2017-03-31 10:41:44
    [usuario_activo] => 1
    [usuario_id_fk] => 1
)

2017-03-31T10:41:44-06:00 INFO (6): INSERTO ALTA:: 1
2017-03-31T10:41:44-06:00 INFO (6):  msisdn ---->5549444527
2017-03-31T10:41:44-06:00 INFO (6): DATOS ALTA:: Array
(
    [usuario_msisdn] => 5549444527
    [usuario_operador] => 
    [usuario_categoria] => dummy
    [usuario_enviado] => 1
    [usuario_alta] => 2017-03-31 10:41:44
    [usuario_activo] => 1
    [usuario_id_fk] => 1
)

2017-03-31T10:41:44-06:00 INFO (6): INSERTO ALTA:: 1
2017-03-31T10:41:44-06:00 INFO (6):  msisdn ---->5549444527
2017-03-31T10:41:44-06:00 INFO (6): DATOS ALTA:: Array
(
    [usuario_msisdn] => 5549444527
    [usuario_operador] => 
    [usuario_categoria] => dummy
    [usuario_enviado] => 1
    [usuario_alta] => 2017-03-31 10:41:44
    [usuario_activo] => 1
    [usuario_id_fk] => 1
)

2017-03-31T10:41:44-06:00 INFO (6): INSERTO ALTA:: 1
2017-03-31T10:41:44-06:00 INFO (6):  msisdn ---->5549444527
2017-03-31T10:41:44-06:00 INFO (6): DATOS ALTA:: Array
(
    [usuario_msisdn] => 5549444527
    [usuario_operador] => 
    [usuario_categoria] => dummy
    [usuario_enviado] => 1
    [usuario_alta] => 2017-03-31 10:41:44
    [usuario_activo] => 1
    [usuario_id_fk] => 1
)

2017-03-31T10:41:44-06:00 INFO (6): INSERTO ALTA:: 1
2017-03-31T10:41:44-06:00 INFO (6):  msisdn ---->5549444527
2017-03-31T10:41:44-06:00 INFO (6): DATOS ALTA:: Array
(
    [usuario_msisdn] => 5549444527
    [usuario_operador] => 
    [usuario_categoria] => dummy
    [usuario_enviado] => 1
    [usuario_alta] => 2017-03-31 10:41:44
    [usuario_activo] => 1
    [usuario_id_fk] => 1
)

2017-03-31T10:41:44-06:00 INFO (6): INSERTO ALTA:: 1
2017-03-31T10:41:44-06:00 INFO (6):  msisdn ---->5549444527
2017-03-31T10:41:44-06:00 INFO (6): DATOS ALTA:: Array
(
    [usuario_msisdn] => 5549444527
    [usuario_operador] => 
    [usuario_categoria] => dummy
    [usuario_enviado] => 1
    [usuario_alta] => 2017-03-31 10:41:44
    [usuario_activo] => 1
    [usuario_id_fk] => 1
)

2017-03-31T10:41:44-06:00 INFO (6): INSERTO ALTA:: 1
2017-03-31T10:41:44-06:00 INFO (6):  msisdn ---->5549444527
2017-03-31T10:41:44-06:00 INFO (6): DATOS ALTA:: Array
(
    [usuario_msisdn] => 5549444527
    [usuario_operador] => 
    [usuario_categoria] => dummy
    [usuario_enviado] => 1
    [usuario_alta] => 2017-03-31 10:41:44
    [usuario_activo] => 1
    [usuario_id_fk] => 1
)

2017-03-31T10:41:44-06:00 INFO (6): INSERTO ALTA:: 1
2017-03-31T10:41:44-06:00 INFO (6):  msisdn ---->5549444527
2017-03-31T10:41:44-06:00 INFO (6): DATOS ALTA:: Array
(
    [usuario_msisdn] => 5549444527
    [usuario_operador] => 
    [usuario_categoria] => dummy
    [usuario_enviado] => 1
    [usuario_alta] => 2017-03-31 10:41:44
    [usuario_activo] => 1
    [usuario_id_fk] => 1
)

2017-03-31T10:41:44-06:00 INFO (6): INSERTO ALTA:: 1
2017-03-31T10:41:44-06:00 INFO (6):  msisdn ---->5549444527
2017-03-31T10:41:44-06:00 INFO (6): DATOS ALTA:: Array
(
    [usuario_msisdn] => 5549444527
    [usuario_operador] => 
    [usuario_categoria] => dummy
    [usuario_enviado] => 1
    [usuario_alta] => 2017-03-31 10:41:44
    [usuario_activo] => 1
    [usuario_id_fk] => 1
)

2017-03-31T10:41:44-06:00 INFO (6): INSERTO ALTA:: 1
2017-03-31T10:41:44-06:00 INFO (6):  msisdn ---->5549444527
2017-03-31T10:41:44-06:00 INFO (6): DATOS ALTA:: Array
(
    [usuario_msisdn] => 5549444527
    [usuario_operador] => 
    [usuario_categoria] => dummy
    [usuario_enviado] => 1
    [usuario_alta] => 2017-03-31 10:41:44
    [usuario_activo] => 1
    [usuario_id_fk] => 1
)

2017-03-31T10:41:44-06:00 INFO (6): INSERTO ALTA:: 1
2017-03-31T10:41:44-06:00 INFO (6):  msisdn ---->5549444527
2017-03-31T10:41:44-06:00 INFO (6): DATOS ALTA:: Array
(
    [usuario_msisdn] => 5549444527
    [usuario_operador] => 
    [usuario_categoria] => dummy
    [usuario_enviado] => 1
    [usuario_alta] => 2017-03-31 10:41:44
    [usuario_activo] => 1
    [usuario_id_fk] => 1
)

2017-03-31T10:41:44-06:00 INFO (6): INSERTO ALTA:: 1
2017-03-31T10:41:44-06:00 INFO (6):  msisdn ---->5549444527
2017-03-31T10:41:44-06:00 INFO (6): DATOS ALTA:: Array
(
    [usuario_msisdn] => 5549444527
    [usuario_operador] => 
    [usuario_categoria] => dummy
    [usuario_enviado] => 1
    [usuario_alta] => 2017-03-31 10:41:44
    [usuario_activo] => 1
    [usuario_id_fk] => 1
)

2017-03-31T10:41:44-06:00 INFO (6): INSERTO ALTA:: 1
2017-03-31T10:41:44-06:00 INFO (6):  msisdn ---->5549444527
2017-03-31T10:41:44-06:00 INFO (6): DATOS ALTA:: Array
(
    [usuario_msisdn] => 5549444527
    [usuario_operador] => 
    [usuario_categoria] => dummy
    [usuario_enviado] => 1
    [usuario_alta] => 2017-03-31 10:41:44
    [usuario_activo] => 1
    [usuario_id_fk] => 1
)

2017-03-31T10:41:44-06:00 INFO (6): INSERTO ALTA:: 1
2017-03-31T10:41:44-06:00 INFO (6):  msisdn ---->5549444527
2017-03-31T10:41:44-06:00 INFO (6): DATOS ALTA:: Array
(
    [usuario_msisdn] => 5549444527
    [usuario_operador] => 
    [usuario_categoria] => dummy
    [usuario_enviado] => 1
    [usuario_alta] => 2017-03-31 10:41:44
    [usuario_activo] => 1
    [usuario_id_fk] => 1
)

2017-03-31T10:41:44-06:00 INFO (6): INSERTO ALTA:: 1
2017-03-31T10:41:44-06:00 INFO (6):  msisdn ---->5549444527
2017-03-31T10:41:44-06:00 INFO (6): DATOS ALTA:: Array
(
    [usuario_msisdn] => 5549444527
    [usuario_operador] => 
    [usuario_categoria] => dummy
    [usuario_enviado] => 1
    [usuario_alta] => 2017-03-31 10:41:44
    [usuario_activo] => 1
    [usuario_id_fk] => 1
)

2017-03-31T10:41:44-06:00 INFO (6): INSERTO ALTA:: 1
2017-03-31T10:41:44-06:00 INFO (6):  msisdn ---->5549444527
2017-03-31T10:41:44-06:00 INFO (6): DATOS ALTA:: Array
(
    [usuario_msisdn] => 5549444527
    [usuario_operador] => 
    [usuario_categoria] => dummy
    [usuario_enviado] => 1
    [usuario_alta] => 2017-03-31 10:41:44
    [usuario_activo] => 1
    [usuario_id_fk] => 1
)

2017-03-31T10:41:44-06:00 INFO (6): INSERTO ALTA:: 1
2017-03-31T10:41:44-06:00 INFO (6):  msisdn ---->5549444527
2017-03-31T10:41:44-06:00 INFO (6): DATOS ALTA:: Array
(
    [usuario_msisdn] => 5549444527
    [usuario_operador] => 
    [usuario_categoria] => dummy
    [usuario_enviado] => 1
    [usuario_alta] => 2017-03-31 10:41:44
    [usuario_activo] => 1
    [usuario_id_fk] => 1
)

2017-03-31T10:41:44-06:00 INFO (6): INSERTO ALTA:: 1
2017-03-31T10:41:44-06:00 INFO (6):  msisdn ---->5549444527
2017-03-31T10:41:44-06:00 INFO (6): DATOS ALTA:: Array
(
    [usuario_msisdn] => 5549444527
    [usuario_operador] => 
    [usuario_categoria] => dummy
    [usuario_enviado] => 1
    [usuario_alta] => 2017-03-31 10:41:44
    [usuario_activo] => 1
    [usuario_id_fk] => 1
)

2017-03-31T10:41:44-06:00 INFO (6): INSERTO ALTA:: 1
2017-03-31T10:41:44-06:00 INFO (6):  msisdn ---->5549444527
2017-03-31T10:41:44-06:00 INFO (6): DATOS ALTA:: Array
(
    [usuario_msisdn] => 5549444527
    [usuario_operador] => 
    [usuario_categoria] => dummy
    [usuario_enviado] => 1
    [usuario_alta] => 2017-03-31 10:41:44
    [usuario_activo] => 1
    [usuario_id_fk] => 1
)

2017-03-31T10:41:44-06:00 INFO (6): INSERTO ALTA:: 1
2017-03-31T10:41:44-06:00 INFO (6):  msisdn ---->5549444527
2017-03-31T10:41:44-06:00 INFO (6): DATOS ALTA:: Array
(
    [usuario_msisdn] => 5549444527
    [usuario_operador] => 
    [usuario_categoria] => dummy
    [usuario_enviado] => 1
    [usuario_alta] => 2017-03-31 10:41:44
    [usuario_activo] => 1
    [usuario_id_fk] => 1
)

2017-03-31T10:41:44-06:00 INFO (6): INSERTO ALTA:: 1
2017-03-31T10:41:44-06:00 INFO (6):  msisdn ---->5549444527
2017-03-31T10:41:44-06:00 INFO (6): DATOS ALTA:: Array
(
    [usuario_msisdn] => 5549444527
    [usuario_operador] => 
    [usuario_categoria] => dummy
    [usuario_enviado] => 1
    [usuario_alta] => 2017-03-31 10:41:44
    [usuario_activo] => 1
    [usuario_id_fk] => 1
)

2017-03-31T10:41:44-06:00 INFO (6): INSERTO ALTA:: 1
2017-03-31T10:41:44-06:00 INFO (6):  msisdn ---->5549444527
2017-03-31T10:41:44-06:00 INFO (6): DATOS ALTA:: Array
(
    [usuario_msisdn] => 5549444527
    [usuario_operador] => 
    [usuario_categoria] => dummy
    [usuario_enviado] => 1
    [usuario_alta] => 2017-03-31 10:41:44
    [usuario_activo] => 1
    [usuario_id_fk] => 1
)

2017-03-31T10:41:44-06:00 INFO (6): INSERTO ALTA:: 1
2017-03-31T10:41:44-06:00 INFO (6):  msisdn ---->5549444527
2017-03-31T10:41:44-06:00 INFO (6): DATOS ALTA:: Array
(
    [usuario_msisdn] => 5549444527
    [usuario_operador] => 
    [usuario_categoria] => dummy
    [usuario_enviado] => 1
    [usuario_alta] => 2017-03-31 10:41:44
    [usuario_activo] => 1
    [usuario_id_fk] => 1
)

2017-03-31T10:41:44-06:00 INFO (6): INSERTO ALTA:: 1
2017-03-31T10:41:44-06:00 INFO (6):  msisdn ---->5549444527
2017-03-31T10:41:44-06:00 INFO (6): DATOS ALTA:: Array
(
    [usuario_msisdn] => 5549444527
    [usuario_operador] => 
    [usuario_categoria] => dummy
    [usuario_enviado] => 1
    [usuario_alta] => 2017-03-31 10:41:44
    [usuario_activo] => 1
    [usuario_id_fk] => 1
)

2017-03-31T10:41:44-06:00 INFO (6): INSERTO ALTA:: 1
2017-03-31T10:41:44-06:00 INFO (6):  msisdn ---->5549444527
2017-03-31T10:41:44-06:00 INFO (6): DATOS ALTA:: Array
(
    [usuario_msisdn] => 5549444527
    [usuario_operador] => 
    [usuario_categoria] => dummy
    [usuario_enviado] => 1
    [usuario_alta] => 2017-03-31 10:41:44
    [usuario_activo] => 1
    [usuario_id_fk] => 1
)

2017-03-31T10:41:44-06:00 INFO (6): INSERTO ALTA:: 1
2017-03-31T10:41:44-06:00 INFO (6):  msisdn ---->5549444527
2017-03-31T10:41:44-06:00 INFO (6): DATOS ALTA:: Array
(
    [usuario_msisdn] => 5549444527
    [usuario_operador] => 
    [usuario_categoria] => dummy
    [usuario_enviado] => 1
    [usuario_alta] => 2017-03-31 10:41:44
    [usuario_activo] => 1
    [usuario_id_fk] => 1
)

2017-03-31T10:41:44-06:00 INFO (6): INSERTO ALTA:: 1
2017-03-31T10:41:44-06:00 INFO (6):  msisdn ---->5549444527
2017-03-31T10:41:44-06:00 INFO (6): DATOS ALTA:: Array
(
    [usuario_msisdn] => 5549444527
    [usuario_operador] => 
    [usuario_categoria] => dummy
    [usuario_enviado] => 1
    [usuario_alta] => 2017-03-31 10:41:44
    [usuario_activo] => 1
    [usuario_id_fk] => 1
)

2017-03-31T10:41:44-06:00 INFO (6): INSERTO ALTA:: 1
2017-03-31T10:41:44-06:00 INFO (6):  msisdn ---->5549444527
2017-03-31T10:41:44-06:00 INFO (6): DATOS ALTA:: Array
(
    [usuario_msisdn] => 5549444527
    [usuario_operador] => 
    [usuario_categoria] => dummy
    [usuario_enviado] => 1
    [usuario_alta] => 2017-03-31 10:41:44
    [usuario_activo] => 1
    [usuario_id_fk] => 1
)

2017-03-31T10:41:44-06:00 INFO (6): INSERTO ALTA:: 1
2017-03-31T10:41:44-06:00 INFO (6):  msisdn ---->5549444527
2017-03-31T10:41:44-06:00 INFO (6): DATOS ALTA:: Array
(
    [usuario_msisdn] => 5549444527
    [usuario_operador] => 
    [usuario_categoria] => dummy
    [usuario_enviado] => 1
    [usuario_alta] => 2017-03-31 10:41:44
    [usuario_activo] => 1
    [usuario_id_fk] => 1
)

2017-03-31T10:41:44-06:00 INFO (6): INSERTO ALTA:: 1
2017-03-31T10:41:44-06:00 INFO (6):  msisdn ---->5549444527
2017-03-31T10:41:44-06:00 INFO (6): DATOS ALTA:: Array
(
    [usuario_msisdn] => 5549444527
    [usuario_operador] => 
    [usuario_categoria] => dummy
    [usuario_enviado] => 1
    [usuario_alta] => 2017-03-31 10:41:44
    [usuario_activo] => 1
    [usuario_id_fk] => 1
)

2017-03-31T10:41:44-06:00 INFO (6): INSERTO ALTA:: 1
2017-03-31T10:41:44-06:00 INFO (6):  msisdn ---->5549444527
2017-03-31T10:41:44-06:00 INFO (6): DATOS ALTA:: Array
(
    [usuario_msisdn] => 5549444527
    [usuario_operador] => 
    [usuario_categoria] => dummy
    [usuario_enviado] => 1
    [usuario_alta] => 2017-03-31 10:41:44
    [usuario_activo] => 1
    [usuario_id_fk] => 1
)

2017-03-31T10:41:44-06:00 INFO (6): INSERTO ALTA:: 1
2017-03-31T10:41:44-06:00 INFO (6):  msisdn ---->5549444527
2017-03-31T10:41:44-06:00 INFO (6): DATOS ALTA:: Array
(
    [usuario_msisdn] => 5549444527
    [usuario_operador] => 
    [usuario_categoria] => dummy
    [usuario_enviado] => 1
    [usuario_alta] => 2017-03-31 10:41:44
    [usuario_activo] => 1
    [usuario_id_fk] => 1
)

2017-03-31T10:41:44-06:00 INFO (6): INSERTO ALTA:: 1
2017-03-31T10:41:44-06:00 INFO (6):  msisdn ---->5549444527
2017-03-31T10:41:44-06:00 INFO (6): DATOS ALTA:: Array
(
    [usuario_msisdn] => 5549444527
    [usuario_operador] => 
    [usuario_categoria] => dummy
    [usuario_enviado] => 1
    [usuario_alta] => 2017-03-31 10:41:44
    [usuario_activo] => 1
    [usuario_id_fk] => 1
)

2017-03-31T10:41:44-06:00 INFO (6): INSERTO ALTA:: 1
2017-03-31T10:41:44-06:00 INFO (6):  msisdn ---->5549444527
2017-03-31T10:41:44-06:00 INFO (6): DATOS ALTA:: Array
(
    [usuario_msisdn] => 5549444527
    [usuario_operador] => 
    [usuario_categoria] => dummy
    [usuario_enviado] => 1
    [usuario_alta] => 2017-03-31 10:41:44
    [usuario_activo] => 1
    [usuario_id_fk] => 1
)

2017-03-31T10:41:44-06:00 INFO (6): INSERTO ALTA:: 1
2017-03-31T10:41:44-06:00 INFO (6):  msisdn ---->5549444527
2017-03-31T10:41:44-06:00 INFO (6): DATOS ALTA:: Array
(
    [usuario_msisdn] => 5549444527
    [usuario_operador] => 
    [usuario_categoria] => dummy
    [usuario_enviado] => 1
    [usuario_alta] => 2017-03-31 10:41:44
    [usuario_activo] => 1
    [usuario_id_fk] => 1
)

2017-03-31T10:41:44-06:00 INFO (6): INSERTO ALTA:: 1
2017-03-31T10:41:44-06:00 INFO (6):  msisdn ---->5549444527
2017-03-31T10:41:44-06:00 INFO (6): DATOS ALTA:: Array
(
    [usuario_msisdn] => 5549444527
    [usuario_operador] => 
    [usuario_categoria] => dummy
    [usuario_enviado] => 1
    [usuario_alta] => 2017-03-31 10:41:44
    [usuario_activo] => 1
    [usuario_id_fk] => 1
)

2017-03-31T10:41:44-06:00 INFO (6): INSERTO ALTA:: 1
2017-03-31T10:41:44-06:00 INFO (6):  msisdn ---->5549444527
2017-03-31T10:41:44-06:00 INFO (6): DATOS ALTA:: Array
(
    [usuario_msisdn] => 5549444527
    [usuario_operador] => 
    [usuario_categoria] => dummy
    [usuario_enviado] => 1
    [usuario_alta] => 2017-03-31 10:41:44
    [usuario_activo] => 1
    [usuario_id_fk] => 1
)

2017-03-31T10:41:44-06:00 INFO (6): INSERTO ALTA:: 1
2017-03-31T10:41:44-06:00 INFO (6):  msisdn ---->5549444527
2017-03-31T10:41:44-06:00 INFO (6): DATOS ALTA:: Array
(
    [usuario_msisdn] => 5549444527
    [usuario_operador] => 
    [usuario_categoria] => dummy
    [usuario_enviado] => 1
    [usuario_alta] => 2017-03-31 10:41:44
    [usuario_activo] => 1
    [usuario_id_fk] => 1
)

2017-03-31T10:41:44-06:00 INFO (6): INSERTO ALTA:: 1
2017-03-31T10:41:44-06:00 INFO (6):  msisdn ---->5549444527
2017-03-31T10:41:44-06:00 INFO (6): DATOS ALTA:: Array
(
    [usuario_msisdn] => 5549444527
    [usuario_operador] => 
    [usuario_categoria] => dummy
    [usuario_enviado] => 1
    [usuario_alta] => 2017-03-31 10:41:44
    [usuario_activo] => 1
    [usuario_id_fk] => 1
)

2017-03-31T10:41:44-06:00 INFO (6): INSERTO ALTA:: 1
2017-03-31T10:41:44-06:00 INFO (6):  msisdn ---->5549444527
2017-03-31T10:41:44-06:00 INFO (6): DATOS ALTA:: Array
(
    [usuario_msisdn] => 5549444527
    [usuario_operador] => 
    [usuario_categoria] => dummy
    [usuario_enviado] => 1
    [usuario_alta] => 2017-03-31 10:41:44
    [usuario_activo] => 1
    [usuario_id_fk] => 1
)

2017-03-31T10:41:44-06:00 INFO (6): INSERTO ALTA:: 1
2017-03-31T10:41:44-06:00 INFO (6):  msisdn ---->5549444527
2017-03-31T10:41:44-06:00 INFO (6): DATOS ALTA:: Array
(
    [usuario_msisdn] => 5549444527
    [usuario_operador] => 
    [usuario_categoria] => dummy
    [usuario_enviado] => 1
    [usuario_alta] => 2017-03-31 10:41:44
    [usuario_activo] => 1
    [usuario_id_fk] => 1
)

2017-03-31T10:41:44-06:00 INFO (6): INSERTO ALTA:: 1
2017-03-31T10:41:44-06:00 INFO (6):  msisdn ---->5549444527
2017-03-31T10:41:44-06:00 INFO (6): DATOS ALTA:: Array
(
    [usuario_msisdn] => 5549444527
    [usuario_operador] => 
    [usuario_categoria] => dummy
    [usuario_enviado] => 1
    [usuario_alta] => 2017-03-31 10:41:44
    [usuario_activo] => 1
    [usuario_id_fk] => 1
)

2017-03-31T10:41:44-06:00 INFO (6): INSERTO ALTA:: 1
2017-03-31T10:41:44-06:00 INFO (6):  msisdn ---->5549444527
2017-03-31T10:41:44-06:00 INFO (6): DATOS ALTA:: Array
(
    [usuario_msisdn] => 5549444527
    [usuario_operador] => 
    [usuario_categoria] => dummy
    [usuario_enviado] => 1
    [usuario_alta] => 2017-03-31 10:41:44
    [usuario_activo] => 1
    [usuario_id_fk] => 1
)

2017-03-31T10:41:44-06:00 INFO (6): INSERTO ALTA:: 1
2017-03-31T10:41:44-06:00 INFO (6):  msisdn ---->5549444527
2017-03-31T10:41:44-06:00 INFO (6): DATOS ALTA:: Array
(
    [usuario_msisdn] => 5549444527
    [usuario_operador] => 
    [usuario_categoria] => dummy
    [usuario_enviado] => 1
    [usuario_alta] => 2017-03-31 10:41:44
    [usuario_activo] => 1
    [usuario_id_fk] => 1
)

2017-03-31T10:41:44-06:00 INFO (6): INSERTO ALTA:: 1
2017-03-31T10:41:44-06:00 INFO (6):  msisdn ---->5549444527
2017-03-31T10:41:44-06:00 INFO (6): DATOS ALTA:: Array
(
    [usuario_msisdn] => 5549444527
    [usuario_operador] => 
    [usuario_categoria] => dummy
    [usuario_enviado] => 1
    [usuario_alta] => 2017-03-31 10:41:44
    [usuario_activo] => 1
    [usuario_id_fk] => 1
)

2017-03-31T10:41:44-06:00 INFO (6): INSERTO ALTA:: 1
2017-03-31T10:41:44-06:00 INFO (6):  msisdn ---->5549444527
2017-03-31T10:41:44-06:00 INFO (6): DATOS ALTA:: Array
(
    [usuario_msisdn] => 5549444527
    [usuario_operador] => 
    [usuario_categoria] => dummy
    [usuario_enviado] => 1
    [usuario_alta] => 2017-03-31 10:41:44
    [usuario_activo] => 1
    [usuario_id_fk] => 1
)

2017-03-31T10:41:44-06:00 INFO (6): INSERTO ALTA:: 1
2017-03-31T10:41:44-06:00 INFO (6):  msisdn ---->5549444527
2017-03-31T10:41:44-06:00 INFO (6): DATOS ALTA:: Array
(
    [usuario_msisdn] => 5549444527
    [usuario_operador] => 
    [usuario_categoria] => dummy
    [usuario_enviado] => 1
    [usuario_alta] => 2017-03-31 10:41:44
    [usuario_activo] => 1
    [usuario_id_fk] => 1
)

2017-03-31T10:41:44-06:00 INFO (6): INSERTO ALTA:: 1
2017-03-31T10:41:44-06:00 INFO (6):  msisdn ---->5549444527
2017-03-31T10:41:44-06:00 INFO (6): DATOS ALTA:: Array
(
    [usuario_msisdn] => 5549444527
    [usuario_operador] => 
    [usuario_categoria] => dummy
    [usuario_enviado] => 1
    [usuario_alta] => 2017-03-31 10:41:44
    [usuario_activo] => 1
    [usuario_id_fk] => 1
)

2017-03-31T10:41:44-06:00 INFO (6): INSERTO ALTA:: 1
2017-03-31T10:41:44-06:00 INFO (6):  msisdn ---->5549444527
2017-03-31T10:41:44-06:00 INFO (6): DATOS ALTA:: Array
(
    [usuario_msisdn] => 5549444527
    [usuario_operador] => 
    [usuario_categoria] => dummy
    [usuario_enviado] => 1
    [usuario_alta] => 2017-03-31 10:41:44
    [usuario_activo] => 1
    [usuario_id_fk] => 1
)

2017-03-31T10:41:44-06:00 INFO (6): INSERTO ALTA:: 1
2017-03-31T10:41:44-06:00 INFO (6):  msisdn ---->5549444527
2017-03-31T10:41:44-06:00 INFO (6): DATOS ALTA:: Array
(
    [usuario_msisdn] => 5549444527
    [usuario_operador] => 
    [usuario_categoria] => dummy
    [usuario_enviado] => 1
    [usuario_alta] => 2017-03-31 10:41:44
    [usuario_activo] => 1
    [usuario_id_fk] => 1
)

2017-03-31T10:41:44-06:00 INFO (6): INSERTO ALTA:: 1
2017-03-31T10:41:44-06:00 INFO (6):  msisdn ---->5549444527
2017-03-31T10:41:44-06:00 INFO (6): DATOS ALTA:: Array
(
    [usuario_msisdn] => 5549444527
    [usuario_operador] => 
    [usuario_categoria] => dummy
    [usuario_enviado] => 1
    [usuario_alta] => 2017-03-31 10:41:44
    [usuario_activo] => 1
    [usuario_id_fk] => 1
)

2017-03-31T10:41:44-06:00 INFO (6): INSERTO ALTA:: 1
2017-03-31T10:41:44-06:00 INFO (6):  msisdn ---->5549444527
2017-03-31T10:41:44-06:00 INFO (6): DATOS ALTA:: Array
(
    [usuario_msisdn] => 5549444527
    [usuario_operador] => 
    [usuario_categoria] => dummy
    [usuario_enviado] => 1
    [usuario_alta] => 2017-03-31 10:41:44
    [usuario_activo] => 1
    [usuario_id_fk] => 1
)

2017-03-31T10:41:44-06:00 INFO (6): INSERTO ALTA:: 1
2017-03-31T10:41:44-06:00 INFO (6):  msisdn ---->5549444527
2017-03-31T10:41:44-06:00 INFO (6): DATOS ALTA:: Array
(
    [usuario_msisdn] => 5549444527
    [usuario_operador] => 
    [usuario_categoria] => dummy
    [usuario_enviado] => 1
    [usuario_alta] => 2017-03-31 10:41:44
    [usuario_activo] => 1
    [usuario_id_fk] => 1
)

2017-03-31T10:41:44-06:00 INFO (6): INSERTO ALTA:: 1
2017-03-31T10:41:44-06:00 INFO (6):  msisdn ---->5549444527
2017-03-31T10:41:44-06:00 INFO (6): DATOS ALTA:: Array
(
    [usuario_msisdn] => 5549444527
    [usuario_operador] => 
    [usuario_categoria] => dummy
    [usuario_enviado] => 1
    [usuario_alta] => 2017-03-31 10:41:44
    [usuario_activo] => 1
    [usuario_id_fk] => 1
)

2017-03-31T10:41:44-06:00 INFO (6): INSERTO ALTA:: 1
2017-03-31T10:41:44-06:00 INFO (6):  msisdn ---->5549444527
2017-03-31T10:41:44-06:00 INFO (6): DATOS ALTA:: Array
(
    [usuario_msisdn] => 5549444527
    [usuario_operador] => 
    [usuario_categoria] => dummy
    [usuario_enviado] => 1
    [usuario_alta] => 2017-03-31 10:41:44
    [usuario_activo] => 1
    [usuario_id_fk] => 1
)

2017-03-31T10:41:44-06:00 INFO (6): INSERTO ALTA:: 1
2017-03-31T10:41:44-06:00 INFO (6):  msisdn ---->5549444527
2017-03-31T10:41:44-06:00 INFO (6): DATOS ALTA:: Array
(
    [usuario_msisdn] => 5549444527
    [usuario_operador] => 
    [usuario_categoria] => dummy
    [usuario_enviado] => 1
    [usuario_alta] => 2017-03-31 10:41:44
    [usuario_activo] => 1
    [usuario_id_fk] => 1
)

2017-03-31T10:41:44-06:00 INFO (6): INSERTO ALTA:: 1
2017-03-31T10:41:44-06:00 INFO (6):  msisdn ---->5549444527
2017-03-31T10:41:44-06:00 INFO (6): DATOS ALTA:: Array
(
    [usuario_msisdn] => 5549444527
    [usuario_operador] => 
    [usuario_categoria] => dummy
    [usuario_enviado] => 1
    [usuario_alta] => 2017-03-31 10:41:44
    [usuario_activo] => 1
    [usuario_id_fk] => 1
)

2017-03-31T10:41:44-06:00 INFO (6): INSERTO ALTA:: 1
2017-03-31T10:41:44-06:00 INFO (6):  msisdn ---->5549444527
2017-03-31T10:41:44-06:00 INFO (6): DATOS ALTA:: Array
(
    [usuario_msisdn] => 5549444527
    [usuario_operador] => 
    [usuario_categoria] => dummy
    [usuario_enviado] => 1
    [usuario_alta] => 2017-03-31 10:41:44
    [usuario_activo] => 1
    [usuario_id_fk] => 1
)

2017-03-31T10:41:44-06:00 INFO (6): INSERTO ALTA:: 1
2017-03-31T10:41:44-06:00 INFO (6):  msisdn ---->5549444527
2017-03-31T10:41:44-06:00 INFO (6): DATOS ALTA:: Array
(
    [usuario_msisdn] => 5549444527
    [usuario_operador] => 
    [usuario_categoria] => dummy
    [usuario_enviado] => 1
    [usuario_alta] => 2017-03-31 10:41:44
    [usuario_activo] => 1
    [usuario_id_fk] => 1
)

2017-03-31T10:41:44-06:00 INFO (6): INSERTO ALTA:: 1
