2017-03-26T20:02:26-06:00 INFO (6): ------------------------------------------------
2017-03-26T20:02:26-06:00 INFO (6): ------------------------------------------------
2017-03-26T20:02:26-06:00 INFO (6): ------------------------------------------------
2017-03-26T20:02:26-06:00 INFO (6): ---- ENVIO PROGRAMADOS - FN COMPARAR FECHAS ----
2017-03-26T20:02:26-06:00 INFO (6): REQUESTArray
(
    [categoria] => PRUEBACASA
    [fechaenvio] => 2017-03-26
    [horaenvio] => 22de77ffb0f2995
    [msgtxt] => dewdewdewdewdewdewdw
    [caracteres] => 20
    [accion] => guardar
    [PHPSESSID] => p0slapa788hhmufv4uqpuskk14
)

2017-03-26T20:02:26-06:00 INFO (6): PRIMERA FECHA:: 2017-03-26
2017-03-26T20:02:26-06:00 INFO (6): SEGUNDA FECHA:: 2017-03-26
2017-03-26T20:34:15-06:00 INFO (6): ------------------------------------------------
2017-03-26T20:34:15-06:00 INFO (6): ------------------------------------------------
2017-03-26T20:34:15-06:00 INFO (6): ------------------------------------------------
2017-03-26T20:34:15-06:00 INFO (6): ---- ENVIO PROGRAMADOS - FN COMPARAR FECHAS ----
2017-03-26T20:34:15-06:00 INFO (6): REQUESTArray
(
    [categoria] => PRUEBACASA
    [fechaenvio] => 2017-03-26
    [horaenvio] => 11de33ffb0f9995
    [msgtxt] => eqwewqefwff
    [caracteres] => 11
    [accion] => guardar
    [PHPSESSID] => p0slapa788hhmufv4uqpuskk14
)

2017-03-26T20:34:15-06:00 INFO (6): PRIMERA FECHA:: 2017-03-26
2017-03-26T20:34:15-06:00 INFO (6): SEGUNDA FECHA:: 2017-03-26
