2017-04-04T11:49:07-05:00 INFO (6): ------------------------------------------------
2017-04-04T11:49:07-05:00 INFO (6): ------------------------------------------------
2017-04-04T11:49:07-05:00 INFO (6): ------------------------------------------------
2017-04-04T11:49:07-05:00 INFO (6): ---- ENVIO PROGRAMADOS - FN COMPARAR FECHAS ----
2017-04-04T11:49:07-05:00 INFO (6): REQUESTArray
(
    [categoria] => dummy
    [fechaenvio] => 2017-04-04
    [horaenvio] => 24c03b5364d69a4
    [msgtxt] => ggjgjgjggjgjgggj
    [caracteres] => 16
    [accion] => guardar
    [retenido] => 40.6
    [PHPSESSID] => b8gpmclkc7l4rjs4jfsv1rhau0
)

2017-04-04T11:49:07-05:00 INFO (6): PRIMERA FECHA:: 2017-04-04
2017-04-04T11:49:07-05:00 INFO (6): SEGUNDA FECHA:: 2017-04-04
2017-04-04T11:49:49-05:00 INFO (6): ------------------------------------------------
2017-04-04T11:49:49-05:00 INFO (6): ------------------------------------------------
2017-04-04T11:49:49-05:00 INFO (6): ------------------------------------------------
2017-04-04T11:49:49-05:00 INFO (6): ---- ENVIO PROGRAMADOS - FN COMPARAR FECHAS ----
2017-04-04T11:49:49-05:00 INFO (6): REQUESTArray
(
    [categoria] => nueva
    [fechaenvio] => 2017-04-04
    [horaenvio] => 14de63ffb0f3690
    [msgtxt] => hjhj
    [caracteres] => 4
    [accion] => guardar
    [retenido] => 0.58
    [PHPSESSID] => b8gpmclkc7l4rjs4jfsv1rhau0
)

2017-04-04T11:49:49-05:00 INFO (6): PRIMERA FECHA:: 2017-04-04
2017-04-04T11:49:49-05:00 INFO (6): SEGUNDA FECHA:: 2017-04-04
