2017-04-04T16:06:03-05:00 INFO (6): ------------------------------------------------
2017-04-04T16:06:03-05:00 INFO (6): ------------------------------------------------
2017-04-04T16:06:03-05:00 INFO (6): ------------------------------------------------
2017-04-04T16:06:03-05:00 INFO (6): ---- ENVIO MASIVO - FN GUARDAR ------------
2017-04-04T16:06:03-05:00 INFO (6): REQUESTArray
(
    [selectCategoria] => scorpion
    [sms] => EN SCORPION EL AUTOSERVICIO CON PRECIOS DE MAYOREO Â¡ABRIL ES EL MES COLGATE! APROVECHA LAS GRANDES OFERTAS QUE TENEMOS PARA TI VISITA TU TIENDA MAS CERCANA.
    [caracteres] => 
    [accion] => enviar
    [retenido] => 4808.2
    [PHPSESSID] => b8gpmclkc7l4rjs4jfsv1rhau0
)

2017-04-04T16:06:03-05:00 INFO (6): CATEGORIA: scorpion
2017-04-04T16:06:03-05:00 INFO (6): HORA DE ENVIO: 16:06:03
2017-04-04T16:06:03-05:00 INFO (6): FECHA DE ENVIO: 2017-04-04 16:06:03
2017-04-04T16:06:03-05:00 INFO (6): MENSAJE: EN SCORPION EL AUTOSERVICIO CON PRECIOS DE MAYOREO ¡ABRIL ES EL MES COLGATE! APROVECHA LAS GRANDES OFERTAS QUE TENEMOS PARA TI VISITA TU TIENDA MAS CERCANA.
2017-04-04T16:06:03-05:00 INFO (6): CAMPANIA: Administrador
2017-04-04T16:06:03-05:00 INFO (6): SI REQUESITO TODOS LOS CAMPOS
2017-04-04T16:06:03-05:00 INFO (6): DATOS A INSERTAR EN LA BASE MENSAJES PROGRAMADOS: Array
(
    [mensaje_horario] => cbb705b5c90bf2158e00e93842ce8439
    [mensaje_horarionombre] => 16:06:03
    [mensaje_mensaje] => EN SCORPION EL AUTOSERVICIO CON PRECIOS DE MAYOREO ¡ABRIL ES EL MES COLGATE! APROVECHA LAS GRANDES OFERTAS QUE TENEMOS PARA TI VISITA TU TIENDA MAS CERCANA.
    [mensaje_nombre] => Administrador
    [mensaje_fechaenvio] => 2017-04-04 16:06:03
    [mensaje_descripcion] => Administrador
    [mensaje_fechaalta] => 2017/04/04 16:06:03
    [mensaje_activo] => 1
    [mensaje_region] => scorpion
    [mensaje_ocupacion] => scorpion
    [mensaje_procesado] => 1
    [bandera_masivo] => 0
    [mensaje_usuario] => 1
)

2017-04-04T16:06:03-05:00 INFO (6): SE INSERTO: 1
2017-04-04T16:06:10-05:00 INFO (6): FIN:::...
