2017-04-07T10:00:55-05:00 INFO (6): ***********************************************************
2017-04-07T10:00:55-05:00 INFO (6): ***********************************************************
2017-04-07T10:00:55-05:00 INFO (6): ***********************************************************
2017-04-07T10:00:55-05:00 INFO (6): **********************************INICIO: 2017/04/07 10:00:55
2017-04-07T10:00:55-05:00 INFO (6): REQUEST: Array
(
    [message] => asdasdasdSADASDASDASDSAD dsa d saD  SAd sa D SA d as D SA dsaDS
    [accion] => enviar
    [PHPSESSID] => omj399hbfsilsfdp9qk5vsojk2
)

2017-04-07T10:00:55-05:00 INFO (6): MENSAJE: 1
2017-04-07T10:00:55-05:00 INFO (6): FIN: 2017/04/07 10:00:55
2017-04-07T10:02:27-05:00 INFO (6): ***********************************************************
2017-04-07T10:02:27-05:00 INFO (6): ***********************************************************
2017-04-07T10:02:27-05:00 INFO (6): ***********************************************************
2017-04-07T10:02:27-05:00 INFO (6): **********************************INICIO: 2017/04/07 10:02:27
2017-04-07T10:02:27-05:00 INFO (6): REQUEST: Array
(
    [message] => asdasdasdSADASDASDASDSAD dsa d saD  SAd sa D SA d as D SA dsaDS
    [accion] => enviar
    [PHPSESSID] => omj399hbfsilsfdp9qk5vsojk2
)

2017-04-07T10:02:27-05:00 INFO (6): MENSAJE: 1
2017-04-07T10:02:27-05:00 INFO (6): FIN: 2017/04/07 10:02:27
2017-04-07T10:03:55-05:00 INFO (6): ***********************************************************
2017-04-07T10:03:55-05:00 INFO (6): ***********************************************************
2017-04-07T10:03:55-05:00 INFO (6): ***********************************************************
2017-04-07T10:03:55-05:00 INFO (6): **********************************INICIO: 2017/04/07 10:03:55
2017-04-07T10:03:55-05:00 INFO (6): REQUEST: Array
(
    [message] => asdasdasdSADASDASDASDSAD dsa d saD  SAd sa D SA d as D SA dsaDS
    [accion] => enviar
    [PHPSESSID] => omj399hbfsilsfdp9qk5vsojk2
)

2017-04-07T10:03:55-05:00 INFO (6): MENSAJE: 1
2017-04-07T10:03:55-05:00 INFO (6): FIN: 2017/04/07 10:03:55
