2017-03-30T09:39:49-06:00 INFO (6): ------------------------------------------------
2017-03-30T09:39:49-06:00 INFO (6): ------------------------------------------------
2017-03-30T09:39:49-06:00 INFO (6): ------------------------------------------------
2017-03-30T09:39:49-06:00 INFO (6): ---- ENVIO MASIVO - FN GUARDAR ------------
2017-03-30T09:39:49-06:00 INFO (6): REQUESTArray
(
    [selectCategoria] => nueva
    [sms] => asdas
    [caracteres] => 5
    [accion] => enviar
    [retenido] => 1.16
    [PHPSESSID] => ult1oglvptm271j5gs3lj6g9t0
)

2017-03-30T09:39:49-06:00 INFO (6): CATEGORIA: nueva
2017-03-30T09:39:49-06:00 INFO (6): HORA DE ENVIO: 09:39:49
2017-03-30T09:39:49-06:00 INFO (6): FECHA DE ENVIO: 2017-03-30 09:39:49
2017-03-30T09:39:49-06:00 INFO (6): MENSAJE: asdas
2017-03-30T09:39:49-06:00 INFO (6): CAMPANIA: Administrador
2017-03-30T09:39:49-06:00 INFO (6): SI REQUESITO TODOS LOS CAMPOS
2017-03-30T09:39:49-06:00 INFO (6): DATOS A INSERTAR EN LA BASE MENSAJES PROGRAMADOS: Array
(
    [mensaje_horario] => e19e870d18a1417564253ce3a232d27d
    [mensaje_horarionombre] => 09:39:49
    [mensaje_mensaje] => asdas
    [mensaje_nombre] => Administrador
    [mensaje_fechaenvio] => 2017-03-30 09:39:49
    [mensaje_descripcion] => Administrador
    [mensaje_fechaalta] => 2017/03/30 09:39:49
    [mensaje_activo] => 1
    [mensaje_region] => nueva
    [mensaje_ocupacion] => nueva
    [mensaje_procesado] => 1
    [bandera_masivo] => 0
    [mensaje_usuario] => 1
)

2017-03-30T09:39:49-06:00 INFO (6): SE INSERTO: 1
2017-03-30T09:39:49-06:00 INFO (6): FIN:::...
2017-03-30T10:32:43-06:00 INFO (6): ------------------------------------------------
2017-03-30T10:32:43-06:00 INFO (6): ------------------------------------------------
2017-03-30T10:32:43-06:00 INFO (6): ------------------------------------------------
2017-03-30T10:32:43-06:00 INFO (6): ---- ENVIO MASIVO - FN GUARDAR ------------
2017-03-30T10:32:43-06:00 INFO (6): REQUESTArray
(
    [selectCategoria] => nueva
    [sms] => asdasdasdsadasdsadasdsadadas
    [caracteres] => 28
    [accion] => enviar
    [retenido] => 1.16
    [PHPSESSID] => ult1oglvptm271j5gs3lj6g9t0
)

2017-03-30T10:32:43-06:00 INFO (6): CATEGORIA: nueva
2017-03-30T10:32:43-06:00 INFO (6): HORA DE ENVIO: 10:32:43
2017-03-30T10:32:43-06:00 INFO (6): FECHA DE ENVIO: 2017-03-30 10:32:43
2017-03-30T10:32:43-06:00 INFO (6): MENSAJE: asdasdasdsadasdsadasdsadadas
2017-03-30T10:32:43-06:00 INFO (6): CAMPANIA: Administrador
2017-03-30T10:32:43-06:00 INFO (6): SI REQUESITO TODOS LOS CAMPOS
2017-03-30T10:32:43-06:00 INFO (6): DATOS A INSERTAR EN LA BASE MENSAJES PROGRAMADOS: Array
(
    [mensaje_horario] => 50ed49a16ab01afc82b6829002067540
    [mensaje_horarionombre] => 10:32:43
    [mensaje_mensaje] => asdasdasdsadasdsadasdsadadas
    [mensaje_nombre] => Administrador
    [mensaje_fechaenvio] => 2017-03-30 10:32:43
    [mensaje_descripcion] => Administrador
    [mensaje_fechaalta] => 2017/03/30 10:32:43
    [mensaje_activo] => 1
    [mensaje_region] => nueva
    [mensaje_ocupacion] => nueva
    [mensaje_procesado] => 1
    [bandera_masivo] => 0
    [mensaje_usuario] => 1
)

2017-03-30T10:32:43-06:00 INFO (6): SE INSERTO: 1
2017-03-30T10:32:43-06:00 INFO (6): FIN:::...
