2017-03-21T16:58:23-06:00 INFO (6): ->->->->->->->->->->->->->->->->->->->->
2017-03-21T16:58:23-06:00 INFO (6): ->->->->->->->->->->->->->->->->->->->->
2017-03-21T16:58:23-06:00 INFO (6): ->->->->->->->->->->->->->->->->->->->->
2017-03-21T16:58:23-06:00 INFO (6): ->->->->->->->->->->->->->->->->->->->-> FUNCION URL MT WS: 2017/03/21 16:58:23
2017-03-21T16:58:23-06:00 INFO (6): _REQUEST::Array
(
    [msisdn] => 5549444527
    [message] => MESSAGE
    [tag] => TAG
    [user] => Administrador
    [PHPSESSID] => je1vgcb0h0qj8lkpdoegoi3o90
)

2017-03-21T16:58:23-06:00 INFO (6): IP::: 201.149.88.206
2017-03-21T16:58:23-06:00 INFO (6): MSISDN::: 5549444527
2017-03-21T16:58:23-06:00 INFO (6): SMS::: MESSAGE
2017-03-21T16:58:23-06:00 INFO (6): TAG::: TAG
2017-03-21T16:58:23-06:00 INFO (6): USER::: Administrador
2017-03-21T16:58:23-06:00 INFO (6): QUERY BUSQUEDA::: Select count(*) as total from clientes_demo where cliente_usuario like 'Administrador' and cliente_activo = 1
2017-03-21T16:58:23-06:00 INFO (6): LAS COINCIDENCIAS QUE SE ENCONTRARON EN clientes_demo FUERON::: 1
2017-03-21T16:58:23-06:00 INFO (6): SI ES UN USUARIO ACTIVO.
2017-03-21T16:58:23-06:00 INFO (6): LAS COINCIDENCIAS QUE SE ENCONTRARON EN SMS DEL NUMERO FUERON::: 772
2017-03-21T16:58:23-06:00 INFO (6): SI SE ENCONTRO EN BASE::..
2017-03-21T16:58:23-06:00 INFO (6): Operador::: Telcel
2017-03-21T16:58:23-06:00 INFO (6): URL: http://localhost:13013/cgi-bin/sendsms?username=sendsmsmt_26262&password=kaiser&to=5549444527&text=MESSAGE
2017-03-21T16:58:23-06:00 INFO (6): RESPUESTA: 0: Accepted for delivery
2017-03-21T16:58:23-06:00 INFO (6): INSERTA MT: Array
(
    [mt_marcacion] => 26262
    [mt_operador] => telcel
    [mt_msisdn] => 5549444527
    [mt_medio] => Base
    [mt_folio] => 358d1b00f1a1c85
    [mt_contenido] => MESSAGE
    [mt_fecha] => 2017-03-21 16:58:23
    [mt_tag] => WS
    [mt_categoria] => TAG
    [usuario_id] => 1
)

2017-03-21T16:58:23-06:00 INFO (6): Se inserto:: 1
2017-03-21T16:58:23-06:00 INFO (6): Array data_cr:: Array
(
    [credito_valor] => 936,88
)

2017-03-21T16:58:23-06:00 INFO (6): SE ACTUALIZO:: 1
2017-03-21T16:58:23-06:00 INFO (6): Fin
2017-03-21T17:01:26-06:00 INFO (6): ->->->->->->->->->->->->->->->->->->->->
2017-03-21T17:01:26-06:00 INFO (6): ->->->->->->->->->->->->->->->->->->->->
2017-03-21T17:01:26-06:00 INFO (6): ->->->->->->->->->->->->->->->->->->->->
2017-03-21T17:01:26-06:00 INFO (6): ->->->->->->->->->->->->->->->->->->->-> FUNCION URL MT WS: 2017/03/21 17:01:26
2017-03-21T17:01:26-06:00 INFO (6): _REQUEST::Array
(
    [msisdn] => 5549444527
    [message] => MESSAGE
    [tag] => TAG
    [user] => Administrador
    [PHPSESSID] => je1vgcb0h0qj8lkpdoegoi3o90
)

2017-03-21T17:01:26-06:00 INFO (6): IP::: 201.149.88.206
2017-03-21T17:01:26-06:00 INFO (6): MSISDN::: 5549444527
2017-03-21T17:01:26-06:00 INFO (6): SMS::: MESSAGE
2017-03-21T17:01:26-06:00 INFO (6): TAG::: TAG
2017-03-21T17:01:26-06:00 INFO (6): USER::: Administrador
2017-03-21T17:01:26-06:00 INFO (6): QUERY BUSQUEDA::: Select count(*) as total from clientes_demo where cliente_usuario like 'Administrador' and cliente_activo = 1
2017-03-21T17:01:26-06:00 INFO (6): LAS COINCIDENCIAS QUE SE ENCONTRARON EN clientes_demo FUERON::: 1
2017-03-21T17:01:26-06:00 INFO (6): SI ES UN USUARIO ACTIVO.
2017-03-21T17:01:26-06:00 INFO (6): LAS COINCIDENCIAS QUE SE ENCONTRARON EN SMS DEL NUMERO FUERON::: 774
2017-03-21T17:01:26-06:00 INFO (6): SI SE ENCONTRO EN BASE::..
2017-03-21T17:01:26-06:00 INFO (6): Operador::: Telcel
2017-03-21T17:01:26-06:00 INFO (6): URL: http://localhost:13013/cgi-bin/sendsms?username=sendsmsmt_26262&password=kaiser&to=5549444527&text=MESSAGE
2017-03-21T17:01:27-06:00 INFO (6): RESPUESTA: 0: Accepted for delivery
2017-03-21T17:01:27-06:00 INFO (6): INSERTA MT: Array
(
    [mt_marcacion] => 26262
    [mt_operador] => telcel
    [mt_msisdn] => 5549444527
    [mt_medio] => Base
    [mt_folio] => 958d1b0c7022a35
    [mt_contenido] => MESSAGE
    [mt_fecha] => 2017-03-21 17:01:27
    [mt_tag] => WS
    [mt_categoria] => TAG
    [usuario_id] => 1
)

2017-03-21T17:01:27-06:00 INFO (6): Se inserto:: 1
2017-03-21T17:01:27-06:00 INFO (6): Array data_cr:: Array
(
    [credito_valor] => 915,42
)

2017-03-21T17:01:27-06:00 INFO (6): SE ACTUALIZO:: 1
2017-03-21T17:01:27-06:00 INFO (6): Fin
