2017-03-26T20:04:15-06:00 INFO (6): ->->->->->->->->->->->->->->->->->->->->
2017-03-26T20:04:15-06:00 INFO (6): ->->->->->->->->->->->->->->->->->->->->
2017-03-26T20:04:15-06:00 INFO (6): ->->->->->->->->->->->->->->->->->->->->
2017-03-26T20:04:15-06:00 INFO (6): ->->->->->->->->->->->->->->->->->->->-> FUNCION URL MT WS: 2017/03/26 20:04:15
2017-03-26T20:04:15-06:00 INFO (6): _REQUEST::Array
(
    [msisdn] => 5549444527
    [message] => MESSAGE
    [tag] => 58d8730780223
    [user] => Administrador
    [PHPSESSID] => p0slapa788hhmufv4uqpuskk14
)

2017-03-26T20:04:15-06:00 INFO (6): IP::: 201.149.88.194
2017-03-26T20:04:15-06:00 INFO (6): MSISDN::: 5549444527
2017-03-26T20:04:15-06:00 INFO (6): SMS::: MESSAGE
2017-03-26T20:04:15-06:00 INFO (6): TAG::: 58d8730780223
2017-03-26T20:04:15-06:00 INFO (6): USER::: Administrador
2017-03-26T20:04:15-06:00 INFO (6): QUERY BUSQUEDA::: Select count(*) as total from clientes_demo where cliente_usuario like 'Administrador' and cliente_activo = 1
2017-03-26T20:04:15-06:00 INFO (6): LAS COINCIDENCIAS QUE SE ENCONTRARON EN clientes_demo FUERON::: 1
2017-03-26T20:04:15-06:00 INFO (6): SI ES UN USUARIO ACTIVO.
2017-03-26T20:04:15-06:00 INFO (6): LAS COINCIDENCIAS QUE SE ENCONTRARON EN SMS DEL NUMERO FUERON::: 786
2017-03-26T20:04:15-06:00 INFO (6): SI SE ENCONTRO EN BASE::..
2017-03-26T20:04:15-06:00 INFO (6): Operador::: Telcel
2017-03-26T20:04:15-06:00 INFO (6): URL: http://localhost:13013/cgi-bin/sendsms?username=sendsmsmt_26262&password=kaiser&to=5549444527&text=MESSAGE
2017-03-26T20:04:15-06:00 INFO (6): RESPUESTA: 0: Accepted for delivery
2017-03-26T20:04:15-06:00 INFO (6): INSERTA MT: Array
(
    [mt_marcacion] => 26262
    [mt_operador] => telcel
    [mt_msisdn] => 5549444527
    [mt_medio] => Base
    [mt_folio] => 158d8731fa46050
    [mt_contenido] => MESSAGE
    [mt_fecha] => 2017-03-26 20:04:15
    [mt_tag] => WS
    [mt_categoria] => 58d8730780223
    [usuario_id] => 1
)

2017-03-26T20:04:15-06:00 INFO (6): Se inserto:: 1
2017-03-26T20:04:15-06:00 INFO (6): Array data_cr:: Array
(
    [credito_valor] => 887
)

2017-03-26T20:04:15-06:00 INFO (6): SE ACTUALIZO:: 1
2017-03-26T20:04:15-06:00 INFO (6): Fin
