2017-03-22T12:37:40-06:00 INFO (6): ***********************************************************
2017-03-22T12:37:40-06:00 INFO (6): ***********************************************************
2017-03-22T12:37:40-06:00 INFO (6): ***********************************************************
2017-03-22T12:37:40-06:00 INFO (6): **********************************INICIO: 2017/03/22 12:37:40
2017-03-22T12:37:40-06:00 INFO (6): REQUEST: Array
(
    [message] => arefeafaefaeferafaerfrefarefreafaregregraeag eraga reg r aeg reag aregerg eragaregre greagreagrea greageargareg aregraeg reag reagreag rae gergraegrea greagrae garg
    [accion] => enviar
    [PHPSESSID] => je1vgcb0h0qj8lkpdoegoi3o90
)

2017-03-22T12:37:40-06:00 INFO (6): MENSAJE: 1
2017-03-22T12:37:40-06:00 INFO (6): FIN: 2017/03/22 12:37:40
2017-03-22T12:38:41-06:00 INFO (6): ***********************************************************
2017-03-22T12:38:41-06:00 INFO (6): ***********************************************************
2017-03-22T12:38:41-06:00 INFO (6): ***********************************************************
2017-03-22T12:38:41-06:00 INFO (6): **********************************INICIO: 2017/03/22 12:38:41
2017-03-22T12:38:41-06:00 INFO (6): REQUEST: Array
(
    [message] => arefeafaefaeferafaerfrefarefreafaregregraeag eraga reg r aeg reag aregerg eragaregre greagreagrea greageargareg aregraeg reag reagreag rae gergraegrea greagrae garg
    [accion] => enviar
    [PHPSESSID] => je1vgcb0h0qj8lkpdoegoi3o90
)

2017-03-22T12:38:41-06:00 INFO (6): MENSAJE: 1
2017-03-22T12:38:41-06:00 INFO (6): FIN: 2017/03/22 12:38:41
2017-03-22T12:38:50-06:00 INFO (6): ***********************************************************
2017-03-22T12:38:50-06:00 INFO (6): ***********************************************************
2017-03-22T12:38:50-06:00 INFO (6): ***********************************************************
2017-03-22T12:38:50-06:00 INFO (6): **********************************INICIO: 2017/03/22 12:38:50
2017-03-22T12:38:50-06:00 INFO (6): REQUEST: Array
(
    [message] => ajfijraifjairgji raegirae gjire ajgirae jgirgj iraeo jgira ejgiaerjgiregreagi rjgoijaipg oerj gijrae gierj grae girae graeggaer
    [accion] => enviar
    [PHPSESSID] => je1vgcb0h0qj8lkpdoegoi3o90
)

2017-03-22T12:38:50-06:00 INFO (6): MENSAJE: 1
2017-03-22T12:38:50-06:00 INFO (6): FIN: 2017/03/22 12:38:50
2017-03-22T12:40:41-06:00 INFO (6): ***********************************************************
2017-03-22T12:40:41-06:00 INFO (6): ***********************************************************
2017-03-22T12:40:41-06:00 INFO (6): ***********************************************************
2017-03-22T12:40:41-06:00 INFO (6): **********************************INICIO: 2017/03/22 12:40:41
2017-03-22T12:40:41-06:00 INFO (6): REQUEST: Array
(
    [message] => ewrareawrewrewrewrewrwer werwa eraewrwerewfarggaergreageragreagaregregeargaergae rgeragreagreagregeargregeragreageragaergeragaergergaregeargaer
    [accion] => enviar
    [PHPSESSID] => je1vgcb0h0qj8lkpdoegoi3o90
)

2017-03-22T12:40:41-06:00 INFO (6): MENSAJE: 1
2017-03-22T12:40:41-06:00 INFO (6): FIN: 2017/03/22 12:40:41
2017-03-22T12:41:26-06:00 INFO (6): ***********************************************************
2017-03-22T12:41:26-06:00 INFO (6): ***********************************************************
2017-03-22T12:41:26-06:00 INFO (6): ***********************************************************
2017-03-22T12:41:26-06:00 INFO (6): **********************************INICIO: 2017/03/22 12:41:26
2017-03-22T12:41:26-06:00 INFO (6): REQUEST: Array
(
    [message] => aifjewjfioewafjiewjfoiewa fiewjfwie fiewajfiewjgairjopejigjraeigjioarejgoiraej gi ajrie gjirae jgioare gjiora ejgio
    [accion] => enviar
    [PHPSESSID] => je1vgcb0h0qj8lkpdoegoi3o90
)

2017-03-22T12:41:26-06:00 INFO (6): MENSAJE: 1
2017-03-22T12:41:26-06:00 INFO (6): FIN: 2017/03/22 12:41:26
2017-03-22T12:42:45-06:00 INFO (6): ***********************************************************
2017-03-22T12:42:45-06:00 INFO (6): ***********************************************************
2017-03-22T12:42:45-06:00 INFO (6): ***********************************************************
2017-03-22T12:42:45-06:00 INFO (6): **********************************INICIO: 2017/03/22 12:42:45
2017-03-22T12:42:45-06:00 INFO (6): REQUEST: Array
(
    [message] => dwqwdwqdwqdqwdqwdwqd
    [accion] => enviar
    [PHPSESSID] => je1vgcb0h0qj8lkpdoegoi3o90
)

2017-03-22T12:42:45-06:00 INFO (6): MENSAJE: 1
2017-03-22T12:42:45-06:00 INFO (6): FIN: 2017/03/22 12:42:45
2017-03-22T12:44:00-06:00 INFO (6): ***********************************************************
2017-03-22T12:44:00-06:00 INFO (6): ***********************************************************
2017-03-22T12:44:00-06:00 INFO (6): ***********************************************************
2017-03-22T12:44:00-06:00 INFO (6): **********************************INICIO: 2017/03/22 12:44:00
2017-03-22T12:44:00-06:00 INFO (6): REQUEST: Array
(
    [message] => ewdewdwewdew
    [accion] => enviar
    [PHPSESSID] => je1vgcb0h0qj8lkpdoegoi3o90
)

2017-03-22T12:44:00-06:00 INFO (6): MENSAJE: 1
2017-03-22T12:44:00-06:00 INFO (6): FIN: 2017/03/22 12:44:00
2017-03-22T12:47:01-06:00 INFO (6): ***********************************************************
2017-03-22T12:47:01-06:00 INFO (6): ***********************************************************
2017-03-22T12:47:01-06:00 INFO (6): ***********************************************************
2017-03-22T12:47:01-06:00 INFO (6): **********************************INICIO: 2017/03/22 12:47:01
2017-03-22T12:47:01-06:00 INFO (6): REQUEST: Array
(
    [message] => fwefewf  ewf we af aew f ew f wae fewa fewaf ewafewa8uf90 eawug90w gu90eragaw90gewa0 gew09ageaw90 g09ewag 9e0w gew9 gfuewa9fe90wfu9e wfuew 9fue9w0f u90ewa fu0aew f09ew fu90aew fe90fu9eawfue9wa fy0aewyf eawyf 8ewf ewafew0f90ewa fewaf 9ewa8f0eawfyewa9fu9e a8feawfyewalfyaewfaw9f ew a8fawfy aewf9yaew 9faew90ufy eaw9f 9ewa feaw0 faew90f 9e0w faew90f aew90fuaew9fu09a8weyf9reauf8wefae9w 8fgyeaw89g f98ewa gy7awefy 87 aewyf8 yew897f taw9e8fy8a9ewgf8aewfy987eaw8f ew89af8ewayf ewafaewy8 fy9awe8fy 98aewvuf 89eawu9fa9ewf98ewf98
    [accion] => enviar
    [PHPSESSID] => je1vgcb0h0qj8lkpdoegoi3o90
)

2017-03-22T12:47:01-06:00 INFO (6): MENSAJE: 1
2017-03-22T12:47:01-06:00 INFO (6): FIN: 2017/03/22 12:47:01
