2017-03-28T11:05:40-06:00 INFO (6): ***********************************************************
2017-03-28T11:05:40-06:00 INFO (6): ***********************************************************
2017-03-28T11:05:40-06:00 INFO (6): ***********************************************************
2017-03-28T11:05:40-06:00 INFO (6): **********************************INICIO: 2017/03/28 11:05:40
2017-03-28T11:05:40-06:00 INFO (6): REQUEST: Array
(
    [message] => iasdisajdiasjdoiajdisajdioasjdicdjs cjd cjbdscsa DJNDS DBAS dj sdj sd sjD Sjdjs dhsbd hsahbd jhasbdhsa d
    [accion] => enviar
    [PHPSESSID] => p0slapa788hhmufv4uqpuskk14
)

2017-03-28T11:05:40-06:00 INFO (6): MENSAJE: 1
2017-03-28T11:05:40-06:00 INFO (6): FIN: 2017/03/28 11:05:40
2017-03-28T11:07:20-06:00 INFO (6): ***********************************************************
2017-03-28T11:07:20-06:00 INFO (6): ***********************************************************
2017-03-28T11:07:20-06:00 INFO (6): ***********************************************************
2017-03-28T11:07:20-06:00 INFO (6): **********************************INICIO: 2017/03/28 11:07:20
2017-03-28T11:07:20-06:00 INFO (6): REQUEST: Array
(
    [message] => iasdisajdiasjdoiajdisajdioasjdicdjs cjd cjbdscsa DJNDS DBAS dj sdj sd sjD Sjdjs dhsbd hsahbd jhasbdhsa d
    [accion] => enviar
    [PHPSESSID] => p0slapa788hhmufv4uqpuskk14
)

2017-03-28T11:07:20-06:00 INFO (6): MENSAJE: 1
2017-03-28T11:07:20-06:00 INFO (6): FIN: 2017/03/28 11:07:20
