2017-04-07T10:08:06-05:00 INFO (6): ------------------------------------------------
2017-04-07T10:08:06-05:00 INFO (6): ------------------------------------------------
2017-04-07T10:08:06-05:00 INFO (6): ------------------------------------------------
2017-04-07T10:08:06-05:00 INFO (6): ---- ENVIO MASIVO - FN GUARDAR ------------
2017-04-07T10:08:06-05:00 INFO (6): REQUESTArray
(
    [selectCategoria] => real
    [sms] => jkhjkhjkh
    [caracteres] => 9
    [accion] => enviar
    [retenido] => 1.74
    [PHPSESSID] => omj399hbfsilsfdp9qk5vsojk2
)

2017-04-07T10:08:06-05:00 INFO (6): CATEGORIA: real
2017-04-07T10:08:06-05:00 INFO (6): HORA DE ENVIO: 10:08:06
2017-04-07T10:08:06-05:00 INFO (6): FECHA DE ENVIO: 2017-04-07 10:08:06
2017-04-07T10:08:06-05:00 INFO (6): MENSAJE: jkhjkhjkh
2017-04-07T10:08:06-05:00 INFO (6): CAMPANIA: Administrador
2017-04-07T10:08:06-05:00 INFO (6): SI REQUESITO TODOS LOS CAMPOS
2017-04-07T10:08:06-05:00 INFO (6): DATOS A INSERTAR EN LA BASE MENSAJES PROGRAMADOS: Array
(
    [mensaje_horario] => 6291694aaa33feb4d12ce904df46853b
    [mensaje_horarionombre] => 10:08:06
    [mensaje_mensaje] => jkhjkhjkh
    [mensaje_nombre] => Administrador
    [mensaje_fechaenvio] => 2017-04-07 10:08:06
    [mensaje_descripcion] => Administrador
    [mensaje_fechaalta] => 2017/04/07 10:08:06
    [mensaje_activo] => 1
    [mensaje_region] => real
    [mensaje_ocupacion] => real
    [mensaje_procesado] => 1
    [bandera_masivo] => 0
    [mensaje_usuario] => 1
)

2017-04-07T10:08:06-05:00 INFO (6): SE INSERTO: 1
2017-04-07T10:08:06-05:00 INFO (6): FIN:::...
