2017-04-05T11:47:34-05:00 INFO (6): ->->->->->->->->->->->->->->->->->->->->
2017-04-05T11:47:34-05:00 INFO (6): ->->->->->->->->->->->->->->->->->->->->
2017-04-05T11:47:34-05:00 INFO (6): ->->->->->->->->->->->->->->->->->->->->
2017-04-05T11:47:34-05:00 INFO (6): ->->->->->->->->->->->->->->->->->->->-> FUNCION URL MT WS: 2017/04/05 11:47:34
2017-04-05T11:47:34-05:00 INFO (6): _REQUEST::Array
(
    [msisdn] => 5549444527
    [message] => Â¿HolaI() ?
    [tag] => EXAMPLE
    [idu] => 58e51f88afa80
    [user] => Administrador
    [PHPSESSID] => omj399hbfsilsfdp9qk5vsojk2
)

2017-04-05T11:47:34-05:00 INFO (6): IP::: 201.149.88.206
2017-04-05T11:47:34-05:00 INFO (6): MSISDN::: 5549444527
2017-04-05T11:47:34-05:00 INFO (6): SMS::: ¿HolaI() ?
2017-04-05T11:47:34-05:00 INFO (6): TAG::: EXAMPLE
2017-04-05T11:47:34-05:00 INFO (6): USER::: Administrador
2017-04-05T11:47:34-05:00 INFO (6): QUERY BUSQUEDA::: Select count(*) as total from clientes_demo where cliente_usuario like 'Administrador' and cliente_activo = 1
2017-04-05T11:47:34-05:00 INFO (6): LAS COINCIDENCIAS QUE SE ENCONTRARON EN clientes_demo FUERON::: 1
2017-04-05T11:47:34-05:00 INFO (6): SI ES UN USUARIO ACTIVO.
2017-04-05T11:47:34-05:00 INFO (6): LAS COINCIDENCIAS QUE SE ENCONTRARON EN SMS DEL NUMERO FUERON::: 4494
2017-04-05T11:47:34-05:00 INFO (6): SI SE ENCONTRO EN BASE MOTHERBASE::..
2017-04-05T11:47:34-05:00 INFO (6): URL: http://administrador.cm-operations.com/telcel/router/router_mt.php?SOA=5549444527&dial=26262&message=%BFHolaI%28%29+%3F&service=WEBSMS&subservice=WS&username=sendsmsmt_26262
2017-04-05T11:47:34-05:00 INFO (6): RESPUESTA: 0: Accepted for delivery
2017-04-05T11:47:34-05:00 INFO (6): INSERTA MT: Array
(
    [mt_marcacion] => 26262
    [mt_operador] => Telcel
    [mt_msisdn] => 5549444527
    [mt_medio] => BaseMadre
    [mt_folio] => 658e51fa6bef0e2
    [mt_contenido] => ¿HolaI() ?
    [mt_fecha] => 2017-04-05 11:47:34
    [mt_tag] => EXAMPLE
    [mt_categoria] => WS
    [usuario_id] => 1
)

2017-04-05T11:47:34-05:00 INFO (6): Se inserto:: 1
2017-04-05T11:47:34-05:00 INFO (6): Array data_cr:: Array
(
    [credito_valor] => 95032,16
)

2017-04-05T11:47:34-05:00 INFO (6): SE ACTUALIZO:: 1
2017-04-05T11:47:34-05:00 INFO (6): Fin
