2017-03-22T15:16:57-06:00 INFO (6): ->->->->->->->->->->->->->->->->->->->->
2017-03-22T15:16:57-06:00 INFO (6): ->->->->->->->->->->->->->->->->->->->->
2017-03-22T15:16:57-06:00 INFO (6): ->->->->->->->->->->->->->->->->->->->->
2017-03-22T15:16:57-06:00 INFO (6): ->->->->->->->->->->->->->->->->->->->-> FUNCION URL MT WS: 2017/03/22 15:16:57
2017-03-22T15:16:57-06:00 INFO (6): _REQUEST::Array
(
    [msisdn] => XXXXXXXXXX
    [message] => MESSAGE
    [tag] => TAG
    [user] => Administrador
    [PHPSESSID] => je1vgcb0h0qj8lkpdoegoi3o90
)

2017-03-22T15:16:57-06:00 INFO (6): IP::: 201.149.88.206
2017-03-22T15:16:57-06:00 INFO (6): MSISDN::: XXXXXXXXXX
2017-03-22T15:16:57-06:00 INFO (6): SMS::: MESSAGE
2017-03-22T15:16:57-06:00 INFO (6): TAG::: TAG
2017-03-22T15:16:57-06:00 INFO (6): USER::: Administrador
2017-03-22T15:16:57-06:00 INFO (6): QUERY BUSQUEDA::: Select count(*) as total from clientes_demo where cliente_usuario like 'Administrador' and cliente_activo = 1
2017-03-22T15:16:57-06:00 INFO (6): LAS COINCIDENCIAS QUE SE ENCONTRARON EN clientes_demo FUERON::: 1
2017-03-22T15:16:57-06:00 INFO (6): SI ES UN USUARIO ACTIVO.
2017-03-22T15:16:57-06:00 INFO (6): LAS COINCIDENCIAS QUE SE ENCONTRARON EN SMS DEL NUMERO FUERON::: 0
2017-03-22T15:16:58-06:00 INFO (6): ENTRO A DATA 24.
2017-03-22T15:16:58-06:00 INFO (6): URL ARMADA   ::https://api.data24-7.com/v/2.0?api=C&user=miguel.pacheco&pass=operations2015&p1=52XXXXXXXXXX
2017-03-22T15:16:58-06:00 INFO (6): XML ARMADO   ::
2017-03-22T15:16:58-06:00 INFO (6): RESPUESTA: 
2017-03-22T15:16:58-06:00 INFO (6): NOMBRE DE LA EMPRESA   ::
2017-03-22T15:16:58-06:00 INFO (6): ID OPERADOR   ::
2017-03-22T15:16:58-06:00 INFO (6): SE ENCONTRO EN BASE DE DATOS.
2017-03-22T15:16:58-06:00 INFO (6): Fin
2017-03-22T15:17:04-06:00 INFO (6): ->->->->->->->->->->->->->->->->->->->->
2017-03-22T15:17:04-06:00 INFO (6): ->->->->->->->->->->->->->->->->->->->->
2017-03-22T15:17:04-06:00 INFO (6): ->->->->->->->->->->->->->->->->->->->->
2017-03-22T15:17:04-06:00 INFO (6): ->->->->->->->->->->->->->->->->->->->-> FUNCION URL MT WS: 2017/03/22 15:17:04
2017-03-22T15:17:04-06:00 INFO (6): _REQUEST::Array
(
    [msisdn] => XXXXXXXXXX
    [message] => MESSAGE
    [tag] => TAG
    [user] => Administrador
    [PHPSESSID] => je1vgcb0h0qj8lkpdoegoi3o90
)

2017-03-22T15:17:04-06:00 INFO (6): IP::: 201.149.88.206
2017-03-22T15:17:04-06:00 INFO (6): MSISDN::: XXXXXXXXXX
2017-03-22T15:17:04-06:00 INFO (6): SMS::: MESSAGE
2017-03-22T15:17:04-06:00 INFO (6): TAG::: TAG
2017-03-22T15:17:04-06:00 INFO (6): USER::: Administrador
2017-03-22T15:17:04-06:00 INFO (6): QUERY BUSQUEDA::: Select count(*) as total from clientes_demo where cliente_usuario like 'Administrador' and cliente_activo = 1
2017-03-22T15:17:04-06:00 INFO (6): LAS COINCIDENCIAS QUE SE ENCONTRARON EN clientes_demo FUERON::: 1
2017-03-22T15:17:04-06:00 INFO (6): SI ES UN USUARIO ACTIVO.
2017-03-22T15:17:05-06:00 INFO (6): LAS COINCIDENCIAS QUE SE ENCONTRARON EN SMS DEL NUMERO FUERON::: 0
2017-03-22T15:17:05-06:00 INFO (6): ENTRO A DATA 24.
2017-03-22T15:17:05-06:00 INFO (6): URL ARMADA   ::https://api.data24-7.com/v/2.0?api=C&user=miguel.pacheco&pass=operations2015&p1=52XXXXXXXXXX
2017-03-22T15:17:05-06:00 INFO (6): XML ARMADO   ::
2017-03-22T15:17:05-06:00 INFO (6): RESPUESTA: 
2017-03-22T15:17:05-06:00 INFO (6): NOMBRE DE LA EMPRESA   ::
2017-03-22T15:17:05-06:00 INFO (6): ID OPERADOR   ::
2017-03-22T15:17:05-06:00 INFO (6): SE ENCONTRO EN BASE DE DATOS.
2017-03-22T15:17:05-06:00 INFO (6): Fin
