2017-03-23T12:55:08-06:00 INFO (6): ***********************************************************
2017-03-23T12:55:08-06:00 INFO (6): ***********************************************************
2017-03-23T12:55:08-06:00 INFO (6): ***********************************************************
2017-03-23T12:55:08-06:00 INFO (6): **********************************INICIO: 2017/03/23 12:55:08
2017-03-23T12:55:08-06:00 INFO (6): REQUEST: Array
(
    [tabla1_length] => 10
    [ide] => Array
        (
            [0] => collage
        )

    [accion] => guardar
    [PHPSESSID] => je1vgcb0h0qj8lkpdoegoi3o90
)

2017-03-23T12:56:22-06:00 INFO (6): ***********************************************************
2017-03-23T12:56:22-06:00 INFO (6): ***********************************************************
2017-03-23T12:56:22-06:00 INFO (6): ***********************************************************
2017-03-23T12:56:22-06:00 INFO (6): **********************************INICIO: 2017/03/23 12:56:22
2017-03-23T12:56:22-06:00 INFO (6): REQUEST: Array
(
    [tabla1_length] => 10
    [ide] => Array
        (
            [0] => collage
        )

    [accion] => guardar
    [PHPSESSID] => je1vgcb0h0qj8lkpdoegoi3o90
)

