2017-04-07T10:43:51-05:00 INFO (6): ***********************************************************
2017-04-07T10:43:51-05:00 INFO (6): ***********************************************************
2017-04-07T10:43:51-05:00 INFO (6): ***********************************************************
2017-04-07T10:43:51-05:00 INFO (6): **********************************INICIO: 2017/04/07 10:43:51
2017-04-07T10:43:51-05:00 INFO (6): REQUEST: Array
(
    [tabla1_length] => 10
    [ide] => Array
        (
            [1] => 0.10
        )

    [ide2] => Array
        (
            [1] => 
        )

    [ide3] => Array
        (
            [1] => 12.00
        )

    [ide4] => Array
        (
            [1] => 
        )

    [ide5] => Array
        (
            [1] => 
        )

    [ide6] => Array
        (
            [1] => 2.00
        )

    [accion] => guardar
    [PHPSESSID] => omj399hbfsilsfdp9qk5vsojk2
)

2017-04-07T10:43:51-05:00 INFO (6): ACTUALIZAR: 0
2017-04-07T10:43:51-05:00 INFO (6): INSERTAR: 1
2017-04-07T10:43:51-05:00 INFO (6): ACTUALIZAR: 1
2017-04-07T10:43:51-05:00 INFO (6): ACTUALIZAR: 1
2017-04-07T10:43:51-05:00 INFO (6): FIN: 2017/04/07 10:43:51
2017-04-07T10:45:22-05:00 INFO (6): ***********************************************************
2017-04-07T10:45:22-05:00 INFO (6): ***********************************************************
2017-04-07T10:45:22-05:00 INFO (6): ***********************************************************
2017-04-07T10:45:22-05:00 INFO (6): **********************************INICIO: 2017/04/07 10:45:22
2017-04-07T10:45:22-05:00 INFO (6): REQUEST: Array
(
    [tabla1_length] => 10
    [ide] => Array
        (
            [1] => 0.10
        )

    [ide2] => Array
        (
            [1] => 
        )

    [ide3] => Array
        (
            [1] => 12.00
        )

    [ide4] => Array
        (
            [1] => 
        )

    [ide5] => Array
        (
            [1] => 
        )

    [ide6] => Array
        (
            [1] => 2.00
        )

    [accion] => guardar
    [PHPSESSID] => omj399hbfsilsfdp9qk5vsojk2
)

2017-04-07T10:45:22-05:00 INFO (6): ACTUALIZAR: 0
2017-04-07T10:45:22-05:00 INFO (6): INSERTAR: 1
2017-04-07T10:45:22-05:00 INFO (6): ACTUALIZAR: 1
2017-04-07T10:45:22-05:00 INFO (6): ACTUALIZAR: 1
2017-04-07T10:45:22-05:00 INFO (6): FIN: 2017/04/07 10:45:22
2017-04-07T10:46:00-05:00 INFO (6): ***********************************************************
2017-04-07T10:46:00-05:00 INFO (6): ***********************************************************
2017-04-07T10:46:00-05:00 INFO (6): ***********************************************************
2017-04-07T10:46:00-05:00 INFO (6): **********************************INICIO: 2017/04/07 10:46:00
2017-04-07T10:46:00-05:00 INFO (6): REQUEST: Array
(
    [tabla1_length] => 10
    [ide] => Array
        (
            [1] => 0.10
        )

    [ide2] => Array
        (
            [1] => 
        )

    [ide3] => Array
        (
            [1] => 12.00
        )

    [ide4] => Array
        (
            [1] => 
        )

    [ide5] => Array
        (
            [1] => 
        )

    [ide6] => Array
        (
            [1] => 2.00
        )

    [accion] => guardar
    [PHPSESSID] => omj399hbfsilsfdp9qk5vsojk2
)

2017-04-07T10:46:00-05:00 INFO (6): ACTUALIZAR: 0
2017-04-07T10:46:00-05:00 INFO (6): INSERTAR: 1
2017-04-07T10:46:00-05:00 INFO (6): ACTUALIZAR: 1
2017-04-07T10:46:00-05:00 INFO (6): ACTUALIZAR: 1
2017-04-07T10:46:00-05:00 INFO (6): FIN: 2017/04/07 10:46:00
2017-04-07T10:47:27-05:00 INFO (6): ***********************************************************
2017-04-07T10:47:27-05:00 INFO (6): ***********************************************************
2017-04-07T10:47:27-05:00 INFO (6): ***********************************************************
2017-04-07T10:47:27-05:00 INFO (6): **********************************INICIO: 2017/04/07 10:47:27
2017-04-07T10:47:27-05:00 INFO (6): REQUEST: Array
(
    [tabla1_length] => 10
    [ide] => Array
        (
            [1] => 0.10
        )

    [ide2] => Array
        (
            [1] => 
        )

    [ide3] => Array
        (
            [1] => 12.00
        )

    [ide4] => Array
        (
            [1] => 
        )

    [ide5] => Array
        (
            [1] => 
        )

    [ide6] => Array
        (
            [1] => 2.00
        )

    [accion] => guardar
    [PHPSESSID] => omj399hbfsilsfdp9qk5vsojk2
)

2017-04-07T10:47:27-05:00 INFO (6): ACTUALIZAR: 0
2017-04-07T10:47:27-05:00 INFO (6): INSERTAR: 1
2017-04-07T10:47:27-05:00 INFO (6): ACTUALIZAR: 1
2017-04-07T10:47:27-05:00 INFO (6): ACTUALIZAR: 1
2017-04-07T10:47:27-05:00 INFO (6): FIN: 2017/04/07 10:47:27
2017-04-07T10:48:25-05:00 INFO (6): ***********************************************************
2017-04-07T10:48:25-05:00 INFO (6): ***********************************************************
2017-04-07T10:48:25-05:00 INFO (6): ***********************************************************
2017-04-07T10:48:25-05:00 INFO (6): **********************************INICIO: 2017/04/07 10:48:25
2017-04-07T10:48:25-05:00 INFO (6): REQUEST: Array
(
    [tabla1_length] => 10
    [ide] => Array
        (
            [1] => 0.10
        )

    [ide2] => Array
        (
            [1] => 
        )

    [ide3] => Array
        (
            [1] => 12.00
        )

    [ide4] => Array
        (
            [1] => 
        )

    [ide5] => Array
        (
            [1] => 
        )

    [ide6] => Array
        (
            [1] => 2.00
        )

    [accion] => guardar
    [PHPSESSID] => omj399hbfsilsfdp9qk5vsojk2
)

2017-04-07T10:48:25-05:00 INFO (6): ACTUALIZAR: 0
2017-04-07T10:48:25-05:00 INFO (6): INSERTAR: 1
2017-04-07T10:48:25-05:00 INFO (6): ACTUALIZAR: 1
2017-04-07T10:48:25-05:00 INFO (6): ACTUALIZAR: 1
2017-04-07T10:48:25-05:00 INFO (6): FIN: 2017/04/07 10:48:25
2017-04-07T10:48:33-05:00 INFO (6): ***********************************************************
2017-04-07T10:48:33-05:00 INFO (6): ***********************************************************
2017-04-07T10:48:33-05:00 INFO (6): ***********************************************************
2017-04-07T10:48:33-05:00 INFO (6): **********************************INICIO: 2017/04/07 10:48:33
2017-04-07T10:48:33-05:00 INFO (6): REQUEST: Array
(
    [tabla1_length] => 10
    [ide] => Array
        (
            [1] => 0.10
        )

    [ide2] => Array
        (
            [1] => 
        )

    [ide3] => Array
        (
            [1] => 12.00
        )

    [ide4] => Array
        (
            [1] => 
        )

    [ide5] => Array
        (
            [1] => 
        )

    [ide6] => Array
        (
            [1] => 2.00
        )

    [accion] => guardar
    [PHPSESSID] => omj399hbfsilsfdp9qk5vsojk2
)

2017-04-07T10:48:33-05:00 INFO (6): ACTUALIZAR: 0
2017-04-07T10:48:33-05:00 INFO (6): INSERTAR: 1
2017-04-07T10:48:33-05:00 INFO (6): ACTUALIZAR: 1
2017-04-07T10:48:33-05:00 INFO (6): ACTUALIZAR: 1
2017-04-07T10:48:33-05:00 INFO (6): FIN: 2017/04/07 10:48:33
