2017-03-24T11:04:23-06:00 INFO (6): ***********************************************************
2017-03-24T11:04:23-06:00 INFO (6): ***********************************************************
2017-03-24T11:04:23-06:00 INFO (6): ***********************************************************
2017-03-24T11:04:23-06:00 INFO (6): **********************************INICIO: 2017/03/24 11:04:23
2017-03-24T11:04:23-06:00 INFO (6): REQUEST: Array
(
    [tabla1_length] => 10
    [ide] => Array
        (
            [0] => fewfwefwe
            [1] => kjnbjknjkn
        )

    [accion] => guardar
    [PHPSESSID] => je1vgcb0h0qj8lkpdoegoi3o90
)

2017-03-24T11:04:23-06:00 INFO (6): ACTUALIZAR: 103
2017-03-24T11:04:23-06:00 INFO (6): ACTUALIZAR: 1281
2017-03-24T11:04:23-06:00 INFO (6): FIN: 2017/03/24 11:04:23
2017-03-24T11:35:31-06:00 INFO (6): ***********************************************************
2017-03-24T11:35:31-06:00 INFO (6): ***********************************************************
2017-03-24T11:35:31-06:00 INFO (6): ***********************************************************
2017-03-24T11:35:31-06:00 INFO (6): **********************************INICIO: 2017/03/24 11:35:31
2017-03-24T11:35:31-06:00 INFO (6): REQUEST: Array
(
    [tabla1_length] => 10
    [ide] => Array
        (
            [0] => adsdasdasdsa
            [1] => ewfewfewwf
            [2] => kkhk
            [3] => ygigi
        )

    [accion] => guardar
    [PHPSESSID] => je1vgcb0h0qj8lkpdoegoi3o90
)

2017-03-24T11:35:31-06:00 INFO (6): ACTUALIZAR: 3802
2017-03-24T11:35:31-06:00 INFO (6): ACTUALIZAR: 106
2017-03-24T11:35:31-06:00 INFO (6): ACTUALIZAR: 19
2017-03-24T11:35:32-06:00 INFO (6): ACTUALIZAR: 103
2017-03-24T11:35:32-06:00 INFO (6): FIN: 2017/03/24 11:35:32
2017-03-24T11:35:38-06:00 INFO (6): ***********************************************************
2017-03-24T11:35:38-06:00 INFO (6): ***********************************************************
2017-03-24T11:35:38-06:00 INFO (6): ***********************************************************
2017-03-24T11:35:38-06:00 INFO (6): **********************************INICIO: 2017/03/24 11:35:38
2017-03-24T11:35:38-06:00 INFO (6): REQUEST: Array
(
    [tabla1_length] => 10
    [ide] => Array
        (
            [0] => hkhhhk
        )

    [accion] => guardar
    [PHPSESSID] => je1vgcb0h0qj8lkpdoegoi3o90
)

2017-03-24T11:35:38-06:00 INFO (6): ACTUALIZAR: 19
2017-03-24T11:35:38-06:00 INFO (6): FIN: 2017/03/24 11:35:38
2017-03-24T16:38:31-06:00 INFO (6): ***********************************************************
2017-03-24T16:38:31-06:00 INFO (6): ***********************************************************
2017-03-24T16:38:31-06:00 INFO (6): ***********************************************************
2017-03-24T16:38:31-06:00 INFO (6): **********************************INICIO: 2017/03/24 16:38:31
2017-03-24T16:38:31-06:00 INFO (6): REQUEST: Array
(
    [tabla1_length] => 10
    [ide] => Array
        (
            [0] => hola
        )

    [accion] => guardar
    [PHPSESSID] => q06abqoelqg9sj1qv4fu30dt40
)

2017-03-24T16:38:31-06:00 INFO (6): ACTUALIZAR: 2
2017-03-24T16:38:31-06:00 INFO (6): FIN: 2017/03/24 16:38:31
