2017-03-23T13:01:46-06:00 INFO (6): ***********************************************************
2017-03-23T13:01:46-06:00 INFO (6): ***********************************************************
2017-03-23T13:01:46-06:00 INFO (6): ***********************************************************
2017-03-23T13:01:46-06:00 INFO (6): **********************************INICIO: 2017/03/23 13:01:46
2017-03-23T13:01:46-06:00 INFO (6): REQUEST: Array
(
    [tabla1_length] => 10
    [ide] => Array
        (
            [0] => collage
        )

    [accion] => guardar
    [PHPSESSID] => je1vgcb0h0qj8lkpdoegoi3o90
)

2017-03-23T13:01:46-06:00 INFO (6): ACTUALIZAR: 103
2017-03-23T15:14:13-06:00 INFO (6): ***********************************************************
2017-03-23T15:14:13-06:00 INFO (6): ***********************************************************
2017-03-23T15:14:13-06:00 INFO (6): ***********************************************************
2017-03-23T15:14:13-06:00 INFO (6): **********************************INICIO: 2017/03/23 15:14:13
2017-03-23T15:14:13-06:00 INFO (6): REQUEST: Array
(
    [tabla1_length] => 10
    [ide] => Array
        (
            [0] => er
            [1] => PRUEBA
            [2] => PRUEBAS
            [3] => PRUEBAS2
            [4] => real
            [5] => shfoiahfoah
        )

    [accion] => guardar
    [PHPSESSID] => je1vgcb0h0qj8lkpdoegoi3o90
)

2017-03-23T15:14:13-06:00 INFO (6): ACTUALIZAR: 103
2017-03-23T15:14:13-06:00 INFO (6): ACTUALIZAR: 103
2017-03-23T15:14:13-06:00 INFO (6): ACTUALIZAR: 106
2017-03-23T15:14:13-06:00 INFO (6): ACTUALIZAR: 103
2017-03-23T15:14:13-06:00 INFO (6): ACTUALIZAR: 103
2017-03-23T15:14:13-06:00 INFO (6): ACTUALIZAR: 19
2017-03-23T15:14:13-06:00 INFO (6): FIN: 2017/03/23 15:14:13
