2017-03-28T10:31:22-06:00 INFO (6): ***********************************************************
2017-03-28T10:31:22-06:00 INFO (6): ***********************************************************
2017-03-28T10:31:22-06:00 INFO (6): ***********************************************************
2017-03-28T10:31:22-06:00 INFO (6): **********************************INICIO: 2017/03/28 10:31:22
2017-03-28T10:31:22-06:00 INFO (6): REQUEST: Array
(
    [tabla1_length] => 10
    [ide] => Array
        (
            [0] => BASE2
        )

    [accion] => guardar
    [PHPSESSID] => p0slapa788hhmufv4uqpuskk14
)

2017-03-28T10:31:22-06:00 INFO (6): ACTUALIZAR: 13252
2017-03-28T10:31:22-06:00 INFO (6): FIN: 2017/03/28 10:31:22
2017-03-28T10:58:51-06:00 INFO (6): ***********************************************************
2017-03-28T10:58:51-06:00 INFO (6): ***********************************************************
2017-03-28T10:58:51-06:00 INFO (6): ***********************************************************
2017-03-28T10:58:51-06:00 INFO (6): **********************************INICIO: 2017/03/28 10:58:51
2017-03-28T10:58:51-06:00 INFO (6): REQUEST: Array
(
    [tabla1_length] => 10
    [ide] => Array
        (
            [0] => BASE1
        )

    [accion] => guardar
    [PHPSESSID] => p0slapa788hhmufv4uqpuskk14
)

2017-03-28T10:58:52-06:00 INFO (6): ACTUALIZAR: 13254
2017-03-28T10:58:52-06:00 INFO (6): FIN: 2017/03/28 10:58:52
