2017-04-03T11:00:40-05:00 INFO (6): ***********************************************************
2017-04-03T11:00:40-05:00 INFO (6): ***********************************************************
2017-04-03T11:00:40-05:00 INFO (6): ***********************************************************
2017-04-03T11:00:40-05:00 INFO (6): **********************************INICIO: 2017/04/03 11:00:40
2017-04-03T11:00:40-05:00 INFO (6): REQUEST: Array
(
    [tabla1_length] => 10
    [ide] => Array
        (
            [10] => 10
            [7] => 7
        )

    [accion] => guardar
    [PHPSESSID] => ult1oglvptm271j5gs3lj6g9t0
)

2017-04-03T11:00:40-05:00 INFO (6): ACTUALIZAR: 1
2017-04-03T11:00:40-05:00 INFO (6): ACTUALIZAR: 0
2017-04-03T11:00:40-05:00 INFO (6): ACTUALIZAR: 1
2017-04-03T11:00:40-05:00 INFO (6): ACTUALIZAR: 0
2017-04-03T11:00:40-05:00 INFO (6): FIN: 2017/04/03 11:00:40
2017-04-03T11:04:58-05:00 INFO (6): ***********************************************************
2017-04-03T11:04:58-05:00 INFO (6): ***********************************************************
2017-04-03T11:04:58-05:00 INFO (6): ***********************************************************
2017-04-03T11:04:58-05:00 INFO (6): **********************************INICIO: 2017/04/03 11:04:58
2017-04-03T11:04:58-05:00 INFO (6): REQUEST: Array
(
    [tabla1_length] => 10
    [ide] => Array
        (
            [10] => 10
        )

    [accion] => guardar
    [PHPSESSID] => ult1oglvptm271j5gs3lj6g9t0
)

2017-04-03T11:04:58-05:00 INFO (6): ACTUALIZAR: 1
2017-04-03T11:05:57-05:00 INFO (6): ***********************************************************
2017-04-03T11:05:57-05:00 INFO (6): ***********************************************************
2017-04-03T11:05:57-05:00 INFO (6): ***********************************************************
2017-04-03T11:05:57-05:00 INFO (6): **********************************INICIO: 2017/04/03 11:05:57
2017-04-03T11:05:57-05:00 INFO (6): REQUEST: Array
(
    [tabla1_length] => 10
    [ide] => Array
        (
            [10] => 10
        )

    [accion] => guardar
    [PHPSESSID] => ult1oglvptm271j5gs3lj6g9t0
)

2017-04-03T11:05:57-05:00 INFO (6): ACTUALIZAR: 0
2017-04-03T11:06:10-05:00 INFO (6): ***********************************************************
2017-04-03T11:06:10-05:00 INFO (6): ***********************************************************
2017-04-03T11:06:10-05:00 INFO (6): ***********************************************************
2017-04-03T11:06:10-05:00 INFO (6): **********************************INICIO: 2017/04/03 11:06:10
2017-04-03T11:06:10-05:00 INFO (6): REQUEST: Array
(
    [tabla1_length] => 10
    [ide] => Array
        (
            [10] => 10
        )

    [accion] => guardar
    [PHPSESSID] => ult1oglvptm271j5gs3lj6g9t0
)

2017-04-03T11:06:10-05:00 INFO (6): ACTUALIZAR: 0
2017-04-03T11:06:10-05:00 INFO (6): ACTUALIZAR: 1
2017-04-03T11:06:10-05:00 INFO (6): FIN: 2017/04/03 11:06:10
2017-04-03T11:06:35-05:00 INFO (6): ***********************************************************
2017-04-03T11:06:35-05:00 INFO (6): ***********************************************************
2017-04-03T11:06:35-05:00 INFO (6): ***********************************************************
2017-04-03T11:06:35-05:00 INFO (6): **********************************INICIO: 2017/04/03 11:06:35
2017-04-03T11:06:35-05:00 INFO (6): REQUEST: Array
(
    [tabla1_length] => 10
    [ide] => Array
        (
            [7] => 7
        )

    [accion] => guardar
    [PHPSESSID] => ult1oglvptm271j5gs3lj6g9t0
)

2017-04-03T11:06:35-05:00 INFO (6): ACTUALIZAR: 1
2017-04-03T11:06:35-05:00 INFO (6): ACTUALIZAR: 1
2017-04-03T11:06:35-05:00 INFO (6): FIN: 2017/04/03 11:06:35
