2017-03-26T19:21:27-06:00 INFO (6): ***********************************************************
2017-03-26T19:21:27-06:00 INFO (6): ***********************************************************
2017-03-26T19:21:27-06:00 INFO (6): ***********************************************************
2017-03-26T19:21:27-06:00 INFO (6): **********************************INICIO: 2017/03/26 19:21:27
2017-03-26T19:21:27-06:00 INFO (6): REQUEST: Array
(
    [tabla1_length] => 10
    [ide] => Array
        (
            [0] => MOITO
            [1] => yes
        )

    [accion] => guardar
    [PHPSESSID] => p0slapa788hhmufv4uqpuskk14
)

2017-03-26T19:21:27-06:00 INFO (6): ACTUALIZAR: 139
2017-03-26T19:21:27-06:00 INFO (6): ACTUALIZAR: 20
2017-03-26T19:21:27-06:00 INFO (6): FIN: 2017/03/26 19:21:27
2017-03-26T20:27:41-06:00 INFO (6): ***********************************************************
2017-03-26T20:27:41-06:00 INFO (6): ***********************************************************
2017-03-26T20:27:41-06:00 INFO (6): ***********************************************************
2017-03-26T20:27:41-06:00 INFO (6): **********************************INICIO: 2017/03/26 20:27:41
2017-03-26T20:27:41-06:00 INFO (6): REQUEST: Array
(
    [tabla1_length] => 10
    [ide] => Array
        (
            [0] => PRUEBACASA
        )

    [accion] => guardar
    [PHPSESSID] => p0slapa788hhmufv4uqpuskk14
)

2017-03-26T20:27:42-06:00 INFO (6): ACTUALIZAR: 19
2017-03-26T20:27:42-06:00 INFO (6): FIN: 2017/03/26 20:27:42
