2017-03-28T10:40:15-06:00 INFO (6): ***********************************************************
2017-03-28T10:40:15-06:00 INFO (6): ***********************************************************
2017-03-28T10:40:15-06:00 INFO (6): ***********************************************************
2017-03-28T10:40:15-06:00 INFO (6): **********************************INICIO: 2017/03/28 10:40:15
2017-03-28T10:40:15-06:00 INFO (6): REQUEST: Array
(
    [tabla1_length] => 10
    [ide] => Array
        (
            [71] => 71
        )

    [accion] => guardar
    [PHPSESSID] => p0slapa788hhmufv4uqpuskk14
)

2017-03-28T10:40:15-06:00 INFO (6): ACTUALIZAR: 1
2017-03-28T10:40:15-06:00 INFO (6): FIN: 2017/03/28 10:40:15
2017-03-28T10:44:01-06:00 INFO (6): ***********************************************************
2017-03-28T10:44:01-06:00 INFO (6): ***********************************************************
2017-03-28T10:44:01-06:00 INFO (6): ***********************************************************
2017-03-28T10:44:01-06:00 INFO (6): **********************************INICIO: 2017/03/28 10:44:01
2017-03-28T10:44:01-06:00 INFO (6): REQUEST: Array
(
    [tabla1_length] => 10
    [ide] => Array
        (
            [72] => 72
            [73] => NO
        )

    [accion] => guardar
    [PHPSESSID] => p0slapa788hhmufv4uqpuskk14
)

2017-03-28T10:44:01-06:00 INFO (6): ACTUALIZAR: 1
2017-03-28T10:44:01-06:00 INFO (6): FIN: 2017/03/28 10:44:01
2017-03-28T10:48:06-06:00 INFO (6): ***********************************************************
2017-03-28T10:48:06-06:00 INFO (6): ***********************************************************
2017-03-28T10:48:06-06:00 INFO (6): ***********************************************************
2017-03-28T10:48:06-06:00 INFO (6): **********************************INICIO: 2017/03/28 10:48:06
2017-03-28T10:48:06-06:00 INFO (6): REQUEST: Array
(
    [tabla1_length] => 10
    [ide] => Array
        (
            [73] => 73
            [74] => NO
            [76] => 76
        )

    [accion] => guardar
    [PHPSESSID] => p0slapa788hhmufv4uqpuskk14
)

2017-03-28T10:48:06-06:00 INFO (6): ACTUALIZAR: 1
2017-03-28T10:48:06-06:00 INFO (6): ACTUALIZAR: 1
2017-03-28T10:48:06-06:00 INFO (6): FIN: 2017/03/28 10:48:06
2017-03-28T10:49:41-06:00 INFO (6): ***********************************************************
2017-03-28T10:49:41-06:00 INFO (6): ***********************************************************
2017-03-28T10:49:41-06:00 INFO (6): ***********************************************************
2017-03-28T10:49:41-06:00 INFO (6): **********************************INICIO: 2017/03/28 10:49:41
2017-03-28T10:49:41-06:00 INFO (6): REQUEST: Array
(
    [tabla1_length] => 10
    [ide] => Array
        (
            [77] => 77
        )

    [accion] => guardar
    [PHPSESSID] => p0slapa788hhmufv4uqpuskk14
)

2017-03-28T10:49:41-06:00 INFO (6): ACTUALIZAR: 1
2017-03-28T10:49:41-06:00 INFO (6): FIN: 2017/03/28 10:49:41
2017-03-28T13:19:41-06:00 INFO (6): ***********************************************************
2017-03-28T13:19:41-06:00 INFO (6): ***********************************************************
2017-03-28T13:19:41-06:00 INFO (6): ***********************************************************
2017-03-28T13:19:41-06:00 INFO (6): **********************************INICIO: 2017/03/28 13:19:41
2017-03-28T13:19:41-06:00 INFO (6): REQUEST: Array
(
    [tabla1_length] => 10
    [ide] => Array
        (
            [81] => 81
            [85] => 85
            [87] => 87
        )

    [accion] => guardar
    [PHPSESSID] => p0slapa788hhmufv4uqpuskk14
)

2017-03-28T13:19:41-06:00 INFO (6): ACTUALIZAR: 1
2017-03-28T13:19:41-06:00 INFO (6): ACTUALIZAR: 1
2017-03-28T13:19:41-06:00 INFO (6): ACTUALIZAR: 1
2017-03-28T13:19:41-06:00 INFO (6): FIN: 2017/03/28 13:19:41
2017-03-28T22:24:51-06:00 INFO (6): ***********************************************************
2017-03-28T22:24:51-06:00 INFO (6): ***********************************************************
2017-03-28T22:24:51-06:00 INFO (6): ***********************************************************
2017-03-28T22:24:51-06:00 INFO (6): **********************************INICIO: 2017/03/28 22:24:51
2017-03-28T22:24:51-06:00 INFO (6): REQUEST: Array
(
    [tabla1_length] => 10
    [ide] => Array
        (
            [78] => 78
            [86] => 86
        )

    [accion] => guardar
    [PHPSESSID] => p0slapa788hhmufv4uqpuskk14
)

2017-03-28T22:24:51-06:00 INFO (6): ACTUALIZAR: 1
2017-03-28T22:24:51-06:00 INFO (6): ACTUALIZAR: 1
2017-03-28T22:24:51-06:00 INFO (6): FIN: 2017/03/28 22:24:51
