2017-03-27T10:51:27-06:00 INFO (6): ***********************************************************
2017-03-27T10:51:27-06:00 INFO (6): ***********************************************************
2017-03-27T10:51:27-06:00 INFO (6): ***********************************************************
2017-03-27T10:51:27-06:00 INFO (6): **********************************INICIO: 2017/03/27 10:51:27
2017-03-27T10:51:27-06:00 INFO (6): REQUEST: Array
(
    [tabla1_length] => 10
    [ide] => Array
        (
            [0] => prueba1
        )

    [accion] => guardar
    [PHPSESSID] => 8fgu7p454l0l13pqkfbhehuj36
)

2017-03-27T10:51:27-06:00 INFO (6): ACTUALIZAR: 2
2017-03-27T10:51:27-06:00 INFO (6): FIN: 2017/03/27 10:51:27
2017-03-27T11:03:27-06:00 INFO (6): ***********************************************************
2017-03-27T11:03:27-06:00 INFO (6): ***********************************************************
2017-03-27T11:03:27-06:00 INFO (6): ***********************************************************
2017-03-27T11:03:27-06:00 INFO (6): **********************************INICIO: 2017/03/27 11:03:27
2017-03-27T11:03:27-06:00 INFO (6): REQUEST: Array
(
    [tabla1_length] => 10
    [ide] => Array
        (
            [0] => Gigante
            [1] => new
        )

    [accion] => guardar
    [PHPSESSID] => p0slapa788hhmufv4uqpuskk14
)

2017-03-27T11:03:27-06:00 INFO (6): ACTUALIZAR: 13251
2017-03-27T11:03:28-06:00 INFO (6): ACTUALIZAR: 13252
2017-03-27T11:03:28-06:00 INFO (6): FIN: 2017/03/27 11:03:28
2017-03-27T11:07:33-06:00 INFO (6): ***********************************************************
2017-03-27T11:07:33-06:00 INFO (6): ***********************************************************
2017-03-27T11:07:33-06:00 INFO (6): ***********************************************************
2017-03-27T11:07:33-06:00 INFO (6): **********************************INICIO: 2017/03/27 11:07:33
2017-03-27T11:07:33-06:00 INFO (6): REQUEST: Array
(
    [tabla1_length] => 10
    [ide] => Array
        (
            [0] => new2
        )

    [accion] => guardar
    [PHPSESSID] => p0slapa788hhmufv4uqpuskk14
)

2017-03-27T11:07:33-06:00 INFO (6): ACTUALIZAR: 13252
2017-03-27T11:07:33-06:00 INFO (6): FIN: 2017/03/27 11:07:33
2017-03-27T11:18:36-06:00 INFO (6): ***********************************************************
2017-03-27T11:18:36-06:00 INFO (6): ***********************************************************
2017-03-27T11:18:36-06:00 INFO (6): ***********************************************************
2017-03-27T11:18:36-06:00 INFO (6): **********************************INICIO: 2017/03/27 11:18:36
2017-03-27T11:18:36-06:00 INFO (6): REQUEST: Array
(
    [tabla1_length] => 10
    [ide] => Array
        (
            [0] => new
            [1] => new3
        )

    [accion] => guardar
    [PHPSESSID] => p0slapa788hhmufv4uqpuskk14
)

2017-03-27T11:18:36-06:00 INFO (6): ACTUALIZAR: 19
2017-03-27T11:18:37-06:00 INFO (6): ACTUALIZAR: 13252
2017-03-27T11:18:37-06:00 INFO (6): FIN: 2017/03/27 11:18:37
2017-03-27T11:51:01-06:00 INFO (6): ***********************************************************
2017-03-27T11:51:02-06:00 INFO (6): ***********************************************************
2017-03-27T11:51:02-06:00 INFO (6): ***********************************************************
2017-03-27T11:51:02-06:00 INFO (6): **********************************INICIO: 2017/03/27 11:51:01
2017-03-27T11:51:02-06:00 INFO (6): REQUEST: Array
(
    [tabla1_length] => 10
    [ide] => Array
        (
            [0] => prueba 1
        )

    [accion] => guardar
    [PHPSESSID] => 8fgu7p454l0l13pqkfbhehuj36
)

2017-03-27T11:51:04-06:00 INFO (6): ACTUALIZAR: 2
2017-03-27T11:51:04-06:00 INFO (6): FIN: 2017/03/27 11:51:04
2017-03-27T14:23:38-06:00 INFO (6): ***********************************************************
2017-03-27T14:23:38-06:00 INFO (6): ***********************************************************
2017-03-27T14:23:38-06:00 INFO (6): ***********************************************************
2017-03-27T14:23:38-06:00 INFO (6): **********************************INICIO: 2017/03/27 14:23:38
2017-03-27T14:23:38-06:00 INFO (6): REQUEST: Array
(
    [tabla1_length] => 10
    [ide] => Array
        (
            [0] => new
        )

    [accion] => guardar
    [PHPSESSID] => p0slapa788hhmufv4uqpuskk14
)

2017-03-27T14:23:39-06:00 INFO (6): ACTUALIZAR: 13252
2017-03-27T14:23:39-06:00 INFO (6): FIN: 2017/03/27 14:23:39
2017-03-27T14:31:33-06:00 INFO (6): ***********************************************************
2017-03-27T14:31:33-06:00 INFO (6): ***********************************************************
2017-03-27T14:31:33-06:00 INFO (6): ***********************************************************
2017-03-27T14:31:33-06:00 INFO (6): **********************************INICIO: 2017/03/27 14:31:33
2017-03-27T14:31:33-06:00 INFO (6): REQUEST: Array
(
    [tabla1_length] => 10
    [ide] => Array
        (
            [0] => real
            [1] => yea
        )

    [accion] => guardar
    [PHPSESSID] => p0slapa788hhmufv4uqpuskk14
)

2017-03-27T14:31:34-06:00 INFO (6): ACTUALIZAR: 18
2017-03-27T14:31:34-06:00 INFO (6): ACTUALIZAR: 18
2017-03-27T14:31:34-06:00 INFO (6): FIN: 2017/03/27 14:31:34
2017-03-27T15:48:38-06:00 INFO (6): ***********************************************************
2017-03-27T15:48:38-06:00 INFO (6): ***********************************************************
2017-03-27T15:48:38-06:00 INFO (6): ***********************************************************
2017-03-27T15:48:38-06:00 INFO (6): **********************************INICIO: 2017/03/27 15:48:38
2017-03-27T15:48:38-06:00 INFO (6): REQUEST: Array
(
    [tabla1_length] => 10
    [ide] => Array
        (
            [0] => jhewu
        )

    [accion] => guardar
    [PHPSESSID] => p0slapa788hhmufv4uqpuskk14
)

2017-03-27T15:48:38-06:00 INFO (6): ACTUALIZAR: 12634
2017-03-27T15:48:38-06:00 INFO (6): FIN: 2017/03/27 15:48:38
