2017-03-30T11:25:13-06:00 INFO (6): ***********************************************************
2017-03-30T11:25:13-06:00 INFO (6): ***********************************************************
2017-03-30T11:25:13-06:00 INFO (6): ***********************************************************
2017-03-30T11:25:13-06:00 INFO (6): **********************************INICIO: 2017/03/30 11:25:13
2017-03-30T11:25:13-06:00 INFO (6): REQUEST: Array
(
    [tabla1_length] => 10
    [ide] => Array
        (
            [30] => 30
        )

    [accion] => guardar
    [PHPSESSID] => ult1oglvptm271j5gs3lj6g9t0
)

2017-03-30T11:25:13-06:00 INFO (6): ACTUALIZAR: 1
2017-03-30T11:25:13-06:00 INFO (6): FIN: 2017/03/30 11:25:13
2017-03-30T12:48:16-06:00 INFO (6): ***********************************************************
2017-03-30T12:48:16-06:00 INFO (6): ***********************************************************
2017-03-30T12:48:16-06:00 INFO (6): ***********************************************************
2017-03-30T12:48:16-06:00 INFO (6): **********************************INICIO: 2017/03/30 12:48:16
2017-03-30T12:48:16-06:00 INFO (6): REQUEST: Array
(
    [tabla1_length] => 10
    [ide] => Array
        (
            [36] => 36
        )

    [accion] => guardar
    [PHPSESSID] => ult1oglvptm271j5gs3lj6g9t0
)

2017-03-30T12:48:16-06:00 INFO (6): ACTUALIZAR: 1
2017-03-30T12:48:16-06:00 INFO (6): FIN: 2017/03/30 12:48:16
