2017-03-22T14:53:30-06:00 INFO (6): ***********************************************************
2017-03-22T14:53:30-06:00 INFO (6): ***********************************************************
2017-03-22T14:53:30-06:00 INFO (6): ***********************************************************
2017-03-22T14:53:30-06:00 INFO (6): **********************************INICIO: 2017/03/22 14:53:30
2017-03-22T14:53:30-06:00 INFO (6): REQUEST: Array
(
    [tabla1_length] => 10
    [ide] => Array
        (
            [63] => NO
        )

    [accion] => guardar
    [PHPSESSID] => je1vgcb0h0qj8lkpdoegoi3o90
)

2017-03-22T14:53:30-06:00 INFO (6): FIN: 2017/03/22 14:53:30
2017-03-22T14:53:30-06:00 INFO (6): ***********************************************************
2017-03-22T14:53:30-06:00 INFO (6): ***********************************************************
2017-03-22T14:53:30-06:00 INFO (6): ***********************************************************
2017-03-22T14:53:30-06:00 INFO (6): **********************************INICIO: 2017/03/22 14:53:30
2017-03-22T14:53:30-06:00 INFO (6): REQUEST: Array
(
    [tabla1_length] => 10
    [ide] => Array
        (
            [63] => NO
        )

    [accion] => guardar
    [PHPSESSID] => je1vgcb0h0qj8lkpdoegoi3o90
)

2017-03-22T14:53:30-06:00 INFO (6): FIN: 2017/03/22 14:53:30
