2017-04-03T10:29:52-05:00 INFO (6): ------------------------------------------------
2017-04-03T10:29:52-05:00 INFO (6): ------------------------------------------------
2017-04-03T10:29:52-05:00 INFO (6): ------------------------------------------------
2017-04-03T10:29:52-05:00 INFO (6): ---- ENVIO MASIVO PREPARAR - FN PREPARAR -------
2017-04-03T10:29:52-05:00 INFO (6): REQUEST: Array
(
    [selectCategoria] => dummy
    [sms] => 
    [caracteres] => 
    [accion] => preparar
    [retenido] => 
    [PHPSESSID] => ult1oglvptm271j5gs3lj6g9t0
)

2017-04-03T10:29:52-05:00 INFO (6): LA CATEGORIA A PREPARAR ES: dummy
2017-04-03T10:29:52-05:00 INFO (6): SI SELECCIONO CATEGORIA
2017-04-03T10:29:52-05:00 INFO (6): DATOS A UPDATE EN LA BASE: Array
(
    [usuario_enviado] => 0
)

2017-04-03T10:29:52-05:00 INFO (6): WHERE: 
2017-04-03T10:29:52-05:00 INFO (6): SE ACTUALIZARON: 70
2017-04-03T11:15:24-05:00 INFO (6): >>>>>>>>>>>>>>>>>>>>>>>>>>>>>>>>>>>>>>>>
2017-04-03T11:15:24-05:00 INFO (6): >>>>>>>>>>>>>>>>>>>>>>>>>>>>>>>>>>>>>>>>
2017-04-03T11:15:24-05:00 INFO (6): >>>>>>>>>>>>>>>>>>>>>>>>>>>>>>>>>>>>>>>>
2017-04-03T11:15:24-05:00 INFO (6): >>>>>>>>>>>>>>>>>>>>>>>>>>>>>>>>>>>>>>>>FUNCION CODERE: 2017/04/03 11:15:24
2017-04-03T11:15:24-05:00 INFO (6): _REQUEST::Array
(
    [PHPSESSID] => ult1oglvptm271j5gs3lj6g9t0
)

2017-04-03T11:15:24-05:00 INFO (6): Fin::..
