2017-03-30T18:15:30-06:00 INFO (6): ****************************************
2017-03-30T18:15:30-06:00 INFO (6): ****************************************
2017-03-30T18:15:30-06:00 INFO (6): ****************************************
2017-03-30T18:15:30-06:00 INFO (6): ****************************************FUNCION NOTIFICACIONES.php: 2017/03/30 18:15:30
2017-03-30T18:15:30-06:00 INFO (6): REQUEST: Array
(
    [PHPSESSID] => ult1oglvptm271j5gs3lj6g9t0
)

2017-03-30T18:15:30-06:00 INFO (6): Resultado queryArray
(
    [0] => Array
        (
            [usuario_msisdn] => 5549444527
            [usuario_id] => 1
        )

)

2017-03-30T18:15:30-06:00 INFO (6): ARRAY DATOS USUARIO:: Array
(
    [usuario_operador] => Telcel
)

2017-03-30T18:15:30-06:00 INFO (6): ACTUALIZO:: 1
