2017-03-27T10:59:38-06:00 INFO (6): ------------------------------------------------
2017-03-27T10:59:38-06:00 INFO (6): ------------------------------------------------
2017-03-27T10:59:38-06:00 INFO (6): ------------------------------------------------
2017-03-27T10:59:38-06:00 INFO (6): ---- ENVIO PROGRAMADOS - FN LISTAR -------------
2017-03-27T10:59:38-06:00 INFO (6): REQUESTArray
(
    [PHPSESSID] => 8fgu7p454l0l13pqkfbhehuj36
)

2017-03-27T10:59:57-06:00 INFO (6): ------------------------------------------------
2017-03-27T10:59:57-06:00 INFO (6): ------------------------------------------------
2017-03-27T10:59:57-06:00 INFO (6): ------------------------------------------------
2017-03-27T10:59:57-06:00 INFO (6): ---- ENVIO PROGRAMADOS - FN LISTAR -------------
2017-03-27T10:59:57-06:00 INFO (6): REQUESTArray
(
    [PHPSESSID] => 8fgu7p454l0l13pqkfbhehuj36
)

2017-03-27T11:20:37-06:00 INFO (6): ------------------------------------------------
2017-03-27T11:20:37-06:00 INFO (6): ------------------------------------------------
2017-03-27T11:20:37-06:00 INFO (6): ------------------------------------------------
2017-03-27T11:20:37-06:00 INFO (6): ---- ENVIO PROGRAMADOS - FN LISTAR -------------
2017-03-27T11:20:37-06:00 INFO (6): REQUESTArray
(
    [PHPSESSID] => 8fgu7p454l0l13pqkfbhehuj36
)

2017-03-27T11:22:07-06:00 INFO (6): ------------------------------------------------
2017-03-27T11:22:07-06:00 INFO (6): ------------------------------------------------
2017-03-27T11:22:07-06:00 INFO (6): ------------------------------------------------
2017-03-27T11:22:07-06:00 INFO (6): ---- ENVIO PROGRAMADOS - FN LISTAR -------------
2017-03-27T11:22:07-06:00 INFO (6): REQUESTArray
(
    [accion] => listar
    [flag] => error
    [msg] => ¡Oops! Ocurrio un problema. Todos los campos son requeridos
    [PHPSESSID] => 8fgu7p454l0l13pqkfbhehuj36
)

2017-03-27T11:22:29-06:00 INFO (6): ------------------------------------------------
2017-03-27T11:22:29-06:00 INFO (6): ------------------------------------------------
2017-03-27T11:22:29-06:00 INFO (6): ------------------------------------------------
2017-03-27T11:22:29-06:00 INFO (6): ---- ENVIO PROGRAMADOS - FN LISTAR -------------
2017-03-27T11:22:29-06:00 INFO (6): REQUESTArray
(
    [accion] => listar
    [flag] => mensaje
    [msg] => Registro exitoso
    [PHPSESSID] => 8fgu7p454l0l13pqkfbhehuj36
)

2017-03-27T11:43:15-06:00 INFO (6): ------------------------------------------------
2017-03-27T11:43:15-06:00 INFO (6): ------------------------------------------------
2017-03-27T11:43:15-06:00 INFO (6): ------------------------------------------------
2017-03-27T11:43:15-06:00 INFO (6): ---- ENVIO PROGRAMADOS - FN LISTAR -------------
2017-03-27T11:43:15-06:00 INFO (6): REQUESTArray
(
    [PHPSESSID] => 8fgu7p454l0l13pqkfbhehuj36
)

2017-03-27T11:53:11-06:00 INFO (6): ------------------------------------------------
2017-03-27T11:53:11-06:00 INFO (6): ------------------------------------------------
2017-03-27T11:53:11-06:00 INFO (6): ------------------------------------------------
2017-03-27T11:53:11-06:00 INFO (6): ---- ENVIO PROGRAMADOS - FN LISTAR -------------
2017-03-27T11:53:11-06:00 INFO (6): REQUESTArray
(
    [PHPSESSID] => 8fgu7p454l0l13pqkfbhehuj36
)

2017-03-27T12:00:59-06:00 INFO (6): ------------------------------------------------
2017-03-27T12:00:59-06:00 INFO (6): ------------------------------------------------
2017-03-27T12:00:59-06:00 INFO (6): ------------------------------------------------
2017-03-27T12:00:59-06:00 INFO (6): ---- ENVIO PROGRAMADOS - FN LISTAR -------------
2017-03-27T12:00:59-06:00 INFO (6): REQUESTArray
(
    [PHPSESSID] => 8fgu7p454l0l13pqkfbhehuj36
)

2017-03-27T12:04:12-06:00 INFO (6): ------------------------------------------------
2017-03-27T12:04:12-06:00 INFO (6): ------------------------------------------------
2017-03-27T12:04:12-06:00 INFO (6): ------------------------------------------------
2017-03-27T12:04:12-06:00 INFO (6): ---- ENVIO PROGRAMADOS - FN LISTAR -------------
2017-03-27T12:04:12-06:00 INFO (6): REQUESTArray
(
    [PHPSESSID] => 8fgu7p454l0l13pqkfbhehuj36
)

2017-03-27T12:30:01-06:00 INFO (6): ------------------------------------------------
2017-03-27T12:30:01-06:00 INFO (6): ------------------------------------------------
2017-03-27T12:30:01-06:00 INFO (6): ------------------------------------------------
2017-03-27T12:30:01-06:00 INFO (6): ---- ENVIO PROGRAMADOS - FN LISTAR -------------
2017-03-27T12:30:01-06:00 INFO (6): REQUESTArray
(
    [PHPSESSID] => p0slapa788hhmufv4uqpuskk14
)

2017-03-27T12:38:52-06:00 INFO (6): ------------------------------------------------
2017-03-27T12:38:52-06:00 INFO (6): ------------------------------------------------
2017-03-27T12:38:52-06:00 INFO (6): ------------------------------------------------
2017-03-27T12:38:52-06:00 INFO (6): ---- ENVIO PROGRAMADOS - FN LISTAR -------------
2017-03-27T12:38:52-06:00 INFO (6): REQUESTArray
(
    [PHPSESSID] => p0slapa788hhmufv4uqpuskk14
)

2017-03-27T12:57:20-06:00 INFO (6): ------------------------------------------------
2017-03-27T12:57:20-06:00 INFO (6): ------------------------------------------------
2017-03-27T12:57:20-06:00 INFO (6): ------------------------------------------------
2017-03-27T12:57:20-06:00 INFO (6): ---- ENVIO PROGRAMADOS - FN LISTAR -------------
2017-03-27T12:57:20-06:00 INFO (6): REQUESTArray
(
    [PHPSESSID] => p0slapa788hhmufv4uqpuskk14
)

2017-03-27T12:58:17-06:00 INFO (6): ------------------------------------------------
2017-03-27T12:58:17-06:00 INFO (6): ------------------------------------------------
2017-03-27T12:58:17-06:00 INFO (6): ------------------------------------------------
2017-03-27T12:58:17-06:00 INFO (6): ---- ENVIO PROGRAMADOS - FN LISTAR -------------
2017-03-27T12:58:17-06:00 INFO (6): REQUESTArray
(
    [PHPSESSID] => p0slapa788hhmufv4uqpuskk14
)

2017-03-27T13:02:19-06:00 INFO (6): ------------------------------------------------
2017-03-27T13:02:19-06:00 INFO (6): ------------------------------------------------
2017-03-27T13:02:19-06:00 INFO (6): ------------------------------------------------
2017-03-27T13:02:19-06:00 INFO (6): ---- ENVIO PROGRAMADOS - FN LISTAR -------------
2017-03-27T13:02:19-06:00 INFO (6): REQUESTArray
(
    [PHPSESSID] => 8fgu7p454l0l13pqkfbhehuj36
)

2017-03-27T13:11:44-06:00 INFO (6): ------------------------------------------------
2017-03-27T13:11:44-06:00 INFO (6): ------------------------------------------------
2017-03-27T13:11:44-06:00 INFO (6): ------------------------------------------------
2017-03-27T13:11:44-06:00 INFO (6): ---- ENVIO PROGRAMADOS - FN LISTAR -------------
2017-03-27T13:11:44-06:00 INFO (6): REQUESTArray
(
    [PHPSESSID] => p0slapa788hhmufv4uqpuskk14
)

2017-03-27T13:21:16-06:00 INFO (6): ------------------------------------------------
2017-03-27T13:21:16-06:00 INFO (6): ------------------------------------------------
2017-03-27T13:21:16-06:00 INFO (6): ------------------------------------------------
2017-03-27T13:21:16-06:00 INFO (6): ---- ENVIO PROGRAMADOS - FN LISTAR -------------
2017-03-27T13:21:16-06:00 INFO (6): REQUESTArray
(
    [PHPSESSID] => 8fgu7p454l0l13pqkfbhehuj36
)

2017-03-27T13:23:14-06:00 INFO (6): ------------------------------------------------
2017-03-27T13:23:14-06:00 INFO (6): ------------------------------------------------
2017-03-27T13:23:14-06:00 INFO (6): ------------------------------------------------
2017-03-27T13:23:14-06:00 INFO (6): ---- ENVIO PROGRAMADOS - FN LISTAR -------------
2017-03-27T13:23:14-06:00 INFO (6): REQUESTArray
(
    [PHPSESSID] => 8fgu7p454l0l13pqkfbhehuj36
)

2017-03-27T13:23:58-06:00 INFO (6): ------------------------------------------------
2017-03-27T13:23:58-06:00 INFO (6): ------------------------------------------------
2017-03-27T13:23:58-06:00 INFO (6): ------------------------------------------------
2017-03-27T13:23:58-06:00 INFO (6): ---- ENVIO PROGRAMADOS - FN LISTAR -------------
2017-03-27T13:23:58-06:00 INFO (6): REQUESTArray
(
    [PHPSESSID] => 8fgu7p454l0l13pqkfbhehuj36
)

2017-03-27T14:46:14-06:00 INFO (6): ------------------------------------------------
2017-03-27T14:46:14-06:00 INFO (6): ------------------------------------------------
2017-03-27T14:46:14-06:00 INFO (6): ------------------------------------------------
2017-03-27T14:46:14-06:00 INFO (6): ---- ENVIO PROGRAMADOS - FN LISTAR -------------
2017-03-27T14:46:14-06:00 INFO (6): REQUESTArray
(
    [PHPSESSID] => 8fgu7p454l0l13pqkfbhehuj36
)

2017-03-27T14:46:26-06:00 INFO (6): ------------------------------------------------
2017-03-27T14:46:26-06:00 INFO (6): ------------------------------------------------
2017-03-27T14:46:26-06:00 INFO (6): ------------------------------------------------
2017-03-27T14:46:26-06:00 INFO (6): ---- ENVIO PROGRAMADOS - FN LISTAR -------------
2017-03-27T14:46:26-06:00 INFO (6): REQUESTArray
(
    [PHPSESSID] => 8fgu7p454l0l13pqkfbhehuj36
)

2017-03-27T14:46:32-06:00 INFO (6): ------------------------------------------------
2017-03-27T14:46:32-06:00 INFO (6): ------------------------------------------------
2017-03-27T14:46:32-06:00 INFO (6): ------------------------------------------------
2017-03-27T14:46:32-06:00 INFO (6): ---- ENVIO PROGRAMADOS - FN LISTAR -------------
2017-03-27T14:46:32-06:00 INFO (6): REQUESTArray
(
    [PHPSESSID] => 8fgu7p454l0l13pqkfbhehuj36
)

2017-03-27T14:46:41-06:00 INFO (6): ------------------------------------------------
2017-03-27T14:46:41-06:00 INFO (6): ------------------------------------------------
2017-03-27T14:46:41-06:00 INFO (6): ------------------------------------------------
2017-03-27T14:46:41-06:00 INFO (6): ---- ENVIO PROGRAMADOS - FN LISTAR -------------
2017-03-27T14:46:41-06:00 INFO (6): REQUESTArray
(
    [PHPSESSID] => 8fgu7p454l0l13pqkfbhehuj36
)

2017-03-27T14:46:52-06:00 INFO (6): ------------------------------------------------
2017-03-27T14:46:52-06:00 INFO (6): ------------------------------------------------
2017-03-27T14:46:52-06:00 INFO (6): ------------------------------------------------
2017-03-27T14:46:52-06:00 INFO (6): ---- ENVIO PROGRAMADOS - FN LISTAR -------------
2017-03-27T14:46:52-06:00 INFO (6): REQUESTArray
(
    [PHPSESSID] => 8fgu7p454l0l13pqkfbhehuj36
)

2017-03-27T14:47:06-06:00 INFO (6): ------------------------------------------------
2017-03-27T14:47:06-06:00 INFO (6): ------------------------------------------------
2017-03-27T14:47:06-06:00 INFO (6): ------------------------------------------------
2017-03-27T14:47:06-06:00 INFO (6): ---- ENVIO PROGRAMADOS - FN LISTAR -------------
2017-03-27T14:47:06-06:00 INFO (6): REQUESTArray
(
    [PHPSESSID] => 8fgu7p454l0l13pqkfbhehuj36
)

2017-03-27T14:48:34-06:00 INFO (6): ------------------------------------------------
2017-03-27T14:48:34-06:00 INFO (6): ------------------------------------------------
2017-03-27T14:48:34-06:00 INFO (6): ------------------------------------------------
2017-03-27T14:48:34-06:00 INFO (6): ---- ENVIO PROGRAMADOS - FN LISTAR -------------
2017-03-27T14:48:34-06:00 INFO (6): REQUESTArray
(
    [PHPSESSID] => 8fgu7p454l0l13pqkfbhehuj36
)

2017-03-27T15:11:30-06:00 INFO (6): ------------------------------------------------
2017-03-27T15:11:30-06:00 INFO (6): ------------------------------------------------
2017-03-27T15:11:30-06:00 INFO (6): ------------------------------------------------
2017-03-27T15:11:30-06:00 INFO (6): ---- ENVIO PROGRAMADOS - FN LISTAR -------------
2017-03-27T15:11:30-06:00 INFO (6): REQUESTArray
(
    [PHPSESSID] => p0slapa788hhmufv4uqpuskk14
)

2017-03-27T15:11:54-06:00 INFO (6): ------------------------------------------------
2017-03-27T15:11:54-06:00 INFO (6): ------------------------------------------------
2017-03-27T15:11:54-06:00 INFO (6): ------------------------------------------------
2017-03-27T15:11:54-06:00 INFO (6): ---- ENVIO PROGRAMADOS - FN LISTAR -------------
2017-03-27T15:11:54-06:00 INFO (6): REQUESTArray
(
    [PHPSESSID] => p0slapa788hhmufv4uqpuskk14
)

2017-03-27T15:13:29-06:00 INFO (6): ------------------------------------------------
2017-03-27T15:13:29-06:00 INFO (6): ------------------------------------------------
2017-03-27T15:13:29-06:00 INFO (6): ------------------------------------------------
2017-03-27T15:13:29-06:00 INFO (6): ---- ENVIO PROGRAMADOS - FN LISTAR -------------
2017-03-27T15:13:29-06:00 INFO (6): REQUESTArray
(
    [PHPSESSID] => p0slapa788hhmufv4uqpuskk14
)

2017-03-27T15:13:54-06:00 INFO (6): ------------------------------------------------
2017-03-27T15:13:54-06:00 INFO (6): ------------------------------------------------
2017-03-27T15:13:54-06:00 INFO (6): ------------------------------------------------
2017-03-27T15:13:54-06:00 INFO (6): ---- ENVIO PROGRAMADOS - FN LISTAR -------------
2017-03-27T15:13:54-06:00 INFO (6): REQUESTArray
(
    [PHPSESSID] => p0slapa788hhmufv4uqpuskk14
)

2017-03-27T15:16:06-06:00 INFO (6): ------------------------------------------------
2017-03-27T15:16:06-06:00 INFO (6): ------------------------------------------------
2017-03-27T15:16:06-06:00 INFO (6): ------------------------------------------------
2017-03-27T15:16:06-06:00 INFO (6): ---- ENVIO PROGRAMADOS - FN LISTAR -------------
2017-03-27T15:16:06-06:00 INFO (6): REQUESTArray
(
    [PHPSESSID] => p0slapa788hhmufv4uqpuskk14
)

2017-03-27T15:20:09-06:00 INFO (6): ------------------------------------------------
2017-03-27T15:20:09-06:00 INFO (6): ------------------------------------------------
2017-03-27T15:20:09-06:00 INFO (6): ------------------------------------------------
2017-03-27T15:20:09-06:00 INFO (6): ---- ENVIO PROGRAMADOS - FN LISTAR -------------
2017-03-27T15:20:09-06:00 INFO (6): REQUESTArray
(
    [PHPSESSID] => p0slapa788hhmufv4uqpuskk14
)

2017-03-27T17:12:14-06:00 INFO (6): ------------------------------------------------
2017-03-27T17:12:14-06:00 INFO (6): ------------------------------------------------
2017-03-27T17:12:14-06:00 INFO (6): ------------------------------------------------
2017-03-27T17:12:14-06:00 INFO (6): ---- ENVIO PROGRAMADOS - FN LISTAR -------------
2017-03-27T17:12:14-06:00 INFO (6): REQUESTArray
(
    [PHPSESSID] => p0slapa788hhmufv4uqpuskk14
)

2017-03-27T17:17:30-06:00 INFO (6): ------------------------------------------------
2017-03-27T17:17:30-06:00 INFO (6): ------------------------------------------------
2017-03-27T17:17:30-06:00 INFO (6): ------------------------------------------------
2017-03-27T17:17:30-06:00 INFO (6): ---- ENVIO PROGRAMADOS - FN LISTAR -------------
2017-03-27T17:17:30-06:00 INFO (6): REQUESTArray
(
    [PHPSESSID] => p0slapa788hhmufv4uqpuskk14
)

