2017-03-28T10:32:09-06:00 INFO (6): ------------------------------------------------
2017-03-28T10:32:09-06:00 INFO (6): ------------------------------------------------
2017-03-28T10:32:09-06:00 INFO (6): ------------------------------------------------
2017-03-28T10:32:09-06:00 INFO (6): ---- ENVIO PROGRAMADOS - FN GUARDAR ------------
2017-03-28T10:32:09-06:00 INFO (6): REQUESTArray
(
    [categoria] => BASE1
    [fechaenvio] => 2017-03-28
    [horaenvio] => 24c03b5364d69a4
    [msgtxt] => Hola amigos
    [caracteres] => 11
    [accion] => guardar
    [PHPSESSID] => p0slapa788hhmufv4uqpuskk14
)

2017-03-28T10:32:09-06:00 INFO (6): CATEGORIA: BASE1
2017-03-28T10:32:09-06:00 INFO (6): HORA DE ENVIO: 24c03b5364d69a4
2017-03-28T10:32:09-06:00 INFO (6): FECHA DE ENVIO: 2017-03-28
2017-03-28T10:32:09-06:00 INFO (6): MENSAJE: Hola amigos
2017-03-28T10:32:09-06:00 INFO (6): CAMPANIA: Administrador
2017-03-28T10:32:09-06:00 INFO (6): SI REQUESITO TODOS LOS CAMPOS
2017-03-28T10:32:09-06:00 INFO (6): DIFERENCIA: 0
2017-03-28T10:32:09-06:00 INFO (6): ES UNA FECHA VALIDAD, AUN NO HA PASADO
2017-03-28T10:32:09-06:00 INFO (6): DATOS A INSERTAR EN LA BASE MENSAJES PROGRAMADOS: Array
(
    [mensaje_horario] => 24c03b5364d69a4
    [mensaje_horarionombre] => 11:00:00
    [mensaje_mensaje] => Hola amigos
    [mensaje_nombre] => Administrador
    [mensaje_fechaenvio] => 2017-03-28
    [mensaje_descripcion] => Administrador
    [mensaje_fechaalta] => 2017/03/28 10:32:09
    [mensaje_activo] => 1
    [mensaje_region] => BASE1
    [mensaje_ocupacion] => BASE1
    [mensaje_procesado] => 1
    [mensaje_usuario] => 1
)

2017-03-28T10:32:09-06:00 INFO (6): SE INSERTO: 1
2017-03-28T10:32:09-06:00 INFO (6): FIN:::...
2017-03-28T10:42:41-06:00 INFO (6): ------------------------------------------------
2017-03-28T10:42:41-06:00 INFO (6): ------------------------------------------------
2017-03-28T10:42:41-06:00 INFO (6): ------------------------------------------------
2017-03-28T10:42:41-06:00 INFO (6): ---- ENVIO PROGRAMADOS - FN GUARDAR ------------
2017-03-28T10:42:41-06:00 INFO (6): REQUESTArray
(
    [categoria] => BASE1
    [fechaenvio] => 2017-03-28
    [horaenvio] => 24c03b5364d69a4
    [msgtxt] => hola amigos
    [caracteres] => 11
    [accion] => guardar
    [PHPSESSID] => p0slapa788hhmufv4uqpuskk14
)

2017-03-28T10:42:42-06:00 INFO (6): CATEGORIA: BASE1
2017-03-28T10:42:42-06:00 INFO (6): HORA DE ENVIO: 24c03b5364d69a4
2017-03-28T10:42:42-06:00 INFO (6): FECHA DE ENVIO: 2017-03-28
2017-03-28T10:42:42-06:00 INFO (6): MENSAJE: hola amigos
2017-03-28T10:42:42-06:00 INFO (6): CAMPANIA: Administrador
2017-03-28T10:42:42-06:00 INFO (6): SI REQUESITO TODOS LOS CAMPOS
2017-03-28T10:42:42-06:00 INFO (6): DIFERENCIA: 0
2017-03-28T10:42:42-06:00 INFO (6): ES UNA FECHA VALIDAD, AUN NO HA PASADO
2017-03-28T10:42:42-06:00 INFO (6): DATOS A INSERTAR EN LA BASE MENSAJES PROGRAMADOS: Array
(
    [mensaje_horario] => 24c03b5364d69a4
    [mensaje_horarionombre] => 11:00:00
    [mensaje_mensaje] => hola amigos
    [mensaje_nombre] => Administrador
    [mensaje_fechaenvio] => 2017-03-28
    [mensaje_descripcion] => Administrador
    [mensaje_fechaalta] => 2017/03/28 10:42:42
    [mensaje_activo] => 1
    [mensaje_region] => BASE1
    [mensaje_ocupacion] => BASE1
    [mensaje_procesado] => 1
    [mensaje_usuario] => 1
)

2017-03-28T10:42:42-06:00 INFO (6): SE INSERTO: 1
2017-03-28T10:42:42-06:00 INFO (6): FIN:::...
2017-03-28T10:43:03-06:00 INFO (6): ------------------------------------------------
2017-03-28T10:43:03-06:00 INFO (6): ------------------------------------------------
2017-03-28T10:43:03-06:00 INFO (6): ------------------------------------------------
2017-03-28T10:43:03-06:00 INFO (6): ---- ENVIO PROGRAMADOS - FN GUARDAR ------------
2017-03-28T10:43:03-06:00 INFO (6): REQUESTArray
(
    [categoria] => BASE1
    [fechaenvio] => 2017-03-28
    [horaenvio] => 34c03b5b1d80906
    [msgtxt] => hola amigos 2
    [caracteres] => 13
    [accion] => guardar
    [PHPSESSID] => p0slapa788hhmufv4uqpuskk14
)

2017-03-28T10:43:03-06:00 INFO (6): CATEGORIA: BASE1
2017-03-28T10:43:03-06:00 INFO (6): HORA DE ENVIO: 34c03b5b1d80906
2017-03-28T10:43:03-06:00 INFO (6): FECHA DE ENVIO: 2017-03-28
2017-03-28T10:43:03-06:00 INFO (6): MENSAJE: hola amigos 2
2017-03-28T10:43:03-06:00 INFO (6): CAMPANIA: Administrador
2017-03-28T10:43:03-06:00 INFO (6): SI REQUESITO TODOS LOS CAMPOS
2017-03-28T10:43:03-06:00 INFO (6): DIFERENCIA: 0
2017-03-28T10:43:03-06:00 INFO (6): ES UNA FECHA VALIDAD, AUN NO HA PASADO
2017-03-28T10:43:03-06:00 INFO (6): DATOS A INSERTAR EN LA BASE MENSAJES PROGRAMADOS: Array
(
    [mensaje_horario] => 34c03b5b1d80906
    [mensaje_horarionombre] => 12:30:00
    [mensaje_mensaje] => hola amigos 2
    [mensaje_nombre] => Administrador
    [mensaje_fechaenvio] => 2017-03-28
    [mensaje_descripcion] => Administrador
    [mensaje_fechaalta] => 2017/03/28 10:43:03
    [mensaje_activo] => 1
    [mensaje_region] => BASE1
    [mensaje_ocupacion] => BASE1
    [mensaje_procesado] => 1
    [mensaje_usuario] => 1
)

2017-03-28T10:43:03-06:00 INFO (6): SE INSERTO: 1
2017-03-28T10:43:03-06:00 INFO (6): FIN:::...
2017-03-28T10:47:01-06:00 INFO (6): ------------------------------------------------
2017-03-28T10:47:01-06:00 INFO (6): ------------------------------------------------
2017-03-28T10:47:01-06:00 INFO (6): ------------------------------------------------
2017-03-28T10:47:01-06:00 INFO (6): ---- ENVIO PROGRAMADOS - FN GUARDAR ------------
2017-03-28T10:47:01-06:00 INFO (6): REQUESTArray
(
    [categoria] => BASE1
    [fechaenvio] => 2017-03-28
    [horaenvio] => 24c03b5364d69a4
    [msgtxt] => hola 
    [caracteres] => 5
    [accion] => guardar
    [PHPSESSID] => p0slapa788hhmufv4uqpuskk14
)

2017-03-28T10:47:01-06:00 INFO (6): CATEGORIA: BASE1
2017-03-28T10:47:01-06:00 INFO (6): HORA DE ENVIO: 24c03b5364d69a4
2017-03-28T10:47:01-06:00 INFO (6): FECHA DE ENVIO: 2017-03-28
2017-03-28T10:47:01-06:00 INFO (6): MENSAJE: hola 
2017-03-28T10:47:01-06:00 INFO (6): CAMPANIA: Administrador
2017-03-28T10:47:01-06:00 INFO (6): SI REQUESITO TODOS LOS CAMPOS
2017-03-28T10:47:01-06:00 INFO (6): DIFERENCIA: 0
2017-03-28T10:47:01-06:00 INFO (6): ES UNA FECHA VALIDAD, AUN NO HA PASADO
2017-03-28T10:47:01-06:00 INFO (6): DATOS A INSERTAR EN LA BASE MENSAJES PROGRAMADOS: Array
(
    [mensaje_horario] => 24c03b5364d69a4
    [mensaje_horarionombre] => 11:00:00
    [mensaje_mensaje] => hola 
    [mensaje_nombre] => Administrador
    [mensaje_fechaenvio] => 2017-03-28
    [mensaje_descripcion] => Administrador
    [mensaje_fechaalta] => 2017/03/28 10:47:01
    [mensaje_activo] => 1
    [mensaje_region] => BASE1
    [mensaje_ocupacion] => BASE1
    [mensaje_procesado] => 1
    [mensaje_usuario] => 1
)

2017-03-28T10:47:01-06:00 INFO (6): SE INSERTO: 1
2017-03-28T10:47:01-06:00 INFO (6): FIN:::...
2017-03-28T10:47:11-06:00 INFO (6): ------------------------------------------------
2017-03-28T10:47:11-06:00 INFO (6): ------------------------------------------------
2017-03-28T10:47:11-06:00 INFO (6): ------------------------------------------------
2017-03-28T10:47:11-06:00 INFO (6): ---- ENVIO PROGRAMADOS - FN GUARDAR ------------
2017-03-28T10:47:11-06:00 INFO (6): REQUESTArray
(
    [categoria] => BASE1
    [fechaenvio] => 2017-03-28
    [horaenvio] => 24c03b5364d69a4
    [msgtxt] => hola
    [caracteres] => 4
    [accion] => guardar
    [PHPSESSID] => p0slapa788hhmufv4uqpuskk14
)

2017-03-28T10:47:11-06:00 INFO (6): CATEGORIA: BASE1
2017-03-28T10:47:11-06:00 INFO (6): HORA DE ENVIO: 24c03b5364d69a4
2017-03-28T10:47:11-06:00 INFO (6): FECHA DE ENVIO: 2017-03-28
2017-03-28T10:47:11-06:00 INFO (6): MENSAJE: hola
2017-03-28T10:47:11-06:00 INFO (6): CAMPANIA: Administrador
2017-03-28T10:47:11-06:00 INFO (6): SI REQUESITO TODOS LOS CAMPOS
2017-03-28T10:47:11-06:00 INFO (6): DIFERENCIA: 0
2017-03-28T10:47:11-06:00 INFO (6): ES UNA FECHA VALIDAD, AUN NO HA PASADO
2017-03-28T10:47:11-06:00 INFO (6): Ya está repetido la programación de ese envío
2017-03-28T10:47:11-06:00 INFO (6): FIN:::...
2017-03-28T10:47:30-06:00 INFO (6): ------------------------------------------------
2017-03-28T10:47:30-06:00 INFO (6): ------------------------------------------------
2017-03-28T10:47:30-06:00 INFO (6): ------------------------------------------------
2017-03-28T10:47:30-06:00 INFO (6): ---- ENVIO PROGRAMADOS - FN GUARDAR ------------
2017-03-28T10:47:30-06:00 INFO (6): REQUESTArray
(
    [categoria] => BASE1
    [fechaenvio] => 2017-03-28
    [horaenvio] => 64c03b50e85e7d6
    [msgtxt] => hola
    [caracteres] => 4
    [accion] => guardar
    [PHPSESSID] => p0slapa788hhmufv4uqpuskk14
)

2017-03-28T10:47:30-06:00 INFO (6): CATEGORIA: BASE1
2017-03-28T10:47:30-06:00 INFO (6): HORA DE ENVIO: 64c03b50e85e7d6
2017-03-28T10:47:30-06:00 INFO (6): FECHA DE ENVIO: 2017-03-28
2017-03-28T10:47:30-06:00 INFO (6): MENSAJE: hola
2017-03-28T10:47:30-06:00 INFO (6): CAMPANIA: Administrador
2017-03-28T10:47:30-06:00 INFO (6): SI REQUESITO TODOS LOS CAMPOS
2017-03-28T10:47:30-06:00 INFO (6): DIFERENCIA: 0
2017-03-28T10:47:30-06:00 INFO (6): ES UNA FECHA VALIDAD, AUN NO HA PASADO
2017-03-28T10:47:30-06:00 INFO (6): DATOS A INSERTAR EN LA BASE MENSAJES PROGRAMADOS: Array
(
    [mensaje_horario] => 64c03b50e85e7d6
    [mensaje_horarionombre] => 10:30:00
    [mensaje_mensaje] => hola
    [mensaje_nombre] => Administrador
    [mensaje_fechaenvio] => 2017-03-28
    [mensaje_descripcion] => Administrador
    [mensaje_fechaalta] => 2017/03/28 10:47:30
    [mensaje_activo] => 1
    [mensaje_region] => BASE1
    [mensaje_ocupacion] => BASE1
    [mensaje_procesado] => 1
    [mensaje_usuario] => 1
)

2017-03-28T10:47:30-06:00 INFO (6): SE INSERTO: 1
2017-03-28T10:47:30-06:00 INFO (6): FIN:::...
2017-03-28T10:47:55-06:00 INFO (6): ------------------------------------------------
2017-03-28T10:47:55-06:00 INFO (6): ------------------------------------------------
2017-03-28T10:47:55-06:00 INFO (6): ------------------------------------------------
2017-03-28T10:47:55-06:00 INFO (6): ---- ENVIO PROGRAMADOS - FN GUARDAR ------------
2017-03-28T10:47:55-06:00 INFO (6): REQUESTArray
(
    [categoria] => BASE1
    [fechaenvio] => 2017-03-28
    [horaenvio] => 04c069bb9f37c16
    [msgtxt] => yes
    [caracteres] => 3
    [accion] => guardar
    [PHPSESSID] => p0slapa788hhmufv4uqpuskk14
)

2017-03-28T10:47:55-06:00 INFO (6): CATEGORIA: BASE1
2017-03-28T10:47:55-06:00 INFO (6): HORA DE ENVIO: 04c069bb9f37c16
2017-03-28T10:47:55-06:00 INFO (6): FECHA DE ENVIO: 2017-03-28
2017-03-28T10:47:55-06:00 INFO (6): MENSAJE: yes
2017-03-28T10:47:55-06:00 INFO (6): CAMPANIA: Administrador
2017-03-28T10:47:55-06:00 INFO (6): SI REQUESITO TODOS LOS CAMPOS
2017-03-28T10:47:55-06:00 INFO (6): DIFERENCIA: 0
2017-03-28T10:47:55-06:00 INFO (6): ES UNA FECHA VALIDAD, AUN NO HA PASADO
2017-03-28T10:47:55-06:00 INFO (6): DATOS A INSERTAR EN LA BASE MENSAJES PROGRAMADOS: Array
(
    [mensaje_horario] => 04c069bb9f37c16
    [mensaje_horarionombre] => 14:30:00
    [mensaje_mensaje] => yes
    [mensaje_nombre] => Administrador
    [mensaje_fechaenvio] => 2017-03-28
    [mensaje_descripcion] => Administrador
    [mensaje_fechaalta] => 2017/03/28 10:47:55
    [mensaje_activo] => 1
    [mensaje_region] => BASE1
    [mensaje_ocupacion] => BASE1
    [mensaje_procesado] => 1
    [mensaje_usuario] => 1
)

2017-03-28T10:47:55-06:00 INFO (6): SE INSERTO: 1
2017-03-28T10:47:55-06:00 INFO (6): FIN:::...
2017-03-28T10:49:30-06:00 INFO (6): ------------------------------------------------
2017-03-28T10:49:30-06:00 INFO (6): ------------------------------------------------
2017-03-28T10:49:30-06:00 INFO (6): ------------------------------------------------
2017-03-28T10:49:30-06:00 INFO (6): ---- ENVIO PROGRAMADOS - FN GUARDAR ------------
2017-03-28T10:49:30-06:00 INFO (6): REQUESTArray
(
    [categoria] => BASE1
    [fechaenvio] => 2017-03-28
    [horaenvio] => 64c0d309f24d0d6
    [msgtxt] => hola
    [caracteres] => 4
    [accion] => guardar
    [PHPSESSID] => p0slapa788hhmufv4uqpuskk14
)

2017-03-28T10:49:30-06:00 INFO (6): CATEGORIA: BASE1
2017-03-28T10:49:30-06:00 INFO (6): HORA DE ENVIO: 64c0d309f24d0d6
2017-03-28T10:49:30-06:00 INFO (6): FECHA DE ENVIO: 2017-03-28
2017-03-28T10:49:30-06:00 INFO (6): MENSAJE: hola
2017-03-28T10:49:30-06:00 INFO (6): CAMPANIA: Administrador
2017-03-28T10:49:30-06:00 INFO (6): SI REQUESITO TODOS LOS CAMPOS
2017-03-28T10:49:30-06:00 INFO (6): DIFERENCIA: 0
2017-03-28T10:49:30-06:00 INFO (6): ES UNA FECHA VALIDAD, AUN NO HA PASADO
2017-03-28T10:49:30-06:00 INFO (6): DATOS A INSERTAR EN LA BASE MENSAJES PROGRAMADOS: Array
(
    [mensaje_horario] => 64c0d309f24d0d6
    [mensaje_horarionombre] => 15:30:00
    [mensaje_mensaje] => hola
    [mensaje_nombre] => Administrador
    [mensaje_fechaenvio] => 2017-03-28
    [mensaje_descripcion] => Administrador
    [mensaje_fechaalta] => 2017/03/28 10:49:30
    [mensaje_activo] => 1
    [mensaje_region] => BASE1
    [mensaje_ocupacion] => BASE1
    [mensaje_procesado] => 1
    [mensaje_usuario] => 1
)

2017-03-28T10:49:30-06:00 INFO (6): SE INSERTO: 1
2017-03-28T10:49:30-06:00 INFO (6): FIN:::...
2017-03-28T10:59:52-06:00 INFO (6): ------------------------------------------------
2017-03-28T10:59:52-06:00 INFO (6): ------------------------------------------------
2017-03-28T10:59:52-06:00 INFO (6): ------------------------------------------------
2017-03-28T10:59:52-06:00 INFO (6): ---- ENVIO PROGRAMADOS - FN GUARDAR ------------
2017-03-28T10:59:52-06:00 INFO (6): REQUESTArray
(
    [categoria] => nueva
    [fechaenvio] => 2017-04-05
    [horaenvio] => 24c03b5364d69a4
    [msgtxt] => d
    [caracteres] => 1
    [accion] => guardar
    [PHPSESSID] => p0slapa788hhmufv4uqpuskk14
)

2017-03-28T10:59:52-06:00 INFO (6): CATEGORIA: nueva
2017-03-28T10:59:52-06:00 INFO (6): HORA DE ENVIO: 24c03b5364d69a4
2017-03-28T10:59:52-06:00 INFO (6): FECHA DE ENVIO: 2017-04-05
2017-03-28T10:59:52-06:00 INFO (6): MENSAJE: d
2017-03-28T10:59:52-06:00 INFO (6): CAMPANIA: Administrador
2017-03-28T10:59:52-06:00 INFO (6): SI REQUESITO TODOS LOS CAMPOS
2017-03-28T10:59:52-06:00 INFO (6): DIFERENCIA: 8
2017-03-28T10:59:52-06:00 INFO (6): ES UNA FECHA VALIDAD, AUN NO HA PASADO
2017-03-28T10:59:52-06:00 INFO (6): DATOS A INSERTAR EN LA BASE MENSAJES PROGRAMADOS: Array
(
    [mensaje_horario] => 24c03b5364d69a4
    [mensaje_horarionombre] => 11:00:00
    [mensaje_mensaje] => d
    [mensaje_nombre] => Administrador
    [mensaje_fechaenvio] => 2017-04-05
    [mensaje_descripcion] => Administrador
    [mensaje_fechaalta] => 2017/03/28 10:59:52
    [mensaje_activo] => 1
    [mensaje_region] => nueva
    [mensaje_ocupacion] => nueva
    [mensaje_procesado] => 1
    [mensaje_usuario] => 1
)

2017-03-28T10:59:52-06:00 INFO (6): SE INSERTO: 1
2017-03-28T10:59:52-06:00 INFO (6): FIN:::...
2017-03-28T11:00:16-06:00 INFO (6): ------------------------------------------------
2017-03-28T11:00:16-06:00 INFO (6): ------------------------------------------------
2017-03-28T11:00:16-06:00 INFO (6): ------------------------------------------------
2017-03-28T11:00:16-06:00 INFO (6): ---- ENVIO PROGRAMADOS - FN GUARDAR ------------
2017-03-28T11:00:16-06:00 INFO (6): REQUESTArray
(
    [categoria] => nueva
    [fechaenvio] => 2017-03-28
    [horaenvio] => 24c03b5364d69a4
    [msgtxt] => d
    [caracteres] => 1
    [accion] => guardar
    [PHPSESSID] => p0slapa788hhmufv4uqpuskk14
)

2017-03-28T11:00:16-06:00 INFO (6): CATEGORIA: nueva
2017-03-28T11:00:16-06:00 INFO (6): HORA DE ENVIO: 24c03b5364d69a4
2017-03-28T11:00:16-06:00 INFO (6): FECHA DE ENVIO: 2017-03-28
2017-03-28T11:00:16-06:00 INFO (6): MENSAJE: d
2017-03-28T11:00:16-06:00 INFO (6): CAMPANIA: Administrador
2017-03-28T11:00:16-06:00 INFO (6): SI REQUESITO TODOS LOS CAMPOS
2017-03-28T11:00:16-06:00 INFO (6): DIFERENCIA: 0
2017-03-28T11:00:16-06:00 INFO (6): ES UNA FECHA VALIDAD, AUN NO HA PASADO
2017-03-28T11:00:16-06:00 INFO (6): DATOS A INSERTAR EN LA BASE MENSAJES PROGRAMADOS: Array
(
    [mensaje_horario] => 24c03b5364d69a4
    [mensaje_horarionombre] => 11:00:00
    [mensaje_mensaje] => d
    [mensaje_nombre] => Administrador
    [mensaje_fechaenvio] => 2017-03-28
    [mensaje_descripcion] => Administrador
    [mensaje_fechaalta] => 2017/03/28 11:00:16
    [mensaje_activo] => 1
    [mensaje_region] => nueva
    [mensaje_ocupacion] => nueva
    [mensaje_procesado] => 1
    [mensaje_usuario] => 1
)

2017-03-28T11:00:16-06:00 INFO (6): SE INSERTO: 1
2017-03-28T11:00:16-06:00 INFO (6): FIN:::...
2017-03-28T11:02:06-06:00 INFO (6): ------------------------------------------------
2017-03-28T11:02:06-06:00 INFO (6): ------------------------------------------------
2017-03-28T11:02:06-06:00 INFO (6): ------------------------------------------------
2017-03-28T11:02:06-06:00 INFO (6): ---- ENVIO PROGRAMADOS - FN GUARDAR ------------
2017-03-28T11:02:06-06:00 INFO (6): REQUESTArray
(
    [categoria] => nueva
    [fechaenvio] => 2017-04-05
    [horaenvio] => 34c03b5b1d80906
    [msgtxt] => hola
    [caracteres] => 4
    [accion] => guardar
    [PHPSESSID] => p0slapa788hhmufv4uqpuskk14
)

2017-03-28T11:02:06-06:00 INFO (6): CATEGORIA: nueva
2017-03-28T11:02:06-06:00 INFO (6): HORA DE ENVIO: 34c03b5b1d80906
2017-03-28T11:02:06-06:00 INFO (6): FECHA DE ENVIO: 2017-04-05
2017-03-28T11:02:06-06:00 INFO (6): MENSAJE: hola
2017-03-28T11:02:06-06:00 INFO (6): CAMPANIA: Administrador
2017-03-28T11:02:06-06:00 INFO (6): SI REQUESITO TODOS LOS CAMPOS
2017-03-28T11:02:06-06:00 INFO (6): DIFERENCIA: 8
2017-03-28T11:02:06-06:00 INFO (6): ES UNA FECHA VALIDAD, AUN NO HA PASADO
2017-03-28T11:02:06-06:00 INFO (6): DATOS A INSERTAR EN LA BASE MENSAJES PROGRAMADOS: Array
(
    [mensaje_horario] => 34c03b5b1d80906
    [mensaje_horarionombre] => 12:30:00
    [mensaje_mensaje] => hola
    [mensaje_nombre] => Administrador
    [mensaje_fechaenvio] => 2017-04-05
    [mensaje_descripcion] => Administrador
    [mensaje_fechaalta] => 2017/03/28 11:02:06
    [mensaje_activo] => 1
    [mensaje_region] => nueva
    [mensaje_ocupacion] => nueva
    [mensaje_procesado] => 1
    [mensaje_usuario] => 1
)

2017-03-28T11:02:06-06:00 INFO (6): SE INSERTO: 1
2017-03-28T11:02:06-06:00 INFO (6): FIN:::...
2017-03-28T11:44:11-06:00 INFO (6): ------------------------------------------------
2017-03-28T11:44:11-06:00 INFO (6): ------------------------------------------------
2017-03-28T11:44:11-06:00 INFO (6): ------------------------------------------------
2017-03-28T11:44:11-06:00 INFO (6): ---- ENVIO PROGRAMADOS - FN GUARDAR ------------
2017-03-28T11:44:11-06:00 INFO (6): REQUESTArray
(
    [categoria] => nueva
    [fechaenvio] => 2017-03-31
    [horaenvio] => 64c03b50e85e7d6
    [msgtxt] => qewdqd
    [caracteres] => 6
    [accion] => guardar
    [PHPSESSID] => p0slapa788hhmufv4uqpuskk14
)

2017-03-28T11:44:11-06:00 INFO (6): CATEGORIA: nueva
2017-03-28T11:44:11-06:00 INFO (6): HORA DE ENVIO: 64c03b50e85e7d6
2017-03-28T11:44:11-06:00 INFO (6): FECHA DE ENVIO: 2017-03-31
2017-03-28T11:44:11-06:00 INFO (6): MENSAJE: qewdqd
2017-03-28T11:44:11-06:00 INFO (6): CAMPANIA: Administrador
2017-03-28T11:44:11-06:00 INFO (6): SI REQUESITO TODOS LOS CAMPOS
2017-03-28T11:44:11-06:00 INFO (6): DIFERENCIA: 3
2017-03-28T11:44:11-06:00 INFO (6): ES UNA FECHA VALIDAD, AUN NO HA PASADO
2017-03-28T11:44:11-06:00 INFO (6): DATOS A INSERTAR EN LA BASE MENSAJES PROGRAMADOS: Array
(
    [mensaje_horario] => 64c03b50e85e7d6
    [mensaje_horarionombre] => 10:30:00
    [mensaje_mensaje] => qewdqd
    [mensaje_nombre] => Administrador
    [mensaje_fechaenvio] => 2017-03-31
    [mensaje_descripcion] => Administrador
    [mensaje_fechaalta] => 2017/03/28 11:44:11
    [mensaje_activo] => 1
    [mensaje_region] => nueva
    [mensaje_ocupacion] => nueva
    [mensaje_procesado] => 1
    [mensaje_usuario] => 1
)

2017-03-28T11:44:11-06:00 INFO (6): SE INSERTO: 1
2017-03-28T11:44:11-06:00 INFO (6): FIN:::...
2017-03-28T12:23:37-06:00 INFO (6): ------------------------------------------------
2017-03-28T12:23:37-06:00 INFO (6): ------------------------------------------------
2017-03-28T12:23:37-06:00 INFO (6): ------------------------------------------------
2017-03-28T12:23:37-06:00 INFO (6): ---- ENVIO PROGRAMADOS - FN GUARDAR ------------
2017-03-28T12:23:37-06:00 INFO (6): REQUESTArray
(
    [categoria] => nueva
    [fechaenvio] => 2017-03-28
    [horaenvio] => 34c03b5b1d80906
    [msgtxt] => Hola jsdnsnfijwfjw fiewc cddg ufeuf ekfv ef iuev fkuevuvf u weyc ufgju
    [caracteres] => 70
    [accion] => guardar
    [PHPSESSID] => p0slapa788hhmufv4uqpuskk14
)

2017-03-28T12:23:37-06:00 INFO (6): CATEGORIA: nueva
2017-03-28T12:23:37-06:00 INFO (6): HORA DE ENVIO: 34c03b5b1d80906
2017-03-28T12:23:37-06:00 INFO (6): FECHA DE ENVIO: 2017-03-28
2017-03-28T12:23:37-06:00 INFO (6): MENSAJE: Hola jsdnsnfijwfjw fiewc cddg ufeuf ekfv ef iuev fkuevuvf u weyc ufgju
2017-03-28T12:23:37-06:00 INFO (6): CAMPANIA: Administrador
2017-03-28T12:23:37-06:00 INFO (6): SI REQUESITO TODOS LOS CAMPOS
2017-03-28T12:23:37-06:00 INFO (6): DIFERENCIA: 0
2017-03-28T12:23:37-06:00 INFO (6): ES UNA FECHA VALIDAD, AUN NO HA PASADO
2017-03-28T12:23:37-06:00 INFO (6): DATOS A INSERTAR EN LA BASE MENSAJES PROGRAMADOS: Array
(
    [mensaje_horario] => 34c03b5b1d80906
    [mensaje_horarionombre] => 12:30:00
    [mensaje_mensaje] => Hola jsdnsnfijwfjw fiewc cddg ufeuf ekfv ef iuev fkuevuvf u weyc ufgju
    [mensaje_nombre] => Administrador
    [mensaje_fechaenvio] => 2017-03-28
    [mensaje_descripcion] => Administrador
    [mensaje_fechaalta] => 2017/03/28 12:23:37
    [mensaje_activo] => 1
    [mensaje_region] => nueva
    [mensaje_ocupacion] => nueva
    [mensaje_procesado] => 1
    [mensaje_usuario] => 1
)

2017-03-28T12:23:37-06:00 INFO (6): SE INSERTO: 1
2017-03-28T12:23:37-06:00 INFO (6): FIN:::...
2017-03-28T12:28:27-06:00 INFO (6): ------------------------------------------------
2017-03-28T12:28:27-06:00 INFO (6): ------------------------------------------------
2017-03-28T12:28:27-06:00 INFO (6): ------------------------------------------------
2017-03-28T12:28:27-06:00 INFO (6): ---- ENVIO PROGRAMADOS - FN GUARDAR ------------
2017-03-28T12:28:27-06:00 INFO (6): REQUESTArray
(
    [categoria] => nueva
    [fechaenvio] => 2017-03-28
    [horaenvio] => 64c03b50e85e7d6
    [msgtxt] => h1
    [caracteres] => 2
    [accion] => guardar
    [PHPSESSID] => p0slapa788hhmufv4uqpuskk14
)

2017-03-28T12:28:27-06:00 INFO (6): CATEGORIA: nueva
2017-03-28T12:28:27-06:00 INFO (6): HORA DE ENVIO: 64c03b50e85e7d6
2017-03-28T12:28:27-06:00 INFO (6): FECHA DE ENVIO: 2017-03-28
2017-03-28T12:28:27-06:00 INFO (6): MENSAJE: h1
2017-03-28T12:28:27-06:00 INFO (6): CAMPANIA: Administrador
2017-03-28T12:28:27-06:00 INFO (6): SI REQUESITO TODOS LOS CAMPOS
2017-03-28T12:28:27-06:00 INFO (6): DIFERENCIA: 0
2017-03-28T12:28:27-06:00 INFO (6): ES UNA FECHA VALIDAD, AUN NO HA PASADO
2017-03-28T12:28:27-06:00 INFO (6): DATOS A INSERTAR EN LA BASE MENSAJES PROGRAMADOS: Array
(
    [mensaje_horario] => 64c03b50e85e7d6
    [mensaje_horarionombre] => 10:30:00
    [mensaje_mensaje] => h1
    [mensaje_nombre] => Administrador
    [mensaje_fechaenvio] => 2017-03-28
    [mensaje_descripcion] => Administrador
    [mensaje_fechaalta] => 2017/03/28 12:28:27
    [mensaje_activo] => 1
    [mensaje_region] => nueva
    [mensaje_ocupacion] => nueva
    [mensaje_procesado] => 1
    [mensaje_usuario] => 1
)

2017-03-28T12:28:28-06:00 INFO (6): SE INSERTO: 1
2017-03-28T12:28:28-06:00 INFO (6): FIN:::...
2017-03-28T12:28:52-06:00 INFO (6): ------------------------------------------------
2017-03-28T12:28:52-06:00 INFO (6): ------------------------------------------------
2017-03-28T12:28:52-06:00 INFO (6): ------------------------------------------------
2017-03-28T12:28:52-06:00 INFO (6): ---- ENVIO PROGRAMADOS - FN GUARDAR ------------
2017-03-28T12:28:52-06:00 INFO (6): REQUESTArray
(
    [categoria] => nueva
    [fechaenvio] => 2017-03-28
    [horaenvio] => 34c03b5b1d80906
    [msgtxt] => h2
    [caracteres] => 2
    [accion] => guardar
    [PHPSESSID] => p0slapa788hhmufv4uqpuskk14
)

2017-03-28T12:28:52-06:00 INFO (6): CATEGORIA: nueva
2017-03-28T12:28:52-06:00 INFO (6): HORA DE ENVIO: 34c03b5b1d80906
2017-03-28T12:28:52-06:00 INFO (6): FECHA DE ENVIO: 2017-03-28
2017-03-28T12:28:52-06:00 INFO (6): MENSAJE: h2
2017-03-28T12:28:52-06:00 INFO (6): CAMPANIA: Administrador
2017-03-28T12:28:52-06:00 INFO (6): SI REQUESITO TODOS LOS CAMPOS
2017-03-28T12:28:52-06:00 INFO (6): DIFERENCIA: 0
2017-03-28T12:28:52-06:00 INFO (6): ES UNA FECHA VALIDAD, AUN NO HA PASADO
2017-03-28T12:28:52-06:00 INFO (6): DATOS A INSERTAR EN LA BASE MENSAJES PROGRAMADOS: Array
(
    [mensaje_horario] => 34c03b5b1d80906
    [mensaje_horarionombre] => 12:30:00
    [mensaje_mensaje] => h2
    [mensaje_nombre] => Administrador
    [mensaje_fechaenvio] => 2017-03-28
    [mensaje_descripcion] => Administrador
    [mensaje_fechaalta] => 2017/03/28 12:28:52
    [mensaje_activo] => 1
    [mensaje_region] => nueva
    [mensaje_ocupacion] => nueva
    [mensaje_procesado] => 1
    [mensaje_usuario] => 1
)

2017-03-28T12:28:52-06:00 INFO (6): SE INSERTO: 1
2017-03-28T12:28:52-06:00 INFO (6): FIN:::...
2017-03-28T12:29:10-06:00 INFO (6): ------------------------------------------------
2017-03-28T12:29:10-06:00 INFO (6): ------------------------------------------------
2017-03-28T12:29:10-06:00 INFO (6): ------------------------------------------------
2017-03-28T12:29:10-06:00 INFO (6): ---- ENVIO PROGRAMADOS - FN GUARDAR ------------
2017-03-28T12:29:10-06:00 INFO (6): REQUESTArray
(
    [categoria] => nueva
    [fechaenvio] => 2017-04-06
    [horaenvio] => 34c03b5b1d80902
    [msgtxt] => ddew
    [caracteres] => 4
    [accion] => guardar
    [PHPSESSID] => p0slapa788hhmufv4uqpuskk14
)

2017-03-28T12:29:10-06:00 INFO (6): CATEGORIA: nueva
2017-03-28T12:29:10-06:00 INFO (6): HORA DE ENVIO: 34c03b5b1d80902
2017-03-28T12:29:10-06:00 INFO (6): FECHA DE ENVIO: 2017-04-06
2017-03-28T12:29:10-06:00 INFO (6): MENSAJE: ddew
2017-03-28T12:29:10-06:00 INFO (6): CAMPANIA: Administrador
2017-03-28T12:29:10-06:00 INFO (6): SI REQUESITO TODOS LOS CAMPOS
2017-03-28T12:29:10-06:00 INFO (6): DIFERENCIA: 9
2017-03-28T12:29:10-06:00 INFO (6): ES UNA FECHA VALIDAD, AUN NO HA PASADO
2017-03-28T12:29:10-06:00 INFO (6): DATOS A INSERTAR EN LA BASE MENSAJES PROGRAMADOS: Array
(
    [mensaje_horario] => 34c03b5b1d80902
    [mensaje_horarionombre] => 12:00:00
    [mensaje_mensaje] => ddew
    [mensaje_nombre] => Administrador
    [mensaje_fechaenvio] => 2017-04-06
    [mensaje_descripcion] => Administrador
    [mensaje_fechaalta] => 2017/03/28 12:29:10
    [mensaje_activo] => 1
    [mensaje_region] => nueva
    [mensaje_ocupacion] => nueva
    [mensaje_procesado] => 1
    [mensaje_usuario] => 1
)

2017-03-28T12:29:10-06:00 INFO (6): SE INSERTO: 1
2017-03-28T12:29:10-06:00 INFO (6): FIN:::...
2017-03-28T12:29:37-06:00 INFO (6): ------------------------------------------------
2017-03-28T12:29:37-06:00 INFO (6): ------------------------------------------------
2017-03-28T12:29:37-06:00 INFO (6): ------------------------------------------------
2017-03-28T12:29:37-06:00 INFO (6): ---- ENVIO PROGRAMADOS - FN GUARDAR ------------
2017-03-28T12:29:37-06:00 INFO (6): REQUESTArray
(
    [categoria] => nueva
    [fechaenvio] => 2017-04-08
    [horaenvio] => 34c03b5b1d80906
    [msgtxt] => mklmkm
    [caracteres] => 6
    [accion] => guardar
    [PHPSESSID] => p0slapa788hhmufv4uqpuskk14
)

2017-03-28T12:29:37-06:00 INFO (6): CATEGORIA: nueva
2017-03-28T12:29:37-06:00 INFO (6): HORA DE ENVIO: 34c03b5b1d80906
2017-03-28T12:29:37-06:00 INFO (6): FECHA DE ENVIO: 2017-04-08
2017-03-28T12:29:37-06:00 INFO (6): MENSAJE: mklmkm
2017-03-28T12:29:37-06:00 INFO (6): CAMPANIA: Administrador
2017-03-28T12:29:37-06:00 INFO (6): SI REQUESITO TODOS LOS CAMPOS
2017-03-28T12:29:37-06:00 INFO (6): DIFERENCIA: 11
2017-03-28T12:29:37-06:00 INFO (6): ES UNA FECHA VALIDAD, AUN NO HA PASADO
2017-03-28T12:29:37-06:00 INFO (6): DATOS A INSERTAR EN LA BASE MENSAJES PROGRAMADOS: Array
(
    [mensaje_horario] => 34c03b5b1d80906
    [mensaje_horarionombre] => 12:30:00
    [mensaje_mensaje] => mklmkm
    [mensaje_nombre] => Administrador
    [mensaje_fechaenvio] => 2017-04-08
    [mensaje_descripcion] => Administrador
    [mensaje_fechaalta] => 2017/03/28 12:29:37
    [mensaje_activo] => 1
    [mensaje_region] => nueva
    [mensaje_ocupacion] => nueva
    [mensaje_procesado] => 1
    [mensaje_usuario] => 1
)

2017-03-28T12:29:37-06:00 INFO (6): SE INSERTO: 1
2017-03-28T12:29:37-06:00 INFO (6): FIN:::...
2017-03-28T12:30:07-06:00 INFO (6): ------------------------------------------------
2017-03-28T12:30:07-06:00 INFO (6): ------------------------------------------------
2017-03-28T12:30:07-06:00 INFO (6): ------------------------------------------------
2017-03-28T12:30:07-06:00 INFO (6): ---- ENVIO PROGRAMADOS - FN GUARDAR ------------
2017-03-28T12:30:07-06:00 INFO (6): REQUESTArray
(
    [categoria] => nueva
    [fechaenvio] => 2017-04-04
    [horaenvio] => 64c03b50e85e7d6
    [msgtxt] => hh
    [caracteres] => 2
    [accion] => guardar
    [PHPSESSID] => p0slapa788hhmufv4uqpuskk14
)

2017-03-28T12:30:07-06:00 INFO (6): CATEGORIA: nueva
2017-03-28T12:30:07-06:00 INFO (6): HORA DE ENVIO: 64c03b50e85e7d6
2017-03-28T12:30:07-06:00 INFO (6): FECHA DE ENVIO: 2017-04-04
2017-03-28T12:30:07-06:00 INFO (6): MENSAJE: hh
2017-03-28T12:30:07-06:00 INFO (6): CAMPANIA: Administrador
2017-03-28T12:30:07-06:00 INFO (6): SI REQUESITO TODOS LOS CAMPOS
2017-03-28T12:30:07-06:00 INFO (6): DIFERENCIA: 7
2017-03-28T12:30:07-06:00 INFO (6): ES UNA FECHA VALIDAD, AUN NO HA PASADO
2017-03-28T12:30:07-06:00 INFO (6): DATOS A INSERTAR EN LA BASE MENSAJES PROGRAMADOS: Array
(
    [mensaje_horario] => 64c03b50e85e7d6
    [mensaje_horarionombre] => 10:30:00
    [mensaje_mensaje] => hh
    [mensaje_nombre] => Administrador
    [mensaje_fechaenvio] => 2017-04-04
    [mensaje_descripcion] => Administrador
    [mensaje_fechaalta] => 2017/03/28 12:30:07
    [mensaje_activo] => 1
    [mensaje_region] => nueva
    [mensaje_ocupacion] => nueva
    [mensaje_procesado] => 1
    [mensaje_usuario] => 1
)

2017-03-28T12:30:07-06:00 INFO (6): SE INSERTO: 1
2017-03-28T12:30:07-06:00 INFO (6): FIN:::...
2017-03-28T12:51:40-06:00 INFO (6): ------------------------------------------------
2017-03-28T12:51:40-06:00 INFO (6): ------------------------------------------------
2017-03-28T12:51:40-06:00 INFO (6): ------------------------------------------------
2017-03-28T12:51:40-06:00 INFO (6): ---- ENVIO PROGRAMADOS - FN GUARDAR ------------
2017-03-28T12:51:40-06:00 INFO (6): REQUESTArray
(
    [categoria] => nueva
    [fechaenvio] => 2017-03-28
    [horaenvio] => 44c0342125f59f5
    [msgtxt] => FF
    [caracteres] => 2
    [accion] => guardar
    [PHPSESSID] => p0slapa788hhmufv4uqpuskk14
)

2017-03-28T12:51:40-06:00 INFO (6): CATEGORIA: nueva
2017-03-28T12:51:40-06:00 INFO (6): HORA DE ENVIO: 44c0342125f59f5
2017-03-28T12:51:40-06:00 INFO (6): FECHA DE ENVIO: 2017-03-28
2017-03-28T12:51:40-06:00 INFO (6): MENSAJE: FF
2017-03-28T12:51:40-06:00 INFO (6): CAMPANIA: Administrador
2017-03-28T12:51:40-06:00 INFO (6): SI REQUESITO TODOS LOS CAMPOS
2017-03-28T12:51:40-06:00 INFO (6): DIFERENCIA: 0
2017-03-28T12:51:40-06:00 INFO (6): ES UNA FECHA VALIDAD, AUN NO HA PASADO
2017-03-28T12:51:40-06:00 INFO (6): DATOS A INSERTAR EN LA BASE MENSAJES PROGRAMADOS: Array
(
    [mensaje_horario] => 44c0342125f59f5
    [mensaje_horarionombre] => 09:00:00
    [mensaje_mensaje] => FF
    [mensaje_nombre] => Administrador
    [mensaje_fechaenvio] => 2017-03-28
    [mensaje_descripcion] => Administrador
    [mensaje_fechaalta] => 2017/03/28 12:51:40
    [mensaje_activo] => 1
    [mensaje_region] => nueva
    [mensaje_ocupacion] => nueva
    [mensaje_procesado] => 1
    [mensaje_usuario] => 1
)

2017-03-28T12:51:40-06:00 INFO (6): SE INSERTO: 1
2017-03-28T12:51:40-06:00 INFO (6): FIN:::...
2017-03-28T12:51:53-06:00 INFO (6): ------------------------------------------------
2017-03-28T12:51:53-06:00 INFO (6): ------------------------------------------------
2017-03-28T12:51:53-06:00 INFO (6): ------------------------------------------------
2017-03-28T12:51:53-06:00 INFO (6): ---- ENVIO PROGRAMADOS - FN GUARDAR ------------
2017-03-28T12:51:53-06:00 INFO (6): REQUESTArray
(
    [categoria] => nueva
    [fechaenvio] => 2017-03-28
    [horaenvio] => 44c056202798260
    [msgtxt] => H5
    [caracteres] => 2
    [accion] => guardar
    [PHPSESSID] => p0slapa788hhmufv4uqpuskk14
)

2017-03-28T12:51:53-06:00 INFO (6): CATEGORIA: nueva
2017-03-28T12:51:53-06:00 INFO (6): HORA DE ENVIO: 44c056202798260
2017-03-28T12:51:53-06:00 INFO (6): FECHA DE ENVIO: 2017-03-28
2017-03-28T12:51:53-06:00 INFO (6): MENSAJE: H5
2017-03-28T12:51:53-06:00 INFO (6): CAMPANIA: Administrador
2017-03-28T12:51:53-06:00 INFO (6): SI REQUESITO TODOS LOS CAMPOS
2017-03-28T12:51:53-06:00 INFO (6): DIFERENCIA: 0
2017-03-28T12:51:53-06:00 INFO (6): ES UNA FECHA VALIDAD, AUN NO HA PASADO
2017-03-28T12:51:53-06:00 INFO (6): DATOS A INSERTAR EN LA BASE MENSAJES PROGRAMADOS: Array
(
    [mensaje_horario] => 44c056202798260
    [mensaje_horarionombre] => 13:00:00
    [mensaje_mensaje] => H5
    [mensaje_nombre] => Administrador
    [mensaje_fechaenvio] => 2017-03-28
    [mensaje_descripcion] => Administrador
    [mensaje_fechaalta] => 2017/03/28 12:51:53
    [mensaje_activo] => 1
    [mensaje_region] => nueva
    [mensaje_ocupacion] => nueva
    [mensaje_procesado] => 1
    [mensaje_usuario] => 1
)

2017-03-28T12:51:53-06:00 INFO (6): SE INSERTO: 1
2017-03-28T12:51:53-06:00 INFO (6): FIN:::...
2017-03-28T13:04:44-06:00 INFO (6): ------------------------------------------------
2017-03-28T13:04:44-06:00 INFO (6): ------------------------------------------------
2017-03-28T13:04:44-06:00 INFO (6): ------------------------------------------------
2017-03-28T13:04:44-06:00 INFO (6): ---- ENVIO PROGRAMADOS - FN GUARDAR ------------
2017-03-28T13:04:44-06:00 INFO (6): REQUESTArray
(
    [categoria] => dummy
    [fechaenvio] => 2017-03-28
    [horaenvio] => 44c056202798266
    [msgtxt] => derek
    [caracteres] => 5
    [accion] => guardar
    [PHPSESSID] => p0slapa788hhmufv4uqpuskk14
)

2017-03-28T13:04:44-06:00 INFO (6): CATEGORIA: dummy
2017-03-28T13:04:44-06:00 INFO (6): HORA DE ENVIO: 44c056202798266
2017-03-28T13:04:44-06:00 INFO (6): FECHA DE ENVIO: 2017-03-28
2017-03-28T13:04:44-06:00 INFO (6): MENSAJE: derek
2017-03-28T13:04:44-06:00 INFO (6): CAMPANIA: Administrador
2017-03-28T13:04:44-06:00 INFO (6): SI REQUESITO TODOS LOS CAMPOS
2017-03-28T13:04:44-06:00 INFO (6): DIFERENCIA: 0
2017-03-28T13:04:44-06:00 INFO (6): ES UNA FECHA VALIDAD, AUN NO HA PASADO
2017-03-28T13:04:44-06:00 INFO (6): DATOS A INSERTAR EN LA BASE MENSAJES PROGRAMADOS: Array
(
    [mensaje_horario] => 44c056202798266
    [mensaje_horarionombre] => 13:30:00
    [mensaje_mensaje] => derek
    [mensaje_nombre] => Administrador
    [mensaje_fechaenvio] => 2017-03-28
    [mensaje_descripcion] => Administrador
    [mensaje_fechaalta] => 2017/03/28 13:04:44
    [mensaje_activo] => 1
    [mensaje_region] => dummy
    [mensaje_ocupacion] => dummy
    [mensaje_procesado] => 1
    [mensaje_usuario] => 1
)

2017-03-28T13:04:44-06:00 INFO (6): SE INSERTO: 1
2017-03-28T13:04:44-06:00 INFO (6): FIN:::...
2017-03-28T22:25:55-06:00 INFO (6): ------------------------------------------------
2017-03-28T22:25:55-06:00 INFO (6): ------------------------------------------------
2017-03-28T22:25:55-06:00 INFO (6): ------------------------------------------------
2017-03-28T22:25:55-06:00 INFO (6): ---- ENVIO PROGRAMADOS - FN GUARDAR ------------
2017-03-28T22:25:55-06:00 INFO (6): REQUESTArray
(
    [categoria] => dummy
    [fechaenvio] => 2017-03-28
    [horaenvio] => 11de33ffb0f9995
    [msgtxt] => Hey you
    [caracteres] => 7
    [accion] => guardar
    [PHPSESSID] => p0slapa788hhmufv4uqpuskk14
)

2017-03-28T22:25:55-06:00 INFO (6): CATEGORIA: dummy
2017-03-28T22:25:55-06:00 INFO (6): HORA DE ENVIO: 11de33ffb0f9995
2017-03-28T22:25:55-06:00 INFO (6): FECHA DE ENVIO: 2017-03-28
2017-03-28T22:25:55-06:00 INFO (6): MENSAJE: Hey you
2017-03-28T22:25:55-06:00 INFO (6): CAMPANIA: Administrador
2017-03-28T22:25:55-06:00 INFO (6): SI REQUESITO TODOS LOS CAMPOS
2017-03-28T22:25:55-06:00 INFO (6): DIFERENCIA: 0
2017-03-28T22:25:55-06:00 INFO (6): ES UNA FECHA VALIDAD, AUN NO HA PASADO
2017-03-28T22:25:55-06:00 INFO (6): DATOS A INSERTAR EN LA BASE MENSAJES PROGRAMADOS: Array
(
    [mensaje_horario] => 11de33ffb0f9995
    [mensaje_horarionombre] => 21:00:00
    [mensaje_mensaje] => Hey you
    [mensaje_nombre] => Administrador
    [mensaje_fechaenvio] => 2017-03-28
    [mensaje_descripcion] => Administrador
    [mensaje_fechaalta] => 2017/03/28 22:25:55
    [mensaje_activo] => 1
    [mensaje_region] => dummy
    [mensaje_ocupacion] => dummy
    [mensaje_procesado] => 1
    [mensaje_usuario] => 1
)

2017-03-28T22:25:55-06:00 INFO (6): SE INSERTO: 1
2017-03-28T22:25:55-06:00 INFO (6): FIN:::...
2017-03-28T22:36:13-06:00 INFO (6): ------------------------------------------------
2017-03-28T22:36:13-06:00 INFO (6): ------------------------------------------------
2017-03-28T22:36:13-06:00 INFO (6): ------------------------------------------------
2017-03-28T22:36:13-06:00 INFO (6): ---- ENVIO PROGRAMADOS - FN GUARDAR ------------
2017-03-28T22:36:13-06:00 INFO (6): REQUESTArray
(
    [categoria] => dummy
    [fechaenvio] => 2017-03-28
    [horaenvio] => 11de33ffb0f9995
    [msgtxt] => hey you buddy
    [caracteres] => 13
    [accion] => guardar
    [PHPSESSID] => p0slapa788hhmufv4uqpuskk14
)

2017-03-28T22:36:13-06:00 INFO (6): CATEGORIA: dummy
2017-03-28T22:36:13-06:00 INFO (6): HORA DE ENVIO: 11de33ffb0f9995
2017-03-28T22:36:13-06:00 INFO (6): FECHA DE ENVIO: 2017-03-28
2017-03-28T22:36:13-06:00 INFO (6): MENSAJE: hey you buddy
2017-03-28T22:36:13-06:00 INFO (6): CAMPANIA: Administrador
2017-03-28T22:36:13-06:00 INFO (6): SI REQUESITO TODOS LOS CAMPOS
2017-03-28T22:36:13-06:00 INFO (6): DIFERENCIA: 0
2017-03-28T22:36:13-06:00 INFO (6): ES UNA FECHA VALIDAD, AUN NO HA PASADO
2017-03-28T22:36:13-06:00 INFO (6): DATOS A INSERTAR EN LA BASE MENSAJES PROGRAMADOS: Array
(
    [mensaje_horario] => 11de33ffb0f9995
    [mensaje_horarionombre] => 21:00:00
    [mensaje_mensaje] => hey you buddy
    [mensaje_nombre] => Administrador
    [mensaje_fechaenvio] => 2017-03-28
    [mensaje_descripcion] => Administrador
    [mensaje_fechaalta] => 2017/03/28 22:36:13
    [mensaje_activo] => 1
    [mensaje_region] => dummy
    [mensaje_ocupacion] => dummy
    [mensaje_procesado] => 1
    [mensaje_usuario] => 1
)

2017-03-28T22:36:13-06:00 INFO (6): SE INSERTO: 1
2017-03-28T22:36:14-06:00 INFO (6): FIN:::...
2017-03-28T22:38:04-06:00 INFO (6): ------------------------------------------------
2017-03-28T22:38:04-06:00 INFO (6): ------------------------------------------------
2017-03-28T22:38:04-06:00 INFO (6): ------------------------------------------------
2017-03-28T22:38:04-06:00 INFO (6): ---- ENVIO PROGRAMADOS - FN GUARDAR ------------
2017-03-28T22:38:04-06:00 INFO (6): REQUESTArray
(
    [categoria] => dummy
    [fechaenvio] => 2017-03-28
    [horaenvio] => 11de33ffb0f9995
    [msgtxt] => hey you
    [caracteres] => 7
    [accion] => guardar
    [PHPSESSID] => p0slapa788hhmufv4uqpuskk14
)

2017-03-28T22:38:04-06:00 INFO (6): CATEGORIA: dummy
2017-03-28T22:38:04-06:00 INFO (6): HORA DE ENVIO: 11de33ffb0f9995
2017-03-28T22:38:04-06:00 INFO (6): FECHA DE ENVIO: 2017-03-28
2017-03-28T22:38:04-06:00 INFO (6): MENSAJE: hey you
2017-03-28T22:38:04-06:00 INFO (6): CAMPANIA: Administrador
2017-03-28T22:38:04-06:00 INFO (6): SI REQUESITO TODOS LOS CAMPOS
2017-03-28T22:38:04-06:00 INFO (6): DIFERENCIA: 0
2017-03-28T22:38:04-06:00 INFO (6): ES UNA FECHA VALIDAD, AUN NO HA PASADO
2017-03-28T22:38:04-06:00 INFO (6): DATOS A INSERTAR EN LA BASE MENSAJES PROGRAMADOS: Array
(
    [mensaje_horario] => 11de33ffb0f9995
    [mensaje_horarionombre] => 21:00:00
    [mensaje_mensaje] => hey you
    [mensaje_nombre] => Administrador
    [mensaje_fechaenvio] => 2017-03-28
    [mensaje_descripcion] => Administrador
    [mensaje_fechaalta] => 2017/03/28 22:38:04
    [mensaje_activo] => 1
    [mensaje_region] => dummy
    [mensaje_ocupacion] => dummy
    [mensaje_procesado] => 1
    [mensaje_usuario] => 1
)

2017-03-28T22:38:04-06:00 INFO (6): SE INSERTO: 1
2017-03-28T22:38:04-06:00 INFO (6): FIN:::...
2017-03-28T22:40:19-06:00 INFO (6): ------------------------------------------------
2017-03-28T22:40:19-06:00 INFO (6): ------------------------------------------------
2017-03-28T22:40:19-06:00 INFO (6): ------------------------------------------------
2017-03-28T22:40:19-06:00 INFO (6): ---- ENVIO PROGRAMADOS - FN GUARDAR ------------
2017-03-28T22:40:19-06:00 INFO (6): REQUESTArray
(
    [categoria] => dummy
    [fechaenvio] => 2017-03-28
    [horaenvio] => 11de33ffb0f9995
    [msgtxt] => hh
    [caracteres] => 2
    [accion] => guardar
    [PHPSESSID] => p0slapa788hhmufv4uqpuskk14
)

2017-03-28T22:40:19-06:00 INFO (6): CATEGORIA: dummy
2017-03-28T22:40:19-06:00 INFO (6): HORA DE ENVIO: 11de33ffb0f9995
2017-03-28T22:40:19-06:00 INFO (6): FECHA DE ENVIO: 2017-03-28
2017-03-28T22:40:19-06:00 INFO (6): MENSAJE: hh
2017-03-28T22:40:19-06:00 INFO (6): CAMPANIA: Administrador
2017-03-28T22:40:19-06:00 INFO (6): SI REQUESITO TODOS LOS CAMPOS
2017-03-28T22:40:19-06:00 INFO (6): DIFERENCIA: 0
2017-03-28T22:40:19-06:00 INFO (6): ES UNA FECHA VALIDAD, AUN NO HA PASADO
2017-03-28T22:40:19-06:00 INFO (6): DATOS A INSERTAR EN LA BASE MENSAJES PROGRAMADOS: Array
(
    [mensaje_horario] => 11de33ffb0f9995
    [mensaje_horarionombre] => 21:00:00
    [mensaje_mensaje] => hh
    [mensaje_nombre] => Administrador
    [mensaje_fechaenvio] => 2017-03-28
    [mensaje_descripcion] => Administrador
    [mensaje_fechaalta] => 2017/03/28 22:40:19
    [mensaje_activo] => 1
    [mensaje_region] => dummy
    [mensaje_ocupacion] => dummy
    [mensaje_procesado] => 1
    [mensaje_usuario] => 1
)

2017-03-28T22:40:19-06:00 INFO (6): SE INSERTO: 1
2017-03-28T22:40:19-06:00 INFO (6): FIN:::...
2017-03-28T22:41:14-06:00 INFO (6): ------------------------------------------------
2017-03-28T22:41:14-06:00 INFO (6): ------------------------------------------------
2017-03-28T22:41:14-06:00 INFO (6): ------------------------------------------------
2017-03-28T22:41:14-06:00 INFO (6): ---- ENVIO PROGRAMADOS - FN GUARDAR ------------
2017-03-28T22:41:14-06:00 INFO (6): REQUESTArray
(
    [categoria] => dummy
    [fechaenvio] => 2017-03-28
    [horaenvio] => 22de77ffb0f2995
    [msgtxt] => ferferfer
    [caracteres] => 9
    [accion] => guardar
    [PHPSESSID] => p0slapa788hhmufv4uqpuskk14
)

2017-03-28T22:41:14-06:00 INFO (6): CATEGORIA: dummy
2017-03-28T22:41:14-06:00 INFO (6): HORA DE ENVIO: 22de77ffb0f2995
2017-03-28T22:41:14-06:00 INFO (6): FECHA DE ENVIO: 2017-03-28
2017-03-28T22:41:14-06:00 INFO (6): MENSAJE: ferferfer
2017-03-28T22:41:14-06:00 INFO (6): CAMPANIA: Administrador
2017-03-28T22:41:14-06:00 INFO (6): SI REQUESITO TODOS LOS CAMPOS
2017-03-28T22:41:14-06:00 INFO (6): DIFERENCIA: 0
2017-03-28T22:41:14-06:00 INFO (6): ES UNA FECHA VALIDAD, AUN NO HA PASADO
2017-03-28T22:41:14-06:00 INFO (6): DATOS A INSERTAR EN LA BASE MENSAJES PROGRAMADOS: Array
(
    [mensaje_horario] => 22de77ffb0f2995
    [mensaje_horarionombre] => 20:30:00
    [mensaje_mensaje] => ferferfer
    [mensaje_nombre] => Administrador
    [mensaje_fechaenvio] => 2017-03-28
    [mensaje_descripcion] => Administrador
    [mensaje_fechaalta] => 2017/03/28 22:41:14
    [mensaje_activo] => 1
    [mensaje_region] => dummy
    [mensaje_ocupacion] => dummy
    [mensaje_procesado] => 1
    [mensaje_usuario] => 1
)

2017-03-28T22:41:14-06:00 INFO (6): SE INSERTO: 1
2017-03-28T22:41:14-06:00 INFO (6): FIN:::...
2017-03-28T22:42:14-06:00 INFO (6): ------------------------------------------------
2017-03-28T22:42:14-06:00 INFO (6): ------------------------------------------------
2017-03-28T22:42:14-06:00 INFO (6): ------------------------------------------------
2017-03-28T22:42:14-06:00 INFO (6): ---- ENVIO PROGRAMADOS - FN GUARDAR ------------
2017-03-28T22:42:14-06:00 INFO (6): REQUESTArray
(
    [categoria] => dummy
    [fechaenvio] => 2017-03-28
    [horaenvio] => 11de33ffb0f9995
    [msgtxt] => cdcece
    [caracteres] => 6
    [accion] => guardar
    [PHPSESSID] => p0slapa788hhmufv4uqpuskk14
)

2017-03-28T22:42:14-06:00 INFO (6): CATEGORIA: dummy
2017-03-28T22:42:14-06:00 INFO (6): HORA DE ENVIO: 11de33ffb0f9995
2017-03-28T22:42:14-06:00 INFO (6): FECHA DE ENVIO: 2017-03-28
2017-03-28T22:42:14-06:00 INFO (6): MENSAJE: cdcece
2017-03-28T22:42:14-06:00 INFO (6): CAMPANIA: Administrador
2017-03-28T22:42:14-06:00 INFO (6): SI REQUESITO TODOS LOS CAMPOS
2017-03-28T22:42:14-06:00 INFO (6): DIFERENCIA: 0
2017-03-28T22:42:14-06:00 INFO (6): ES UNA FECHA VALIDAD, AUN NO HA PASADO
2017-03-28T22:43:01-06:00 INFO (6): ------------------------------------------------
2017-03-28T22:43:01-06:00 INFO (6): ------------------------------------------------
2017-03-28T22:43:01-06:00 INFO (6): ------------------------------------------------
2017-03-28T22:43:01-06:00 INFO (6): ---- ENVIO PROGRAMADOS - FN GUARDAR ------------
2017-03-28T22:43:01-06:00 INFO (6): REQUESTArray
(
    [categoria] => dummy
    [fechaenvio] => 2017-03-28
    [horaenvio] => 11de33ffb0f9995
    [msgtxt] => cdcece
    [caracteres] => 6
    [accion] => guardar
    [PHPSESSID] => p0slapa788hhmufv4uqpuskk14
)

2017-03-28T22:43:01-06:00 INFO (6): CATEGORIA: dummy
2017-03-28T22:43:01-06:00 INFO (6): HORA DE ENVIO: 11de33ffb0f9995
2017-03-28T22:43:01-06:00 INFO (6): FECHA DE ENVIO: 2017-03-28
2017-03-28T22:43:01-06:00 INFO (6): MENSAJE: cdcece
2017-03-28T22:43:01-06:00 INFO (6): CAMPANIA: Administrador
2017-03-28T22:43:01-06:00 INFO (6): SI REQUESITO TODOS LOS CAMPOS
2017-03-28T22:43:01-06:00 INFO (6): DIFERENCIA: 0
2017-03-28T22:43:01-06:00 INFO (6): ES UNA FECHA VALIDAD, AUN NO HA PASADO
2017-03-28T22:43:20-06:00 INFO (6): ------------------------------------------------
2017-03-28T22:43:20-06:00 INFO (6): ------------------------------------------------
2017-03-28T22:43:20-06:00 INFO (6): ------------------------------------------------
2017-03-28T22:43:20-06:00 INFO (6): ---- ENVIO PROGRAMADOS - FN GUARDAR ------------
2017-03-28T22:43:20-06:00 INFO (6): REQUESTArray
(
    [categoria] => dummy
    [fechaenvio] => 2017-03-28
    [horaenvio] => 11de33ffb0f9995
    [msgtxt] => cdcece
    [caracteres] => 6
    [accion] => guardar
    [PHPSESSID] => p0slapa788hhmufv4uqpuskk14
)

2017-03-28T22:43:20-06:00 INFO (6): CATEGORIA: dummy
2017-03-28T22:43:20-06:00 INFO (6): HORA DE ENVIO: 11de33ffb0f9995
2017-03-28T22:43:20-06:00 INFO (6): FECHA DE ENVIO: 2017-03-28
2017-03-28T22:43:20-06:00 INFO (6): MENSAJE: cdcece
2017-03-28T22:43:20-06:00 INFO (6): CAMPANIA: Administrador
2017-03-28T22:43:20-06:00 INFO (6): SI REQUESITO TODOS LOS CAMPOS
2017-03-28T22:43:20-06:00 INFO (6): DIFERENCIA: 0
2017-03-28T22:43:20-06:00 INFO (6): ES UNA FECHA VALIDAD, AUN NO HA PASADO
2017-03-28T22:43:20-06:00 INFO (6): DATOS A INSERTAR EN LA BASE MENSAJES PROGRAMADOS: Array
(
    [mensaje_horario] => 11de33ffb0f9995
    [mensaje_horarionombre] => 21:00:00
    [mensaje_mensaje] => cdcece
    [mensaje_nombre] => Administrador
    [mensaje_fechaenvio] => 2017-03-28
    [mensaje_descripcion] => Administrador
    [mensaje_fechaalta] => 2017/03/28 22:43:20
    [mensaje_activo] => 1
    [mensaje_region] => dummy
    [mensaje_ocupacion] => dummy
    [mensaje_procesado] => 1
    [mensaje_usuario] => 1
)

2017-03-28T22:43:20-06:00 INFO (6): SE INSERTO: 1
2017-03-28T22:43:20-06:00 INFO (6): FIN:::...
2017-03-28T22:43:53-06:00 INFO (6): ------------------------------------------------
2017-03-28T22:43:53-06:00 INFO (6): ------------------------------------------------
2017-03-28T22:43:53-06:00 INFO (6): ------------------------------------------------
2017-03-28T22:43:53-06:00 INFO (6): ---- ENVIO PROGRAMADOS - FN GUARDAR ------------
2017-03-28T22:43:53-06:00 INFO (6): REQUESTArray
(
    [categoria] => dummy
    [fechaenvio] => 2017-03-28
    [horaenvio] => 11de33ffb0f9995
    [msgtxt] => dedwd
    [caracteres] => 5
    [accion] => guardar
    [PHPSESSID] => p0slapa788hhmufv4uqpuskk14
)

2017-03-28T22:43:53-06:00 INFO (6): CATEGORIA: dummy
2017-03-28T22:43:53-06:00 INFO (6): HORA DE ENVIO: 11de33ffb0f9995
2017-03-28T22:43:53-06:00 INFO (6): FECHA DE ENVIO: 2017-03-28
2017-03-28T22:43:53-06:00 INFO (6): MENSAJE: dedwd
2017-03-28T22:43:53-06:00 INFO (6): CAMPANIA: Administrador
2017-03-28T22:43:53-06:00 INFO (6): SI REQUESITO TODOS LOS CAMPOS
2017-03-28T22:43:53-06:00 INFO (6): DIFERENCIA: 0
2017-03-28T22:43:53-06:00 INFO (6): ES UNA FECHA VALIDAD, AUN NO HA PASADO
2017-03-28T22:43:53-06:00 INFO (6): DATOS A INSERTAR EN LA BASE MENSAJES PROGRAMADOS: Array
(
    [mensaje_horario] => 11de33ffb0f9995
    [mensaje_horarionombre] => 21:00:00
    [mensaje_mensaje] => dedwd
    [mensaje_nombre] => Administrador
    [mensaje_fechaenvio] => 2017-03-28
    [mensaje_descripcion] => Administrador
    [mensaje_fechaalta] => 2017/03/28 22:43:53
    [mensaje_activo] => 1
    [mensaje_region] => dummy
    [mensaje_ocupacion] => dummy
    [mensaje_procesado] => 1
    [mensaje_usuario] => 1
)

2017-03-28T22:43:53-06:00 INFO (6): SE INSERTO: 1
2017-03-28T22:43:53-06:00 INFO (6): FIN:::...
2017-03-28T22:45:06-06:00 INFO (6): ------------------------------------------------
2017-03-28T22:45:06-06:00 INFO (6): ------------------------------------------------
2017-03-28T22:45:06-06:00 INFO (6): ------------------------------------------------
2017-03-28T22:45:06-06:00 INFO (6): ---- ENVIO PROGRAMADOS - FN GUARDAR ------------
2017-03-28T22:45:06-06:00 INFO (6): REQUESTArray
(
    [categoria] => dummy
    [fechaenvio] => 2017-03-28
    [horaenvio] => 11de33ffb0f9995
    [msgtxt] => erferfreferfrefer
    [caracteres] => 17
    [accion] => guardar
    [PHPSESSID] => p0slapa788hhmufv4uqpuskk14
)

2017-03-28T22:45:06-06:00 INFO (6): CATEGORIA: dummy
2017-03-28T22:45:06-06:00 INFO (6): HORA DE ENVIO: 11de33ffb0f9995
2017-03-28T22:45:06-06:00 INFO (6): FECHA DE ENVIO: 2017-03-28
2017-03-28T22:45:06-06:00 INFO (6): MENSAJE: erferfreferfrefer
2017-03-28T22:45:06-06:00 INFO (6): CAMPANIA: Administrador
2017-03-28T22:45:06-06:00 INFO (6): SI REQUESITO TODOS LOS CAMPOS
2017-03-28T22:45:06-06:00 INFO (6): DIFERENCIA: 0
2017-03-28T22:45:06-06:00 INFO (6): ES UNA FECHA VALIDAD, AUN NO HA PASADO
2017-03-28T22:45:06-06:00 INFO (6): DATOS A INSERTAR EN LA BASE MENSAJES PROGRAMADOS: Array
(
    [mensaje_horario] => 11de33ffb0f9995
    [mensaje_horarionombre] => 21:00:00
    [mensaje_mensaje] => erferfreferfrefer
    [mensaje_nombre] => Administrador
    [mensaje_fechaenvio] => 2017-03-28
    [mensaje_descripcion] => Administrador
    [mensaje_fechaalta] => 2017/03/28 22:45:06
    [mensaje_activo] => 1
    [mensaje_region] => dummy
    [mensaje_ocupacion] => dummy
    [mensaje_procesado] => 1
    [mensaje_usuario] => 1
)

2017-03-28T22:45:06-06:00 INFO (6): SE INSERTO: 1
2017-03-28T22:45:41-06:00 INFO (6): ------------------------------------------------
2017-03-28T22:45:41-06:00 INFO (6): ------------------------------------------------
2017-03-28T22:45:41-06:00 INFO (6): ------------------------------------------------
2017-03-28T22:45:41-06:00 INFO (6): ---- ENVIO PROGRAMADOS - FN GUARDAR ------------
2017-03-28T22:45:41-06:00 INFO (6): REQUESTArray
(
    [categoria] => dummy
    [fechaenvio] => 2017-03-28
    [horaenvio] => 11de33ffb0f9995
    [msgtxt] => erferfreferfrefer
    [caracteres] => 17
    [accion] => guardar
    [PHPSESSID] => p0slapa788hhmufv4uqpuskk14
)

2017-03-28T22:45:41-06:00 INFO (6): CATEGORIA: dummy
2017-03-28T22:45:41-06:00 INFO (6): HORA DE ENVIO: 11de33ffb0f9995
2017-03-28T22:45:41-06:00 INFO (6): FECHA DE ENVIO: 2017-03-28
2017-03-28T22:45:41-06:00 INFO (6): MENSAJE: erferfreferfrefer
2017-03-28T22:45:41-06:00 INFO (6): CAMPANIA: Administrador
2017-03-28T22:45:41-06:00 INFO (6): SI REQUESITO TODOS LOS CAMPOS
2017-03-28T22:45:41-06:00 INFO (6): DIFERENCIA: 0
2017-03-28T22:45:41-06:00 INFO (6): ES UNA FECHA VALIDAD, AUN NO HA PASADO
2017-03-28T22:45:41-06:00 INFO (6): Ya está repetido la programación de ese envío
2017-03-28T22:45:41-06:00 INFO (6): FIN:::...
2017-03-28T22:47:47-06:00 INFO (6): ------------------------------------------------
2017-03-28T22:47:47-06:00 INFO (6): ------------------------------------------------
2017-03-28T22:47:47-06:00 INFO (6): ------------------------------------------------
2017-03-28T22:47:47-06:00 INFO (6): ---- ENVIO PROGRAMADOS - FN GUARDAR ------------
2017-03-28T22:47:47-06:00 INFO (6): REQUESTArray
(
    [categoria] => dummy
    [fechaenvio] => 2017-03-28
    [horaenvio] => 11de33ffb0f9995
    [msgtxt] => uiyyiy
    [caracteres] => 6
    [accion] => guardar
    [PHPSESSID] => p0slapa788hhmufv4uqpuskk14
)

2017-03-28T22:47:47-06:00 INFO (6): CATEGORIA: dummy
2017-03-28T22:47:47-06:00 INFO (6): HORA DE ENVIO: 11de33ffb0f9995
2017-03-28T22:47:47-06:00 INFO (6): FECHA DE ENVIO: 2017-03-28
2017-03-28T22:47:47-06:00 INFO (6): MENSAJE: uiyyiy
2017-03-28T22:47:47-06:00 INFO (6): CAMPANIA: Administrador
2017-03-28T22:47:47-06:00 INFO (6): SI REQUESITO TODOS LOS CAMPOS
2017-03-28T22:47:47-06:00 INFO (6): DIFERENCIA: 0
2017-03-28T22:47:47-06:00 INFO (6): ES UNA FECHA VALIDAD, AUN NO HA PASADO
2017-03-28T22:47:47-06:00 INFO (6): DATOS A INSERTAR EN LA BASE MENSAJES PROGRAMADOS: Array
(
    [mensaje_horario] => 11de33ffb0f9995
    [mensaje_horarionombre] => 21:00:00
    [mensaje_mensaje] => uiyyiy
    [mensaje_nombre] => Administrador
    [mensaje_fechaenvio] => 2017-03-28
    [mensaje_descripcion] => Administrador
    [mensaje_fechaalta] => 2017/03/28 22:47:47
    [mensaje_activo] => 1
    [mensaje_region] => dummy
    [mensaje_ocupacion] => dummy
    [mensaje_procesado] => 1
    [mensaje_usuario] => 1
)

2017-03-28T22:47:47-06:00 INFO (6): SE INSERTO: 1
2017-03-28T22:48:16-06:00 INFO (6): ------------------------------------------------
2017-03-28T22:48:16-06:00 INFO (6): ------------------------------------------------
2017-03-28T22:48:16-06:00 INFO (6): ------------------------------------------------
2017-03-28T22:48:16-06:00 INFO (6): ---- ENVIO PROGRAMADOS - FN GUARDAR ------------
2017-03-28T22:48:16-06:00 INFO (6): REQUESTArray
(
    [categoria] => dummy
    [fechaenvio] => 2017-03-28
    [horaenvio] => 11de33ffb0f9995
    [msgtxt] => uiyyiy
    [caracteres] => 6
    [accion] => guardar
    [PHPSESSID] => p0slapa788hhmufv4uqpuskk14
)

2017-03-28T22:48:16-06:00 INFO (6): CATEGORIA: dummy
2017-03-28T22:48:16-06:00 INFO (6): HORA DE ENVIO: 11de33ffb0f9995
2017-03-28T22:48:16-06:00 INFO (6): FECHA DE ENVIO: 2017-03-28
2017-03-28T22:48:16-06:00 INFO (6): MENSAJE: uiyyiy
2017-03-28T22:48:16-06:00 INFO (6): CAMPANIA: Administrador
2017-03-28T22:48:16-06:00 INFO (6): SI REQUESITO TODOS LOS CAMPOS
2017-03-28T22:48:16-06:00 INFO (6): DIFERENCIA: 0
2017-03-28T22:48:16-06:00 INFO (6): ES UNA FECHA VALIDAD, AUN NO HA PASADO
2017-03-28T22:48:16-06:00 INFO (6): Ya está repetido la programación de ese envío
2017-03-28T22:48:16-06:00 INFO (6): FIN:::...
2017-03-28T22:48:37-06:00 INFO (6): ------------------------------------------------
2017-03-28T22:48:37-06:00 INFO (6): ------------------------------------------------
2017-03-28T22:48:37-06:00 INFO (6): ------------------------------------------------
2017-03-28T22:48:37-06:00 INFO (6): ---- ENVIO PROGRAMADOS - FN GUARDAR ------------
2017-03-28T22:48:37-06:00 INFO (6): REQUESTArray
(
    [categoria] => dummy
    [fechaenvio] => 2017-03-28
    [horaenvio] => 11de33ffb0f9995
    [msgtxt] => te extraño
    [caracteres] => 10
    [accion] => guardar
    [PHPSESSID] => p0slapa788hhmufv4uqpuskk14
)

2017-03-28T22:48:37-06:00 INFO (6): CATEGORIA: dummy
2017-03-28T22:48:37-06:00 INFO (6): HORA DE ENVIO: 11de33ffb0f9995
2017-03-28T22:48:37-06:00 INFO (6): FECHA DE ENVIO: 2017-03-28
2017-03-28T22:48:37-06:00 INFO (6): MENSAJE: te extrano
2017-03-28T22:48:37-06:00 INFO (6): CAMPANIA: Administrador
2017-03-28T22:48:37-06:00 INFO (6): SI REQUESITO TODOS LOS CAMPOS
2017-03-28T22:48:37-06:00 INFO (6): DIFERENCIA: 0
2017-03-28T22:48:37-06:00 INFO (6): ES UNA FECHA VALIDAD, AUN NO HA PASADO
2017-03-28T22:48:37-06:00 INFO (6): DATOS A INSERTAR EN LA BASE MENSAJES PROGRAMADOS: Array
(
    [mensaje_horario] => 11de33ffb0f9995
    [mensaje_horarionombre] => 21:00:00
    [mensaje_mensaje] => te extrano
    [mensaje_nombre] => Administrador
    [mensaje_fechaenvio] => 2017-03-28
    [mensaje_descripcion] => Administrador
    [mensaje_fechaalta] => 2017/03/28 22:48:37
    [mensaje_activo] => 1
    [mensaje_region] => dummy
    [mensaje_ocupacion] => dummy
    [mensaje_procesado] => 1
    [mensaje_usuario] => 1
)

2017-03-28T22:48:37-06:00 INFO (6): SE INSERTO: 1
2017-03-28T22:48:37-06:00 INFO (6): FIN:::...
2017-03-28T23:28:59-06:00 INFO (6): ------------------------------------------------
2017-03-28T23:28:59-06:00 INFO (6): ------------------------------------------------
2017-03-28T23:28:59-06:00 INFO (6): ------------------------------------------------
2017-03-28T23:28:59-06:00 INFO (6): ---- ENVIO PROGRAMADOS - FN GUARDAR ------------
2017-03-28T23:28:59-06:00 INFO (6): REQUESTArray
(
    [categoria] => nueva
    [fechaenvio] => 2017-03-28
    [horaenvio] => 11de33ffb0f9995
    [msgtxt] => Prueba final, que pedote fue hacer el ajuste de este envío
    [caracteres] => 58
    [accion] => guardar
    [PHPSESSID] => p0slapa788hhmufv4uqpuskk14
)

2017-03-28T23:28:59-06:00 INFO (6): CATEGORIA: nueva
2017-03-28T23:28:59-06:00 INFO (6): HORA DE ENVIO: 11de33ffb0f9995
2017-03-28T23:28:59-06:00 INFO (6): FECHA DE ENVIO: 2017-03-28
2017-03-28T23:28:59-06:00 INFO (6): MENSAJE: Prueba final, que pedote fue hacer el ajuste de este envio
2017-03-28T23:28:59-06:00 INFO (6): CAMPANIA: Administrador
2017-03-28T23:28:59-06:00 INFO (6): SI REQUESITO TODOS LOS CAMPOS
2017-03-28T23:28:59-06:00 INFO (6): DIFERENCIA: 0
2017-03-28T23:28:59-06:00 INFO (6): ES UNA FECHA VALIDAD, AUN NO HA PASADO
2017-03-28T23:28:59-06:00 INFO (6): DATOS A INSERTAR EN LA BASE MENSAJES PROGRAMADOS: Array
(
    [mensaje_horario] => 11de33ffb0f9995
    [mensaje_horarionombre] => 21:00:00
    [mensaje_mensaje] => Prueba final, que pedote fue hacer el ajuste de este envio
    [mensaje_nombre] => Administrador
    [mensaje_fechaenvio] => 2017-03-28
    [mensaje_descripcion] => Administrador
    [mensaje_fechaalta] => 2017/03/28 23:28:59
    [mensaje_activo] => 1
    [mensaje_region] => nueva
    [mensaje_ocupacion] => nueva
    [mensaje_procesado] => 1
    [mensaje_usuario] => 1
)

2017-03-28T23:28:59-06:00 INFO (6): SE INSERTO: 1
2017-03-28T23:28:59-06:00 INFO (6): FIN:::...
2017-03-28T23:38:29-06:00 INFO (6): ------------------------------------------------
2017-03-28T23:38:29-06:00 INFO (6): ------------------------------------------------
2017-03-28T23:38:29-06:00 INFO (6): ------------------------------------------------
2017-03-28T23:38:29-06:00 INFO (6): ---- ENVIO PROGRAMADOS - FN GUARDAR ------------
2017-03-28T23:38:29-06:00 INFO (6): REQUESTArray
(
    [categoria] => dummy2
    [fechaenvio] => 2017-03-28
    [horaenvio] => 11de33ffb0f9995
    [msgtxt] => prueba
    [caracteres] => 6
    [accion] => guardar
    [PHPSESSID] => p0slapa788hhmufv4uqpuskk14
)

2017-03-28T23:38:29-06:00 INFO (6): CATEGORIA: dummy2
2017-03-28T23:38:29-06:00 INFO (6): HORA DE ENVIO: 11de33ffb0f9995
2017-03-28T23:38:29-06:00 INFO (6): FECHA DE ENVIO: 2017-03-28
2017-03-28T23:38:29-06:00 INFO (6): MENSAJE: prueba
2017-03-28T23:38:29-06:00 INFO (6): CAMPANIA: Administrador
2017-03-28T23:38:29-06:00 INFO (6): SI REQUESITO TODOS LOS CAMPOS
2017-03-28T23:38:29-06:00 INFO (6): DIFERENCIA: 0
2017-03-28T23:38:29-06:00 INFO (6): ES UNA FECHA VALIDAD, AUN NO HA PASADO
2017-03-28T23:38:29-06:00 INFO (6): DATOS A INSERTAR EN LA BASE MENSAJES PROGRAMADOS: Array
(
    [mensaje_horario] => 11de33ffb0f9995
    [mensaje_horarionombre] => 21:00:00
    [mensaje_mensaje] => prueba
    [mensaje_nombre] => Administrador
    [mensaje_fechaenvio] => 2017-03-28
    [mensaje_descripcion] => Administrador
    [mensaje_fechaalta] => 2017/03/28 23:38:29
    [mensaje_activo] => 1
    [mensaje_region] => dummy2
    [mensaje_ocupacion] => dummy2
    [mensaje_procesado] => 1
    [mensaje_usuario] => 1
)

2017-03-28T23:38:29-06:00 INFO (6): SE INSERTO: 1
2017-03-28T23:38:29-06:00 INFO (6): FIN:::...
2017-03-28T23:41:54-06:00 INFO (6): ------------------------------------------------
2017-03-28T23:41:54-06:00 INFO (6): ------------------------------------------------
2017-03-28T23:41:54-06:00 INFO (6): ------------------------------------------------
2017-03-28T23:41:54-06:00 INFO (6): ---- ENVIO PROGRAMADOS - FN GUARDAR ------------
2017-03-28T23:41:54-06:00 INFO (6): REQUESTArray
(
    [categoria] => nueva
    [fechaenvio] => 2017-03-28
    [horaenvio] => 11de33ffb0f9995
    [msgtxt] => ihjf3hfiu3rhfiu3rfiu3riufniu3rnfiu3rnfiu3rnfiunr3
    [caracteres] => 49
    [accion] => guardar
    [PHPSESSID] => p0slapa788hhmufv4uqpuskk14
)

2017-03-28T23:41:54-06:00 INFO (6): CATEGORIA: nueva
2017-03-28T23:41:54-06:00 INFO (6): HORA DE ENVIO: 11de33ffb0f9995
2017-03-28T23:41:54-06:00 INFO (6): FECHA DE ENVIO: 2017-03-28
2017-03-28T23:41:54-06:00 INFO (6): MENSAJE: ihjf3hfiu3rhfiu3rfiu3riufniu3rnfiu3rnfiu3rnfiunr3
2017-03-28T23:41:54-06:00 INFO (6): CAMPANIA: Administrador
2017-03-28T23:41:54-06:00 INFO (6): SI REQUESITO TODOS LOS CAMPOS
2017-03-28T23:41:54-06:00 INFO (6): DIFERENCIA: 0
2017-03-28T23:41:54-06:00 INFO (6): ES UNA FECHA VALIDAD, AUN NO HA PASADO
2017-03-28T23:41:54-06:00 INFO (6): DATOS A INSERTAR EN LA BASE MENSAJES PROGRAMADOS: Array
(
    [mensaje_horario] => 11de33ffb0f9995
    [mensaje_horarionombre] => 21:00:00
    [mensaje_mensaje] => ihjf3hfiu3rhfiu3rfiu3riufniu3rnfiu3rnfiu3rnfiunr3
    [mensaje_nombre] => Administrador
    [mensaje_fechaenvio] => 2017-03-28
    [mensaje_descripcion] => Administrador
    [mensaje_fechaalta] => 2017/03/28 23:41:54
    [mensaje_activo] => 1
    [mensaje_region] => nueva
    [mensaje_ocupacion] => nueva
    [mensaje_procesado] => 1
    [mensaje_usuario] => 1
)

2017-03-28T23:41:54-06:00 INFO (6): SE INSERTO: 1
2017-03-28T23:41:54-06:00 INFO (6): FIN:::...
2017-03-28T23:42:05-06:00 INFO (6): ------------------------------------------------
2017-03-28T23:42:05-06:00 INFO (6): ------------------------------------------------
2017-03-28T23:42:05-06:00 INFO (6): ------------------------------------------------
2017-03-28T23:42:05-06:00 INFO (6): ---- ENVIO PROGRAMADOS - FN GUARDAR ------------
2017-03-28T23:42:05-06:00 INFO (6): REQUESTArray
(
    [categoria] => dummy2
    [fechaenvio] => 2017-03-28
    [horaenvio] => 24c03b5364d69a4
    [msgtxt] => erfreferferferfer
    [caracteres] => 17
    [accion] => guardar
    [PHPSESSID] => p0slapa788hhmufv4uqpuskk14
)

2017-03-28T23:42:05-06:00 INFO (6): CATEGORIA: dummy2
2017-03-28T23:42:05-06:00 INFO (6): HORA DE ENVIO: 24c03b5364d69a4
2017-03-28T23:42:05-06:00 INFO (6): FECHA DE ENVIO: 2017-03-28
2017-03-28T23:42:05-06:00 INFO (6): MENSAJE: erfreferferferfer
2017-03-28T23:42:05-06:00 INFO (6): CAMPANIA: Administrador
2017-03-28T23:42:05-06:00 INFO (6): SI REQUESITO TODOS LOS CAMPOS
2017-03-28T23:42:05-06:00 INFO (6): DIFERENCIA: 0
2017-03-28T23:42:05-06:00 INFO (6): ES UNA FECHA VALIDAD, AUN NO HA PASADO
2017-03-28T23:42:05-06:00 INFO (6): DATOS A INSERTAR EN LA BASE MENSAJES PROGRAMADOS: Array
(
    [mensaje_horario] => 24c03b5364d69a4
    [mensaje_horarionombre] => 11:00:00
    [mensaje_mensaje] => erfreferferferfer
    [mensaje_nombre] => Administrador
    [mensaje_fechaenvio] => 2017-03-28
    [mensaje_descripcion] => Administrador
    [mensaje_fechaalta] => 2017/03/28 23:42:05
    [mensaje_activo] => 1
    [mensaje_region] => dummy2
    [mensaje_ocupacion] => dummy2
    [mensaje_procesado] => 1
    [mensaje_usuario] => 1
)

2017-03-28T23:42:05-06:00 INFO (6): SE INSERTO: 1
2017-03-28T23:42:05-06:00 INFO (6): FIN:::...
2017-03-28T23:45:23-06:00 INFO (6): ------------------------------------------------
2017-03-28T23:45:23-06:00 INFO (6): ------------------------------------------------
2017-03-28T23:45:23-06:00 INFO (6): ------------------------------------------------
2017-03-28T23:45:23-06:00 INFO (6): ---- ENVIO PROGRAMADOS - FN GUARDAR ------------
2017-03-28T23:45:23-06:00 INFO (6): REQUESTArray
(
    [categoria] => nueva
    [fechaenvio] => 2017-03-29
    [horaenvio] => 44c0342125f59f6
    [msgtxt] => Hey
    [caracteres] => 3
    [accion] => guardar
    [PHPSESSID] => p0slapa788hhmufv4uqpuskk14
)

2017-03-28T23:45:23-06:00 INFO (6): CATEGORIA: nueva
2017-03-28T23:45:23-06:00 INFO (6): HORA DE ENVIO: 44c0342125f59f6
2017-03-28T23:45:23-06:00 INFO (6): FECHA DE ENVIO: 2017-03-29
2017-03-28T23:45:23-06:00 INFO (6): MENSAJE: Hey
2017-03-28T23:45:23-06:00 INFO (6): CAMPANIA: Administrador
2017-03-28T23:45:23-06:00 INFO (6): SI REQUESITO TODOS LOS CAMPOS
2017-03-28T23:45:23-06:00 INFO (6): DIFERENCIA: 1
2017-03-28T23:45:23-06:00 INFO (6): ES UNA FECHA VALIDAD, AUN NO HA PASADO
2017-03-28T23:45:23-06:00 INFO (6): DATOS A INSERTAR EN LA BASE MENSAJES PROGRAMADOS: Array
(
    [mensaje_horario] => 44c0342125f59f6
    [mensaje_horarionombre] => 09:30:00
    [mensaje_mensaje] => Hey
    [mensaje_nombre] => Administrador
    [mensaje_fechaenvio] => 2017-03-29
    [mensaje_descripcion] => Administrador
    [mensaje_fechaalta] => 2017/03/28 23:45:23
    [mensaje_activo] => 1
    [mensaje_region] => nueva
    [mensaje_ocupacion] => nueva
    [mensaje_procesado] => 1
    [mensaje_usuario] => 1
)

2017-03-28T23:45:23-06:00 INFO (6): SE INSERTO: 1
2017-03-28T23:45:23-06:00 INFO (6): FIN:::...
