2017-04-06T18:02:09-05:00 INFO (6): ------------------------------------------------
2017-04-06T18:02:09-05:00 INFO (6): ------------------------------------------------
2017-04-06T18:02:09-05:00 INFO (6): ------------------------------------------------
2017-04-06T18:02:09-05:00 INFO (6): ---- ENVIO PROGRAMADOS - FN GUARDAR ------------
2017-04-06T18:02:09-05:00 INFO (6): REQUESTArray
(
    [categoria] => real
    [fechaenvio] => 2017-04-06
    [horaenvio] => 22de77ffb0f2990
    [msgtxt] => hola
    [caracteres] => 4
    [accion] => guardar
    [retenido] => 1.74
    [PHPSESSID] => omj399hbfsilsfdp9qk5vsojk2
)

2017-04-06T18:02:09-05:00 INFO (6): CATEGORIA: real
2017-04-06T18:02:09-05:00 INFO (6): HORA DE ENVIO: 22de77ffb0f2990
2017-04-06T18:02:09-05:00 INFO (6): FECHA DE ENVIO: 2017-04-06
2017-04-06T18:02:09-05:00 INFO (6): MENSAJE: hola
2017-04-06T18:02:09-05:00 INFO (6): CAMPANIA: Administrador
2017-04-06T18:02:09-05:00 INFO (6): SI REQUESITO TODOS LOS CAMPOS
2017-04-06T18:02:09-05:00 INFO (6): DIFERENCIA: 0
2017-04-06T18:02:09-05:00 INFO (6): ES UNA FECHA VALIDAD, AUN NO HA PASADO
2017-04-06T18:02:09-05:00 INFO (6): DATOS A INSERTAR EN LA BASE MENSAJES PROGRAMADOS: Array
(
    [mensaje_horario] => 22de77ffb0f2990
    [mensaje_horarionombre] => 18:00:00
    [mensaje_mensaje] => hola
    [mensaje_nombre] => Administrador
    [mensaje_fechaenvio] => 2017-04-06
    [mensaje_descripcion] => Administrador
    [mensaje_fechaalta] => 2017/04/06 18:02:09
    [mensaje_activo] => 1
    [mensaje_region] => real
    [mensaje_ocupacion] => real
    [mensaje_procesado] => 1
    [mensaje_usuario] => 1
)

2017-04-06T18:02:09-05:00 INFO (6): SE INSERTO: 1
2017-04-06T18:02:09-05:00 INFO (6): FIN:::...
