2017-03-24T10:11:30-06:00 INFO (6): ------------------------------------------------
2017-03-24T10:11:30-06:00 INFO (6): ------------------------------------------------
2017-03-24T10:11:30-06:00 INFO (6): ------------------------------------------------
2017-03-24T10:11:30-06:00 INFO (6): ---- ENVIO PROGRAMADOS - FN LISTAR -------------
2017-03-24T10:11:30-06:00 INFO (6): REQUESTArray
(
    [PHPSESSID] => q06abqoelqg9sj1qv4fu30dt40
)

2017-03-24T10:12:17-06:00 INFO (6): ------------------------------------------------
2017-03-24T10:12:17-06:00 INFO (6): ------------------------------------------------
2017-03-24T10:12:17-06:00 INFO (6): ------------------------------------------------
2017-03-24T10:12:17-06:00 INFO (6): ---- ENVIO PROGRAMADOS - FN LISTAR -------------
2017-03-24T10:12:17-06:00 INFO (6): REQUESTArray
(
    [PHPSESSID] => je1vgcb0h0qj8lkpdoegoi3o90
)

2017-03-24T10:16:11-06:00 INFO (6): ------------------------------------------------
2017-03-24T10:16:11-06:00 INFO (6): ------------------------------------------------
2017-03-24T10:16:11-06:00 INFO (6): ------------------------------------------------
2017-03-24T10:16:11-06:00 INFO (6): ---- ENVIO PROGRAMADOS - FN LISTAR -------------
2017-03-24T10:16:11-06:00 INFO (6): REQUESTArray
(
    [PHPSESSID] => q06abqoelqg9sj1qv4fu30dt40
)

2017-03-24T10:18:54-06:00 INFO (6): ------------------------------------------------
2017-03-24T10:18:54-06:00 INFO (6): ------------------------------------------------
2017-03-24T10:18:54-06:00 INFO (6): ------------------------------------------------
2017-03-24T10:18:54-06:00 INFO (6): ---- ENVIO PROGRAMADOS - FN LISTAR -------------
2017-03-24T10:18:54-06:00 INFO (6): REQUESTArray
(
    [PHPSESSID] => q06abqoelqg9sj1qv4fu30dt40
)

2017-03-24T10:26:22-06:00 INFO (6): ------------------------------------------------
2017-03-24T10:26:22-06:00 INFO (6): ------------------------------------------------
2017-03-24T10:26:22-06:00 INFO (6): ------------------------------------------------
2017-03-24T10:26:22-06:00 INFO (6): ---- ENVIO PROGRAMADOS - FN LISTAR -------------
2017-03-24T10:26:22-06:00 INFO (6): REQUESTArray
(
    [PHPSESSID] => q06abqoelqg9sj1qv4fu30dt40
)

2017-03-24T10:28:40-06:00 INFO (6): ------------------------------------------------
2017-03-24T10:28:40-06:00 INFO (6): ------------------------------------------------
2017-03-24T10:28:40-06:00 INFO (6): ------------------------------------------------
2017-03-24T10:28:40-06:00 INFO (6): ---- ENVIO PROGRAMADOS - FN LISTAR -------------
2017-03-24T10:28:40-06:00 INFO (6): REQUESTArray
(
    [PHPSESSID] => q06abqoelqg9sj1qv4fu30dt40
)

2017-03-24T10:30:14-06:00 INFO (6): ------------------------------------------------
2017-03-24T10:30:14-06:00 INFO (6): ------------------------------------------------
2017-03-24T10:30:14-06:00 INFO (6): ------------------------------------------------
2017-03-24T10:30:14-06:00 INFO (6): ---- ENVIO PROGRAMADOS - FN LISTAR -------------
2017-03-24T10:30:14-06:00 INFO (6): REQUESTArray
(
    [accion] => listar
    [flag] => mensaje
    [msg] => Registro exitoso
    [PHPSESSID] => q06abqoelqg9sj1qv4fu30dt40
)

2017-03-24T10:33:44-06:00 INFO (6): ------------------------------------------------
2017-03-24T10:33:44-06:00 INFO (6): ------------------------------------------------
2017-03-24T10:33:44-06:00 INFO (6): ------------------------------------------------
2017-03-24T10:33:44-06:00 INFO (6): ---- ENVIO PROGRAMADOS - FN LISTAR -------------
2017-03-24T10:33:44-06:00 INFO (6): REQUESTArray
(
    [PHPSESSID] => q06abqoelqg9sj1qv4fu30dt40
)

2017-03-24T10:34:14-06:00 INFO (6): ------------------------------------------------
2017-03-24T10:34:14-06:00 INFO (6): ------------------------------------------------
2017-03-24T10:34:14-06:00 INFO (6): ------------------------------------------------
2017-03-24T10:34:14-06:00 INFO (6): ---- ENVIO PROGRAMADOS - FN LISTAR -------------
2017-03-24T10:34:14-06:00 INFO (6): REQUESTArray
(
    [PHPSESSID] => q06abqoelqg9sj1qv4fu30dt40
)

2017-03-24T10:49:34-06:00 INFO (6): ------------------------------------------------
2017-03-24T10:49:34-06:00 INFO (6): ------------------------------------------------
2017-03-24T10:49:34-06:00 INFO (6): ------------------------------------------------
2017-03-24T10:49:34-06:00 INFO (6): ---- ENVIO PROGRAMADOS - FN LISTAR -------------
2017-03-24T10:49:34-06:00 INFO (6): REQUESTArray
(
    [PHPSESSID] => q06abqoelqg9sj1qv4fu30dt40
)

2017-03-24T10:50:28-06:00 INFO (6): ------------------------------------------------
2017-03-24T10:50:28-06:00 INFO (6): ------------------------------------------------
2017-03-24T10:50:28-06:00 INFO (6): ------------------------------------------------
2017-03-24T10:50:28-06:00 INFO (6): ---- ENVIO PROGRAMADOS - FN LISTAR -------------
2017-03-24T10:50:28-06:00 INFO (6): REQUESTArray
(
    [PHPSESSID] => q06abqoelqg9sj1qv4fu30dt40
)

2017-03-24T11:23:58-06:00 INFO (6): ------------------------------------------------
2017-03-24T11:23:58-06:00 INFO (6): ------------------------------------------------
2017-03-24T11:23:58-06:00 INFO (6): ------------------------------------------------
2017-03-24T11:23:58-06:00 INFO (6): ---- ENVIO PROGRAMADOS - FN LISTAR -------------
2017-03-24T11:23:58-06:00 INFO (6): REQUESTArray
(
    [PHPSESSID] => je1vgcb0h0qj8lkpdoegoi3o90
)

2017-03-24T12:06:51-06:00 INFO (6): ------------------------------------------------
2017-03-24T12:06:51-06:00 INFO (6): ------------------------------------------------
2017-03-24T12:06:51-06:00 INFO (6): ------------------------------------------------
2017-03-24T12:06:51-06:00 INFO (6): ---- ENVIO PROGRAMADOS - FN LISTAR -------------
2017-03-24T12:06:51-06:00 INFO (6): REQUESTArray
(
    [PHPSESSID] => je1vgcb0h0qj8lkpdoegoi3o90
)

2017-03-24T12:10:17-06:00 INFO (6): ------------------------------------------------
2017-03-24T12:10:17-06:00 INFO (6): ------------------------------------------------
2017-03-24T12:10:17-06:00 INFO (6): ------------------------------------------------
2017-03-24T12:10:17-06:00 INFO (6): ---- ENVIO PROGRAMADOS - FN LISTAR -------------
2017-03-24T12:10:17-06:00 INFO (6): REQUESTArray
(
    [PHPSESSID] => je1vgcb0h0qj8lkpdoegoi3o90
)

2017-03-24T12:10:47-06:00 INFO (6): ------------------------------------------------
2017-03-24T12:10:47-06:00 INFO (6): ------------------------------------------------
2017-03-24T12:10:47-06:00 INFO (6): ------------------------------------------------
2017-03-24T12:10:47-06:00 INFO (6): ---- ENVIO PROGRAMADOS - FN LISTAR -------------
2017-03-24T12:10:47-06:00 INFO (6): REQUESTArray
(
    [PHPSESSID] => je1vgcb0h0qj8lkpdoegoi3o90
)

2017-03-24T12:21:51-06:00 INFO (6): ------------------------------------------------
2017-03-24T12:21:51-06:00 INFO (6): ------------------------------------------------
2017-03-24T12:21:51-06:00 INFO (6): ------------------------------------------------
2017-03-24T12:21:51-06:00 INFO (6): ---- ENVIO PROGRAMADOS - FN LISTAR -------------
2017-03-24T12:21:51-06:00 INFO (6): REQUESTArray
(
    [PHPSESSID] => je1vgcb0h0qj8lkpdoegoi3o90
)

2017-03-24T12:21:58-06:00 INFO (6): ------------------------------------------------
2017-03-24T12:21:58-06:00 INFO (6): ------------------------------------------------
2017-03-24T12:21:58-06:00 INFO (6): ------------------------------------------------
2017-03-24T12:21:58-06:00 INFO (6): ---- ENVIO PROGRAMADOS - FN LISTAR -------------
2017-03-24T12:21:58-06:00 INFO (6): REQUESTArray
(
    [PHPSESSID] => je1vgcb0h0qj8lkpdoegoi3o90
)

2017-03-24T12:25:14-06:00 INFO (6): ------------------------------------------------
2017-03-24T12:25:14-06:00 INFO (6): ------------------------------------------------
2017-03-24T12:25:14-06:00 INFO (6): ------------------------------------------------
2017-03-24T12:25:14-06:00 INFO (6): ---- ENVIO PROGRAMADOS - FN LISTAR -------------
2017-03-24T12:25:14-06:00 INFO (6): REQUESTArray
(
    [PHPSESSID] => je1vgcb0h0qj8lkpdoegoi3o90
)

2017-03-24T12:26:21-06:00 INFO (6): ------------------------------------------------
2017-03-24T12:26:21-06:00 INFO (6): ------------------------------------------------
2017-03-24T12:26:21-06:00 INFO (6): ------------------------------------------------
2017-03-24T12:26:21-06:00 INFO (6): ---- ENVIO PROGRAMADOS - FN LISTAR -------------
2017-03-24T12:26:21-06:00 INFO (6): REQUESTArray
(
    [PHPSESSID] => je1vgcb0h0qj8lkpdoegoi3o90
)

2017-03-24T12:26:56-06:00 INFO (6): ------------------------------------------------
2017-03-24T12:26:56-06:00 INFO (6): ------------------------------------------------
2017-03-24T12:26:56-06:00 INFO (6): ------------------------------------------------
2017-03-24T12:26:56-06:00 INFO (6): ---- ENVIO PROGRAMADOS - FN LISTAR -------------
2017-03-24T12:26:56-06:00 INFO (6): REQUESTArray
(
    [accion] => listar
    [flag] => mensaje
    [msg] => Registro exitoso
    [PHPSESSID] => je1vgcb0h0qj8lkpdoegoi3o90
)

2017-03-24T12:34:13-06:00 INFO (6): ------------------------------------------------
2017-03-24T12:34:13-06:00 INFO (6): ------------------------------------------------
2017-03-24T12:34:13-06:00 INFO (6): ------------------------------------------------
2017-03-24T12:34:13-06:00 INFO (6): ---- ENVIO PROGRAMADOS - FN LISTAR -------------
2017-03-24T12:34:13-06:00 INFO (6): REQUESTArray
(
    [accion] => listar
    [flag] => mensaje
    [msg] => Registro exitoso
    [PHPSESSID] => je1vgcb0h0qj8lkpdoegoi3o90
)

2017-03-24T12:42:32-06:00 INFO (6): ------------------------------------------------
2017-03-24T12:42:32-06:00 INFO (6): ------------------------------------------------
2017-03-24T12:42:32-06:00 INFO (6): ------------------------------------------------
2017-03-24T12:42:32-06:00 INFO (6): ---- ENVIO PROGRAMADOS - FN LISTAR -------------
2017-03-24T12:42:32-06:00 INFO (6): REQUESTArray
(
    [PHPSESSID] => je1vgcb0h0qj8lkpdoegoi3o90
)

2017-03-24T12:42:50-06:00 INFO (6): ------------------------------------------------
2017-03-24T12:42:50-06:00 INFO (6): ------------------------------------------------
2017-03-24T12:42:50-06:00 INFO (6): ------------------------------------------------
2017-03-24T12:42:50-06:00 INFO (6): ---- ENVIO PROGRAMADOS - FN LISTAR -------------
2017-03-24T12:42:50-06:00 INFO (6): REQUESTArray
(
    [accion] => listar
    [flag] => mensaje
    [msg] => Registro exitoso
    [PHPSESSID] => je1vgcb0h0qj8lkpdoegoi3o90
)

2017-03-24T16:19:05-06:00 INFO (6): ------------------------------------------------
2017-03-24T16:19:05-06:00 INFO (6): ------------------------------------------------
2017-03-24T16:19:05-06:00 INFO (6): ------------------------------------------------
2017-03-24T16:19:05-06:00 INFO (6): ---- ENVIO PROGRAMADOS - FN LISTAR -------------
2017-03-24T16:19:05-06:00 INFO (6): REQUESTArray
(
    [PHPSESSID] => q06abqoelqg9sj1qv4fu30dt40
)

2017-03-24T16:22:54-06:00 INFO (6): ------------------------------------------------
2017-03-24T16:22:54-06:00 INFO (6): ------------------------------------------------
2017-03-24T16:22:54-06:00 INFO (6): ------------------------------------------------
2017-03-24T16:22:54-06:00 INFO (6): ---- ENVIO PROGRAMADOS - FN LISTAR -------------
2017-03-24T16:22:54-06:00 INFO (6): REQUESTArray
(
    [PHPSESSID] => q06abqoelqg9sj1qv4fu30dt40
)

2017-03-24T16:47:58-06:00 INFO (6): ------------------------------------------------
2017-03-24T16:47:58-06:00 INFO (6): ------------------------------------------------
2017-03-24T16:47:58-06:00 INFO (6): ------------------------------------------------
2017-03-24T16:47:58-06:00 INFO (6): ---- ENVIO PROGRAMADOS - FN LISTAR -------------
2017-03-24T16:47:58-06:00 INFO (6): REQUESTArray
(
    [PHPSESSID] => je1vgcb0h0qj8lkpdoegoi3o90
)

2017-03-24T17:13:26-06:00 INFO (6): ------------------------------------------------
2017-03-24T17:13:26-06:00 INFO (6): ------------------------------------------------
2017-03-24T17:13:26-06:00 INFO (6): ------------------------------------------------
2017-03-24T17:13:26-06:00 INFO (6): ---- ENVIO PROGRAMADOS - FN LISTAR -------------
2017-03-24T17:13:26-06:00 INFO (6): REQUESTArray
(
    [PHPSESSID] => q06abqoelqg9sj1qv4fu30dt40
)

2017-03-24T17:27:20-06:00 INFO (6): ------------------------------------------------
2017-03-24T17:27:20-06:00 INFO (6): ------------------------------------------------
2017-03-24T17:27:20-06:00 INFO (6): ------------------------------------------------
2017-03-24T17:27:20-06:00 INFO (6): ---- ENVIO PROGRAMADOS - FN LISTAR -------------
2017-03-24T17:27:20-06:00 INFO (6): REQUESTArray
(
    [PHPSESSID] => q06abqoelqg9sj1qv4fu30dt40
)

2017-03-24T17:30:33-06:00 INFO (6): ------------------------------------------------
2017-03-24T17:30:33-06:00 INFO (6): ------------------------------------------------
2017-03-24T17:30:33-06:00 INFO (6): ------------------------------------------------
2017-03-24T17:30:33-06:00 INFO (6): ---- ENVIO PROGRAMADOS - FN LISTAR -------------
2017-03-24T17:30:33-06:00 INFO (6): REQUESTArray
(
    [PHPSESSID] => q06abqoelqg9sj1qv4fu30dt40
)

2017-03-24T17:31:02-06:00 INFO (6): ------------------------------------------------
2017-03-24T17:31:02-06:00 INFO (6): ------------------------------------------------
2017-03-24T17:31:02-06:00 INFO (6): ------------------------------------------------
2017-03-24T17:31:02-06:00 INFO (6): ---- ENVIO PROGRAMADOS - FN LISTAR -------------
2017-03-24T17:31:02-06:00 INFO (6): REQUESTArray
(
    [PHPSESSID] => q06abqoelqg9sj1qv4fu30dt40
)

