2017-03-22T14:48:33-06:00 INFO (6): ------------------------------------------------
2017-03-22T14:48:33-06:00 INFO (6): ------------------------------------------------
2017-03-22T14:48:33-06:00 INFO (6): ------------------------------------------------
2017-03-22T14:48:33-06:00 INFO (6): ---- ENVIO PROGRAMADOS - FN LISTAR -------------
2017-03-22T14:48:33-06:00 INFO (6): REQUESTArray
(
    [PHPSESSID] => je1vgcb0h0qj8lkpdoegoi3o90
)

2017-03-22T14:48:48-06:00 INFO (6): ------------------------------------------------
2017-03-22T14:48:48-06:00 INFO (6): ------------------------------------------------
2017-03-22T14:48:48-06:00 INFO (6): ------------------------------------------------
2017-03-22T14:48:48-06:00 INFO (6): ---- ENVIO PROGRAMADOS - FN LISTAR -------------
2017-03-22T14:48:48-06:00 INFO (6): REQUESTArray
(
    [accion] => listar
    [flag] => mensaje
    [msg] => Registro exitoso
    [PHPSESSID] => je1vgcb0h0qj8lkpdoegoi3o90
)

2017-03-22T14:51:52-06:00 INFO (6): ------------------------------------------------
2017-03-22T14:51:52-06:00 INFO (6): ------------------------------------------------
2017-03-22T14:51:52-06:00 INFO (6): ------------------------------------------------
2017-03-22T14:51:52-06:00 INFO (6): ---- ENVIO PROGRAMADOS - FN LISTAR -------------
2017-03-22T14:51:52-06:00 INFO (6): REQUESTArray
(
    [PHPSESSID] => je1vgcb0h0qj8lkpdoegoi3o90
)

2017-03-22T14:53:09-06:00 INFO (6): ------------------------------------------------
2017-03-22T14:53:09-06:00 INFO (6): ------------------------------------------------
2017-03-22T14:53:09-06:00 INFO (6): ------------------------------------------------
2017-03-22T14:53:09-06:00 INFO (6): ---- ENVIO PROGRAMADOS - FN LISTAR -------------
2017-03-22T14:53:09-06:00 INFO (6): REQUESTArray
(
    [PHPSESSID] => je1vgcb0h0qj8lkpdoegoi3o90
)

2017-03-22T16:34:30-06:00 INFO (6): ------------------------------------------------
2017-03-22T16:34:30-06:00 INFO (6): ------------------------------------------------
2017-03-22T16:34:30-06:00 INFO (6): ------------------------------------------------
2017-03-22T16:34:30-06:00 INFO (6): ---- ENVIO PROGRAMADOS - FN LISTAR -------------
2017-03-22T16:34:30-06:00 INFO (6): REQUESTArray
(
    [PHPSESSID] => je1vgcb0h0qj8lkpdoegoi3o90
)

2017-03-22T16:37:04-06:00 INFO (6): ------------------------------------------------
2017-03-22T16:37:04-06:00 INFO (6): ------------------------------------------------
2017-03-22T16:37:04-06:00 INFO (6): ------------------------------------------------
2017-03-22T16:37:04-06:00 INFO (6): ---- ENVIO PROGRAMADOS - FN LISTAR -------------
2017-03-22T16:37:04-06:00 INFO (6): REQUESTArray
(
    [PHPSESSID] => je1vgcb0h0qj8lkpdoegoi3o90
)

2017-03-22T16:37:23-06:00 INFO (6): ------------------------------------------------
2017-03-22T16:37:23-06:00 INFO (6): ------------------------------------------------
2017-03-22T16:37:23-06:00 INFO (6): ------------------------------------------------
2017-03-22T16:37:23-06:00 INFO (6): ---- ENVIO PROGRAMADOS - FN LISTAR -------------
2017-03-22T16:37:23-06:00 INFO (6): REQUESTArray
(
    [accion] => listar
    [flag] => mensaje
    [msg] => Registro exitoso
    [PHPSESSID] => je1vgcb0h0qj8lkpdoegoi3o90
)

