2017-04-05T11:41:13-05:00 INFO (6): ------------------------------------------------
2017-04-05T11:41:13-05:00 INFO (6): ------------------------------------------------
2017-04-05T11:41:13-05:00 INFO (6): ------------------------------------------------
2017-04-05T11:41:13-05:00 INFO (6): ---- ENVIO PROGRAMADOS - FN LISTAR -------------
2017-04-05T11:41:13-05:00 INFO (6): REQUESTArray
(
    [PHPSESSID] => omj399hbfsilsfdp9qk5vsojk2
)

2017-04-05T11:42:52-05:00 INFO (6): ------------------------------------------------
2017-04-05T11:42:52-05:00 INFO (6): ------------------------------------------------
2017-04-05T11:42:52-05:00 INFO (6): ------------------------------------------------
2017-04-05T11:42:52-05:00 INFO (6): ---- ENVIO PROGRAMADOS - FN LISTAR -------------
2017-04-05T11:42:52-05:00 INFO (6): REQUESTArray
(
    [PHPSESSID] => omj399hbfsilsfdp9qk5vsojk2
)

2017-04-05T11:43:26-05:00 INFO (6): ------------------------------------------------
2017-04-05T11:43:26-05:00 INFO (6): ------------------------------------------------
2017-04-05T11:43:26-05:00 INFO (6): ------------------------------------------------
2017-04-05T11:43:26-05:00 INFO (6): ---- ENVIO PROGRAMADOS - FN LISTAR -------------
2017-04-05T11:43:26-05:00 INFO (6): REQUESTArray
(
    [PHPSESSID] => omj399hbfsilsfdp9qk5vsojk2
)

2017-04-05T11:43:51-05:00 INFO (6): ------------------------------------------------
2017-04-05T11:43:51-05:00 INFO (6): ------------------------------------------------
2017-04-05T11:43:51-05:00 INFO (6): ------------------------------------------------
2017-04-05T11:43:51-05:00 INFO (6): ---- ENVIO PROGRAMADOS - FN LISTAR -------------
2017-04-05T11:43:51-05:00 INFO (6): REQUESTArray
(
    [PHPSESSID] => omj399hbfsilsfdp9qk5vsojk2
)

2017-04-05T11:45:08-05:00 INFO (6): ------------------------------------------------
2017-04-05T11:45:08-05:00 INFO (6): ------------------------------------------------
2017-04-05T11:45:08-05:00 INFO (6): ------------------------------------------------
2017-04-05T11:45:08-05:00 INFO (6): ---- ENVIO PROGRAMADOS - FN LISTAR -------------
2017-04-05T11:45:08-05:00 INFO (6): REQUESTArray
(
    [PHPSESSID] => omj399hbfsilsfdp9qk5vsojk2
)

2017-04-05T11:46:11-05:00 INFO (6): ------------------------------------------------
2017-04-05T11:46:11-05:00 INFO (6): ------------------------------------------------
2017-04-05T11:46:11-05:00 INFO (6): ------------------------------------------------
2017-04-05T11:46:11-05:00 INFO (6): ---- ENVIO PROGRAMADOS - FN LISTAR -------------
2017-04-05T11:46:11-05:00 INFO (6): REQUESTArray
(
    [PHPSESSID] => omj399hbfsilsfdp9qk5vsojk2
)

2017-04-05T12:07:08-05:00 INFO (6): ------------------------------------------------
2017-04-05T12:07:08-05:00 INFO (6): ------------------------------------------------
2017-04-05T12:07:08-05:00 INFO (6): ------------------------------------------------
2017-04-05T12:07:08-05:00 INFO (6): ---- ENVIO PROGRAMADOS - FN LISTAR -------------
2017-04-05T12:07:08-05:00 INFO (6): REQUESTArray
(
    [PHPSESSID] => omj399hbfsilsfdp9qk5vsojk2
)

2017-04-05T12:55:18-05:00 INFO (6): ------------------------------------------------
2017-04-05T12:55:18-05:00 INFO (6): ------------------------------------------------
2017-04-05T12:55:18-05:00 INFO (6): ------------------------------------------------
2017-04-05T12:55:18-05:00 INFO (6): ---- ENVIO PROGRAMADOS - FN LISTAR -------------
2017-04-05T12:55:18-05:00 INFO (6): REQUESTArray
(
    [PHPSESSID] => omj399hbfsilsfdp9qk5vsojk2
)

2017-04-05T12:58:09-05:00 INFO (6): ------------------------------------------------
2017-04-05T12:58:09-05:00 INFO (6): ------------------------------------------------
2017-04-05T12:58:09-05:00 INFO (6): ------------------------------------------------
2017-04-05T12:58:09-05:00 INFO (6): ---- ENVIO PROGRAMADOS - FN LISTAR -------------
2017-04-05T12:58:09-05:00 INFO (6): REQUESTArray
(
    [PHPSESSID] => omj399hbfsilsfdp9qk5vsojk2
)

2017-04-05T13:01:19-05:00 INFO (6): ------------------------------------------------
2017-04-05T13:01:19-05:00 INFO (6): ------------------------------------------------
2017-04-05T13:01:19-05:00 INFO (6): ------------------------------------------------
2017-04-05T13:01:19-05:00 INFO (6): ---- ENVIO PROGRAMADOS - FN LISTAR -------------
2017-04-05T13:01:19-05:00 INFO (6): REQUESTArray
(
    [PHPSESSID] => omj399hbfsilsfdp9qk5vsojk2
)

2017-04-05T13:02:26-05:00 INFO (6): ------------------------------------------------
2017-04-05T13:02:26-05:00 INFO (6): ------------------------------------------------
2017-04-05T13:02:26-05:00 INFO (6): ------------------------------------------------
2017-04-05T13:02:26-05:00 INFO (6): ---- ENVIO PROGRAMADOS - FN LISTAR -------------
2017-04-05T13:02:26-05:00 INFO (6): REQUESTArray
(
    [PHPSESSID] => omj399hbfsilsfdp9qk5vsojk2
)

