2017-03-26T20:02:04-06:00 INFO (6): ------------------------------------------------
2017-03-26T20:02:04-06:00 INFO (6): ------------------------------------------------
2017-03-26T20:02:04-06:00 INFO (6): ------------------------------------------------
2017-03-26T20:02:04-06:00 INFO (6): ---- ENVIO PROGRAMADOS - FN LISTAR -------------
2017-03-26T20:02:04-06:00 INFO (6): REQUESTArray
(
    [PHPSESSID] => p0slapa788hhmufv4uqpuskk14
)

2017-03-26T20:02:28-06:00 INFO (6): ------------------------------------------------
2017-03-26T20:02:28-06:00 INFO (6): ------------------------------------------------
2017-03-26T20:02:28-06:00 INFO (6): ------------------------------------------------
2017-03-26T20:02:28-06:00 INFO (6): ---- ENVIO PROGRAMADOS - FN LISTAR -------------
2017-03-26T20:02:28-06:00 INFO (6): REQUESTArray
(
    [accion] => listar
    [flag] => mensaje
    [msg] => Registro exitoso
    [PHPSESSID] => p0slapa788hhmufv4uqpuskk14
)

2017-03-26T20:29:08-06:00 INFO (6): ------------------------------------------------
2017-03-26T20:29:08-06:00 INFO (6): ------------------------------------------------
2017-03-26T20:29:08-06:00 INFO (6): ------------------------------------------------
2017-03-26T20:29:08-06:00 INFO (6): ---- ENVIO PROGRAMADOS - FN LISTAR -------------
2017-03-26T20:29:08-06:00 INFO (6): REQUESTArray
(
    [PHPSESSID] => p0slapa788hhmufv4uqpuskk14
)

2017-03-26T20:30:00-06:00 INFO (6): >>>>>>>>>>>>>>>>>>>>>>>>>>>>>>>>>>>>>>>>
2017-03-26T20:30:00-06:00 INFO (6): >>>>>>>>>>>>>>>>>>>>>>>>>>>>>>>>>>>>>>>>
2017-03-26T20:30:00-06:00 INFO (6): >>>>>>>>>>>>>>>>>>>>>>>>>>>>>>>>>>>>>>>>
2017-03-26T20:30:00-06:00 INFO (6): >>>>>>>>>>>>>>>>>>>>>>>>>>>>>>>>>>>>>>>>FUNCION CODERE: 2017/03/26 20:30:00
2017-03-26T20:30:00-06:00 INFO (6): _REQUEST::Array
(
    [PHPSESSID] => p0slapa788hhmufv4uqpuskk14
)

2017-03-26T20:30:00-06:00 INFO (6): Array data_cr:: Array
(
    [credito_valor] => 875,98
)

2017-03-26T20:30:00-06:00 INFO (6): SE ACTUALIZO:: 0
2017-03-26T20:30:00-06:00 INFO (6): Fin::..
2017-03-26T20:30:22-06:00 INFO (6): >>>>>>>>>>>>>>>>>>>>>>>>>>>>>>>>>>>>>>>>
2017-03-26T20:30:22-06:00 INFO (6): >>>>>>>>>>>>>>>>>>>>>>>>>>>>>>>>>>>>>>>>
2017-03-26T20:30:22-06:00 INFO (6): >>>>>>>>>>>>>>>>>>>>>>>>>>>>>>>>>>>>>>>>
2017-03-26T20:30:22-06:00 INFO (6): >>>>>>>>>>>>>>>>>>>>>>>>>>>>>>>>>>>>>>>>FUNCION CODERE: 2017/03/26 20:30:22
2017-03-26T20:30:22-06:00 INFO (6): _REQUEST::Array
(
    [PHPSESSID] => p0slapa788hhmufv4uqpuskk14
)

2017-03-26T20:30:22-06:00 INFO (6): Array data_cr:: Array
(
    [credito_valor] => 875,98
)

2017-03-26T20:30:22-06:00 INFO (6): SE ACTUALIZO:: 0
2017-03-26T20:30:22-06:00 INFO (6): Fin::..
2017-03-26T20:30:31-06:00 INFO (6): >>>>>>>>>>>>>>>>>>>>>>>>>>>>>>>>>>>>>>>>
2017-03-26T20:30:31-06:00 INFO (6): >>>>>>>>>>>>>>>>>>>>>>>>>>>>>>>>>>>>>>>>
2017-03-26T20:30:31-06:00 INFO (6): >>>>>>>>>>>>>>>>>>>>>>>>>>>>>>>>>>>>>>>>
2017-03-26T20:30:31-06:00 INFO (6): >>>>>>>>>>>>>>>>>>>>>>>>>>>>>>>>>>>>>>>>FUNCION CODERE: 2017/03/26 20:30:31
2017-03-26T20:30:31-06:00 INFO (6): _REQUEST::Array
(
    [PHPSESSID] => p0slapa788hhmufv4uqpuskk14
)

2017-03-26T20:30:32-06:00 INFO (6): Array data_cr:: Array
(
    [credito_valor] => 875,98
)

2017-03-26T20:30:32-06:00 INFO (6): SE ACTUALIZO:: 0
2017-03-26T20:30:32-06:00 INFO (6): Fin::..
2017-03-26T20:31:10-06:00 INFO (6): >>>>>>>>>>>>>>>>>>>>>>>>>>>>>>>>>>>>>>>>
2017-03-26T20:31:10-06:00 INFO (6): >>>>>>>>>>>>>>>>>>>>>>>>>>>>>>>>>>>>>>>>
2017-03-26T20:31:10-06:00 INFO (6): >>>>>>>>>>>>>>>>>>>>>>>>>>>>>>>>>>>>>>>>
2017-03-26T20:31:10-06:00 INFO (6): >>>>>>>>>>>>>>>>>>>>>>>>>>>>>>>>>>>>>>>>FUNCION CODERE: 2017/03/26 20:31:10
2017-03-26T20:31:10-06:00 INFO (6): _REQUEST::Array
(
    [PHPSESSID] => p0slapa788hhmufv4uqpuskk14
)

2017-03-26T20:31:10-06:00 INFO (6): Fin::..
2017-03-26T20:33:22-06:00 INFO (6): >>>>>>>>>>>>>>>>>>>>>>>>>>>>>>>>>>>>>>>>
2017-03-26T20:33:22-06:00 INFO (6): >>>>>>>>>>>>>>>>>>>>>>>>>>>>>>>>>>>>>>>>
2017-03-26T20:33:22-06:00 INFO (6): >>>>>>>>>>>>>>>>>>>>>>>>>>>>>>>>>>>>>>>>
2017-03-26T20:33:22-06:00 INFO (6): >>>>>>>>>>>>>>>>>>>>>>>>>>>>>>>>>>>>>>>>FUNCION CODERE: 2017/03/26 20:33:22
2017-03-26T20:33:22-06:00 INFO (6): _REQUEST::Array
(
    [PHPSESSID] => p0slapa788hhmufv4uqpuskk14
)

2017-03-26T20:33:22-06:00 INFO (6): Fin::..
2017-03-26T20:33:24-06:00 INFO (6): >>>>>>>>>>>>>>>>>>>>>>>>>>>>>>>>>>>>>>>>
2017-03-26T20:33:24-06:00 INFO (6): >>>>>>>>>>>>>>>>>>>>>>>>>>>>>>>>>>>>>>>>
2017-03-26T20:33:24-06:00 INFO (6): >>>>>>>>>>>>>>>>>>>>>>>>>>>>>>>>>>>>>>>>
2017-03-26T20:33:24-06:00 INFO (6): >>>>>>>>>>>>>>>>>>>>>>>>>>>>>>>>>>>>>>>>FUNCION CODERE: 2017/03/26 20:33:24
2017-03-26T20:33:24-06:00 INFO (6): _REQUEST::Array
(
    [PHPSESSID] => p0slapa788hhmufv4uqpuskk14
)

2017-03-26T20:33:24-06:00 INFO (6): Fin::..
2017-03-26T20:33:52-06:00 INFO (6): >>>>>>>>>>>>>>>>>>>>>>>>>>>>>>>>>>>>>>>>
2017-03-26T20:33:52-06:00 INFO (6): >>>>>>>>>>>>>>>>>>>>>>>>>>>>>>>>>>>>>>>>
2017-03-26T20:33:52-06:00 INFO (6): >>>>>>>>>>>>>>>>>>>>>>>>>>>>>>>>>>>>>>>>
2017-03-26T20:33:52-06:00 INFO (6): >>>>>>>>>>>>>>>>>>>>>>>>>>>>>>>>>>>>>>>>FUNCION CODERE: 2017/03/26 20:33:52
2017-03-26T20:33:52-06:00 INFO (6): _REQUEST::Array
(
    [PHPSESSID] => p0slapa788hhmufv4uqpuskk14
)

2017-03-26T20:33:52-06:00 INFO (6): Fin::..
2017-03-26T20:33:54-06:00 INFO (6): >>>>>>>>>>>>>>>>>>>>>>>>>>>>>>>>>>>>>>>>
2017-03-26T20:33:54-06:00 INFO (6): >>>>>>>>>>>>>>>>>>>>>>>>>>>>>>>>>>>>>>>>
2017-03-26T20:33:54-06:00 INFO (6): >>>>>>>>>>>>>>>>>>>>>>>>>>>>>>>>>>>>>>>>
2017-03-26T20:33:54-06:00 INFO (6): >>>>>>>>>>>>>>>>>>>>>>>>>>>>>>>>>>>>>>>>FUNCION CODERE: 2017/03/26 20:33:54
2017-03-26T20:33:54-06:00 INFO (6): _REQUEST::Array
(
    [PHPSESSID] => p0slapa788hhmufv4uqpuskk14
)

2017-03-26T20:33:54-06:00 INFO (6): Fin::..
2017-03-26T20:33:55-06:00 INFO (6): >>>>>>>>>>>>>>>>>>>>>>>>>>>>>>>>>>>>>>>>
2017-03-26T20:33:55-06:00 INFO (6): >>>>>>>>>>>>>>>>>>>>>>>>>>>>>>>>>>>>>>>>
2017-03-26T20:33:55-06:00 INFO (6): >>>>>>>>>>>>>>>>>>>>>>>>>>>>>>>>>>>>>>>>
2017-03-26T20:33:55-06:00 INFO (6): >>>>>>>>>>>>>>>>>>>>>>>>>>>>>>>>>>>>>>>>FUNCION CODERE: 2017/03/26 20:33:55
2017-03-26T20:33:55-06:00 INFO (6): _REQUEST::Array
(
    [PHPSESSID] => p0slapa788hhmufv4uqpuskk14
)

2017-03-26T20:33:55-06:00 INFO (6): Fin::..
2017-03-26T20:34:01-06:00 INFO (6): ------------------------------------------------
2017-03-26T20:34:01-06:00 INFO (6): ------------------------------------------------
2017-03-26T20:34:01-06:00 INFO (6): ------------------------------------------------
2017-03-26T20:34:01-06:00 INFO (6): ---- ENVIO PROGRAMADOS - FN LISTAR -------------
2017-03-26T20:34:01-06:00 INFO (6): REQUESTArray
(
    [PHPSESSID] => p0slapa788hhmufv4uqpuskk14
)

2017-03-26T20:34:16-06:00 INFO (6): ------------------------------------------------
2017-03-26T20:34:16-06:00 INFO (6): ------------------------------------------------
2017-03-26T20:34:16-06:00 INFO (6): ------------------------------------------------
2017-03-26T20:34:16-06:00 INFO (6): ---- ENVIO PROGRAMADOS - FN LISTAR -------------
2017-03-26T20:34:16-06:00 INFO (6): REQUESTArray
(
    [accion] => listar
    [flag] => mensaje
    [msg] => Registro exitoso
    [PHPSESSID] => p0slapa788hhmufv4uqpuskk14
)

2017-03-26T20:34:18-06:00 INFO (6): >>>>>>>>>>>>>>>>>>>>>>>>>>>>>>>>>>>>>>>>
2017-03-26T20:34:18-06:00 INFO (6): >>>>>>>>>>>>>>>>>>>>>>>>>>>>>>>>>>>>>>>>
2017-03-26T20:34:18-06:00 INFO (6): >>>>>>>>>>>>>>>>>>>>>>>>>>>>>>>>>>>>>>>>
2017-03-26T20:34:18-06:00 INFO (6): >>>>>>>>>>>>>>>>>>>>>>>>>>>>>>>>>>>>>>>>FUNCION CODERE: 2017/03/26 20:34:18
2017-03-26T20:34:18-06:00 INFO (6): _REQUEST::Array
(
    [PHPSESSID] => p0slapa788hhmufv4uqpuskk14
)

2017-03-26T20:34:18-06:00 INFO (6): Fin::..
