2017-04-04T10:02:08-05:00 INFO (6): ------------------------------------------------
2017-04-04T10:02:08-05:00 INFO (6): ------------------------------------------------
2017-04-04T10:02:08-05:00 INFO (6): ------------------------------------------------
2017-04-04T10:02:08-05:00 INFO (6): ---- ENVIO PROGRAMADOS - FN LISTAR -------------
2017-04-04T10:02:08-05:00 INFO (6): REQUESTArray
(
    [PHPSESSID] => b8gpmclkc7l4rjs4jfsv1rhau0
)

2017-04-04T10:03:41-05:00 INFO (6): ------------------------------------------------
2017-04-04T10:03:41-05:00 INFO (6): ------------------------------------------------
2017-04-04T10:03:41-05:00 INFO (6): ------------------------------------------------
2017-04-04T10:03:41-05:00 INFO (6): ---- ENVIO PROGRAMADOS - FN LISTAR -------------
2017-04-04T10:03:41-05:00 INFO (6): REQUESTArray
(
    [PHPSESSID] => b8gpmclkc7l4rjs4jfsv1rhau0
)

2017-04-04T11:47:48-05:00 INFO (6): ------------------------------------------------
2017-04-04T11:47:48-05:00 INFO (6): ------------------------------------------------
2017-04-04T11:47:48-05:00 INFO (6): ------------------------------------------------
2017-04-04T11:47:48-05:00 INFO (6): ---- ENVIO PROGRAMADOS - FN LISTAR -------------
2017-04-04T11:47:48-05:00 INFO (6): REQUESTArray
(
    [PHPSESSID] => b8gpmclkc7l4rjs4jfsv1rhau0
)

2017-04-04T11:48:13-05:00 INFO (6): ------------------------------------------------
2017-04-04T11:48:13-05:00 INFO (6): ------------------------------------------------
2017-04-04T11:48:13-05:00 INFO (6): ------------------------------------------------
2017-04-04T11:48:13-05:00 INFO (6): ---- ENVIO PROGRAMADOS - FN LISTAR -------------
2017-04-04T11:48:13-05:00 INFO (6): REQUESTArray
(
    [PHPSESSID] => b8gpmclkc7l4rjs4jfsv1rhau0
)

2017-04-04T11:49:08-05:00 INFO (6): ------------------------------------------------
2017-04-04T11:49:08-05:00 INFO (6): ------------------------------------------------
2017-04-04T11:49:08-05:00 INFO (6): ------------------------------------------------
2017-04-04T11:49:08-05:00 INFO (6): ---- ENVIO PROGRAMADOS - FN LISTAR -------------
2017-04-04T11:49:08-05:00 INFO (6): REQUESTArray
(
    [accion] => listar
    [flag] => mensaje
    [msg] => Registro exitoso
    [PHPSESSID] => b8gpmclkc7l4rjs4jfsv1rhau0
)

2017-04-04T11:49:50-05:00 INFO (6): ------------------------------------------------
2017-04-04T11:49:50-05:00 INFO (6): ------------------------------------------------
2017-04-04T11:49:50-05:00 INFO (6): ------------------------------------------------
2017-04-04T11:49:50-05:00 INFO (6): ---- ENVIO PROGRAMADOS - FN LISTAR -------------
2017-04-04T11:49:50-05:00 INFO (6): REQUESTArray
(
    [accion] => listar
    [flag] => mensaje
    [msg] => Registro exitoso
    [PHPSESSID] => b8gpmclkc7l4rjs4jfsv1rhau0
)

2017-04-04T11:50:14-05:00 INFO (6): ------------------------------------------------
2017-04-04T11:50:14-05:00 INFO (6): ------------------------------------------------
2017-04-04T11:50:14-05:00 INFO (6): ------------------------------------------------
2017-04-04T11:50:14-05:00 INFO (6): ---- ENVIO PROGRAMADOS - FN LISTAR -------------
2017-04-04T11:50:14-05:00 INFO (6): REQUESTArray
(
    [PHPSESSID] => b8gpmclkc7l4rjs4jfsv1rhau0
)

