2017-04-07T09:46:33-05:00 INFO (6): ------------------------------------------------
2017-04-07T09:46:33-05:00 INFO (6): ------------------------------------------------
2017-04-07T09:46:33-05:00 INFO (6): ------------------------------------------------
2017-04-07T09:46:33-05:00 INFO (6): ---- ENVIO PROGRAMADOS - FN LISTAR -------------
2017-04-07T09:46:33-05:00 INFO (6): REQUESTArray
(
    [PHPSESSID] => omj399hbfsilsfdp9qk5vsojk2
)

2017-04-07T09:47:52-05:00 INFO (6): ------------------------------------------------
2017-04-07T09:47:52-05:00 INFO (6): ------------------------------------------------
2017-04-07T09:47:52-05:00 INFO (6): ------------------------------------------------
2017-04-07T09:47:52-05:00 INFO (6): ---- ENVIO PROGRAMADOS - FN LISTAR -------------
2017-04-07T09:47:52-05:00 INFO (6): REQUESTArray
(
    [PHPSESSID] => omj399hbfsilsfdp9qk5vsojk2
)

2017-04-07T10:08:15-05:00 INFO (6): ------------------------------------------------
2017-04-07T10:08:15-05:00 INFO (6): ------------------------------------------------
2017-04-07T10:08:15-05:00 INFO (6): ------------------------------------------------
2017-04-07T10:08:15-05:00 INFO (6): ---- ENVIO PROGRAMADOS - FN LISTAR -------------
2017-04-07T10:08:15-05:00 INFO (6): REQUESTArray
(
    [PHPSESSID] => omj399hbfsilsfdp9qk5vsojk2
)

2017-04-07T10:08:27-05:00 INFO (6): ------------------------------------------------
2017-04-07T10:08:27-05:00 INFO (6): ------------------------------------------------
2017-04-07T10:08:27-05:00 INFO (6): ------------------------------------------------
2017-04-07T10:08:27-05:00 INFO (6): ---- ENVIO PROGRAMADOS - FN LISTAR -------------
2017-04-07T10:08:27-05:00 INFO (6): REQUESTArray
(
    [accion] => listar
    [flag] => mensaje
    [msg] => Registro exitoso
    [PHPSESSID] => omj399hbfsilsfdp9qk5vsojk2
)

2017-04-07T12:18:17-05:00 INFO (6): ------------------------------------------------
2017-04-07T12:18:17-05:00 INFO (6): ------------------------------------------------
2017-04-07T12:18:17-05:00 INFO (6): ------------------------------------------------
2017-04-07T12:18:17-05:00 INFO (6): ---- ENVIO PROGRAMADOS - FN LISTAR -------------
2017-04-07T12:18:17-05:00 INFO (6): REQUESTArray
(
    [PHPSESSID] => sff894kp84aoemnefdgcatam61
)

