2017-03-29T09:36:39-06:00 INFO (6): ------------------------------------------------
2017-03-29T09:36:39-06:00 INFO (6): ------------------------------------------------
2017-03-29T09:36:39-06:00 INFO (6): ------------------------------------------------
2017-03-29T09:36:39-06:00 INFO (6): ---- ENVIO PROGRAMADOS - FN GUARDAR ------------
2017-03-29T09:36:39-06:00 INFO (6): REQUESTArray
(
    [categoria] => nueva
    [fechaenvio] => 2017-03-29
    [horaenvio] => 44c0342125f59f5
    [msgtxt] => hey 2
    [caracteres] => 5
    [accion] => guardar
    [PHPSESSID] => ult1oglvptm271j5gs3lj6g9t0
)

2017-03-29T09:36:39-06:00 INFO (6): CATEGORIA: nueva
2017-03-29T09:36:39-06:00 INFO (6): HORA DE ENVIO: 44c0342125f59f5
2017-03-29T09:36:39-06:00 INFO (6): FECHA DE ENVIO: 2017-03-29
2017-03-29T09:36:39-06:00 INFO (6): MENSAJE: hey 2
2017-03-29T09:36:39-06:00 INFO (6): CAMPANIA: Administrador
2017-03-29T09:36:39-06:00 INFO (6): SI REQUESITO TODOS LOS CAMPOS
2017-03-29T09:36:39-06:00 INFO (6): DIFERENCIA: 0
2017-03-29T09:36:39-06:00 INFO (6): ES UNA FECHA VALIDAD, AUN NO HA PASADO
2017-03-29T09:36:39-06:00 INFO (6): DATOS A INSERTAR EN LA BASE MENSAJES PROGRAMADOS: Array
(
    [mensaje_horario] => 44c0342125f59f5
    [mensaje_horarionombre] => 09:00:00
    [mensaje_mensaje] => hey 2
    [mensaje_nombre] => Administrador
    [mensaje_fechaenvio] => 2017-03-29
    [mensaje_descripcion] => Administrador
    [mensaje_fechaalta] => 2017/03/29 09:36:39
    [mensaje_activo] => 1
    [mensaje_region] => nueva
    [mensaje_ocupacion] => nueva
    [mensaje_procesado] => 1
    [mensaje_usuario] => 1
)

2017-03-29T09:36:39-06:00 INFO (6): SE INSERTO: 1
2017-03-29T09:36:39-06:00 INFO (6): FIN:::...
2017-03-29T10:43:07-06:00 INFO (6): ------------------------------------------------
2017-03-29T10:43:07-06:00 INFO (6): ------------------------------------------------
2017-03-29T10:43:07-06:00 INFO (6): ------------------------------------------------
2017-03-29T10:43:07-06:00 INFO (6): ---- ENVIO PROGRAMADOS - FN GUARDAR ------------
2017-03-29T10:43:07-06:00 INFO (6): REQUESTArray
(
    [categoria] => nueva
    [fechaenvio] => 2017-03-29
    [horaenvio] => 64c03b50e85e7d1
    [msgtxt] => Hey jude lalalalalal
    [caracteres] => 20
    [accion] => guardar
    [PHPSESSID] => ult1oglvptm271j5gs3lj6g9t0
)

2017-03-29T10:43:07-06:00 INFO (6): CATEGORIA: nueva
2017-03-29T10:43:07-06:00 INFO (6): HORA DE ENVIO: 64c03b50e85e7d1
2017-03-29T10:43:07-06:00 INFO (6): FECHA DE ENVIO: 2017-03-29
2017-03-29T10:43:07-06:00 INFO (6): MENSAJE: Hey jude lalalalalal
2017-03-29T10:43:07-06:00 INFO (6): CAMPANIA: Administrador
2017-03-29T10:43:07-06:00 INFO (6): SI REQUESITO TODOS LOS CAMPOS
2017-03-29T10:43:07-06:00 INFO (6): DIFERENCIA: 0
2017-03-29T10:43:07-06:00 INFO (6): ES UNA FECHA VALIDAD, AUN NO HA PASADO
2017-03-29T10:43:07-06:00 INFO (6): DATOS A INSERTAR EN LA BASE MENSAJES PROGRAMADOS: Array
(
    [mensaje_horario] => 64c03b50e85e7d1
    [mensaje_horarionombre] => 10:00:00
    [mensaje_mensaje] => Hey jude lalalalalal
    [mensaje_nombre] => Administrador
    [mensaje_fechaenvio] => 2017-03-29
    [mensaje_descripcion] => Administrador
    [mensaje_fechaalta] => 2017/03/29 10:43:07
    [mensaje_activo] => 1
    [mensaje_region] => nueva
    [mensaje_ocupacion] => nueva
    [mensaje_procesado] => 1
    [mensaje_usuario] => 1
)

2017-03-29T10:43:07-06:00 INFO (6): SE INSERTO: 1
2017-03-29T10:43:08-06:00 INFO (6): FIN:::...
2017-03-29T10:47:33-06:00 INFO (6): ------------------------------------------------
2017-03-29T10:47:33-06:00 INFO (6): ------------------------------------------------
2017-03-29T10:47:33-06:00 INFO (6): ------------------------------------------------
2017-03-29T10:47:33-06:00 INFO (6): ---- ENVIO PROGRAMADOS - FN GUARDAR ------------
2017-03-29T10:47:33-06:00 INFO (6): REQUESTArray
(
    [categoria] => nueva
    [fechaenvio] => 2017-04-05
    [horaenvio] => 22de77ffb0f2990
    [msgtxt] => df
    [caracteres] => 2
    [accion] => guardar
    [PHPSESSID] => ult1oglvptm271j5gs3lj6g9t0
)

2017-03-29T10:48:35-06:00 INFO (6): ------------------------------------------------
2017-03-29T10:48:35-06:00 INFO (6): ------------------------------------------------
2017-03-29T10:48:35-06:00 INFO (6): ------------------------------------------------
2017-03-29T10:48:35-06:00 INFO (6): ---- ENVIO PROGRAMADOS - FN GUARDAR ------------
2017-03-29T10:48:35-06:00 INFO (6): REQUESTArray
(
    [categoria] => nueva
    [fechaenvio] => 2017-03-29
    [horaenvio] => 11de33ffb0f9995
    [msgtxt] => dasdsadsad
    [caracteres] => 10
    [accion] => guardar
    [retenido] => 1.16
    [PHPSESSID] => ult1oglvptm271j5gs3lj6g9t0
)

2017-03-29T10:52:39-06:00 INFO (6): ------------------------------------------------
2017-03-29T10:52:39-06:00 INFO (6): ------------------------------------------------
2017-03-29T10:52:39-06:00 INFO (6): ------------------------------------------------
2017-03-29T10:52:39-06:00 INFO (6): ---- ENVIO PROGRAMADOS - FN GUARDAR ------------
2017-03-29T10:52:39-06:00 INFO (6): REQUESTArray
(
    [categoria] => nueva
    [fechaenvio] => 2017-03-29
    [horaenvio] => 11de33ffb0f9996
    [msgtxt] => sfdafadfadfd
    [caracteres] => 12
    [accion] => guardar
    [retenido] => 1.16
    [PHPSESSID] => ult1oglvptm271j5gs3lj6g9t0
)

2017-03-29T10:52:39-06:00 INFO (6): CATEGORIA: nueva
2017-03-29T10:52:39-06:00 INFO (6): HORA DE ENVIO: 11de33ffb0f9996
2017-03-29T10:52:39-06:00 INFO (6): FECHA DE ENVIO: 2017-03-29
2017-03-29T10:52:39-06:00 INFO (6): MENSAJE: sfdafadfadfd
2017-03-29T10:52:39-06:00 INFO (6): CAMPANIA: Administrador
2017-03-29T10:52:39-06:00 INFO (6): SI REQUESITO TODOS LOS CAMPOS
2017-03-29T10:52:39-06:00 INFO (6): DIFERENCIA: 0
2017-03-29T10:52:39-06:00 INFO (6): ES UNA FECHA VALIDAD, AUN NO HA PASADO
2017-03-29T10:52:39-06:00 INFO (6): DATOS A INSERTAR EN LA BASE MENSAJES PROGRAMADOS: Array
(
    [mensaje_horario] => 11de33ffb0f9996
    [mensaje_horarionombre] => 19:30:00
    [mensaje_mensaje] => sfdafadfadfd
    [mensaje_nombre] => Administrador
    [mensaje_fechaenvio] => 2017-03-29
    [mensaje_descripcion] => Administrador
    [mensaje_fechaalta] => 2017/03/29 10:52:39
    [mensaje_activo] => 1
    [mensaje_region] => nueva
    [mensaje_ocupacion] => nueva
    [mensaje_procesado] => 1
    [mensaje_usuario] => 1
)

2017-03-29T10:52:39-06:00 INFO (6): SE INSERTO: 1
2017-03-29T10:52:39-06:00 INFO (6): FIN:::...
2017-03-29T10:53:38-06:00 INFO (6): ------------------------------------------------
2017-03-29T10:53:38-06:00 INFO (6): ------------------------------------------------
2017-03-29T10:53:38-06:00 INFO (6): ------------------------------------------------
2017-03-29T10:53:38-06:00 INFO (6): ---- ENVIO PROGRAMADOS - FN GUARDAR ------------
2017-03-29T10:53:38-06:00 INFO (6): REQUESTArray
(
    [categoria] => nueva
    [fechaenvio] => 2017-03-29
    [horaenvio] => 22de77ffb0f2990
    [msgtxt] => adsdsa
    [caracteres] => 6
    [accion] => guardar
    [retenido] => 1.16
    [PHPSESSID] => ult1oglvptm271j5gs3lj6g9t0
)

2017-03-29T10:53:38-06:00 INFO (6): CATEGORIA: nueva
2017-03-29T10:53:38-06:00 INFO (6): HORA DE ENVIO: 22de77ffb0f2990
2017-03-29T10:53:38-06:00 INFO (6): FECHA DE ENVIO: 2017-03-29
2017-03-29T10:53:38-06:00 INFO (6): MENSAJE: adsdsa
2017-03-29T10:53:38-06:00 INFO (6): CAMPANIA: Administrador
2017-03-29T10:53:38-06:00 INFO (6): SI REQUESITO TODOS LOS CAMPOS
2017-03-29T10:53:38-06:00 INFO (6): DIFERENCIA: 0
2017-03-29T10:53:38-06:00 INFO (6): ES UNA FECHA VALIDAD, AUN NO HA PASADO
2017-03-29T10:53:38-06:00 INFO (6): DATOS A INSERTAR EN LA BASE MENSAJES PROGRAMADOS: Array
(
    [mensaje_horario] => 22de77ffb0f2990
    [mensaje_horarionombre] => 18:00:00
    [mensaje_mensaje] => adsdsa
    [mensaje_nombre] => Administrador
    [mensaje_fechaenvio] => 2017-03-29
    [mensaje_descripcion] => Administrador
    [mensaje_fechaalta] => 2017/03/29 10:53:38
    [mensaje_activo] => 1
    [mensaje_region] => nueva
    [mensaje_ocupacion] => nueva
    [mensaje_procesado] => 1
    [mensaje_usuario] => 1
)

2017-03-29T10:53:38-06:00 INFO (6): SE INSERTO: 1
2017-03-29T10:54:01-06:00 INFO (6): ------------------------------------------------
2017-03-29T10:54:01-06:00 INFO (6): ------------------------------------------------
2017-03-29T10:54:01-06:00 INFO (6): ------------------------------------------------
2017-03-29T10:54:01-06:00 INFO (6): ---- ENVIO PROGRAMADOS - FN GUARDAR ------------
2017-03-29T10:54:01-06:00 INFO (6): REQUESTArray
(
    [categoria] => nueva
    [fechaenvio] => 2017-03-29
    [horaenvio] => 22de77ffb0f2990
    [msgtxt] => adsdsa
    [caracteres] => 6
    [accion] => guardar
    [retenido] => 1.16
    [PHPSESSID] => ult1oglvptm271j5gs3lj6g9t0
)

2017-03-29T10:54:01-06:00 INFO (6): CATEGORIA: nueva
2017-03-29T10:54:01-06:00 INFO (6): HORA DE ENVIO: 22de77ffb0f2990
2017-03-29T10:54:01-06:00 INFO (6): FECHA DE ENVIO: 2017-03-29
2017-03-29T10:54:01-06:00 INFO (6): MENSAJE: adsdsa
2017-03-29T10:54:01-06:00 INFO (6): CAMPANIA: Administrador
2017-03-29T10:54:01-06:00 INFO (6): SI REQUESITO TODOS LOS CAMPOS
2017-03-29T10:54:01-06:00 INFO (6): DIFERENCIA: 0
2017-03-29T10:54:01-06:00 INFO (6): ES UNA FECHA VALIDAD, AUN NO HA PASADO
2017-03-29T10:54:01-06:00 INFO (6): Ya está repetido la programación de ese envío
2017-03-29T10:54:01-06:00 INFO (6): FIN:::...
2017-03-29T10:54:35-06:00 INFO (6): ------------------------------------------------
2017-03-29T10:54:35-06:00 INFO (6): ------------------------------------------------
2017-03-29T10:54:35-06:00 INFO (6): ------------------------------------------------
2017-03-29T10:54:35-06:00 INFO (6): ---- ENVIO PROGRAMADOS - FN GUARDAR ------------
2017-03-29T10:54:35-06:00 INFO (6): REQUESTArray
(
    [categoria] => nueva
    [fechaenvio] => 2017-03-29
    [horaenvio] => 64c0d309f24d0d6
    [msgtxt] => Hola
    [caracteres] => 4
    [accion] => guardar
    [retenido] => 1.16
    [PHPSESSID] => ult1oglvptm271j5gs3lj6g9t0
)

2017-03-29T10:54:35-06:00 INFO (6): CATEGORIA: nueva
2017-03-29T10:54:35-06:00 INFO (6): HORA DE ENVIO: 64c0d309f24d0d6
2017-03-29T10:54:35-06:00 INFO (6): FECHA DE ENVIO: 2017-03-29
2017-03-29T10:54:35-06:00 INFO (6): MENSAJE: Hola
2017-03-29T10:54:35-06:00 INFO (6): CAMPANIA: Administrador
2017-03-29T10:54:35-06:00 INFO (6): SI REQUESITO TODOS LOS CAMPOS
2017-03-29T10:54:35-06:00 INFO (6): DIFERENCIA: 0
2017-03-29T10:54:35-06:00 INFO (6): ES UNA FECHA VALIDAD, AUN NO HA PASADO
2017-03-29T10:54:35-06:00 INFO (6): DATOS A INSERTAR EN LA BASE MENSAJES PROGRAMADOS: Array
(
    [mensaje_horario] => 64c0d309f24d0d6
    [mensaje_horarionombre] => 15:30:00
    [mensaje_mensaje] => Hola
    [mensaje_nombre] => Administrador
    [mensaje_fechaenvio] => 2017-03-29
    [mensaje_descripcion] => Administrador
    [mensaje_fechaalta] => 2017/03/29 10:54:35
    [mensaje_activo] => 1
    [mensaje_region] => nueva
    [mensaje_ocupacion] => nueva
    [mensaje_procesado] => 1
    [mensaje_usuario] => 1
)

2017-03-29T10:54:35-06:00 INFO (6): SE INSERTO: 1
2017-03-29T10:54:35-06:00 INFO (6): FIN:::...
2017-03-29T10:55:01-06:00 INFO (6): ------------------------------------------------
2017-03-29T10:55:01-06:00 INFO (6): ------------------------------------------------
2017-03-29T10:55:01-06:00 INFO (6): ------------------------------------------------
2017-03-29T10:55:01-06:00 INFO (6): ---- ENVIO PROGRAMADOS - FN GUARDAR ------------
2017-03-29T10:55:01-06:00 INFO (6): REQUESTArray
(
    [categoria] => dummy2
    [fechaenvio] => 2017-03-29
    [horaenvio] => 11de33ffb0f9990
    [msgtxt] => hey jude
    [caracteres] => 8
    [accion] => guardar
    [retenido] => 40.6
    [PHPSESSID] => ult1oglvptm271j5gs3lj6g9t0
)

2017-03-29T10:55:01-06:00 INFO (6): CATEGORIA: dummy2
2017-03-29T10:55:01-06:00 INFO (6): HORA DE ENVIO: 11de33ffb0f9990
2017-03-29T10:55:01-06:00 INFO (6): FECHA DE ENVIO: 2017-03-29
2017-03-29T10:55:01-06:00 INFO (6): MENSAJE: hey jude
2017-03-29T10:55:01-06:00 INFO (6): CAMPANIA: Administrador
2017-03-29T10:55:01-06:00 INFO (6): SI REQUESITO TODOS LOS CAMPOS
2017-03-29T10:55:01-06:00 INFO (6): DIFERENCIA: 0
2017-03-29T10:55:01-06:00 INFO (6): ES UNA FECHA VALIDAD, AUN NO HA PASADO
2017-03-29T10:55:01-06:00 INFO (6): DATOS A INSERTAR EN LA BASE MENSAJES PROGRAMADOS: Array
(
    [mensaje_horario] => 11de33ffb0f9990
    [mensaje_horarionombre] => 19:00:00
    [mensaje_mensaje] => hey jude
    [mensaje_nombre] => Administrador
    [mensaje_fechaenvio] => 2017-03-29
    [mensaje_descripcion] => Administrador
    [mensaje_fechaalta] => 2017/03/29 10:55:01
    [mensaje_activo] => 1
    [mensaje_region] => dummy2
    [mensaje_ocupacion] => dummy2
    [mensaje_procesado] => 1
    [mensaje_usuario] => 1
)

2017-03-29T10:55:01-06:00 INFO (6): SE INSERTO: 1
2017-03-29T10:55:02-06:00 INFO (6): FIN:::...
2017-03-29T11:09:59-06:00 INFO (6): ------------------------------------------------
2017-03-29T11:09:59-06:00 INFO (6): ------------------------------------------------
2017-03-29T11:09:59-06:00 INFO (6): ------------------------------------------------
2017-03-29T11:09:59-06:00 INFO (6): ---- ENVIO PROGRAMADOS - FN GUARDAR ------------
2017-03-29T11:09:59-06:00 INFO (6): REQUESTArray
(
    [categoria] => nueva
    [fechaenvio] => 2017-03-29
    [horaenvio] => 64c03b50e85e7d1
    [msgtxt] => yes man
    [caracteres] => 7
    [accion] => guardar
    [retenido] => 1.16
    [PHPSESSID] => ult1oglvptm271j5gs3lj6g9t0
)

2017-03-29T11:09:59-06:00 INFO (6): CATEGORIA: nueva
2017-03-29T11:09:59-06:00 INFO (6): HORA DE ENVIO: 64c03b50e85e7d1
2017-03-29T11:09:59-06:00 INFO (6): FECHA DE ENVIO: 2017-03-29
2017-03-29T11:09:59-06:00 INFO (6): MENSAJE: yes man
2017-03-29T11:09:59-06:00 INFO (6): CAMPANIA: Administrador
2017-03-29T11:09:59-06:00 INFO (6): SI REQUESITO TODOS LOS CAMPOS
2017-03-29T11:09:59-06:00 INFO (6): DIFERENCIA: 0
2017-03-29T11:09:59-06:00 INFO (6): ES UNA FECHA VALIDAD, AUN NO HA PASADO
2017-03-29T11:09:59-06:00 INFO (6): DATOS A INSERTAR EN LA BASE MENSAJES PROGRAMADOS: Array
(
    [mensaje_horario] => 64c03b50e85e7d1
    [mensaje_horarionombre] => 10:00:00
    [mensaje_mensaje] => yes man
    [mensaje_nombre] => Administrador
    [mensaje_fechaenvio] => 2017-03-29
    [mensaje_descripcion] => Administrador
    [mensaje_fechaalta] => 2017/03/29 11:09:59
    [mensaje_activo] => 1
    [mensaje_region] => nueva
    [mensaje_ocupacion] => nueva
    [mensaje_procesado] => 1
    [mensaje_usuario] => 1
)

2017-03-29T11:09:59-06:00 INFO (6): SE INSERTO: 1
2017-03-29T11:09:59-06:00 INFO (6): FIN:::...
2017-03-29T11:18:39-06:00 INFO (6): ------------------------------------------------
2017-03-29T11:18:39-06:00 INFO (6): ------------------------------------------------
2017-03-29T11:18:39-06:00 INFO (6): ------------------------------------------------
2017-03-29T11:18:39-06:00 INFO (6): ---- ENVIO PROGRAMADOS - FN GUARDAR ------------
2017-03-29T11:18:39-06:00 INFO (6): REQUESTArray
(
    [categoria] => dummy2
    [fechaenvio] => 2017-03-29
    [horaenvio] => 22de77ffb0f2995
    [msgtxt] => weed
    [caracteres] => 4
    [accion] => guardar
    [retenido] => 40.6
    [PHPSESSID] => ult1oglvptm271j5gs3lj6g9t0
)

2017-03-29T11:18:39-06:00 INFO (6): CATEGORIA: dummy2
2017-03-29T11:18:39-06:00 INFO (6): HORA DE ENVIO: 22de77ffb0f2995
2017-03-29T11:18:39-06:00 INFO (6): FECHA DE ENVIO: 2017-03-29
2017-03-29T11:18:39-06:00 INFO (6): MENSAJE: weed
2017-03-29T11:18:39-06:00 INFO (6): CAMPANIA: Administrador
2017-03-29T11:18:39-06:00 INFO (6): SI REQUESITO TODOS LOS CAMPOS
2017-03-29T11:18:39-06:00 INFO (6): DIFERENCIA: 0
2017-03-29T11:18:39-06:00 INFO (6): ES UNA FECHA VALIDAD, AUN NO HA PASADO
2017-03-29T11:18:39-06:00 INFO (6): DATOS A INSERTAR EN LA BASE MENSAJES PROGRAMADOS: Array
(
    [mensaje_horario] => 22de77ffb0f2995
    [mensaje_horarionombre] => 20:30:00
    [mensaje_mensaje] => weed
    [mensaje_nombre] => Administrador
    [mensaje_fechaenvio] => 2017-03-29
    [mensaje_descripcion] => Administrador
    [mensaje_fechaalta] => 2017/03/29 11:18:39
    [mensaje_activo] => 1
    [mensaje_region] => dummy2
    [mensaje_ocupacion] => dummy2
    [mensaje_procesado] => 1
    [mensaje_usuario] => 1
)

2017-03-29T11:18:39-06:00 INFO (6): SE INSERTO: 1
2017-03-29T11:18:40-06:00 INFO (6): FIN:::...
2017-03-29T11:18:55-06:00 INFO (6): ------------------------------------------------
2017-03-29T11:18:55-06:00 INFO (6): ------------------------------------------------
2017-03-29T11:18:55-06:00 INFO (6): ------------------------------------------------
2017-03-29T11:18:55-06:00 INFO (6): ---- ENVIO PROGRAMADOS - FN GUARDAR ------------
2017-03-29T11:18:55-06:00 INFO (6): REQUESTArray
(
    [categoria] => dummy2
    [fechaenvio] => 2017-03-29
    [horaenvio] => 11de33ffb0f9995
    [msgtxt] => weed2
    [caracteres] => 5
    [accion] => guardar
    [retenido] => 40.6
    [PHPSESSID] => ult1oglvptm271j5gs3lj6g9t0
)

2017-03-29T11:18:55-06:00 INFO (6): CATEGORIA: dummy2
2017-03-29T11:18:55-06:00 INFO (6): HORA DE ENVIO: 11de33ffb0f9995
2017-03-29T11:18:55-06:00 INFO (6): FECHA DE ENVIO: 2017-03-29
2017-03-29T11:18:55-06:00 INFO (6): MENSAJE: weed2
2017-03-29T11:18:55-06:00 INFO (6): CAMPANIA: Administrador
2017-03-29T11:18:55-06:00 INFO (6): SI REQUESITO TODOS LOS CAMPOS
2017-03-29T11:18:55-06:00 INFO (6): DIFERENCIA: 0
2017-03-29T11:18:55-06:00 INFO (6): ES UNA FECHA VALIDAD, AUN NO HA PASADO
2017-03-29T11:18:55-06:00 INFO (6): DATOS A INSERTAR EN LA BASE MENSAJES PROGRAMADOS: Array
(
    [mensaje_horario] => 11de33ffb0f9995
    [mensaje_horarionombre] => 21:00:00
    [mensaje_mensaje] => weed2
    [mensaje_nombre] => Administrador
    [mensaje_fechaenvio] => 2017-03-29
    [mensaje_descripcion] => Administrador
    [mensaje_fechaalta] => 2017/03/29 11:18:55
    [mensaje_activo] => 1
    [mensaje_region] => dummy2
    [mensaje_ocupacion] => dummy2
    [mensaje_procesado] => 1
    [mensaje_usuario] => 1
)

2017-03-29T11:18:55-06:00 INFO (6): SE INSERTO: 1
2017-03-29T11:18:55-06:00 INFO (6): FIN:::...
2017-03-29T11:53:04-06:00 INFO (6): ------------------------------------------------
2017-03-29T11:53:04-06:00 INFO (6): ------------------------------------------------
2017-03-29T11:53:04-06:00 INFO (6): ------------------------------------------------
2017-03-29T11:53:04-06:00 INFO (6): ---- ENVIO PROGRAMADOS - FN GUARDAR ------------
2017-03-29T11:53:04-06:00 INFO (6): REQUESTArray
(
    [categoria] => nueva
    [fechaenvio] => 2017-03-29
    [horaenvio] => 64c03b50e85e7d6
    [msgtxt] => quitame ese hombre del corazón
    [caracteres] => 30
    [accion] => guardar
    [retenido] => 1.16
    [PHPSESSID] => ult1oglvptm271j5gs3lj6g9t0
)

2017-03-29T11:53:05-06:00 INFO (6): CATEGORIA: nueva
2017-03-29T11:53:05-06:00 INFO (6): HORA DE ENVIO: 64c03b50e85e7d6
2017-03-29T11:53:05-06:00 INFO (6): FECHA DE ENVIO: 2017-03-29
2017-03-29T11:53:05-06:00 INFO (6): MENSAJE: quitame ese hombre del corazon
2017-03-29T11:53:05-06:00 INFO (6): CAMPANIA: Administrador
2017-03-29T11:53:05-06:00 INFO (6): SI REQUESITO TODOS LOS CAMPOS
2017-03-29T11:53:05-06:00 INFO (6): DIFERENCIA: 0
2017-03-29T11:53:05-06:00 INFO (6): ES UNA FECHA VALIDAD, AUN NO HA PASADO
2017-03-29T11:53:05-06:00 INFO (6): DATOS A INSERTAR EN LA BASE MENSAJES PROGRAMADOS: Array
(
    [mensaje_horario] => 64c03b50e85e7d6
    [mensaje_horarionombre] => 10:30:00
    [mensaje_mensaje] => quitame ese hombre del corazon
    [mensaje_nombre] => Administrador
    [mensaje_fechaenvio] => 2017-03-29
    [mensaje_descripcion] => Administrador
    [mensaje_fechaalta] => 2017/03/29 11:53:05
    [mensaje_activo] => 1
    [mensaje_region] => nueva
    [mensaje_ocupacion] => nueva
    [mensaje_procesado] => 1
    [mensaje_usuario] => 1
)

2017-03-29T11:53:05-06:00 INFO (6): SE INSERTO: 1
2017-03-29T11:53:05-06:00 INFO (6): FIN:::...
2017-03-29T12:21:23-06:00 INFO (6): ------------------------------------------------
2017-03-29T12:21:23-06:00 INFO (6): ------------------------------------------------
2017-03-29T12:21:23-06:00 INFO (6): ------------------------------------------------
2017-03-29T12:21:23-06:00 INFO (6): ---- ENVIO PROGRAMADOS - FN GUARDAR ------------
2017-03-29T12:21:23-06:00 INFO (6): REQUESTArray
(
    [categoria] => nueva
    [fechaenvio] => 2017-03-29
    [horaenvio] => 24c03b5364d69a6
    [msgtxt] => And I love you
    [caracteres] => 14
    [accion] => guardar
    [retenido] => 1.16
    [PHPSESSID] => ult1oglvptm271j5gs3lj6g9t0
)

2017-03-29T12:21:23-06:00 INFO (6): CATEGORIA: nueva
2017-03-29T12:21:23-06:00 INFO (6): HORA DE ENVIO: 24c03b5364d69a6
2017-03-29T12:21:23-06:00 INFO (6): FECHA DE ENVIO: 2017-03-29
2017-03-29T12:21:23-06:00 INFO (6): MENSAJE: And I love you
2017-03-29T12:21:23-06:00 INFO (6): CAMPANIA: Administrador
2017-03-29T12:21:23-06:00 INFO (6): SI REQUESITO TODOS LOS CAMPOS
2017-03-29T12:21:23-06:00 INFO (6): DIFERENCIA: 0
2017-03-29T12:21:23-06:00 INFO (6): ES UNA FECHA VALIDAD, AUN NO HA PASADO
2017-03-29T12:21:23-06:00 INFO (6): DATOS A INSERTAR EN LA BASE MENSAJES PROGRAMADOS: Array
(
    [mensaje_horario] => 24c03b5364d69a6
    [mensaje_horarionombre] => 11:30:00
    [mensaje_mensaje] => And I love you
    [mensaje_nombre] => Administrador
    [mensaje_fechaenvio] => 2017-03-29
    [mensaje_descripcion] => Administrador
    [mensaje_fechaalta] => 2017/03/29 12:21:23
    [mensaje_activo] => 1
    [mensaje_region] => nueva
    [mensaje_ocupacion] => nueva
    [mensaje_procesado] => 1
    [mensaje_usuario] => 1
)

2017-03-29T12:21:24-06:00 INFO (6): SE INSERTO: 1
2017-03-29T12:21:25-06:00 INFO (6): FIN:::...
2017-03-29T12:39:39-06:00 INFO (6): ------------------------------------------------
2017-03-29T12:39:39-06:00 INFO (6): ------------------------------------------------
2017-03-29T12:39:39-06:00 INFO (6): ------------------------------------------------
2017-03-29T12:39:39-06:00 INFO (6): ---- ENVIO PROGRAMADOS - FN GUARDAR ------------
2017-03-29T12:39:39-06:00 INFO (6): REQUESTArray
(
    [categoria] => nueva
    [fechaenvio] => 2017-03-29
    [horaenvio] => 44c056202798260
    [msgtxt] => and I love her
    [caracteres] => 14
    [accion] => guardar
    [retenido] => 1.16
    [PHPSESSID] => ult1oglvptm271j5gs3lj6g9t0
)

2017-03-29T12:39:39-06:00 INFO (6): CATEGORIA: nueva
2017-03-29T12:39:39-06:00 INFO (6): HORA DE ENVIO: 44c056202798260
2017-03-29T12:39:39-06:00 INFO (6): FECHA DE ENVIO: 2017-03-29
2017-03-29T12:39:39-06:00 INFO (6): MENSAJE: and I love her
2017-03-29T12:39:39-06:00 INFO (6): CAMPANIA: Administrador
2017-03-29T12:39:39-06:00 INFO (6): SI REQUESITO TODOS LOS CAMPOS
2017-03-29T12:39:39-06:00 INFO (6): DIFERENCIA: 0
2017-03-29T12:39:39-06:00 INFO (6): ES UNA FECHA VALIDAD, AUN NO HA PASADO
2017-03-29T12:39:39-06:00 INFO (6): DATOS A INSERTAR EN LA BASE MENSAJES PROGRAMADOS: Array
(
    [mensaje_horario] => 44c056202798260
    [mensaje_horarionombre] => 13:00:00
    [mensaje_mensaje] => and I love her
    [mensaje_nombre] => Administrador
    [mensaje_fechaenvio] => 2017-03-29
    [mensaje_descripcion] => Administrador
    [mensaje_fechaalta] => 2017/03/29 12:39:39
    [mensaje_activo] => 1
    [mensaje_region] => nueva
    [mensaje_ocupacion] => nueva
    [mensaje_procesado] => 1
    [mensaje_usuario] => 1
)

2017-03-29T12:39:39-06:00 INFO (6): SE INSERTO: 1
2017-03-29T12:39:40-06:00 INFO (6): FIN:::...
2017-03-29T14:03:42-06:00 INFO (6): ------------------------------------------------
2017-03-29T14:03:42-06:00 INFO (6): ------------------------------------------------
2017-03-29T14:03:42-06:00 INFO (6): ------------------------------------------------
2017-03-29T14:03:42-06:00 INFO (6): ---- ENVIO PROGRAMADOS - FN GUARDAR ------------
2017-03-29T14:03:42-06:00 INFO (6): REQUESTArray
(
    [categoria] => nueva
    [fechaenvio] => 2017-03-29
    [horaenvio] => 44c056202798266
    [msgtxt] => ella noes iediweijdijewiodjq
    [caracteres] => 28
    [accion] => guardar
    [retenido] => 1.16
    [PHPSESSID] => ult1oglvptm271j5gs3lj6g9t0
)

2017-03-29T14:03:42-06:00 INFO (6): CATEGORIA: nueva
2017-03-29T14:03:42-06:00 INFO (6): HORA DE ENVIO: 44c056202798266
2017-03-29T14:03:42-06:00 INFO (6): FECHA DE ENVIO: 2017-03-29
2017-03-29T14:03:42-06:00 INFO (6): MENSAJE: ella noes iediweijdijewiodjq
2017-03-29T14:03:42-06:00 INFO (6): CAMPANIA: Administrador
2017-03-29T14:03:42-06:00 INFO (6): SI REQUESITO TODOS LOS CAMPOS
2017-03-29T14:03:42-06:00 INFO (6): DIFERENCIA: 0
2017-03-29T14:03:42-06:00 INFO (6): ES UNA FECHA VALIDAD, AUN NO HA PASADO
2017-03-29T14:03:42-06:00 INFO (6): DATOS A INSERTAR EN LA BASE MENSAJES PROGRAMADOS: Array
(
    [mensaje_horario] => 44c056202798266
    [mensaje_horarionombre] => 13:30:00
    [mensaje_mensaje] => ella noes iediweijdijewiodjq
    [mensaje_nombre] => Administrador
    [mensaje_fechaenvio] => 2017-03-29
    [mensaje_descripcion] => Administrador
    [mensaje_fechaalta] => 2017/03/29 14:03:42
    [mensaje_activo] => 1
    [mensaje_region] => nueva
    [mensaje_ocupacion] => nueva
    [mensaje_procesado] => 1
    [mensaje_usuario] => 1
)

2017-03-29T14:03:42-06:00 INFO (6): SE INSERTO: 1
2017-03-29T14:03:42-06:00 INFO (6): FIN:::...
2017-03-29T14:06:59-06:00 INFO (6): ------------------------------------------------
2017-03-29T14:06:59-06:00 INFO (6): ------------------------------------------------
2017-03-29T14:06:59-06:00 INFO (6): ------------------------------------------------
2017-03-29T14:06:59-06:00 INFO (6): ---- ENVIO PROGRAMADOS - FN GUARDAR ------------
2017-03-29T14:06:59-06:00 INFO (6): REQUESTArray
(
    [categoria] => nueva
    [fechaenvio] => 2017-03-29
    [horaenvio] => 24c03b5364d69a6
    [msgtxt] => hey hey hey hey
    [caracteres] => 15
    [accion] => guardar
    [retenido] => 1.16
    [PHPSESSID] => ult1oglvptm271j5gs3lj6g9t0
)

2017-03-29T14:06:59-06:00 INFO (6): CATEGORIA: nueva
2017-03-29T14:06:59-06:00 INFO (6): HORA DE ENVIO: 24c03b5364d69a6
2017-03-29T14:06:59-06:00 INFO (6): FECHA DE ENVIO: 2017-03-29
2017-03-29T14:06:59-06:00 INFO (6): MENSAJE: hey hey hey hey
2017-03-29T14:06:59-06:00 INFO (6): CAMPANIA: Administrador
2017-03-29T14:06:59-06:00 INFO (6): SI REQUESITO TODOS LOS CAMPOS
2017-03-29T14:06:59-06:00 INFO (6): DIFERENCIA: 0
2017-03-29T14:06:59-06:00 INFO (6): ES UNA FECHA VALIDAD, AUN NO HA PASADO
2017-03-29T14:07:00-06:00 INFO (6): DATOS A INSERTAR EN LA BASE MENSAJES PROGRAMADOS: Array
(
    [mensaje_horario] => 24c03b5364d69a6
    [mensaje_horarionombre] => 11:30:00
    [mensaje_mensaje] => hey hey hey hey
    [mensaje_nombre] => Administrador
    [mensaje_fechaenvio] => 2017-03-29
    [mensaje_descripcion] => Administrador
    [mensaje_fechaalta] => 2017/03/29 14:07:00
    [mensaje_activo] => 1
    [mensaje_region] => nueva
    [mensaje_ocupacion] => nueva
    [mensaje_procesado] => 1
    [mensaje_usuario] => 1
)

2017-03-29T14:07:00-06:00 INFO (6): SE INSERTO: 1
2017-03-29T14:07:00-06:00 INFO (6): FIN:::...
2017-03-29T14:11:36-06:00 INFO (6): ------------------------------------------------
2017-03-29T14:11:36-06:00 INFO (6): ------------------------------------------------
2017-03-29T14:11:36-06:00 INFO (6): ------------------------------------------------
2017-03-29T14:11:36-06:00 INFO (6): ---- ENVIO PROGRAMADOS - FN GUARDAR ------------
2017-03-29T14:11:36-06:00 INFO (6): REQUESTArray
(
    [categoria] => dummy2
    [fechaenvio] => 2017-03-29
    [horaenvio] => 44c056202798266
    [msgtxt] => Mensaje que naco soy 
    [caracteres] => 21
    [accion] => guardar
    [retenido] => 40.6
    [PHPSESSID] => ult1oglvptm271j5gs3lj6g9t0
)

2017-03-29T14:11:36-06:00 INFO (6): CATEGORIA: dummy2
2017-03-29T14:11:36-06:00 INFO (6): HORA DE ENVIO: 44c056202798266
2017-03-29T14:11:36-06:00 INFO (6): FECHA DE ENVIO: 2017-03-29
2017-03-29T14:11:36-06:00 INFO (6): MENSAJE: Mensaje que naco soy 
2017-03-29T14:11:36-06:00 INFO (6): CAMPANIA: Administrador
2017-03-29T14:11:36-06:00 INFO (6): SI REQUESITO TODOS LOS CAMPOS
2017-03-29T14:11:36-06:00 INFO (6): DIFERENCIA: 0
2017-03-29T14:11:36-06:00 INFO (6): ES UNA FECHA VALIDAD, AUN NO HA PASADO
2017-03-29T14:11:36-06:00 INFO (6): DATOS A INSERTAR EN LA BASE MENSAJES PROGRAMADOS: Array
(
    [mensaje_horario] => 44c056202798266
    [mensaje_horarionombre] => 13:30:00
    [mensaje_mensaje] => Mensaje que naco soy 
    [mensaje_nombre] => Administrador
    [mensaje_fechaenvio] => 2017-03-29
    [mensaje_descripcion] => Administrador
    [mensaje_fechaalta] => 2017/03/29 14:11:36
    [mensaje_activo] => 1
    [mensaje_region] => dummy2
    [mensaje_ocupacion] => dummy2
    [mensaje_procesado] => 1
    [mensaje_usuario] => 1
)

2017-03-29T14:11:36-06:00 INFO (6): SE INSERTO: 1
2017-03-29T14:11:37-06:00 INFO (6): FIN:::...
2017-03-29T14:12:15-06:00 INFO (6): ------------------------------------------------
2017-03-29T14:12:15-06:00 INFO (6): ------------------------------------------------
2017-03-29T14:12:15-06:00 INFO (6): ------------------------------------------------
2017-03-29T14:12:15-06:00 INFO (6): ---- ENVIO PROGRAMADOS - FN GUARDAR ------------
2017-03-29T14:12:15-06:00 INFO (6): REQUESTArray
(
    [categoria] => dummy2
    [fechaenvio] => 2017-03-29
    [horaenvio] => 44c056202798266
    [msgtxt] => Mensaje que naco soy
    [caracteres] => 20
    [accion] => guardar
    [retenido] => 40.6
    [PHPSESSID] => ult1oglvptm271j5gs3lj6g9t0
)

2017-03-29T14:12:15-06:00 INFO (6): CATEGORIA: dummy2
2017-03-29T14:12:15-06:00 INFO (6): HORA DE ENVIO: 44c056202798266
2017-03-29T14:12:15-06:00 INFO (6): FECHA DE ENVIO: 2017-03-29
2017-03-29T14:12:15-06:00 INFO (6): MENSAJE: Mensaje que naco soy
2017-03-29T14:12:15-06:00 INFO (6): CAMPANIA: Administrador
2017-03-29T14:12:15-06:00 INFO (6): SI REQUESITO TODOS LOS CAMPOS
2017-03-29T14:12:15-06:00 INFO (6): DIFERENCIA: 0
2017-03-29T14:12:15-06:00 INFO (6): ES UNA FECHA VALIDAD, AUN NO HA PASADO
2017-03-29T14:12:15-06:00 INFO (6): Ya está repetido la programación de ese envío
2017-03-29T14:12:15-06:00 INFO (6): FIN:::...
2017-03-29T14:12:45-06:00 INFO (6): ------------------------------------------------
2017-03-29T14:12:45-06:00 INFO (6): ------------------------------------------------
2017-03-29T14:12:45-06:00 INFO (6): ------------------------------------------------
2017-03-29T14:12:45-06:00 INFO (6): ---- ENVIO PROGRAMADOS - FN GUARDAR ------------
2017-03-29T14:12:45-06:00 INFO (6): REQUESTArray
(
    [categoria] => nueva
    [fechaenvio] => 2017-03-29
    [horaenvio] => 44c056202798260
    [msgtxt] => hola amigos
    [caracteres] => 11
    [accion] => guardar
    [retenido] => 1.16
    [PHPSESSID] => ult1oglvptm271j5gs3lj6g9t0
)

2017-03-29T14:12:45-06:00 INFO (6): CATEGORIA: nueva
2017-03-29T14:12:45-06:00 INFO (6): HORA DE ENVIO: 44c056202798260
2017-03-29T14:12:45-06:00 INFO (6): FECHA DE ENVIO: 2017-03-29
2017-03-29T14:12:45-06:00 INFO (6): MENSAJE: hola amigos
2017-03-29T14:12:45-06:00 INFO (6): CAMPANIA: Administrador
2017-03-29T14:12:45-06:00 INFO (6): SI REQUESITO TODOS LOS CAMPOS
2017-03-29T14:12:45-06:00 INFO (6): DIFERENCIA: 0
2017-03-29T14:12:45-06:00 INFO (6): ES UNA FECHA VALIDAD, AUN NO HA PASADO
2017-03-29T14:12:45-06:00 INFO (6): DATOS A INSERTAR EN LA BASE MENSAJES PROGRAMADOS: Array
(
    [mensaje_horario] => 44c056202798260
    [mensaje_horarionombre] => 13:00:00
    [mensaje_mensaje] => hola amigos
    [mensaje_nombre] => Administrador
    [mensaje_fechaenvio] => 2017-03-29
    [mensaje_descripcion] => Administrador
    [mensaje_fechaalta] => 2017/03/29 14:12:45
    [mensaje_activo] => 1
    [mensaje_region] => nueva
    [mensaje_ocupacion] => nueva
    [mensaje_procesado] => 1
    [mensaje_usuario] => 1
)

2017-03-29T14:12:45-06:00 INFO (6): SE INSERTO: 1
2017-03-29T14:12:45-06:00 INFO (6): FIN:::...
2017-03-29T15:12:51-06:00 INFO (6): ------------------------------------------------
2017-03-29T15:12:51-06:00 INFO (6): ------------------------------------------------
2017-03-29T15:12:51-06:00 INFO (6): ------------------------------------------------
2017-03-29T15:12:51-06:00 INFO (6): ---- ENVIO PROGRAMADOS - FN GUARDAR ------------
2017-03-29T15:12:51-06:00 INFO (6): REQUESTArray
(
    [categoria] => nueva
    [fechaenvio] => 2017-03-29
    [horaenvio] => 24c03b5364d69a6
    [msgtxt] => No sir, I can't boogie
    [caracteres] => 22
    [accion] => guardar
    [retenido] => 1.16
    [PHPSESSID] => ult1oglvptm271j5gs3lj6g9t0
)

2017-03-29T15:12:51-06:00 INFO (6): CATEGORIA: nueva
2017-03-29T15:12:51-06:00 INFO (6): HORA DE ENVIO: 24c03b5364d69a6
2017-03-29T15:12:51-06:00 INFO (6): FECHA DE ENVIO: 2017-03-29
2017-03-29T15:12:51-06:00 INFO (6): MENSAJE: No sir, I can't boogie
2017-03-29T15:12:51-06:00 INFO (6): CAMPANIA: Administrador
2017-03-29T15:12:51-06:00 INFO (6): SI REQUESITO TODOS LOS CAMPOS
2017-03-29T15:12:51-06:00 INFO (6): DIFERENCIA: 0
2017-03-29T15:12:51-06:00 INFO (6): ES UNA FECHA VALIDAD, AUN NO HA PASADO
2017-03-29T15:13:27-06:00 INFO (6): ------------------------------------------------
2017-03-29T15:13:27-06:00 INFO (6): ------------------------------------------------
2017-03-29T15:13:27-06:00 INFO (6): ------------------------------------------------
2017-03-29T15:13:27-06:00 INFO (6): ---- ENVIO PROGRAMADOS - FN GUARDAR ------------
2017-03-29T15:13:27-06:00 INFO (6): REQUESTArray
(
    [categoria] => nueva
    [fechaenvio] => 2017-03-29
    [horaenvio] => 24c03b5364d69a6
    [msgtxt] => No sir, I can not boogie
    [caracteres] => 24
    [accion] => guardar
    [retenido] => 1.16
    [PHPSESSID] => ult1oglvptm271j5gs3lj6g9t0
)

2017-03-29T15:13:27-06:00 INFO (6): CATEGORIA: nueva
2017-03-29T15:13:27-06:00 INFO (6): HORA DE ENVIO: 24c03b5364d69a6
2017-03-29T15:13:27-06:00 INFO (6): FECHA DE ENVIO: 2017-03-29
2017-03-29T15:13:27-06:00 INFO (6): MENSAJE: No sir, I can not boogie
2017-03-29T15:13:27-06:00 INFO (6): CAMPANIA: Administrador
2017-03-29T15:13:27-06:00 INFO (6): SI REQUESITO TODOS LOS CAMPOS
2017-03-29T15:13:27-06:00 INFO (6): DIFERENCIA: 0
2017-03-29T15:13:27-06:00 INFO (6): ES UNA FECHA VALIDAD, AUN NO HA PASADO
2017-03-29T15:13:27-06:00 INFO (6): DATOS A INSERTAR EN LA BASE MENSAJES PROGRAMADOS: Array
(
    [mensaje_horario] => 24c03b5364d69a6
    [mensaje_horarionombre] => 11:30:00
    [mensaje_mensaje] => No sir, I can not boogie
    [mensaje_nombre] => Administrador
    [mensaje_fechaenvio] => 2017-03-29
    [mensaje_descripcion] => Administrador
    [mensaje_fechaalta] => 2017/03/29 15:13:27
    [mensaje_activo] => 1
    [mensaje_region] => nueva
    [mensaje_ocupacion] => nueva
    [mensaje_procesado] => 1
    [mensaje_usuario] => 1
)

2017-03-29T15:13:27-06:00 INFO (6): SE INSERTO: 1
2017-03-29T15:13:28-06:00 INFO (6): FIN:::...
2017-03-29T15:24:13-06:00 INFO (6): ------------------------------------------------
2017-03-29T15:24:13-06:00 INFO (6): ------------------------------------------------
2017-03-29T15:24:13-06:00 INFO (6): ------------------------------------------------
2017-03-29T15:24:13-06:00 INFO (6): ---- ENVIO PROGRAMADOS - FN GUARDAR ------------
2017-03-29T15:24:13-06:00 INFO (6): REQUESTArray
(
    [categoria] => nueva
    [fechaenvio] => 2017-03-29
    [horaenvio] => 24c03b5364d69a4
    [msgtxt] => ererreererrere
    [caracteres] => 14
    [accion] => guardar
    [retenido] => 1.16
    [PHPSESSID] => ult1oglvptm271j5gs3lj6g9t0
)

2017-03-29T15:24:13-06:00 INFO (6): CATEGORIA: nueva
2017-03-29T15:24:13-06:00 INFO (6): HORA DE ENVIO: 24c03b5364d69a4
2017-03-29T15:24:13-06:00 INFO (6): FECHA DE ENVIO: 2017-03-29
2017-03-29T15:24:13-06:00 INFO (6): MENSAJE: ererreererrere
2017-03-29T15:24:13-06:00 INFO (6): CAMPANIA: Administrador
2017-03-29T15:24:13-06:00 INFO (6): SI REQUESITO TODOS LOS CAMPOS
2017-03-29T15:24:13-06:00 INFO (6): DIFERENCIA: 0
2017-03-29T15:24:13-06:00 INFO (6): ES UNA FECHA VALIDAD, AUN NO HA PASADO
2017-03-29T15:24:13-06:00 INFO (6): DATOS A INSERTAR EN LA BASE MENSAJES PROGRAMADOS: Array
(
    [mensaje_horario] => 24c03b5364d69a4
    [mensaje_horarionombre] => 11:00:00
    [mensaje_mensaje] => ererreererrere
    [mensaje_nombre] => Administrador
    [mensaje_fechaenvio] => 2017-03-29
    [mensaje_descripcion] => Administrador
    [mensaje_fechaalta] => 2017/03/29 15:24:13
    [mensaje_activo] => 1
    [mensaje_region] => nueva
    [mensaje_ocupacion] => nueva
    [mensaje_procesado] => 1
    [mensaje_usuario] => 1
)

2017-03-29T15:24:13-06:00 INFO (6): SE INSERTO: 1
2017-03-29T15:24:14-06:00 INFO (6): FIN:::...
2017-03-29T16:04:55-06:00 INFO (6): ------------------------------------------------
2017-03-29T16:04:55-06:00 INFO (6): ------------------------------------------------
2017-03-29T16:04:55-06:00 INFO (6): ------------------------------------------------
2017-03-29T16:04:55-06:00 INFO (6): ---- ENVIO PROGRAMADOS - FN GUARDAR ------------
2017-03-29T16:04:55-06:00 INFO (6): REQUESTArray
(
    [categoria] => nueva
    [fechaenvio] => 2017-03-29
    [horaenvio] => 11de33ffb0f9990
    [msgtxt] => uyuguguy
    [caracteres] => 8
    [accion] => guardar
    [retenido] => 1.16
    [PHPSESSID] => ult1oglvptm271j5gs3lj6g9t0
)

2017-03-29T16:04:55-06:00 INFO (6): CATEGORIA: nueva
2017-03-29T16:04:55-06:00 INFO (6): HORA DE ENVIO: 11de33ffb0f9990
2017-03-29T16:04:55-06:00 INFO (6): FECHA DE ENVIO: 2017-03-29
2017-03-29T16:04:55-06:00 INFO (6): MENSAJE: uyuguguy
2017-03-29T16:04:55-06:00 INFO (6): CAMPANIA: Administrador
2017-03-29T16:04:55-06:00 INFO (6): SI REQUESITO TODOS LOS CAMPOS
2017-03-29T16:04:55-06:00 INFO (6): DIFERENCIA: 0
2017-03-29T16:04:55-06:00 INFO (6): ES UNA FECHA VALIDAD, AUN NO HA PASADO
2017-03-29T16:04:55-06:00 INFO (6): DATOS A INSERTAR EN LA BASE MENSAJES PROGRAMADOS: Array
(
    [mensaje_horario] => 11de33ffb0f9990
    [mensaje_horarionombre] => 19:00:00
    [mensaje_mensaje] => uyuguguy
    [mensaje_nombre] => Administrador
    [mensaje_fechaenvio] => 2017-03-29
    [mensaje_descripcion] => Administrador
    [mensaje_fechaalta] => 2017/03/29 16:04:55
    [mensaje_activo] => 1
    [mensaje_region] => nueva
    [mensaje_ocupacion] => nueva
    [mensaje_procesado] => 1
    [mensaje_usuario] => 1
)

2017-03-29T16:04:55-06:00 INFO (6): SE INSERTO: 1
2017-03-29T16:04:57-06:00 INFO (6): FIN:::...
