2017-03-22T14:48:47-06:00 INFO (6): ------------------------------------------------
2017-03-22T14:48:47-06:00 INFO (6): ------------------------------------------------
2017-03-22T14:48:47-06:00 INFO (6): ------------------------------------------------
2017-03-22T14:48:47-06:00 INFO (6): ---- ENVIO PROGRAMADOS - FN GUARDAR ------------
2017-03-22T14:48:47-06:00 INFO (6): REQUESTArray
(
    [categoria] => MAYEN
    [fechaenvio] => 2017-03-22
    [horaenvio] => 64c0d309f24d0d9
    [msgtxt] => wejfiewjfiewjfijewifjewiojfioewjfioewjfijewifewifjweiojfoiewf
    [caracteres] => 61
    [accion] => guardar
    [PHPSESSID] => je1vgcb0h0qj8lkpdoegoi3o90
)

2017-03-22T14:48:47-06:00 INFO (6): CATEGORIA: MAYEN
2017-03-22T14:48:47-06:00 INFO (6): HORA DE ENVIO: 64c0d309f24d0d9
2017-03-22T14:48:47-06:00 INFO (6): FECHA DE ENVIO: 2017-03-22
2017-03-22T14:48:47-06:00 INFO (6): MENSAJE: wejfiewjfiewjfijewifjewiojfioewjfioewjfijewifewifjweiojfoiewf
2017-03-22T14:48:47-06:00 INFO (6): CAMPANIA: Administrador
2017-03-22T14:48:47-06:00 INFO (6): SI REQUESITO TODOS LOS CAMPOS
2017-03-22T14:48:47-06:00 INFO (6): DIFERENCIA: 0
2017-03-22T14:48:47-06:00 INFO (6): ES UNA FECHA VALIDAD, AUN NO HA PASADO
2017-03-22T14:48:47-06:00 INFO (6): DATOS A INSERTAR EN LA BASE MENSAJES PROGRAMADOS: Array
(
    [mensaje_horario] => 64c0d309f24d0d9
    [mensaje_horarionombre] => 15:00:00
    [mensaje_mensaje] => wejfiewjfiewjfijewifjewiojfioewjfioewjfijewifewifjweiojfoiewf
    [mensaje_nombre] => Administrador
    [mensaje_fechaenvio] => 2017-03-22
    [mensaje_descripcion] => Administrador
    [mensaje_fechaalta] => 2017/03/22 14:48:47
    [mensaje_activo] => 1
    [mensaje_region] => MAYEN
    [mensaje_ocupacion] => MAYEN
    [mensaje_procesado] => 1
    [mensaje_usuario] => 1
)

2017-03-22T14:48:47-06:00 INFO (6): SE INSERTO: 1
2017-03-22T14:48:47-06:00 INFO (6): FIN:::...
2017-03-22T16:37:22-06:00 INFO (6): ------------------------------------------------
2017-03-22T16:37:22-06:00 INFO (6): ------------------------------------------------
2017-03-22T16:37:22-06:00 INFO (6): ------------------------------------------------
2017-03-22T16:37:22-06:00 INFO (6): ---- ENVIO PROGRAMADOS - FN GUARDAR ------------
2017-03-22T16:37:22-06:00 INFO (6): REQUESTArray
(
    [categoria] => MAYEN
    [fechaenvio] => 2017-03-23
    [horaenvio] => 14de63ffb0f3690
    [msgtxt] => qiwqjeiojqwiejqwiojeioqwjeiwqjeoiqwjeoiqjwoiejqw
    [caracteres] => 48
    [accion] => guardar
    [PHPSESSID] => je1vgcb0h0qj8lkpdoegoi3o90
)

2017-03-22T16:37:22-06:00 INFO (6): CATEGORIA: MAYEN
2017-03-22T16:37:22-06:00 INFO (6): HORA DE ENVIO: 14de63ffb0f3690
2017-03-22T16:37:22-06:00 INFO (6): FECHA DE ENVIO: 2017-03-23
2017-03-22T16:37:22-06:00 INFO (6): MENSAJE: qiwqjeiojqwiejqwiojeioqwjeiwqjeoiqwjeoiqjwoiejqw
2017-03-22T16:37:22-06:00 INFO (6): CAMPANIA: Administrador
2017-03-22T16:37:22-06:00 INFO (6): SI REQUESITO TODOS LOS CAMPOS
2017-03-22T16:37:22-06:00 INFO (6): DIFERENCIA: 1
2017-03-22T16:37:22-06:00 INFO (6): ES UNA FECHA VALIDAD, AUN NO HA PASADO
2017-03-22T16:37:22-06:00 INFO (6): DATOS A INSERTAR EN LA BASE MENSAJES PROGRAMADOS: Array
(
    [mensaje_horario] => 14de63ffb0f3690
    [mensaje_horarionombre] => 17:00:00
    [mensaje_mensaje] => qiwqjeiojqwiejqwiojeioqwjeiwqjeoiqwjeoiqjwoiejqw
    [mensaje_nombre] => Administrador
    [mensaje_fechaenvio] => 2017-03-23
    [mensaje_descripcion] => Administrador
    [mensaje_fechaalta] => 2017/03/22 16:37:22
    [mensaje_activo] => 1
    [mensaje_region] => MAYEN
    [mensaje_ocupacion] => MAYEN
    [mensaje_procesado] => 1
    [mensaje_usuario] => 1
)

2017-03-22T16:37:22-06:00 INFO (6): SE INSERTO: 1
2017-03-22T16:37:22-06:00 INFO (6): FIN:::...
