2017-04-04T11:49:07-05:00 INFO (6): ------------------------------------------------
2017-04-04T11:49:07-05:00 INFO (6): ------------------------------------------------
2017-04-04T11:49:07-05:00 INFO (6): ------------------------------------------------
2017-04-04T11:49:07-05:00 INFO (6): ---- ENVIO PROGRAMADOS - FN GUARDAR ------------
2017-04-04T11:49:07-05:00 INFO (6): REQUESTArray
(
    [categoria] => dummy
    [fechaenvio] => 2017-04-04
    [horaenvio] => 24c03b5364d69a4
    [msgtxt] => ggjgjgjggjgjgggj
    [caracteres] => 16
    [accion] => guardar
    [retenido] => 40.6
    [PHPSESSID] => b8gpmclkc7l4rjs4jfsv1rhau0
)

2017-04-04T11:49:07-05:00 INFO (6): CATEGORIA: dummy
2017-04-04T11:49:07-05:00 INFO (6): HORA DE ENVIO: 24c03b5364d69a4
2017-04-04T11:49:07-05:00 INFO (6): FECHA DE ENVIO: 2017-04-04
2017-04-04T11:49:07-05:00 INFO (6): MENSAJE: ggjgjgjggjgjgggj
2017-04-04T11:49:07-05:00 INFO (6): CAMPANIA: Administrador
2017-04-04T11:49:07-05:00 INFO (6): SI REQUESITO TODOS LOS CAMPOS
2017-04-04T11:49:07-05:00 INFO (6): DIFERENCIA: 0
2017-04-04T11:49:07-05:00 INFO (6): ES UNA FECHA VALIDAD, AUN NO HA PASADO
2017-04-04T11:49:07-05:00 INFO (6): DATOS A INSERTAR EN LA BASE MENSAJES PROGRAMADOS: Array
(
    [mensaje_horario] => 24c03b5364d69a4
    [mensaje_horarionombre] => 11:00:00
    [mensaje_mensaje] => ggjgjgjggjgjgggj
    [mensaje_nombre] => Administrador
    [mensaje_fechaenvio] => 2017-04-04
    [mensaje_descripcion] => Administrador
    [mensaje_fechaalta] => 2017/04/04 11:49:07
    [mensaje_activo] => 1
    [mensaje_region] => dummy
    [mensaje_ocupacion] => dummy
    [mensaje_procesado] => 1
    [mensaje_usuario] => 1
)

2017-04-04T11:49:07-05:00 INFO (6): SE INSERTO: 1
2017-04-04T11:49:07-05:00 INFO (6): FIN:::...
2017-04-04T11:49:49-05:00 INFO (6): ------------------------------------------------
2017-04-04T11:49:49-05:00 INFO (6): ------------------------------------------------
2017-04-04T11:49:49-05:00 INFO (6): ------------------------------------------------
2017-04-04T11:49:49-05:00 INFO (6): ---- ENVIO PROGRAMADOS - FN GUARDAR ------------
2017-04-04T11:49:49-05:00 INFO (6): REQUESTArray
(
    [categoria] => nueva
    [fechaenvio] => 2017-04-04
    [horaenvio] => 14de63ffb0f3690
    [msgtxt] => hjhj
    [caracteres] => 4
    [accion] => guardar
    [retenido] => 0.58
    [PHPSESSID] => b8gpmclkc7l4rjs4jfsv1rhau0
)

2017-04-04T11:49:49-05:00 INFO (6): CATEGORIA: nueva
2017-04-04T11:49:49-05:00 INFO (6): HORA DE ENVIO: 14de63ffb0f3690
2017-04-04T11:49:49-05:00 INFO (6): FECHA DE ENVIO: 2017-04-04
2017-04-04T11:49:49-05:00 INFO (6): MENSAJE: hjhj
2017-04-04T11:49:49-05:00 INFO (6): CAMPANIA: Administrador
2017-04-04T11:49:49-05:00 INFO (6): SI REQUESITO TODOS LOS CAMPOS
2017-04-04T11:49:49-05:00 INFO (6): DIFERENCIA: 0
2017-04-04T11:49:49-05:00 INFO (6): ES UNA FECHA VALIDAD, AUN NO HA PASADO
2017-04-04T11:49:49-05:00 INFO (6): DATOS A INSERTAR EN LA BASE MENSAJES PROGRAMADOS: Array
(
    [mensaje_horario] => 14de63ffb0f3690
    [mensaje_horarionombre] => 17:00:00
    [mensaje_mensaje] => hjhj
    [mensaje_nombre] => Administrador
    [mensaje_fechaenvio] => 2017-04-04
    [mensaje_descripcion] => Administrador
    [mensaje_fechaalta] => 2017/04/04 11:49:49
    [mensaje_activo] => 1
    [mensaje_region] => nueva
    [mensaje_ocupacion] => nueva
    [mensaje_procesado] => 1
    [mensaje_usuario] => 1
)

2017-04-04T11:49:49-05:00 INFO (6): SE INSERTO: 1
2017-04-04T11:49:49-05:00 INFO (6): FIN:::...
