2017-04-03T09:36:04-05:00 INFO (6): ------------------------------------------------
2017-04-03T09:36:04-05:00 INFO (6): ------------------------------------------------
2017-04-03T09:36:04-05:00 INFO (6): ------------------------------------------------
2017-04-03T09:36:04-05:00 INFO (6): ---- ENVIO PROGRAMADOS - FN LISTAR -------------
2017-04-03T09:36:04-05:00 INFO (6): REQUESTArray
(
    [PHPSESSID] => ult1oglvptm271j5gs3lj6g9t0
)

2017-04-03T09:58:28-05:00 INFO (6): ------------------------------------------------
2017-04-03T09:58:28-05:00 INFO (6): ------------------------------------------------
2017-04-03T09:58:28-05:00 INFO (6): ------------------------------------------------
2017-04-03T09:58:28-05:00 INFO (6): ---- ENVIO PROGRAMADOS - FN LISTAR -------------
2017-04-03T09:58:28-05:00 INFO (6): REQUESTArray
(
    [PHPSESSID] => ult1oglvptm271j5gs3lj6g9t0
)

2017-04-03T09:59:19-05:00 INFO (6): ------------------------------------------------
2017-04-03T09:59:19-05:00 INFO (6): ------------------------------------------------
2017-04-03T09:59:19-05:00 INFO (6): ------------------------------------------------
2017-04-03T09:59:19-05:00 INFO (6): ---- ENVIO PROGRAMADOS - FN LISTAR -------------
2017-04-03T09:59:19-05:00 INFO (6): REQUESTArray
(
    [PHPSESSID] => ult1oglvptm271j5gs3lj6g9t0
)

2017-04-03T10:29:38-05:00 INFO (6): ------------------------------------------------
2017-04-03T10:29:38-05:00 INFO (6): ------------------------------------------------
2017-04-03T10:29:38-05:00 INFO (6): ------------------------------------------------
2017-04-03T10:29:38-05:00 INFO (6): ---- ENVIO PROGRAMADOS - FN LISTAR -------------
2017-04-03T10:29:38-05:00 INFO (6): REQUESTArray
(
    [PHPSESSID] => ult1oglvptm271j5gs3lj6g9t0
)

2017-04-03T11:00:25-05:00 INFO (6): ------------------------------------------------
2017-04-03T11:00:25-05:00 INFO (6): ------------------------------------------------
2017-04-03T11:00:25-05:00 INFO (6): ------------------------------------------------
2017-04-03T11:00:25-05:00 INFO (6): ---- ENVIO PROGRAMADOS - FN LISTAR -------------
2017-04-03T11:00:25-05:00 INFO (6): REQUESTArray
(
    [PHPSESSID] => ult1oglvptm271j5gs3lj6g9t0
)

2017-04-03T11:00:43-05:00 INFO (6): ------------------------------------------------
2017-04-03T11:00:43-05:00 INFO (6): ------------------------------------------------
2017-04-03T11:00:43-05:00 INFO (6): ------------------------------------------------
2017-04-03T11:00:43-05:00 INFO (6): ---- ENVIO PROGRAMADOS - FN LISTAR -------------
2017-04-03T11:00:43-05:00 INFO (6): REQUESTArray
(
    [PHPSESSID] => ult1oglvptm271j5gs3lj6g9t0
)

2017-04-03T11:04:52-05:00 INFO (6): ------------------------------------------------
2017-04-03T11:04:52-05:00 INFO (6): ------------------------------------------------
2017-04-03T11:04:52-05:00 INFO (6): ------------------------------------------------
2017-04-03T11:04:52-05:00 INFO (6): ---- ENVIO PROGRAMADOS - FN LISTAR -------------
2017-04-03T11:04:52-05:00 INFO (6): REQUESTArray
(
    [PHPSESSID] => ult1oglvptm271j5gs3lj6g9t0
)

2017-04-03T11:06:12-05:00 INFO (6): ------------------------------------------------
2017-04-03T11:06:12-05:00 INFO (6): ------------------------------------------------
2017-04-03T11:06:12-05:00 INFO (6): ------------------------------------------------
2017-04-03T11:06:12-05:00 INFO (6): ---- ENVIO PROGRAMADOS - FN LISTAR -------------
2017-04-03T11:06:12-05:00 INFO (6): REQUESTArray
(
    [PHPSESSID] => ult1oglvptm271j5gs3lj6g9t0
)

2017-04-03T11:06:37-05:00 INFO (6): ------------------------------------------------
2017-04-03T11:06:37-05:00 INFO (6): ------------------------------------------------
2017-04-03T11:06:37-05:00 INFO (6): ------------------------------------------------
2017-04-03T11:06:37-05:00 INFO (6): ---- ENVIO PROGRAMADOS - FN LISTAR -------------
2017-04-03T11:06:37-05:00 INFO (6): REQUESTArray
(
    [PHPSESSID] => ult1oglvptm271j5gs3lj6g9t0
)

2017-04-03T11:08:54-05:00 INFO (6): ------------------------------------------------
2017-04-03T11:08:54-05:00 INFO (6): ------------------------------------------------
2017-04-03T11:08:54-05:00 INFO (6): ------------------------------------------------
2017-04-03T11:08:54-05:00 INFO (6): ---- ENVIO PROGRAMADOS - FN LISTAR -------------
2017-04-03T11:08:54-05:00 INFO (6): REQUESTArray
(
    [PHPSESSID] => ult1oglvptm271j5gs3lj6g9t0
)

2017-04-03T11:13:32-05:00 INFO (6): ------------------------------------------------
2017-04-03T11:13:32-05:00 INFO (6): ------------------------------------------------
2017-04-03T11:13:32-05:00 INFO (6): ------------------------------------------------
2017-04-03T11:13:32-05:00 INFO (6): ---- ENVIO PROGRAMADOS - FN LISTAR -------------
2017-04-03T11:13:32-05:00 INFO (6): REQUESTArray
(
    [PHPSESSID] => ult1oglvptm271j5gs3lj6g9t0
)

2017-04-03T11:13:58-05:00 INFO (6): ------------------------------------------------
2017-04-03T11:13:58-05:00 INFO (6): ------------------------------------------------
2017-04-03T11:13:58-05:00 INFO (6): ------------------------------------------------
2017-04-03T11:13:58-05:00 INFO (6): ---- ENVIO PROGRAMADOS - FN LISTAR -------------
2017-04-03T11:13:58-05:00 INFO (6): REQUESTArray
(
    [PHPSESSID] => ult1oglvptm271j5gs3lj6g9t0
)

2017-04-03T11:14:15-05:00 INFO (6): ------------------------------------------------
2017-04-03T11:14:15-05:00 INFO (6): ------------------------------------------------
2017-04-03T11:14:15-05:00 INFO (6): ------------------------------------------------
2017-04-03T11:14:15-05:00 INFO (6): ---- ENVIO PROGRAMADOS - FN LISTAR -------------
2017-04-03T11:14:15-05:00 INFO (6): REQUESTArray
(
    [PHPSESSID] => ult1oglvptm271j5gs3lj6g9t0
)

2017-04-03T11:15:16-05:00 INFO (6): ------------------------------------------------
2017-04-03T11:15:16-05:00 INFO (6): ------------------------------------------------
2017-04-03T11:15:16-05:00 INFO (6): ------------------------------------------------
2017-04-03T11:15:16-05:00 INFO (6): ---- ENVIO PROGRAMADOS - FN LISTAR -------------
2017-04-03T11:15:16-05:00 INFO (6): REQUESTArray
(
    [PHPSESSID] => ult1oglvptm271j5gs3lj6g9t0
)

2017-04-03T12:05:02-05:00 INFO (6): ------------------------------------------------
2017-04-03T12:05:02-05:00 INFO (6): ------------------------------------------------
2017-04-03T12:05:02-05:00 INFO (6): ------------------------------------------------
2017-04-03T12:05:02-05:00 INFO (6): ---- ENVIO PROGRAMADOS - FN LISTAR -------------
2017-04-03T12:05:02-05:00 INFO (6): REQUESTArray
(
    [PHPSESSID] => ult1oglvptm271j5gs3lj6g9t0
)

2017-04-03T15:58:33-05:00 INFO (6): ------------------------------------------------
2017-04-03T15:58:33-05:00 INFO (6): ------------------------------------------------
2017-04-03T15:58:33-05:00 INFO (6): ------------------------------------------------
2017-04-03T15:58:33-05:00 INFO (6): ---- ENVIO PROGRAMADOS - FN LISTAR -------------
2017-04-03T15:58:33-05:00 INFO (6): REQUESTArray
(
    [PHPSESSID] => ult1oglvptm271j5gs3lj6g9t0
)

2017-04-03T15:59:11-05:00 INFO (6): ------------------------------------------------
2017-04-03T15:59:11-05:00 INFO (6): ------------------------------------------------
2017-04-03T15:59:11-05:00 INFO (6): ------------------------------------------------
2017-04-03T15:59:11-05:00 INFO (6): ---- ENVIO PROGRAMADOS - FN LISTAR -------------
2017-04-03T15:59:11-05:00 INFO (6): REQUESTArray
(
    [PHPSESSID] => ult1oglvptm271j5gs3lj6g9t0
)

2017-04-03T16:01:01-05:00 INFO (6): ------------------------------------------------
2017-04-03T16:01:01-05:00 INFO (6): ------------------------------------------------
2017-04-03T16:01:01-05:00 INFO (6): ------------------------------------------------
2017-04-03T16:01:01-05:00 INFO (6): ---- ENVIO PROGRAMADOS - FN LISTAR -------------
2017-04-03T16:01:01-05:00 INFO (6): REQUESTArray
(
    [PHPSESSID] => ult1oglvptm271j5gs3lj6g9t0
)

