2017-03-31T09:37:14-06:00 INFO (6): ------------------------------------------------
2017-03-31T09:37:14-06:00 INFO (6): ------------------------------------------------
2017-03-31T09:37:14-06:00 INFO (6): ------------------------------------------------
2017-03-31T09:37:14-06:00 INFO (6): ---- ENVIO PROGRAMADOS - FN GUARDAR ------------
2017-03-31T09:37:14-06:00 INFO (6): REQUESTArray
(
    [categoria] => nueva
    [fechaenvio] => 2017-03-31
    [horaenvio] => 44c0342125f59f6
    [msgtxt] => hell yeah
    [caracteres] => 9
    [accion] => guardar
    [retenido] => 0.58
    [PHPSESSID] => ult1oglvptm271j5gs3lj6g9t0
)

2017-03-31T09:37:14-06:00 INFO (6): CATEGORIA: nueva
2017-03-31T09:37:14-06:00 INFO (6): HORA DE ENVIO: 44c0342125f59f6
2017-03-31T09:37:14-06:00 INFO (6): FECHA DE ENVIO: 2017-03-31
2017-03-31T09:37:14-06:00 INFO (6): MENSAJE: hell yeah
2017-03-31T09:37:14-06:00 INFO (6): CAMPANIA: Administrador
2017-03-31T09:37:14-06:00 INFO (6): SI REQUESITO TODOS LOS CAMPOS
2017-03-31T09:37:14-06:00 INFO (6): DIFERENCIA: 0
2017-03-31T09:37:14-06:00 INFO (6): ES UNA FECHA VALIDAD, AUN NO HA PASADO
2017-03-31T09:37:14-06:00 INFO (6): DATOS A INSERTAR EN LA BASE MENSAJES PROGRAMADOS: Array
(
    [mensaje_horario] => 44c0342125f59f6
    [mensaje_horarionombre] => 09:30:00
    [mensaje_mensaje] => hell yeah
    [mensaje_nombre] => Administrador
    [mensaje_fechaenvio] => 2017-03-31
    [mensaje_descripcion] => Administrador
    [mensaje_fechaalta] => 2017/03/31 09:37:14
    [mensaje_activo] => 1
    [mensaje_region] => nueva
    [mensaje_ocupacion] => nueva
    [mensaje_procesado] => 1
    [mensaje_usuario] => 1
)

2017-03-31T09:37:14-06:00 INFO (6): SE INSERTO: 1
2017-03-31T09:37:14-06:00 INFO (6): FIN:::...
2017-03-31T09:37:25-06:00 INFO (6): ------------------------------------------------
2017-03-31T09:37:25-06:00 INFO (6): ------------------------------------------------
2017-03-31T09:37:25-06:00 INFO (6): ------------------------------------------------
2017-03-31T09:37:25-06:00 INFO (6): ---- ENVIO PROGRAMADOS - FN GUARDAR ------------
2017-03-31T09:37:25-06:00 INFO (6): REQUESTArray
(
    [categoria] => nueva
    [fechaenvio] => 2017-03-31
    [horaenvio] => 44c0342125f59f5
    [msgtxt] => hell no
    [caracteres] => 7
    [accion] => guardar
    [retenido] => 0.58
    [PHPSESSID] => ult1oglvptm271j5gs3lj6g9t0
)

2017-03-31T09:37:25-06:00 INFO (6): CATEGORIA: nueva
2017-03-31T09:37:25-06:00 INFO (6): HORA DE ENVIO: 44c0342125f59f5
2017-03-31T09:37:25-06:00 INFO (6): FECHA DE ENVIO: 2017-03-31
2017-03-31T09:37:25-06:00 INFO (6): MENSAJE: hell no
2017-03-31T09:37:25-06:00 INFO (6): CAMPANIA: Administrador
2017-03-31T09:37:25-06:00 INFO (6): SI REQUESITO TODOS LOS CAMPOS
2017-03-31T09:37:25-06:00 INFO (6): DIFERENCIA: 0
2017-03-31T09:37:25-06:00 INFO (6): ES UNA FECHA VALIDAD, AUN NO HA PASADO
2017-03-31T09:37:25-06:00 INFO (6): DATOS A INSERTAR EN LA BASE MENSAJES PROGRAMADOS: Array
(
    [mensaje_horario] => 44c0342125f59f5
    [mensaje_horarionombre] => 09:00:00
    [mensaje_mensaje] => hell no
    [mensaje_nombre] => Administrador
    [mensaje_fechaenvio] => 2017-03-31
    [mensaje_descripcion] => Administrador
    [mensaje_fechaalta] => 2017/03/31 09:37:25
    [mensaje_activo] => 1
    [mensaje_region] => nueva
    [mensaje_ocupacion] => nueva
    [mensaje_procesado] => 1
    [mensaje_usuario] => 1
)

2017-03-31T09:37:25-06:00 INFO (6): SE INSERTO: 1
2017-03-31T09:37:25-06:00 INFO (6): FIN:::...
2017-03-31T09:46:48-06:00 INFO (6): ------------------------------------------------
2017-03-31T09:46:48-06:00 INFO (6): ------------------------------------------------
2017-03-31T09:46:48-06:00 INFO (6): ------------------------------------------------
2017-03-31T09:46:48-06:00 INFO (6): ---- ENVIO PROGRAMADOS - FN GUARDAR ------------
2017-03-31T09:46:48-06:00 INFO (6): REQUESTArray
(
    [categoria] => nueva
    [fechaenvio] => 2017-03-31
    [horaenvio] => 44c0342125f59f6
    [msgtxt] => como 60 weyes
    [caracteres] => 13
    [accion] => guardar
    [retenido] => 0.58
    [PHPSESSID] => ult1oglvptm271j5gs3lj6g9t0
)

2017-03-31T09:46:48-06:00 INFO (6): CATEGORIA: nueva
2017-03-31T09:46:48-06:00 INFO (6): HORA DE ENVIO: 44c0342125f59f6
2017-03-31T09:46:48-06:00 INFO (6): FECHA DE ENVIO: 2017-03-31
2017-03-31T09:46:48-06:00 INFO (6): MENSAJE: como 60 weyes
2017-03-31T09:46:48-06:00 INFO (6): CAMPANIA: Administrador
2017-03-31T09:46:48-06:00 INFO (6): SI REQUESITO TODOS LOS CAMPOS
2017-03-31T09:46:48-06:00 INFO (6): DIFERENCIA: 0
2017-03-31T09:46:48-06:00 INFO (6): ES UNA FECHA VALIDAD, AUN NO HA PASADO
2017-03-31T09:46:48-06:00 INFO (6): DATOS A INSERTAR EN LA BASE MENSAJES PROGRAMADOS: Array
(
    [mensaje_horario] => 44c0342125f59f6
    [mensaje_horarionombre] => 09:30:00
    [mensaje_mensaje] => como 60 weyes
    [mensaje_nombre] => Administrador
    [mensaje_fechaenvio] => 2017-03-31
    [mensaje_descripcion] => Administrador
    [mensaje_fechaalta] => 2017/03/31 09:46:48
    [mensaje_activo] => 1
    [mensaje_region] => nueva
    [mensaje_ocupacion] => nueva
    [mensaje_procesado] => 1
    [mensaje_usuario] => 1
)

2017-03-31T09:46:48-06:00 INFO (6): SE INSERTO: 1
2017-03-31T09:46:48-06:00 INFO (6): FIN:::...
2017-03-31T09:47:01-06:00 INFO (6): ------------------------------------------------
2017-03-31T09:47:01-06:00 INFO (6): ------------------------------------------------
2017-03-31T09:47:01-06:00 INFO (6): ------------------------------------------------
2017-03-31T09:47:01-06:00 INFO (6): ---- ENVIO PROGRAMADOS - FN GUARDAR ------------
2017-03-31T09:47:01-06:00 INFO (6): REQUESTArray
(
    [categoria] => nueva
    [fechaenvio] => 2017-03-31
    [horaenvio] => 44c0342125f59f5
    [msgtxt] => arriba 
    [caracteres] => 7
    [accion] => guardar
    [retenido] => 0.58
    [PHPSESSID] => ult1oglvptm271j5gs3lj6g9t0
)

2017-03-31T09:47:01-06:00 INFO (6): CATEGORIA: nueva
2017-03-31T09:47:01-06:00 INFO (6): HORA DE ENVIO: 44c0342125f59f5
2017-03-31T09:47:01-06:00 INFO (6): FECHA DE ENVIO: 2017-03-31
2017-03-31T09:47:01-06:00 INFO (6): MENSAJE: arriba 
2017-03-31T09:47:01-06:00 INFO (6): CAMPANIA: Administrador
2017-03-31T09:47:01-06:00 INFO (6): SI REQUESITO TODOS LOS CAMPOS
2017-03-31T09:47:01-06:00 INFO (6): DIFERENCIA: 0
2017-03-31T09:47:01-06:00 INFO (6): ES UNA FECHA VALIDAD, AUN NO HA PASADO
2017-03-31T09:47:01-06:00 INFO (6): DATOS A INSERTAR EN LA BASE MENSAJES PROGRAMADOS: Array
(
    [mensaje_horario] => 44c0342125f59f5
    [mensaje_horarionombre] => 09:00:00
    [mensaje_mensaje] => arriba 
    [mensaje_nombre] => Administrador
    [mensaje_fechaenvio] => 2017-03-31
    [mensaje_descripcion] => Administrador
    [mensaje_fechaalta] => 2017/03/31 09:47:01
    [mensaje_activo] => 1
    [mensaje_region] => nueva
    [mensaje_ocupacion] => nueva
    [mensaje_procesado] => 1
    [mensaje_usuario] => 1
)

2017-03-31T09:47:01-06:00 INFO (6): SE INSERTO: 1
2017-03-31T09:47:01-06:00 INFO (6): FIN:::...
2017-03-31T09:55:18-06:00 INFO (6): ------------------------------------------------
2017-03-31T09:55:18-06:00 INFO (6): ------------------------------------------------
2017-03-31T09:55:18-06:00 INFO (6): ------------------------------------------------
2017-03-31T09:55:18-06:00 INFO (6): ---- ENVIO PROGRAMADOS - FN GUARDAR ------------
2017-03-31T09:55:18-06:00 INFO (6): REQUESTArray
(
    [categoria] => nueva
    [fechaenvio] => 2017-03-31
    [horaenvio] => 44c0342125f59f5
    [msgtxt] => say yeah
    [caracteres] => 8
    [accion] => guardar
    [retenido] => 0.58
    [PHPSESSID] => ult1oglvptm271j5gs3lj6g9t0
)

2017-03-31T09:55:18-06:00 INFO (6): CATEGORIA: nueva
2017-03-31T09:55:18-06:00 INFO (6): HORA DE ENVIO: 44c0342125f59f5
2017-03-31T09:55:18-06:00 INFO (6): FECHA DE ENVIO: 2017-03-31
2017-03-31T09:55:18-06:00 INFO (6): MENSAJE: say yeah
2017-03-31T09:55:18-06:00 INFO (6): CAMPANIA: Administrador
2017-03-31T09:55:18-06:00 INFO (6): SI REQUESITO TODOS LOS CAMPOS
2017-03-31T09:55:18-06:00 INFO (6): DIFERENCIA: 0
2017-03-31T09:55:18-06:00 INFO (6): ES UNA FECHA VALIDAD, AUN NO HA PASADO
2017-03-31T09:55:18-06:00 INFO (6): DATOS A INSERTAR EN LA BASE MENSAJES PROGRAMADOS: Array
(
    [mensaje_horario] => 44c0342125f59f5
    [mensaje_horarionombre] => 09:00:00
    [mensaje_mensaje] => say yeah
    [mensaje_nombre] => Administrador
    [mensaje_fechaenvio] => 2017-03-31
    [mensaje_descripcion] => Administrador
    [mensaje_fechaalta] => 2017/03/31 09:55:18
    [mensaje_activo] => 1
    [mensaje_region] => nueva
    [mensaje_ocupacion] => nueva
    [mensaje_procesado] => 1
    [mensaje_usuario] => 1
)

2017-03-31T09:55:18-06:00 INFO (6): SE INSERTO: 1
2017-03-31T09:55:18-06:00 INFO (6): FIN:::...
2017-03-31T09:55:32-06:00 INFO (6): ------------------------------------------------
2017-03-31T09:55:32-06:00 INFO (6): ------------------------------------------------
2017-03-31T09:55:32-06:00 INFO (6): ------------------------------------------------
2017-03-31T09:55:32-06:00 INFO (6): ---- ENVIO PROGRAMADOS - FN GUARDAR ------------
2017-03-31T09:55:32-06:00 INFO (6): REQUESTArray
(
    [categoria] => nueva
    [fechaenvio] => 2017-03-31
    [horaenvio] => 44c0342125f59f5
    [msgtxt] => mas 
    [caracteres] => 4
    [accion] => guardar
    [retenido] => 0.58
    [PHPSESSID] => ult1oglvptm271j5gs3lj6g9t0
)

2017-03-31T09:55:32-06:00 INFO (6): CATEGORIA: nueva
2017-03-31T09:55:32-06:00 INFO (6): HORA DE ENVIO: 44c0342125f59f5
2017-03-31T09:55:32-06:00 INFO (6): FECHA DE ENVIO: 2017-03-31
2017-03-31T09:55:32-06:00 INFO (6): MENSAJE: mas 
2017-03-31T09:55:32-06:00 INFO (6): CAMPANIA: Administrador
2017-03-31T09:55:32-06:00 INFO (6): SI REQUESITO TODOS LOS CAMPOS
2017-03-31T09:55:32-06:00 INFO (6): DIFERENCIA: 0
2017-03-31T09:55:32-06:00 INFO (6): ES UNA FECHA VALIDAD, AUN NO HA PASADO
2017-03-31T09:55:32-06:00 INFO (6): DATOS A INSERTAR EN LA BASE MENSAJES PROGRAMADOS: Array
(
    [mensaje_horario] => 44c0342125f59f5
    [mensaje_horarionombre] => 09:00:00
    [mensaje_mensaje] => mas 
    [mensaje_nombre] => Administrador
    [mensaje_fechaenvio] => 2017-03-31
    [mensaje_descripcion] => Administrador
    [mensaje_fechaalta] => 2017/03/31 09:55:32
    [mensaje_activo] => 1
    [mensaje_region] => nueva
    [mensaje_ocupacion] => nueva
    [mensaje_procesado] => 1
    [mensaje_usuario] => 1
)

2017-03-31T09:55:32-06:00 INFO (6): SE INSERTO: 1
2017-03-31T09:55:32-06:00 INFO (6): FIN:::...
2017-03-31T10:04:57-06:00 INFO (6): ------------------------------------------------
2017-03-31T10:04:57-06:00 INFO (6): ------------------------------------------------
2017-03-31T10:04:57-06:00 INFO (6): ------------------------------------------------
2017-03-31T10:04:57-06:00 INFO (6): ---- ENVIO PROGRAMADOS - FN GUARDAR ------------
2017-03-31T10:04:57-06:00 INFO (6): REQUESTArray
(
    [categoria] => nueva
    [fechaenvio] => 2017-03-31
    [horaenvio] => 64c03b50e85e7d6
    [msgtxt] => Prueba
    [caracteres] => 6
    [accion] => guardar
    [retenido] => 0.58
    [PHPSESSID] => ult1oglvptm271j5gs3lj6g9t0
)

2017-03-31T10:04:57-06:00 INFO (6): CATEGORIA: nueva
2017-03-31T10:04:57-06:00 INFO (6): HORA DE ENVIO: 64c03b50e85e7d6
2017-03-31T10:04:57-06:00 INFO (6): FECHA DE ENVIO: 2017-03-31
2017-03-31T10:04:57-06:00 INFO (6): MENSAJE: Prueba
2017-03-31T10:04:57-06:00 INFO (6): CAMPANIA: Administrador
2017-03-31T10:04:57-06:00 INFO (6): SI REQUESITO TODOS LOS CAMPOS
2017-03-31T10:04:57-06:00 INFO (6): DIFERENCIA: 0
2017-03-31T10:04:57-06:00 INFO (6): ES UNA FECHA VALIDAD, AUN NO HA PASADO
2017-03-31T10:04:57-06:00 INFO (6): DATOS A INSERTAR EN LA BASE MENSAJES PROGRAMADOS: Array
(
    [mensaje_horario] => 64c03b50e85e7d6
    [mensaje_horarionombre] => 10:30:00
    [mensaje_mensaje] => Prueba
    [mensaje_nombre] => Administrador
    [mensaje_fechaenvio] => 2017-03-31
    [mensaje_descripcion] => Administrador
    [mensaje_fechaalta] => 2017/03/31 10:04:57
    [mensaje_activo] => 1
    [mensaje_region] => nueva
    [mensaje_ocupacion] => nueva
    [mensaje_procesado] => 1
    [mensaje_usuario] => 1
)

2017-03-31T10:04:57-06:00 INFO (6): SE INSERTO: 1
2017-03-31T10:04:57-06:00 INFO (6): FIN:::...
2017-03-31T10:05:09-06:00 INFO (6): ------------------------------------------------
2017-03-31T10:05:09-06:00 INFO (6): ------------------------------------------------
2017-03-31T10:05:09-06:00 INFO (6): ------------------------------------------------
2017-03-31T10:05:09-06:00 INFO (6): ---- ENVIO PROGRAMADOS - FN GUARDAR ------------
2017-03-31T10:05:09-06:00 INFO (6): REQUESTArray
(
    [categoria] => nueva
    [fechaenvio] => 2017-03-31
    [horaenvio] => 44c0342125f59f5
    [msgtxt] => qwerty
    [caracteres] => 6
    [accion] => guardar
    [retenido] => 0.58
    [PHPSESSID] => ult1oglvptm271j5gs3lj6g9t0
)

2017-03-31T10:05:09-06:00 INFO (6): CATEGORIA: nueva
2017-03-31T10:05:09-06:00 INFO (6): HORA DE ENVIO: 44c0342125f59f5
2017-03-31T10:05:09-06:00 INFO (6): FECHA DE ENVIO: 2017-03-31
2017-03-31T10:05:09-06:00 INFO (6): MENSAJE: qwerty
2017-03-31T10:05:09-06:00 INFO (6): CAMPANIA: Administrador
2017-03-31T10:05:09-06:00 INFO (6): SI REQUESITO TODOS LOS CAMPOS
2017-03-31T10:05:09-06:00 INFO (6): DIFERENCIA: 0
2017-03-31T10:05:09-06:00 INFO (6): ES UNA FECHA VALIDAD, AUN NO HA PASADO
2017-03-31T10:05:09-06:00 INFO (6): DATOS A INSERTAR EN LA BASE MENSAJES PROGRAMADOS: Array
(
    [mensaje_horario] => 44c0342125f59f5
    [mensaje_horarionombre] => 09:00:00
    [mensaje_mensaje] => qwerty
    [mensaje_nombre] => Administrador
    [mensaje_fechaenvio] => 2017-03-31
    [mensaje_descripcion] => Administrador
    [mensaje_fechaalta] => 2017/03/31 10:05:09
    [mensaje_activo] => 1
    [mensaje_region] => nueva
    [mensaje_ocupacion] => nueva
    [mensaje_procesado] => 1
    [mensaje_usuario] => 1
)

2017-03-31T10:05:09-06:00 INFO (6): SE INSERTO: 1
2017-03-31T10:05:09-06:00 INFO (6): FIN:::...
2017-03-31T10:11:15-06:00 INFO (6): ------------------------------------------------
2017-03-31T10:11:15-06:00 INFO (6): ------------------------------------------------
2017-03-31T10:11:15-06:00 INFO (6): ------------------------------------------------
2017-03-31T10:11:15-06:00 INFO (6): ---- ENVIO PROGRAMADOS - FN GUARDAR ------------
2017-03-31T10:11:15-06:00 INFO (6): REQUESTArray
(
    [categoria] => nueva
    [fechaenvio] => 2017-03-31
    [horaenvio] => 44c0342125f59f5
    [msgtxt] => yeah
    [caracteres] => 4
    [accion] => guardar
    [retenido] => 0.58
    [PHPSESSID] => ult1oglvptm271j5gs3lj6g9t0
)

2017-03-31T10:11:15-06:00 INFO (6): CATEGORIA: nueva
2017-03-31T10:11:15-06:00 INFO (6): HORA DE ENVIO: 44c0342125f59f5
2017-03-31T10:11:15-06:00 INFO (6): FECHA DE ENVIO: 2017-03-31
2017-03-31T10:11:15-06:00 INFO (6): MENSAJE: yeah
2017-03-31T10:11:15-06:00 INFO (6): CAMPANIA: Administrador
2017-03-31T10:11:15-06:00 INFO (6): SI REQUESITO TODOS LOS CAMPOS
2017-03-31T10:11:15-06:00 INFO (6): DIFERENCIA: 0
2017-03-31T10:11:15-06:00 INFO (6): ES UNA FECHA VALIDAD, AUN NO HA PASADO
2017-03-31T10:11:15-06:00 INFO (6): DATOS A INSERTAR EN LA BASE MENSAJES PROGRAMADOS: Array
(
    [mensaje_horario] => 44c0342125f59f5
    [mensaje_horarionombre] => 09:00:00
    [mensaje_mensaje] => yeah
    [mensaje_nombre] => Administrador
    [mensaje_fechaenvio] => 2017-03-31
    [mensaje_descripcion] => Administrador
    [mensaje_fechaalta] => 2017/03/31 10:11:15
    [mensaje_activo] => 1
    [mensaje_region] => nueva
    [mensaje_ocupacion] => nueva
    [mensaje_procesado] => 1
    [mensaje_usuario] => 1
)

2017-03-31T10:11:15-06:00 INFO (6): SE INSERTO: 1
2017-03-31T10:11:15-06:00 INFO (6): FIN:::...
2017-03-31T10:11:29-06:00 INFO (6): ------------------------------------------------
2017-03-31T10:11:29-06:00 INFO (6): ------------------------------------------------
2017-03-31T10:11:29-06:00 INFO (6): ------------------------------------------------
2017-03-31T10:11:29-06:00 INFO (6): ---- ENVIO PROGRAMADOS - FN GUARDAR ------------
2017-03-31T10:11:29-06:00 INFO (6): REQUESTArray
(
    [categoria] => nueva
    [fechaenvio] => 2017-03-31
    [horaenvio] => 44c0342125f59f6
    [msgtxt] => wer
    [caracteres] => 3
    [accion] => guardar
    [retenido] => 0.58
    [PHPSESSID] => ult1oglvptm271j5gs3lj6g9t0
)

2017-03-31T10:11:29-06:00 INFO (6): CATEGORIA: nueva
2017-03-31T10:11:29-06:00 INFO (6): HORA DE ENVIO: 44c0342125f59f6
2017-03-31T10:11:29-06:00 INFO (6): FECHA DE ENVIO: 2017-03-31
2017-03-31T10:11:29-06:00 INFO (6): MENSAJE: wer
2017-03-31T10:11:29-06:00 INFO (6): CAMPANIA: Administrador
2017-03-31T10:11:29-06:00 INFO (6): SI REQUESITO TODOS LOS CAMPOS
2017-03-31T10:11:29-06:00 INFO (6): DIFERENCIA: 0
2017-03-31T10:11:29-06:00 INFO (6): ES UNA FECHA VALIDAD, AUN NO HA PASADO
2017-03-31T10:11:29-06:00 INFO (6): DATOS A INSERTAR EN LA BASE MENSAJES PROGRAMADOS: Array
(
    [mensaje_horario] => 44c0342125f59f6
    [mensaje_horarionombre] => 09:30:00
    [mensaje_mensaje] => wer
    [mensaje_nombre] => Administrador
    [mensaje_fechaenvio] => 2017-03-31
    [mensaje_descripcion] => Administrador
    [mensaje_fechaalta] => 2017/03/31 10:11:29
    [mensaje_activo] => 1
    [mensaje_region] => nueva
    [mensaje_ocupacion] => nueva
    [mensaje_procesado] => 1
    [mensaje_usuario] => 1
)

2017-03-31T10:11:29-06:00 INFO (6): SE INSERTO: 1
2017-03-31T10:11:29-06:00 INFO (6): FIN:::...
2017-03-31T10:20:07-06:00 INFO (6): ------------------------------------------------
2017-03-31T10:20:07-06:00 INFO (6): ------------------------------------------------
2017-03-31T10:20:07-06:00 INFO (6): ------------------------------------------------
2017-03-31T10:20:07-06:00 INFO (6): ---- ENVIO PROGRAMADOS - FN GUARDAR ------------
2017-03-31T10:20:07-06:00 INFO (6): REQUESTArray
(
    [categoria] => nueva
    [fechaenvio] => 2017-03-31
    [horaenvio] => 64c03b50e85e7d6
    [msgtxt] => Masivo    
    [caracteres] => 10
    [accion] => guardar
    [retenido] => 0.58
    [PHPSESSID] => ult1oglvptm271j5gs3lj6g9t0
)

2017-03-31T10:20:07-06:00 INFO (6): CATEGORIA: nueva
2017-03-31T10:20:07-06:00 INFO (6): HORA DE ENVIO: 64c03b50e85e7d6
2017-03-31T10:20:07-06:00 INFO (6): FECHA DE ENVIO: 2017-03-31
2017-03-31T10:20:07-06:00 INFO (6): MENSAJE: Masivo    
2017-03-31T10:20:07-06:00 INFO (6): CAMPANIA: Administrador
2017-03-31T10:20:07-06:00 INFO (6): SI REQUESITO TODOS LOS CAMPOS
2017-03-31T10:20:07-06:00 INFO (6): DIFERENCIA: 0
2017-03-31T10:20:07-06:00 INFO (6): ES UNA FECHA VALIDAD, AUN NO HA PASADO
2017-03-31T10:20:07-06:00 INFO (6): DATOS A INSERTAR EN LA BASE MENSAJES PROGRAMADOS: Array
(
    [mensaje_horario] => 64c03b50e85e7d6
    [mensaje_horarionombre] => 10:30:00
    [mensaje_mensaje] => Masivo    
    [mensaje_nombre] => Administrador
    [mensaje_fechaenvio] => 2017-03-31
    [mensaje_descripcion] => Administrador
    [mensaje_fechaalta] => 2017/03/31 10:20:07
    [mensaje_activo] => 1
    [mensaje_region] => nueva
    [mensaje_ocupacion] => nueva
    [mensaje_procesado] => 1
    [mensaje_usuario] => 1
)

2017-03-31T10:20:07-06:00 INFO (6): SE INSERTO: 1
2017-03-31T10:20:07-06:00 INFO (6): FIN:::...
2017-03-31T10:20:19-06:00 INFO (6): ------------------------------------------------
2017-03-31T10:20:19-06:00 INFO (6): ------------------------------------------------
2017-03-31T10:20:19-06:00 INFO (6): ------------------------------------------------
2017-03-31T10:20:19-06:00 INFO (6): ---- ENVIO PROGRAMADOS - FN GUARDAR ------------
2017-03-31T10:20:19-06:00 INFO (6): REQUESTArray
(
    [categoria] => nueva
    [fechaenvio] => 2017-03-31
    [horaenvio] => 44c0342125f59f5
    [msgtxt] => Masivo 2222
    [caracteres] => 11
    [accion] => guardar
    [retenido] => 0.58
    [PHPSESSID] => ult1oglvptm271j5gs3lj6g9t0
)

2017-03-31T10:20:19-06:00 INFO (6): CATEGORIA: nueva
2017-03-31T10:20:19-06:00 INFO (6): HORA DE ENVIO: 44c0342125f59f5
2017-03-31T10:20:19-06:00 INFO (6): FECHA DE ENVIO: 2017-03-31
2017-03-31T10:20:19-06:00 INFO (6): MENSAJE: Masivo 2222
2017-03-31T10:20:19-06:00 INFO (6): CAMPANIA: Administrador
2017-03-31T10:20:19-06:00 INFO (6): SI REQUESITO TODOS LOS CAMPOS
2017-03-31T10:20:19-06:00 INFO (6): DIFERENCIA: 0
2017-03-31T10:20:19-06:00 INFO (6): ES UNA FECHA VALIDAD, AUN NO HA PASADO
2017-03-31T10:20:19-06:00 INFO (6): DATOS A INSERTAR EN LA BASE MENSAJES PROGRAMADOS: Array
(
    [mensaje_horario] => 44c0342125f59f5
    [mensaje_horarionombre] => 09:00:00
    [mensaje_mensaje] => Masivo 2222
    [mensaje_nombre] => Administrador
    [mensaje_fechaenvio] => 2017-03-31
    [mensaje_descripcion] => Administrador
    [mensaje_fechaalta] => 2017/03/31 10:20:19
    [mensaje_activo] => 1
    [mensaje_region] => nueva
    [mensaje_ocupacion] => nueva
    [mensaje_procesado] => 1
    [mensaje_usuario] => 1
)

2017-03-31T10:20:19-06:00 INFO (6): SE INSERTO: 1
2017-03-31T10:20:19-06:00 INFO (6): FIN:::...
2017-03-31T10:23:24-06:00 INFO (6): ------------------------------------------------
2017-03-31T10:23:24-06:00 INFO (6): ------------------------------------------------
2017-03-31T10:23:24-06:00 INFO (6): ------------------------------------------------
2017-03-31T10:23:24-06:00 INFO (6): ---- ENVIO PROGRAMADOS - FN GUARDAR ------------
2017-03-31T10:23:24-06:00 INFO (6): REQUESTArray
(
    [categoria] => nueva
    [fechaenvio] => 2017-03-31
    [horaenvio] => 44c0342125f59f6
    [msgtxt] => no mientas por convivir 
    [caracteres] => 24
    [accion] => guardar
    [retenido] => 0.58
    [PHPSESSID] => ult1oglvptm271j5gs3lj6g9t0
)

2017-03-31T10:23:24-06:00 INFO (6): CATEGORIA: nueva
2017-03-31T10:23:24-06:00 INFO (6): HORA DE ENVIO: 44c0342125f59f6
2017-03-31T10:23:24-06:00 INFO (6): FECHA DE ENVIO: 2017-03-31
2017-03-31T10:23:24-06:00 INFO (6): MENSAJE: no mientas por convivir 
2017-03-31T10:23:24-06:00 INFO (6): CAMPANIA: Administrador
2017-03-31T10:23:24-06:00 INFO (6): SI REQUESITO TODOS LOS CAMPOS
2017-03-31T10:23:24-06:00 INFO (6): DIFERENCIA: 0
2017-03-31T10:23:24-06:00 INFO (6): ES UNA FECHA VALIDAD, AUN NO HA PASADO
2017-03-31T10:23:24-06:00 INFO (6): DATOS A INSERTAR EN LA BASE MENSAJES PROGRAMADOS: Array
(
    [mensaje_horario] => 44c0342125f59f6
    [mensaje_horarionombre] => 09:30:00
    [mensaje_mensaje] => no mientas por convivir 
    [mensaje_nombre] => Administrador
    [mensaje_fechaenvio] => 2017-03-31
    [mensaje_descripcion] => Administrador
    [mensaje_fechaalta] => 2017/03/31 10:23:24
    [mensaje_activo] => 1
    [mensaje_region] => nueva
    [mensaje_ocupacion] => nueva
    [mensaje_procesado] => 1
    [mensaje_usuario] => 1
)

2017-03-31T10:23:24-06:00 INFO (6): SE INSERTO: 1
2017-03-31T10:23:24-06:00 INFO (6): FIN:::...
2017-03-31T10:23:40-06:00 INFO (6): ------------------------------------------------
2017-03-31T10:23:40-06:00 INFO (6): ------------------------------------------------
2017-03-31T10:23:40-06:00 INFO (6): ------------------------------------------------
2017-03-31T10:23:40-06:00 INFO (6): ---- ENVIO PROGRAMADOS - FN GUARDAR ------------
2017-03-31T10:23:40-06:00 INFO (6): REQUESTArray
(
    [categoria] => nueva
    [fechaenvio] => 2017-03-31
    [horaenvio] => 44c0342125f59f5
    [msgtxt] => Mauricio  
    [caracteres] => 10
    [accion] => guardar
    [retenido] => 0.58
    [PHPSESSID] => ult1oglvptm271j5gs3lj6g9t0
)

2017-03-31T10:23:40-06:00 INFO (6): CATEGORIA: nueva
2017-03-31T10:23:40-06:00 INFO (6): HORA DE ENVIO: 44c0342125f59f5
2017-03-31T10:23:40-06:00 INFO (6): FECHA DE ENVIO: 2017-03-31
2017-03-31T10:23:40-06:00 INFO (6): MENSAJE: Mauricio  
2017-03-31T10:23:40-06:00 INFO (6): CAMPANIA: Administrador
2017-03-31T10:23:40-06:00 INFO (6): SI REQUESITO TODOS LOS CAMPOS
2017-03-31T10:23:40-06:00 INFO (6): DIFERENCIA: 0
2017-03-31T10:23:40-06:00 INFO (6): ES UNA FECHA VALIDAD, AUN NO HA PASADO
2017-03-31T10:23:40-06:00 INFO (6): DATOS A INSERTAR EN LA BASE MENSAJES PROGRAMADOS: Array
(
    [mensaje_horario] => 44c0342125f59f5
    [mensaje_horarionombre] => 09:00:00
    [mensaje_mensaje] => Mauricio  
    [mensaje_nombre] => Administrador
    [mensaje_fechaenvio] => 2017-03-31
    [mensaje_descripcion] => Administrador
    [mensaje_fechaalta] => 2017/03/31 10:23:40
    [mensaje_activo] => 1
    [mensaje_region] => nueva
    [mensaje_ocupacion] => nueva
    [mensaje_procesado] => 1
    [mensaje_usuario] => 1
)

2017-03-31T10:23:40-06:00 INFO (6): SE INSERTO: 1
2017-03-31T10:23:40-06:00 INFO (6): FIN:::...
2017-03-31T10:27:34-06:00 INFO (6): ------------------------------------------------
2017-03-31T10:27:34-06:00 INFO (6): ------------------------------------------------
2017-03-31T10:27:34-06:00 INFO (6): ------------------------------------------------
2017-03-31T10:27:34-06:00 INFO (6): ---- ENVIO PROGRAMADOS - FN GUARDAR ------------
2017-03-31T10:27:34-06:00 INFO (6): REQUESTArray
(
    [categoria] => nueva
    [fechaenvio] => 2017-03-31
    [horaenvio] => 64c03b50e85e7d1
    [msgtxt] => casa
    [caracteres] => 4
    [accion] => guardar
    [retenido] => 0.58
    [PHPSESSID] => ult1oglvptm271j5gs3lj6g9t0
)

2017-03-31T10:27:34-06:00 INFO (6): CATEGORIA: nueva
2017-03-31T10:27:34-06:00 INFO (6): HORA DE ENVIO: 64c03b50e85e7d1
2017-03-31T10:27:34-06:00 INFO (6): FECHA DE ENVIO: 2017-03-31
2017-03-31T10:27:34-06:00 INFO (6): MENSAJE: casa
2017-03-31T10:27:34-06:00 INFO (6): CAMPANIA: Administrador
2017-03-31T10:27:34-06:00 INFO (6): SI REQUESITO TODOS LOS CAMPOS
2017-03-31T10:27:34-06:00 INFO (6): DIFERENCIA: 0
2017-03-31T10:27:34-06:00 INFO (6): ES UNA FECHA VALIDAD, AUN NO HA PASADO
2017-03-31T10:27:34-06:00 INFO (6): DATOS A INSERTAR EN LA BASE MENSAJES PROGRAMADOS: Array
(
    [mensaje_horario] => 64c03b50e85e7d1
    [mensaje_horarionombre] => 10:00:00
    [mensaje_mensaje] => casa
    [mensaje_nombre] => Administrador
    [mensaje_fechaenvio] => 2017-03-31
    [mensaje_descripcion] => Administrador
    [mensaje_fechaalta] => 2017/03/31 10:27:34
    [mensaje_activo] => 1
    [mensaje_region] => nueva
    [mensaje_ocupacion] => nueva
    [mensaje_procesado] => 1
    [mensaje_usuario] => 1
)

2017-03-31T10:27:34-06:00 INFO (6): SE INSERTO: 1
2017-03-31T10:27:34-06:00 INFO (6): FIN:::...
2017-03-31T10:27:45-06:00 INFO (6): ------------------------------------------------
2017-03-31T10:27:45-06:00 INFO (6): ------------------------------------------------
2017-03-31T10:27:45-06:00 INFO (6): ------------------------------------------------
2017-03-31T10:27:45-06:00 INFO (6): ---- ENVIO PROGRAMADOS - FN GUARDAR ------------
2017-03-31T10:27:45-06:00 INFO (6): REQUESTArray
(
    [categoria] => nueva
    [fechaenvio] => 2017-03-31
    [horaenvio] => 44c0342125f59f6
    [msgtxt] => yes
    [caracteres] => 3
    [accion] => guardar
    [retenido] => 0.58
    [PHPSESSID] => ult1oglvptm271j5gs3lj6g9t0
)

2017-03-31T10:27:45-06:00 INFO (6): CATEGORIA: nueva
2017-03-31T10:27:45-06:00 INFO (6): HORA DE ENVIO: 44c0342125f59f6
2017-03-31T10:27:45-06:00 INFO (6): FECHA DE ENVIO: 2017-03-31
2017-03-31T10:27:45-06:00 INFO (6): MENSAJE: yes
2017-03-31T10:27:45-06:00 INFO (6): CAMPANIA: Administrador
2017-03-31T10:27:45-06:00 INFO (6): SI REQUESITO TODOS LOS CAMPOS
2017-03-31T10:27:45-06:00 INFO (6): DIFERENCIA: 0
2017-03-31T10:27:45-06:00 INFO (6): ES UNA FECHA VALIDAD, AUN NO HA PASADO
2017-03-31T10:27:45-06:00 INFO (6): DATOS A INSERTAR EN LA BASE MENSAJES PROGRAMADOS: Array
(
    [mensaje_horario] => 44c0342125f59f6
    [mensaje_horarionombre] => 09:30:00
    [mensaje_mensaje] => yes
    [mensaje_nombre] => Administrador
    [mensaje_fechaenvio] => 2017-03-31
    [mensaje_descripcion] => Administrador
    [mensaje_fechaalta] => 2017/03/31 10:27:45
    [mensaje_activo] => 1
    [mensaje_region] => nueva
    [mensaje_ocupacion] => nueva
    [mensaje_procesado] => 1
    [mensaje_usuario] => 1
)

2017-03-31T10:27:45-06:00 INFO (6): SE INSERTO: 1
2017-03-31T10:27:45-06:00 INFO (6): FIN:::...
2017-03-31T10:38:04-06:00 INFO (6): ------------------------------------------------
2017-03-31T10:38:04-06:00 INFO (6): ------------------------------------------------
2017-03-31T10:38:04-06:00 INFO (6): ------------------------------------------------
2017-03-31T10:38:04-06:00 INFO (6): ---- ENVIO PROGRAMADOS - FN GUARDAR ------------
2017-03-31T10:38:04-06:00 INFO (6): REQUESTArray
(
    [categoria] => nueva
    [fechaenvio] => 2017-03-31
    [horaenvio] => 64c03b50e85e7d6
    [msgtxt] => pruebas   
    [caracteres] => 10
    [accion] => guardar
    [retenido] => 0.58
    [PHPSESSID] => ult1oglvptm271j5gs3lj6g9t0
)

2017-03-31T10:38:04-06:00 INFO (6): CATEGORIA: nueva
2017-03-31T10:38:04-06:00 INFO (6): HORA DE ENVIO: 64c03b50e85e7d6
2017-03-31T10:38:04-06:00 INFO (6): FECHA DE ENVIO: 2017-03-31
2017-03-31T10:38:04-06:00 INFO (6): MENSAJE: pruebas   
2017-03-31T10:38:04-06:00 INFO (6): CAMPANIA: Administrador
2017-03-31T10:38:04-06:00 INFO (6): SI REQUESITO TODOS LOS CAMPOS
2017-03-31T10:38:04-06:00 INFO (6): DIFERENCIA: 0
2017-03-31T10:38:04-06:00 INFO (6): ES UNA FECHA VALIDAD, AUN NO HA PASADO
2017-03-31T10:38:04-06:00 INFO (6): DATOS A INSERTAR EN LA BASE MENSAJES PROGRAMADOS: Array
(
    [mensaje_horario] => 64c03b50e85e7d6
    [mensaje_horarionombre] => 10:30:00
    [mensaje_mensaje] => pruebas   
    [mensaje_nombre] => Administrador
    [mensaje_fechaenvio] => 2017-03-31
    [mensaje_descripcion] => Administrador
    [mensaje_fechaalta] => 2017/03/31 10:38:04
    [mensaje_activo] => 1
    [mensaje_region] => nueva
    [mensaje_ocupacion] => nueva
    [mensaje_procesado] => 1
    [mensaje_usuario] => 1
)

2017-03-31T10:38:04-06:00 INFO (6): SE INSERTO: 1
2017-03-31T10:38:04-06:00 INFO (6): FIN:::...
2017-03-31T10:38:51-06:00 INFO (6): ------------------------------------------------
2017-03-31T10:38:51-06:00 INFO (6): ------------------------------------------------
2017-03-31T10:38:51-06:00 INFO (6): ------------------------------------------------
2017-03-31T10:38:51-06:00 INFO (6): ---- ENVIO PROGRAMADOS - FN GUARDAR ------------
2017-03-31T10:38:51-06:00 INFO (6): REQUESTArray
(
    [categoria] => nueva
    [fechaenvio] => 2017-03-31
    [horaenvio] => 64c03b50e85e7d1
    [msgtxt] => prueba
    [caracteres] => 6
    [accion] => guardar
    [retenido] => 0.58
    [PHPSESSID] => ult1oglvptm271j5gs3lj6g9t0
)

2017-03-31T10:38:51-06:00 INFO (6): CATEGORIA: nueva
2017-03-31T10:38:51-06:00 INFO (6): HORA DE ENVIO: 64c03b50e85e7d1
2017-03-31T10:38:51-06:00 INFO (6): FECHA DE ENVIO: 2017-03-31
2017-03-31T10:38:51-06:00 INFO (6): MENSAJE: prueba
2017-03-31T10:38:51-06:00 INFO (6): CAMPANIA: Administrador
2017-03-31T10:38:51-06:00 INFO (6): SI REQUESITO TODOS LOS CAMPOS
2017-03-31T10:38:51-06:00 INFO (6): DIFERENCIA: 0
2017-03-31T10:38:51-06:00 INFO (6): ES UNA FECHA VALIDAD, AUN NO HA PASADO
2017-03-31T10:38:51-06:00 INFO (6): DATOS A INSERTAR EN LA BASE MENSAJES PROGRAMADOS: Array
(
    [mensaje_horario] => 64c03b50e85e7d1
    [mensaje_horarionombre] => 10:00:00
    [mensaje_mensaje] => prueba
    [mensaje_nombre] => Administrador
    [mensaje_fechaenvio] => 2017-03-31
    [mensaje_descripcion] => Administrador
    [mensaje_fechaalta] => 2017/03/31 10:38:51
    [mensaje_activo] => 1
    [mensaje_region] => nueva
    [mensaje_ocupacion] => nueva
    [mensaje_procesado] => 1
    [mensaje_usuario] => 1
)

2017-03-31T10:38:51-06:00 INFO (6): SE INSERTO: 1
2017-03-31T10:38:51-06:00 INFO (6): FIN:::...
2017-03-31T10:42:23-06:00 INFO (6): ------------------------------------------------
2017-03-31T10:42:23-06:00 INFO (6): ------------------------------------------------
2017-03-31T10:42:23-06:00 INFO (6): ------------------------------------------------
2017-03-31T10:42:23-06:00 INFO (6): ---- ENVIO PROGRAMADOS - FN GUARDAR ------------
2017-03-31T10:42:23-06:00 INFO (6): REQUESTArray
(
    [categoria] => dummy
    [fechaenvio] => 2017-03-31
    [horaenvio] => 64c03b50e85e7d6
    [msgtxt] => se acabo la 2125
    [caracteres] => 16
    [accion] => guardar
    [retenido] => 40.6
    [PHPSESSID] => ult1oglvptm271j5gs3lj6g9t0
)

2017-03-31T10:42:23-06:00 INFO (6): CATEGORIA: dummy
2017-03-31T10:42:23-06:00 INFO (6): HORA DE ENVIO: 64c03b50e85e7d6
2017-03-31T10:42:23-06:00 INFO (6): FECHA DE ENVIO: 2017-03-31
2017-03-31T10:42:23-06:00 INFO (6): MENSAJE: se acabo la 2125
2017-03-31T10:42:23-06:00 INFO (6): CAMPANIA: Administrador
2017-03-31T10:42:23-06:00 INFO (6): SI REQUESITO TODOS LOS CAMPOS
2017-03-31T10:42:23-06:00 INFO (6): DIFERENCIA: 0
2017-03-31T10:42:23-06:00 INFO (6): ES UNA FECHA VALIDAD, AUN NO HA PASADO
2017-03-31T10:42:23-06:00 INFO (6): DATOS A INSERTAR EN LA BASE MENSAJES PROGRAMADOS: Array
(
    [mensaje_horario] => 64c03b50e85e7d6
    [mensaje_horarionombre] => 10:30:00
    [mensaje_mensaje] => se acabo la 2125
    [mensaje_nombre] => Administrador
    [mensaje_fechaenvio] => 2017-03-31
    [mensaje_descripcion] => Administrador
    [mensaje_fechaalta] => 2017/03/31 10:42:23
    [mensaje_activo] => 1
    [mensaje_region] => dummy
    [mensaje_ocupacion] => dummy
    [mensaje_procesado] => 1
    [mensaje_usuario] => 1
)

2017-03-31T10:42:23-06:00 INFO (6): SE INSERTO: 1
2017-03-31T10:42:23-06:00 INFO (6): FIN:::...
2017-03-31T10:42:37-06:00 INFO (6): ------------------------------------------------
2017-03-31T10:42:37-06:00 INFO (6): ------------------------------------------------
2017-03-31T10:42:37-06:00 INFO (6): ------------------------------------------------
2017-03-31T10:42:37-06:00 INFO (6): ---- ENVIO PROGRAMADOS - FN GUARDAR ------------
2017-03-31T10:42:37-06:00 INFO (6): REQUESTArray
(
    [categoria] => nueva
    [fechaenvio] => 2017-03-31
    [horaenvio] => 44c0342125f59f5
    [msgtxt] => 2125
    [caracteres] => 4
    [accion] => guardar
    [retenido] => 0.58
    [PHPSESSID] => ult1oglvptm271j5gs3lj6g9t0
)

2017-03-31T10:42:37-06:00 INFO (6): CATEGORIA: nueva
2017-03-31T10:42:37-06:00 INFO (6): HORA DE ENVIO: 44c0342125f59f5
2017-03-31T10:42:37-06:00 INFO (6): FECHA DE ENVIO: 2017-03-31
2017-03-31T10:42:37-06:00 INFO (6): MENSAJE: 2125
2017-03-31T10:42:37-06:00 INFO (6): CAMPANIA: Administrador
2017-03-31T10:42:37-06:00 INFO (6): SI REQUESITO TODOS LOS CAMPOS
2017-03-31T10:42:37-06:00 INFO (6): DIFERENCIA: 0
2017-03-31T10:42:37-06:00 INFO (6): ES UNA FECHA VALIDAD, AUN NO HA PASADO
2017-03-31T10:42:37-06:00 INFO (6): DATOS A INSERTAR EN LA BASE MENSAJES PROGRAMADOS: Array
(
    [mensaje_horario] => 44c0342125f59f5
    [mensaje_horarionombre] => 09:00:00
    [mensaje_mensaje] => 2125
    [mensaje_nombre] => Administrador
    [mensaje_fechaenvio] => 2017-03-31
    [mensaje_descripcion] => Administrador
    [mensaje_fechaalta] => 2017/03/31 10:42:37
    [mensaje_activo] => 1
    [mensaje_region] => nueva
    [mensaje_ocupacion] => nueva
    [mensaje_procesado] => 1
    [mensaje_usuario] => 1
)

2017-03-31T10:42:37-06:00 INFO (6): SE INSERTO: 1
2017-03-31T10:42:37-06:00 INFO (6): FIN:::...
2017-03-31T10:43:07-06:00 INFO (6): ------------------------------------------------
2017-03-31T10:43:07-06:00 INFO (6): ------------------------------------------------
2017-03-31T10:43:07-06:00 INFO (6): ------------------------------------------------
2017-03-31T10:43:07-06:00 INFO (6): ---- ENVIO PROGRAMADOS - FN GUARDAR ------------
2017-03-31T10:43:07-06:00 INFO (6): REQUESTArray
(
    [categoria] => nueva
    [fechaenvio] => 2017-03-31
    [horaenvio] => 44c0342125f59f6
    [msgtxt] => por esa
    [caracteres] => 7
    [accion] => guardar
    [retenido] => 0.58
    [PHPSESSID] => ult1oglvptm271j5gs3lj6g9t0
)

2017-03-31T10:43:07-06:00 INFO (6): CATEGORIA: nueva
2017-03-31T10:43:07-06:00 INFO (6): HORA DE ENVIO: 44c0342125f59f6
2017-03-31T10:43:07-06:00 INFO (6): FECHA DE ENVIO: 2017-03-31
2017-03-31T10:43:07-06:00 INFO (6): MENSAJE: por esa
2017-03-31T10:43:07-06:00 INFO (6): CAMPANIA: Administrador
2017-03-31T10:43:07-06:00 INFO (6): SI REQUESITO TODOS LOS CAMPOS
2017-03-31T10:43:07-06:00 INFO (6): DIFERENCIA: 0
2017-03-31T10:43:07-06:00 INFO (6): ES UNA FECHA VALIDAD, AUN NO HA PASADO
2017-03-31T10:43:07-06:00 INFO (6): DATOS A INSERTAR EN LA BASE MENSAJES PROGRAMADOS: Array
(
    [mensaje_horario] => 44c0342125f59f6
    [mensaje_horarionombre] => 09:30:00
    [mensaje_mensaje] => por esa
    [mensaje_nombre] => Administrador
    [mensaje_fechaenvio] => 2017-03-31
    [mensaje_descripcion] => Administrador
    [mensaje_fechaalta] => 2017/03/31 10:43:07
    [mensaje_activo] => 1
    [mensaje_region] => nueva
    [mensaje_ocupacion] => nueva
    [mensaje_procesado] => 1
    [mensaje_usuario] => 1
)

2017-03-31T10:43:07-06:00 INFO (6): SE INSERTO: 1
2017-03-31T10:43:07-06:00 INFO (6): FIN:::...
2017-03-31T10:53:15-06:00 INFO (6): ------------------------------------------------
2017-03-31T10:53:15-06:00 INFO (6): ------------------------------------------------
2017-03-31T10:53:15-06:00 INFO (6): ------------------------------------------------
2017-03-31T10:53:15-06:00 INFO (6): ---- ENVIO PROGRAMADOS - FN GUARDAR ------------
2017-03-31T10:53:15-06:00 INFO (6): REQUESTArray
(
    [categoria] => nueva
    [fechaenvio] => 2017-03-31
    [horaenvio] => 64c03b50e85e7d1
    [msgtxt] => Todo va a estar bien
    [caracteres] => 20
    [accion] => guardar
    [retenido] => 0.58
    [PHPSESSID] => ult1oglvptm271j5gs3lj6g9t0
)

2017-03-31T10:53:15-06:00 INFO (6): CATEGORIA: nueva
2017-03-31T10:53:15-06:00 INFO (6): HORA DE ENVIO: 64c03b50e85e7d1
2017-03-31T10:53:15-06:00 INFO (6): FECHA DE ENVIO: 2017-03-31
2017-03-31T10:53:15-06:00 INFO (6): MENSAJE: Todo va a estar bien
2017-03-31T10:53:15-06:00 INFO (6): CAMPANIA: Administrador
2017-03-31T10:53:15-06:00 INFO (6): SI REQUESITO TODOS LOS CAMPOS
2017-03-31T10:53:15-06:00 INFO (6): DIFERENCIA: 0
2017-03-31T10:53:15-06:00 INFO (6): ES UNA FECHA VALIDAD, AUN NO HA PASADO
2017-03-31T10:53:15-06:00 INFO (6): DATOS A INSERTAR EN LA BASE MENSAJES PROGRAMADOS: Array
(
    [mensaje_horario] => 64c03b50e85e7d1
    [mensaje_horarionombre] => 10:00:00
    [mensaje_mensaje] => Todo va a estar bien
    [mensaje_nombre] => Administrador
    [mensaje_fechaenvio] => 2017-03-31
    [mensaje_descripcion] => Administrador
    [mensaje_fechaalta] => 2017/03/31 10:53:15
    [mensaje_activo] => 1
    [mensaje_region] => nueva
    [mensaje_ocupacion] => nueva
    [mensaje_procesado] => 1
    [mensaje_usuario] => 1
)

2017-03-31T10:53:15-06:00 INFO (6): SE INSERTO: 1
2017-03-31T10:53:15-06:00 INFO (6): FIN:::...
2017-03-31T10:53:39-06:00 INFO (6): ------------------------------------------------
2017-03-31T10:53:39-06:00 INFO (6): ------------------------------------------------
2017-03-31T10:53:39-06:00 INFO (6): ------------------------------------------------
2017-03-31T10:53:39-06:00 INFO (6): ---- ENVIO PROGRAMADOS - FN GUARDAR ------------
2017-03-31T10:53:39-06:00 INFO (6): REQUESTArray
(
    [categoria] => nueva
    [fechaenvio] => 2017-03-31
    [horaenvio] => 44c0342125f59f5
    [msgtxt] => 12345      
    [caracteres] => 11
    [accion] => guardar
    [retenido] => 0.58
    [PHPSESSID] => ult1oglvptm271j5gs3lj6g9t0
)

2017-03-31T10:53:39-06:00 INFO (6): CATEGORIA: nueva
2017-03-31T10:53:39-06:00 INFO (6): HORA DE ENVIO: 44c0342125f59f5
2017-03-31T10:53:39-06:00 INFO (6): FECHA DE ENVIO: 2017-03-31
2017-03-31T10:53:39-06:00 INFO (6): MENSAJE: 12345      
2017-03-31T10:53:39-06:00 INFO (6): CAMPANIA: Administrador
2017-03-31T10:53:39-06:00 INFO (6): SI REQUESITO TODOS LOS CAMPOS
2017-03-31T10:53:39-06:00 INFO (6): DIFERENCIA: 0
2017-03-31T10:53:39-06:00 INFO (6): ES UNA FECHA VALIDAD, AUN NO HA PASADO
2017-03-31T10:53:39-06:00 INFO (6): DATOS A INSERTAR EN LA BASE MENSAJES PROGRAMADOS: Array
(
    [mensaje_horario] => 44c0342125f59f5
    [mensaje_horarionombre] => 09:00:00
    [mensaje_mensaje] => 12345      
    [mensaje_nombre] => Administrador
    [mensaje_fechaenvio] => 2017-03-31
    [mensaje_descripcion] => Administrador
    [mensaje_fechaalta] => 2017/03/31 10:53:39
    [mensaje_activo] => 1
    [mensaje_region] => nueva
    [mensaje_ocupacion] => nueva
    [mensaje_procesado] => 1
    [mensaje_usuario] => 1
)

2017-03-31T10:53:39-06:00 INFO (6): SE INSERTO: 1
2017-03-31T10:53:39-06:00 INFO (6): FIN:::...
2017-03-31T10:53:52-06:00 INFO (6): ------------------------------------------------
2017-03-31T10:53:52-06:00 INFO (6): ------------------------------------------------
2017-03-31T10:53:52-06:00 INFO (6): ------------------------------------------------
2017-03-31T10:53:52-06:00 INFO (6): ---- ENVIO PROGRAMADOS - FN GUARDAR ------------
2017-03-31T10:53:52-06:00 INFO (6): REQUESTArray
(
    [categoria] => dummy
    [fechaenvio] => 2017-03-31
    [horaenvio] => 64c03b50e85e7d1
    [msgtxt] => real
    [caracteres] => 4
    [accion] => guardar
    [retenido] => 40.6
    [PHPSESSID] => ult1oglvptm271j5gs3lj6g9t0
)

2017-03-31T10:53:52-06:00 INFO (6): CATEGORIA: dummy
2017-03-31T10:53:52-06:00 INFO (6): HORA DE ENVIO: 64c03b50e85e7d1
2017-03-31T10:53:52-06:00 INFO (6): FECHA DE ENVIO: 2017-03-31
2017-03-31T10:53:52-06:00 INFO (6): MENSAJE: real
2017-03-31T10:53:52-06:00 INFO (6): CAMPANIA: Administrador
2017-03-31T10:53:52-06:00 INFO (6): SI REQUESITO TODOS LOS CAMPOS
2017-03-31T10:53:52-06:00 INFO (6): DIFERENCIA: 0
2017-03-31T10:53:52-06:00 INFO (6): ES UNA FECHA VALIDAD, AUN NO HA PASADO
2017-03-31T10:53:52-06:00 INFO (6): DATOS A INSERTAR EN LA BASE MENSAJES PROGRAMADOS: Array
(
    [mensaje_horario] => 64c03b50e85e7d1
    [mensaje_horarionombre] => 10:00:00
    [mensaje_mensaje] => real
    [mensaje_nombre] => Administrador
    [mensaje_fechaenvio] => 2017-03-31
    [mensaje_descripcion] => Administrador
    [mensaje_fechaalta] => 2017/03/31 10:53:52
    [mensaje_activo] => 1
    [mensaje_region] => dummy
    [mensaje_ocupacion] => dummy
    [mensaje_procesado] => 1
    [mensaje_usuario] => 1
)

2017-03-31T10:53:52-06:00 INFO (6): SE INSERTO: 1
2017-03-31T10:53:52-06:00 INFO (6): FIN:::...
2017-03-31T11:00:29-06:00 INFO (6): ------------------------------------------------
2017-03-31T11:00:29-06:00 INFO (6): ------------------------------------------------
2017-03-31T11:00:29-06:00 INFO (6): ------------------------------------------------
2017-03-31T11:00:29-06:00 INFO (6): ---- ENVIO PROGRAMADOS - FN GUARDAR ------------
2017-03-31T11:00:29-06:00 INFO (6): REQUESTArray
(
    [categoria] => dummy
    [fechaenvio] => 2017-03-31
    [horaenvio] => 44c0342125f59f5
    [msgtxt] => 1
    [caracteres] => 1
    [accion] => guardar
    [retenido] => 40.6
    [PHPSESSID] => ult1oglvptm271j5gs3lj6g9t0
)

2017-03-31T11:00:29-06:00 INFO (6): CATEGORIA: dummy
2017-03-31T11:00:29-06:00 INFO (6): HORA DE ENVIO: 44c0342125f59f5
2017-03-31T11:00:29-06:00 INFO (6): FECHA DE ENVIO: 2017-03-31
2017-03-31T11:00:29-06:00 INFO (6): MENSAJE: 1
2017-03-31T11:00:29-06:00 INFO (6): CAMPANIA: Administrador
2017-03-31T11:00:29-06:00 INFO (6): SI REQUESITO TODOS LOS CAMPOS
2017-03-31T11:00:29-06:00 INFO (6): DIFERENCIA: 0
2017-03-31T11:00:29-06:00 INFO (6): ES UNA FECHA VALIDAD, AUN NO HA PASADO
2017-03-31T11:00:29-06:00 INFO (6): DATOS A INSERTAR EN LA BASE MENSAJES PROGRAMADOS: Array
(
    [mensaje_horario] => 44c0342125f59f5
    [mensaje_horarionombre] => 09:00:00
    [mensaje_mensaje] => 1
    [mensaje_nombre] => Administrador
    [mensaje_fechaenvio] => 2017-03-31
    [mensaje_descripcion] => Administrador
    [mensaje_fechaalta] => 2017/03/31 11:00:29
    [mensaje_activo] => 1
    [mensaje_region] => dummy
    [mensaje_ocupacion] => dummy
    [mensaje_procesado] => 1
    [mensaje_usuario] => 1
)

2017-03-31T11:00:29-06:00 INFO (6): SE INSERTO: 1
2017-03-31T11:00:29-06:00 INFO (6): FIN:::...
2017-03-31T11:00:39-06:00 INFO (6): ------------------------------------------------
2017-03-31T11:00:39-06:00 INFO (6): ------------------------------------------------
2017-03-31T11:00:39-06:00 INFO (6): ------------------------------------------------
2017-03-31T11:00:39-06:00 INFO (6): ---- ENVIO PROGRAMADOS - FN GUARDAR ------------
2017-03-31T11:00:39-06:00 INFO (6): REQUESTArray
(
    [categoria] => dummy
    [fechaenvio] => 2017-03-31
    [horaenvio] => 64c03b50e85e7d1
    [msgtxt] => 2
    [caracteres] => 1
    [accion] => guardar
    [retenido] => 40.6
    [PHPSESSID] => ult1oglvptm271j5gs3lj6g9t0
)

2017-03-31T11:00:39-06:00 INFO (6): CATEGORIA: dummy
2017-03-31T11:00:39-06:00 INFO (6): HORA DE ENVIO: 64c03b50e85e7d1
2017-03-31T11:00:39-06:00 INFO (6): FECHA DE ENVIO: 2017-03-31
2017-03-31T11:00:39-06:00 INFO (6): MENSAJE: 2
2017-03-31T11:00:39-06:00 INFO (6): CAMPANIA: Administrador
2017-03-31T11:00:39-06:00 INFO (6): SI REQUESITO TODOS LOS CAMPOS
2017-03-31T11:00:39-06:00 INFO (6): DIFERENCIA: 0
2017-03-31T11:00:39-06:00 INFO (6): ES UNA FECHA VALIDAD, AUN NO HA PASADO
2017-03-31T11:00:39-06:00 INFO (6): DATOS A INSERTAR EN LA BASE MENSAJES PROGRAMADOS: Array
(
    [mensaje_horario] => 64c03b50e85e7d1
    [mensaje_horarionombre] => 10:00:00
    [mensaje_mensaje] => 2
    [mensaje_nombre] => Administrador
    [mensaje_fechaenvio] => 2017-03-31
    [mensaje_descripcion] => Administrador
    [mensaje_fechaalta] => 2017/03/31 11:00:39
    [mensaje_activo] => 1
    [mensaje_region] => dummy
    [mensaje_ocupacion] => dummy
    [mensaje_procesado] => 1
    [mensaje_usuario] => 1
)

2017-03-31T11:00:39-06:00 INFO (6): SE INSERTO: 1
2017-03-31T11:00:39-06:00 INFO (6): FIN:::...
2017-03-31T11:00:47-06:00 INFO (6): ------------------------------------------------
2017-03-31T11:00:47-06:00 INFO (6): ------------------------------------------------
2017-03-31T11:00:47-06:00 INFO (6): ------------------------------------------------
2017-03-31T11:00:47-06:00 INFO (6): ---- ENVIO PROGRAMADOS - FN GUARDAR ------------
2017-03-31T11:00:47-06:00 INFO (6): REQUESTArray
(
    [categoria] => nueva
    [fechaenvio] => 2017-03-31
    [horaenvio] => 44c0342125f59f5
    [msgtxt] => 3
    [caracteres] => 1
    [accion] => guardar
    [retenido] => 0.58
    [PHPSESSID] => ult1oglvptm271j5gs3lj6g9t0
)

2017-03-31T11:00:47-06:00 INFO (6): CATEGORIA: nueva
2017-03-31T11:00:47-06:00 INFO (6): HORA DE ENVIO: 44c0342125f59f5
2017-03-31T11:00:47-06:00 INFO (6): FECHA DE ENVIO: 2017-03-31
2017-03-31T11:00:47-06:00 INFO (6): MENSAJE: 3
2017-03-31T11:00:47-06:00 INFO (6): CAMPANIA: Administrador
2017-03-31T11:00:47-06:00 INFO (6): SI REQUESITO TODOS LOS CAMPOS
2017-03-31T11:00:47-06:00 INFO (6): DIFERENCIA: 0
2017-03-31T11:00:47-06:00 INFO (6): ES UNA FECHA VALIDAD, AUN NO HA PASADO
2017-03-31T11:00:47-06:00 INFO (6): DATOS A INSERTAR EN LA BASE MENSAJES PROGRAMADOS: Array
(
    [mensaje_horario] => 44c0342125f59f5
    [mensaje_horarionombre] => 09:00:00
    [mensaje_mensaje] => 3
    [mensaje_nombre] => Administrador
    [mensaje_fechaenvio] => 2017-03-31
    [mensaje_descripcion] => Administrador
    [mensaje_fechaalta] => 2017/03/31 11:00:47
    [mensaje_activo] => 1
    [mensaje_region] => nueva
    [mensaje_ocupacion] => nueva
    [mensaje_procesado] => 1
    [mensaje_usuario] => 1
)

2017-03-31T11:00:47-06:00 INFO (6): SE INSERTO: 1
2017-03-31T11:00:47-06:00 INFO (6): FIN:::...
2017-03-31T11:00:56-06:00 INFO (6): ------------------------------------------------
2017-03-31T11:00:56-06:00 INFO (6): ------------------------------------------------
2017-03-31T11:00:56-06:00 INFO (6): ------------------------------------------------
2017-03-31T11:00:56-06:00 INFO (6): ---- ENVIO PROGRAMADOS - FN GUARDAR ------------
2017-03-31T11:00:56-06:00 INFO (6): REQUESTArray
(
    [categoria] => nueva
    [fechaenvio] => 2017-03-31
    [horaenvio] => 64c03b50e85e7d6
    [msgtxt] => 4
    [caracteres] => 1
    [accion] => guardar
    [retenido] => 0.58
    [PHPSESSID] => ult1oglvptm271j5gs3lj6g9t0
)

2017-03-31T11:00:56-06:00 INFO (6): CATEGORIA: nueva
2017-03-31T11:00:56-06:00 INFO (6): HORA DE ENVIO: 64c03b50e85e7d6
2017-03-31T11:00:56-06:00 INFO (6): FECHA DE ENVIO: 2017-03-31
2017-03-31T11:00:56-06:00 INFO (6): MENSAJE: 4
2017-03-31T11:00:56-06:00 INFO (6): CAMPANIA: Administrador
2017-03-31T11:00:56-06:00 INFO (6): SI REQUESITO TODOS LOS CAMPOS
2017-03-31T11:00:56-06:00 INFO (6): DIFERENCIA: 0
2017-03-31T11:00:56-06:00 INFO (6): ES UNA FECHA VALIDAD, AUN NO HA PASADO
2017-03-31T11:00:56-06:00 INFO (6): DATOS A INSERTAR EN LA BASE MENSAJES PROGRAMADOS: Array
(
    [mensaje_horario] => 64c03b50e85e7d6
    [mensaje_horarionombre] => 10:30:00
    [mensaje_mensaje] => 4
    [mensaje_nombre] => Administrador
    [mensaje_fechaenvio] => 2017-03-31
    [mensaje_descripcion] => Administrador
    [mensaje_fechaalta] => 2017/03/31 11:00:56
    [mensaje_activo] => 1
    [mensaje_region] => nueva
    [mensaje_ocupacion] => nueva
    [mensaje_procesado] => 1
    [mensaje_usuario] => 1
)

2017-03-31T11:00:56-06:00 INFO (6): SE INSERTO: 1
2017-03-31T11:00:56-06:00 INFO (6): FIN:::...
2017-03-31T11:01:07-06:00 INFO (6): ------------------------------------------------
2017-03-31T11:01:07-06:00 INFO (6): ------------------------------------------------
2017-03-31T11:01:07-06:00 INFO (6): ------------------------------------------------
2017-03-31T11:01:07-06:00 INFO (6): ---- ENVIO PROGRAMADOS - FN GUARDAR ------------
2017-03-31T11:01:07-06:00 INFO (6): REQUESTArray
(
    [categoria] => dummy
    [fechaenvio] => 2017-03-31
    [horaenvio] => 34c03b5b1d80902
    [msgtxt] => 5
    [caracteres] => 1
    [accion] => guardar
    [retenido] => 40.6
    [PHPSESSID] => ult1oglvptm271j5gs3lj6g9t0
)

2017-03-31T11:01:07-06:00 INFO (6): CATEGORIA: dummy
2017-03-31T11:01:07-06:00 INFO (6): HORA DE ENVIO: 34c03b5b1d80902
2017-03-31T11:01:07-06:00 INFO (6): FECHA DE ENVIO: 2017-03-31
2017-03-31T11:01:07-06:00 INFO (6): MENSAJE: 5
2017-03-31T11:01:07-06:00 INFO (6): CAMPANIA: Administrador
2017-03-31T11:01:07-06:00 INFO (6): SI REQUESITO TODOS LOS CAMPOS
2017-03-31T11:01:07-06:00 INFO (6): DIFERENCIA: 0
2017-03-31T11:01:07-06:00 INFO (6): ES UNA FECHA VALIDAD, AUN NO HA PASADO
2017-03-31T11:01:07-06:00 INFO (6): DATOS A INSERTAR EN LA BASE MENSAJES PROGRAMADOS: Array
(
    [mensaje_horario] => 34c03b5b1d80902
    [mensaje_horarionombre] => 12:00:00
    [mensaje_mensaje] => 5
    [mensaje_nombre] => Administrador
    [mensaje_fechaenvio] => 2017-03-31
    [mensaje_descripcion] => Administrador
    [mensaje_fechaalta] => 2017/03/31 11:01:07
    [mensaje_activo] => 1
    [mensaje_region] => dummy
    [mensaje_ocupacion] => dummy
    [mensaje_procesado] => 1
    [mensaje_usuario] => 1
)

2017-03-31T11:01:07-06:00 INFO (6): SE INSERTO: 1
2017-03-31T11:01:08-06:00 INFO (6): FIN:::...
2017-03-31T11:17:34-06:00 INFO (6): ------------------------------------------------
2017-03-31T11:17:34-06:00 INFO (6): ------------------------------------------------
2017-03-31T11:17:34-06:00 INFO (6): ------------------------------------------------
2017-03-31T11:17:34-06:00 INFO (6): ---- ENVIO PROGRAMADOS - FN GUARDAR ------------
2017-03-31T11:17:34-06:00 INFO (6): REQUESTArray
(
    [categoria] => nueva
    [fechaenvio] => 2017-03-31
    [horaenvio] => 44c0342125f59f6
    [msgtxt] => dqd
    [caracteres] => 3
    [accion] => guardar
    [retenido] => 40.6
    [PHPSESSID] => ult1oglvptm271j5gs3lj6g9t0
)

2017-03-31T11:17:34-06:00 INFO (6): CATEGORIA: nueva
2017-03-31T11:17:34-06:00 INFO (6): HORA DE ENVIO: 44c0342125f59f6
2017-03-31T11:17:34-06:00 INFO (6): FECHA DE ENVIO: 2017-03-31
2017-03-31T11:17:34-06:00 INFO (6): MENSAJE: dqd
2017-03-31T11:17:34-06:00 INFO (6): CAMPANIA: Administrador
2017-03-31T11:17:34-06:00 INFO (6): SI REQUESITO TODOS LOS CAMPOS
2017-03-31T11:17:34-06:00 INFO (6): DIFERENCIA: 0
2017-03-31T11:17:34-06:00 INFO (6): ES UNA FECHA VALIDAD, AUN NO HA PASADO
2017-03-31T11:17:34-06:00 INFO (6): DATOS A INSERTAR EN LA BASE MENSAJES PROGRAMADOS: Array
(
    [mensaje_horario] => 44c0342125f59f6
    [mensaje_horarionombre] => 09:30:00
    [mensaje_mensaje] => dqd
    [mensaje_nombre] => Administrador
    [mensaje_fechaenvio] => 2017-03-31
    [mensaje_descripcion] => Administrador
    [mensaje_fechaalta] => 2017/03/31 11:17:34
    [mensaje_activo] => 1
    [mensaje_region] => nueva
    [mensaje_ocupacion] => nueva
    [mensaje_procesado] => 1
    [mensaje_usuario] => 1
)

2017-03-31T11:17:34-06:00 INFO (6): SE INSERTO: 1
2017-03-31T11:17:34-06:00 INFO (6): FIN:::...
2017-03-31T11:17:42-06:00 INFO (6): ------------------------------------------------
2017-03-31T11:17:42-06:00 INFO (6): ------------------------------------------------
2017-03-31T11:17:42-06:00 INFO (6): ------------------------------------------------
2017-03-31T11:17:42-06:00 INFO (6): ---- ENVIO PROGRAMADOS - FN GUARDAR ------------
2017-03-31T11:17:42-06:00 INFO (6): REQUESTArray
(
    [categoria] => dummy
    [fechaenvio] => 2017-03-31
    [horaenvio] => 44c0342125f59f6
    [msgtxt] => qwewq
    [caracteres] => 5
    [accion] => guardar
    [retenido] => 40.6
    [PHPSESSID] => ult1oglvptm271j5gs3lj6g9t0
)

2017-03-31T11:17:42-06:00 INFO (6): CATEGORIA: dummy
2017-03-31T11:17:42-06:00 INFO (6): HORA DE ENVIO: 44c0342125f59f6
2017-03-31T11:17:42-06:00 INFO (6): FECHA DE ENVIO: 2017-03-31
2017-03-31T11:17:42-06:00 INFO (6): MENSAJE: qwewq
2017-03-31T11:17:42-06:00 INFO (6): CAMPANIA: Administrador
2017-03-31T11:17:42-06:00 INFO (6): SI REQUESITO TODOS LOS CAMPOS
2017-03-31T11:17:42-06:00 INFO (6): DIFERENCIA: 0
2017-03-31T11:17:42-06:00 INFO (6): ES UNA FECHA VALIDAD, AUN NO HA PASADO
2017-03-31T11:17:42-06:00 INFO (6): DATOS A INSERTAR EN LA BASE MENSAJES PROGRAMADOS: Array
(
    [mensaje_horario] => 44c0342125f59f6
    [mensaje_horarionombre] => 09:30:00
    [mensaje_mensaje] => qwewq
    [mensaje_nombre] => Administrador
    [mensaje_fechaenvio] => 2017-03-31
    [mensaje_descripcion] => Administrador
    [mensaje_fechaalta] => 2017/03/31 11:17:42
    [mensaje_activo] => 1
    [mensaje_region] => dummy
    [mensaje_ocupacion] => dummy
    [mensaje_procesado] => 1
    [mensaje_usuario] => 1
)

2017-03-31T11:17:42-06:00 INFO (6): SE INSERTO: 1
2017-03-31T11:17:42-06:00 INFO (6): FIN:::...
2017-03-31T11:17:54-06:00 INFO (6): ------------------------------------------------
2017-03-31T11:17:54-06:00 INFO (6): ------------------------------------------------
2017-03-31T11:17:54-06:00 INFO (6): ------------------------------------------------
2017-03-31T11:17:54-06:00 INFO (6): ---- ENVIO PROGRAMADOS - FN GUARDAR ------------
2017-03-31T11:17:54-06:00 INFO (6): REQUESTArray
(
    [categoria] => nueva
    [fechaenvio] => 2017-04-06
    [horaenvio] => 64c03b50e85e7d1
    [msgtxt] => 1234
    [caracteres] => 4
    [accion] => guardar
    [retenido] => 0.58
    [PHPSESSID] => ult1oglvptm271j5gs3lj6g9t0
)

2017-03-31T11:17:54-06:00 INFO (6): CATEGORIA: nueva
2017-03-31T11:17:54-06:00 INFO (6): HORA DE ENVIO: 64c03b50e85e7d1
2017-03-31T11:17:54-06:00 INFO (6): FECHA DE ENVIO: 2017-04-06
2017-03-31T11:17:54-06:00 INFO (6): MENSAJE: 1234
2017-03-31T11:17:54-06:00 INFO (6): CAMPANIA: Administrador
2017-03-31T11:17:54-06:00 INFO (6): SI REQUESITO TODOS LOS CAMPOS
2017-03-31T11:17:54-06:00 INFO (6): DIFERENCIA: 6
2017-03-31T11:17:54-06:00 INFO (6): ES UNA FECHA VALIDAD, AUN NO HA PASADO
2017-03-31T11:17:54-06:00 INFO (6): DATOS A INSERTAR EN LA BASE MENSAJES PROGRAMADOS: Array
(
    [mensaje_horario] => 64c03b50e85e7d1
    [mensaje_horarionombre] => 10:00:00
    [mensaje_mensaje] => 1234
    [mensaje_nombre] => Administrador
    [mensaje_fechaenvio] => 2017-04-06
    [mensaje_descripcion] => Administrador
    [mensaje_fechaalta] => 2017/03/31 11:17:54
    [mensaje_activo] => 1
    [mensaje_region] => nueva
    [mensaje_ocupacion] => nueva
    [mensaje_procesado] => 1
    [mensaje_usuario] => 1
)

2017-03-31T11:17:54-06:00 INFO (6): SE INSERTO: 1
2017-03-31T11:17:54-06:00 INFO (6): FIN:::...
2017-03-31T11:18:11-06:00 INFO (6): ------------------------------------------------
2017-03-31T11:18:11-06:00 INFO (6): ------------------------------------------------
2017-03-31T11:18:11-06:00 INFO (6): ------------------------------------------------
2017-03-31T11:18:11-06:00 INFO (6): ---- ENVIO PROGRAMADOS - FN GUARDAR ------------
2017-03-31T11:18:11-06:00 INFO (6): REQUESTArray
(
    [categoria] => nueva
    [fechaenvio] => 2017-03-31
    [horaenvio] => 24c03b5364d69a4
    [msgtxt] => sfsdfsd
    [caracteres] => 7
    [accion] => guardar
    [retenido] => 0.58
    [PHPSESSID] => ult1oglvptm271j5gs3lj6g9t0
)

2017-03-31T11:18:11-06:00 INFO (6): CATEGORIA: nueva
2017-03-31T11:18:11-06:00 INFO (6): HORA DE ENVIO: 24c03b5364d69a4
2017-03-31T11:18:11-06:00 INFO (6): FECHA DE ENVIO: 2017-03-31
2017-03-31T11:18:11-06:00 INFO (6): MENSAJE: sfsdfsd
2017-03-31T11:18:11-06:00 INFO (6): CAMPANIA: Administrador
2017-03-31T11:18:11-06:00 INFO (6): SI REQUESITO TODOS LOS CAMPOS
2017-03-31T11:18:11-06:00 INFO (6): DIFERENCIA: 0
2017-03-31T11:18:11-06:00 INFO (6): ES UNA FECHA VALIDAD, AUN NO HA PASADO
2017-03-31T11:18:11-06:00 INFO (6): DATOS A INSERTAR EN LA BASE MENSAJES PROGRAMADOS: Array
(
    [mensaje_horario] => 24c03b5364d69a4
    [mensaje_horarionombre] => 11:00:00
    [mensaje_mensaje] => sfsdfsd
    [mensaje_nombre] => Administrador
    [mensaje_fechaenvio] => 2017-03-31
    [mensaje_descripcion] => Administrador
    [mensaje_fechaalta] => 2017/03/31 11:18:11
    [mensaje_activo] => 1
    [mensaje_region] => nueva
    [mensaje_ocupacion] => nueva
    [mensaje_procesado] => 1
    [mensaje_usuario] => 1
)

2017-03-31T11:18:11-06:00 INFO (6): SE INSERTO: 1
2017-03-31T11:18:11-06:00 INFO (6): FIN:::...
2017-03-31T11:58:55-06:00 INFO (6): ------------------------------------------------
2017-03-31T11:58:55-06:00 INFO (6): ------------------------------------------------
2017-03-31T11:58:55-06:00 INFO (6): ------------------------------------------------
2017-03-31T11:58:55-06:00 INFO (6): ---- ENVIO PROGRAMADOS - FN GUARDAR ------------
2017-03-31T11:58:55-06:00 INFO (6): REQUESTArray
(
    [categoria] => dummy
    [fechaenvio] => 2017-03-31
    [horaenvio] => 24c03b5364d69a4
    [msgtxt] => 1
    [caracteres] => 1
    [accion] => guardar
    [retenido] => 40.6
    [PHPSESSID] => ult1oglvptm271j5gs3lj6g9t0
)

2017-03-31T11:58:55-06:00 INFO (6): CATEGORIA: dummy
2017-03-31T11:58:55-06:00 INFO (6): HORA DE ENVIO: 24c03b5364d69a4
2017-03-31T11:58:55-06:00 INFO (6): FECHA DE ENVIO: 2017-03-31
2017-03-31T11:58:55-06:00 INFO (6): MENSAJE: 1
2017-03-31T11:58:55-06:00 INFO (6): CAMPANIA: Administrador
2017-03-31T11:58:55-06:00 INFO (6): SI REQUESITO TODOS LOS CAMPOS
2017-03-31T11:58:55-06:00 INFO (6): DIFERENCIA: 0
2017-03-31T11:58:55-06:00 INFO (6): ES UNA FECHA VALIDAD, AUN NO HA PASADO
2017-03-31T11:58:55-06:00 INFO (6): DATOS A INSERTAR EN LA BASE MENSAJES PROGRAMADOS: Array
(
    [mensaje_horario] => 24c03b5364d69a4
    [mensaje_horarionombre] => 11:00:00
    [mensaje_mensaje] => 1
    [mensaje_nombre] => Administrador
    [mensaje_fechaenvio] => 2017-03-31
    [mensaje_descripcion] => Administrador
    [mensaje_fechaalta] => 2017/03/31 11:58:55
    [mensaje_activo] => 1
    [mensaje_region] => dummy
    [mensaje_ocupacion] => dummy
    [mensaje_procesado] => 1
    [mensaje_usuario] => 1
)

2017-03-31T11:58:55-06:00 INFO (6): SE INSERTO: 1
2017-03-31T11:58:55-06:00 INFO (6): FIN:::...
2017-03-31T11:59:41-06:00 INFO (6): ------------------------------------------------
2017-03-31T11:59:41-06:00 INFO (6): ------------------------------------------------
2017-03-31T11:59:41-06:00 INFO (6): ------------------------------------------------
2017-03-31T11:59:41-06:00 INFO (6): ---- ENVIO PROGRAMADOS - FN GUARDAR ------------
2017-03-31T11:59:41-06:00 INFO (6): REQUESTArray
(
    [categoria] => dummy
    [fechaenvio] => 2017-04-05
    [horaenvio] => 44c0342125f59f5
    [msgtxt] => 2
    [caracteres] => 1
    [accion] => guardar
    [retenido] => 40.6
    [PHPSESSID] => ult1oglvptm271j5gs3lj6g9t0
)

2017-03-31T11:59:41-06:00 INFO (6): CATEGORIA: dummy
2017-03-31T11:59:41-06:00 INFO (6): HORA DE ENVIO: 44c0342125f59f5
2017-03-31T11:59:41-06:00 INFO (6): FECHA DE ENVIO: 2017-04-05
2017-03-31T11:59:41-06:00 INFO (6): MENSAJE: 2
2017-03-31T11:59:41-06:00 INFO (6): CAMPANIA: Administrador
2017-03-31T11:59:41-06:00 INFO (6): SI REQUESITO TODOS LOS CAMPOS
2017-03-31T11:59:41-06:00 INFO (6): DIFERENCIA: 5
2017-03-31T11:59:41-06:00 INFO (6): ES UNA FECHA VALIDAD, AUN NO HA PASADO
2017-03-31T11:59:41-06:00 INFO (6): DATOS A INSERTAR EN LA BASE MENSAJES PROGRAMADOS: Array
(
    [mensaje_horario] => 44c0342125f59f5
    [mensaje_horarionombre] => 09:00:00
    [mensaje_mensaje] => 2
    [mensaje_nombre] => Administrador
    [mensaje_fechaenvio] => 2017-04-05
    [mensaje_descripcion] => Administrador
    [mensaje_fechaalta] => 2017/03/31 11:59:41
    [mensaje_activo] => 1
    [mensaje_region] => dummy
    [mensaje_ocupacion] => dummy
    [mensaje_procesado] => 1
    [mensaje_usuario] => 1
)

2017-03-31T11:59:41-06:00 INFO (6): SE INSERTO: 1
2017-03-31T11:59:41-06:00 INFO (6): FIN:::...
2017-03-31T12:00:00-06:00 INFO (6): ------------------------------------------------
2017-03-31T12:00:00-06:00 INFO (6): ------------------------------------------------
2017-03-31T12:00:00-06:00 INFO (6): ------------------------------------------------
2017-03-31T12:00:00-06:00 INFO (6): ---- ENVIO PROGRAMADOS - FN GUARDAR ------------
2017-03-31T12:00:00-06:00 INFO (6): REQUESTArray
(
    [categoria] => dummy
    [fechaenvio] => 2017-03-31
    [horaenvio] => 24c03b5364d69a4
    [msgtxt] => 3
    [caracteres] => 1
    [accion] => guardar
    [retenido] => 40.6
    [PHPSESSID] => ult1oglvptm271j5gs3lj6g9t0
)

2017-03-31T12:00:00-06:00 INFO (6): CATEGORIA: dummy
2017-03-31T12:00:00-06:00 INFO (6): HORA DE ENVIO: 24c03b5364d69a4
2017-03-31T12:00:00-06:00 INFO (6): FECHA DE ENVIO: 2017-03-31
2017-03-31T12:00:00-06:00 INFO (6): MENSAJE: 3
2017-03-31T12:00:00-06:00 INFO (6): CAMPANIA: Administrador
2017-03-31T12:00:00-06:00 INFO (6): SI REQUESITO TODOS LOS CAMPOS
2017-03-31T12:00:00-06:00 INFO (6): DIFERENCIA: 0
2017-03-31T12:00:00-06:00 INFO (6): ES UNA FECHA VALIDAD, AUN NO HA PASADO
2017-03-31T12:00:00-06:00 INFO (6): DATOS A INSERTAR EN LA BASE MENSAJES PROGRAMADOS: Array
(
    [mensaje_horario] => 24c03b5364d69a4
    [mensaje_horarionombre] => 11:00:00
    [mensaje_mensaje] => 3
    [mensaje_nombre] => Administrador
    [mensaje_fechaenvio] => 2017-03-31
    [mensaje_descripcion] => Administrador
    [mensaje_fechaalta] => 2017/03/31 12:00:00
    [mensaje_activo] => 1
    [mensaje_region] => dummy
    [mensaje_ocupacion] => dummy
    [mensaje_procesado] => 1
    [mensaje_usuario] => 1
)

2017-03-31T12:00:00-06:00 INFO (6): SE INSERTO: 1
2017-03-31T12:00:00-06:00 INFO (6): FIN:::...
2017-03-31T12:00:08-06:00 INFO (6): ------------------------------------------------
2017-03-31T12:00:08-06:00 INFO (6): ------------------------------------------------
2017-03-31T12:00:08-06:00 INFO (6): ------------------------------------------------
2017-03-31T12:00:08-06:00 INFO (6): ---- ENVIO PROGRAMADOS - FN GUARDAR ------------
2017-03-31T12:00:08-06:00 INFO (6): REQUESTArray
(
    [categoria] => nueva
    [fechaenvio] => 2017-04-05
    [horaenvio] => 24c03b5364d69a4
    [msgtxt] => 33
    [caracteres] => 2
    [accion] => guardar
    [retenido] => 0.58
    [PHPSESSID] => ult1oglvptm271j5gs3lj6g9t0
)

2017-03-31T12:00:08-06:00 INFO (6): CATEGORIA: nueva
2017-03-31T12:00:08-06:00 INFO (6): HORA DE ENVIO: 24c03b5364d69a4
2017-03-31T12:00:08-06:00 INFO (6): FECHA DE ENVIO: 2017-04-05
2017-03-31T12:00:08-06:00 INFO (6): MENSAJE: 33
2017-03-31T12:00:08-06:00 INFO (6): CAMPANIA: Administrador
2017-03-31T12:00:08-06:00 INFO (6): SI REQUESITO TODOS LOS CAMPOS
2017-03-31T12:00:08-06:00 INFO (6): DIFERENCIA: 5
2017-03-31T12:00:08-06:00 INFO (6): ES UNA FECHA VALIDAD, AUN NO HA PASADO
2017-03-31T12:00:08-06:00 INFO (6): DATOS A INSERTAR EN LA BASE MENSAJES PROGRAMADOS: Array
(
    [mensaje_horario] => 24c03b5364d69a4
    [mensaje_horarionombre] => 11:00:00
    [mensaje_mensaje] => 33
    [mensaje_nombre] => Administrador
    [mensaje_fechaenvio] => 2017-04-05
    [mensaje_descripcion] => Administrador
    [mensaje_fechaalta] => 2017/03/31 12:00:08
    [mensaje_activo] => 1
    [mensaje_region] => nueva
    [mensaje_ocupacion] => nueva
    [mensaje_procesado] => 1
    [mensaje_usuario] => 1
)

2017-03-31T12:00:08-06:00 INFO (6): SE INSERTO: 1
2017-03-31T12:00:08-06:00 INFO (6): FIN:::...
2017-03-31T12:16:56-06:00 INFO (6): ------------------------------------------------
2017-03-31T12:16:56-06:00 INFO (6): ------------------------------------------------
2017-03-31T12:16:56-06:00 INFO (6): ------------------------------------------------
2017-03-31T12:16:56-06:00 INFO (6): ---- ENVIO PROGRAMADOS - FN GUARDAR ------------
2017-03-31T12:16:56-06:00 INFO (6): REQUESTArray
(
    [categoria] => dummy
    [fechaenvio] => 2017-03-31
    [horaenvio] => 64c03b50e85e7d1
    [msgtxt] => 1
    [caracteres] => 1
    [accion] => guardar
    [retenido] => 40.6
    [PHPSESSID] => ult1oglvptm271j5gs3lj6g9t0
)

2017-03-31T12:16:56-06:00 INFO (6): CATEGORIA: dummy
2017-03-31T12:16:56-06:00 INFO (6): HORA DE ENVIO: 64c03b50e85e7d1
2017-03-31T12:16:56-06:00 INFO (6): FECHA DE ENVIO: 2017-03-31
2017-03-31T12:16:56-06:00 INFO (6): MENSAJE: 1
2017-03-31T12:16:56-06:00 INFO (6): CAMPANIA: Administrador
2017-03-31T12:16:56-06:00 INFO (6): SI REQUESITO TODOS LOS CAMPOS
2017-03-31T12:16:56-06:00 INFO (6): DIFERENCIA: 0
2017-03-31T12:16:56-06:00 INFO (6): ES UNA FECHA VALIDAD, AUN NO HA PASADO
2017-03-31T12:16:56-06:00 INFO (6): DATOS A INSERTAR EN LA BASE MENSAJES PROGRAMADOS: Array
(
    [mensaje_horario] => 64c03b50e85e7d1
    [mensaje_horarionombre] => 10:00:00
    [mensaje_mensaje] => 1
    [mensaje_nombre] => Administrador
    [mensaje_fechaenvio] => 2017-03-31
    [mensaje_descripcion] => Administrador
    [mensaje_fechaalta] => 2017/03/31 12:16:56
    [mensaje_activo] => 1
    [mensaje_region] => dummy
    [mensaje_ocupacion] => dummy
    [mensaje_procesado] => 1
    [mensaje_usuario] => 1
)

2017-03-31T12:16:56-06:00 INFO (6): SE INSERTO: 1
2017-03-31T12:16:56-06:00 INFO (6): FIN:::...
2017-03-31T12:17:04-06:00 INFO (6): ------------------------------------------------
2017-03-31T12:17:04-06:00 INFO (6): ------------------------------------------------
2017-03-31T12:17:04-06:00 INFO (6): ------------------------------------------------
2017-03-31T12:17:04-06:00 INFO (6): ---- ENVIO PROGRAMADOS - FN GUARDAR ------------
2017-03-31T12:17:04-06:00 INFO (6): REQUESTArray
(
    [categoria] => dummy
    [fechaenvio] => 2017-03-31
    [horaenvio] => 64c03b50e85e7d1
    [msgtxt] => 2
    [caracteres] => 1
    [accion] => guardar
    [retenido] => 40.6
    [PHPSESSID] => ult1oglvptm271j5gs3lj6g9t0
)

2017-03-31T12:17:04-06:00 INFO (6): CATEGORIA: dummy
2017-03-31T12:17:04-06:00 INFO (6): HORA DE ENVIO: 64c03b50e85e7d1
2017-03-31T12:17:04-06:00 INFO (6): FECHA DE ENVIO: 2017-03-31
2017-03-31T12:17:04-06:00 INFO (6): MENSAJE: 2
2017-03-31T12:17:04-06:00 INFO (6): CAMPANIA: Administrador
2017-03-31T12:17:04-06:00 INFO (6): SI REQUESITO TODOS LOS CAMPOS
2017-03-31T12:17:04-06:00 INFO (6): DIFERENCIA: 0
2017-03-31T12:17:04-06:00 INFO (6): ES UNA FECHA VALIDAD, AUN NO HA PASADO
2017-03-31T12:17:04-06:00 INFO (6): DATOS A INSERTAR EN LA BASE MENSAJES PROGRAMADOS: Array
(
    [mensaje_horario] => 64c03b50e85e7d1
    [mensaje_horarionombre] => 10:00:00
    [mensaje_mensaje] => 2
    [mensaje_nombre] => Administrador
    [mensaje_fechaenvio] => 2017-03-31
    [mensaje_descripcion] => Administrador
    [mensaje_fechaalta] => 2017/03/31 12:17:04
    [mensaje_activo] => 1
    [mensaje_region] => dummy
    [mensaje_ocupacion] => dummy
    [mensaje_procesado] => 1
    [mensaje_usuario] => 1
)

2017-03-31T12:17:04-06:00 INFO (6): SE INSERTO: 1
2017-03-31T12:17:04-06:00 INFO (6): FIN:::...
2017-03-31T12:17:15-06:00 INFO (6): ------------------------------------------------
2017-03-31T12:17:15-06:00 INFO (6): ------------------------------------------------
2017-03-31T12:17:15-06:00 INFO (6): ------------------------------------------------
2017-03-31T12:17:15-06:00 INFO (6): ---- ENVIO PROGRAMADOS - FN GUARDAR ------------
2017-03-31T12:17:15-06:00 INFO (6): REQUESTArray
(
    [categoria] => nueva
    [fechaenvio] => 2017-04-05
    [horaenvio] => 24c03b5364d69a4
    [msgtxt] => 4
    [caracteres] => 1
    [accion] => guardar
    [retenido] => 0.58
    [PHPSESSID] => ult1oglvptm271j5gs3lj6g9t0
)

2017-03-31T12:17:15-06:00 INFO (6): CATEGORIA: nueva
2017-03-31T12:17:15-06:00 INFO (6): HORA DE ENVIO: 24c03b5364d69a4
2017-03-31T12:17:15-06:00 INFO (6): FECHA DE ENVIO: 2017-04-05
2017-03-31T12:17:15-06:00 INFO (6): MENSAJE: 4
2017-03-31T12:17:15-06:00 INFO (6): CAMPANIA: Administrador
2017-03-31T12:17:15-06:00 INFO (6): SI REQUESITO TODOS LOS CAMPOS
2017-03-31T12:17:15-06:00 INFO (6): DIFERENCIA: 5
2017-03-31T12:17:15-06:00 INFO (6): ES UNA FECHA VALIDAD, AUN NO HA PASADO
2017-03-31T12:17:15-06:00 INFO (6): DATOS A INSERTAR EN LA BASE MENSAJES PROGRAMADOS: Array
(
    [mensaje_horario] => 24c03b5364d69a4
    [mensaje_horarionombre] => 11:00:00
    [mensaje_mensaje] => 4
    [mensaje_nombre] => Administrador
    [mensaje_fechaenvio] => 2017-04-05
    [mensaje_descripcion] => Administrador
    [mensaje_fechaalta] => 2017/03/31 12:17:15
    [mensaje_activo] => 1
    [mensaje_region] => nueva
    [mensaje_ocupacion] => nueva
    [mensaje_procesado] => 1
    [mensaje_usuario] => 1
)

2017-03-31T12:17:15-06:00 INFO (6): SE INSERTO: 1
2017-03-31T12:17:15-06:00 INFO (6): FIN:::...
2017-03-31T12:17:27-06:00 INFO (6): ------------------------------------------------
2017-03-31T12:17:27-06:00 INFO (6): ------------------------------------------------
2017-03-31T12:17:27-06:00 INFO (6): ------------------------------------------------
2017-03-31T12:17:27-06:00 INFO (6): ---- ENVIO PROGRAMADOS - FN GUARDAR ------------
2017-03-31T12:17:27-06:00 INFO (6): REQUESTArray
(
    [categoria] => nueva
    [fechaenvio] => 2017-03-31
    [horaenvio] => 24c03b5364d69a4
    [msgtxt] => 5
    [caracteres] => 1
    [accion] => guardar
    [retenido] => 0.58
    [PHPSESSID] => ult1oglvptm271j5gs3lj6g9t0
)

2017-03-31T12:17:27-06:00 INFO (6): CATEGORIA: nueva
2017-03-31T12:17:27-06:00 INFO (6): HORA DE ENVIO: 24c03b5364d69a4
2017-03-31T12:17:27-06:00 INFO (6): FECHA DE ENVIO: 2017-03-31
2017-03-31T12:17:27-06:00 INFO (6): MENSAJE: 5
2017-03-31T12:17:27-06:00 INFO (6): CAMPANIA: Administrador
2017-03-31T12:17:27-06:00 INFO (6): SI REQUESITO TODOS LOS CAMPOS
2017-03-31T12:17:27-06:00 INFO (6): DIFERENCIA: 0
2017-03-31T12:17:27-06:00 INFO (6): ES UNA FECHA VALIDAD, AUN NO HA PASADO
2017-03-31T12:17:27-06:00 INFO (6): DATOS A INSERTAR EN LA BASE MENSAJES PROGRAMADOS: Array
(
    [mensaje_horario] => 24c03b5364d69a4
    [mensaje_horarionombre] => 11:00:00
    [mensaje_mensaje] => 5
    [mensaje_nombre] => Administrador
    [mensaje_fechaenvio] => 2017-03-31
    [mensaje_descripcion] => Administrador
    [mensaje_fechaalta] => 2017/03/31 12:17:27
    [mensaje_activo] => 1
    [mensaje_region] => nueva
    [mensaje_ocupacion] => nueva
    [mensaje_procesado] => 1
    [mensaje_usuario] => 1
)

2017-03-31T12:17:27-06:00 INFO (6): SE INSERTO: 1
2017-03-31T12:17:27-06:00 INFO (6): FIN:::...
2017-03-31T12:17:40-06:00 INFO (6): ------------------------------------------------
2017-03-31T12:17:40-06:00 INFO (6): ------------------------------------------------
2017-03-31T12:17:40-06:00 INFO (6): ------------------------------------------------
2017-03-31T12:17:40-06:00 INFO (6): ---- ENVIO PROGRAMADOS - FN GUARDAR ------------
2017-03-31T12:17:40-06:00 INFO (6): REQUESTArray
(
    [categoria] => dummy
    [fechaenvio] => 2017-03-31
    [horaenvio] => 22de77ffb0f2995
    [msgtxt] => 45
    [caracteres] => 2
    [accion] => guardar
    [retenido] => 40.6
    [PHPSESSID] => ult1oglvptm271j5gs3lj6g9t0
)

2017-03-31T12:17:40-06:00 INFO (6): CATEGORIA: dummy
2017-03-31T12:17:40-06:00 INFO (6): HORA DE ENVIO: 22de77ffb0f2995
2017-03-31T12:17:40-06:00 INFO (6): FECHA DE ENVIO: 2017-03-31
2017-03-31T12:17:40-06:00 INFO (6): MENSAJE: 45
2017-03-31T12:17:40-06:00 INFO (6): CAMPANIA: Administrador
2017-03-31T12:17:40-06:00 INFO (6): SI REQUESITO TODOS LOS CAMPOS
2017-03-31T12:17:40-06:00 INFO (6): DIFERENCIA: 0
2017-03-31T12:17:40-06:00 INFO (6): ES UNA FECHA VALIDAD, AUN NO HA PASADO
2017-03-31T12:17:40-06:00 INFO (6): DATOS A INSERTAR EN LA BASE MENSAJES PROGRAMADOS: Array
(
    [mensaje_horario] => 22de77ffb0f2995
    [mensaje_horarionombre] => 20:30:00
    [mensaje_mensaje] => 45
    [mensaje_nombre] => Administrador
    [mensaje_fechaenvio] => 2017-03-31
    [mensaje_descripcion] => Administrador
    [mensaje_fechaalta] => 2017/03/31 12:17:40
    [mensaje_activo] => 1
    [mensaje_region] => dummy
    [mensaje_ocupacion] => dummy
    [mensaje_procesado] => 1
    [mensaje_usuario] => 1
)

2017-03-31T12:17:40-06:00 INFO (6): SE INSERTO: 1
2017-03-31T12:17:40-06:00 INFO (6): FIN:::...
2017-03-31T12:17:54-06:00 INFO (6): ------------------------------------------------
2017-03-31T12:17:54-06:00 INFO (6): ------------------------------------------------
2017-03-31T12:17:54-06:00 INFO (6): ------------------------------------------------
2017-03-31T12:17:54-06:00 INFO (6): ---- ENVIO PROGRAMADOS - FN GUARDAR ------------
2017-03-31T12:17:54-06:00 INFO (6): REQUESTArray
(
    [categoria] => dummy
    [fechaenvio] => 2017-04-05
    [horaenvio] => 44c0342125f59f5
    [msgtxt] => :)
    [caracteres] => 2
    [accion] => guardar
    [retenido] => 40.6
    [PHPSESSID] => ult1oglvptm271j5gs3lj6g9t0
)

2017-03-31T12:17:54-06:00 INFO (6): CATEGORIA: dummy
2017-03-31T12:17:54-06:00 INFO (6): HORA DE ENVIO: 44c0342125f59f5
2017-03-31T12:17:54-06:00 INFO (6): FECHA DE ENVIO: 2017-04-05
2017-03-31T12:17:54-06:00 INFO (6): MENSAJE: :)
2017-03-31T12:17:54-06:00 INFO (6): CAMPANIA: Administrador
2017-03-31T12:17:54-06:00 INFO (6): SI REQUESITO TODOS LOS CAMPOS
2017-03-31T12:17:54-06:00 INFO (6): DIFERENCIA: 5
2017-03-31T12:17:54-06:00 INFO (6): ES UNA FECHA VALIDAD, AUN NO HA PASADO
2017-03-31T12:17:54-06:00 INFO (6): DATOS A INSERTAR EN LA BASE MENSAJES PROGRAMADOS: Array
(
    [mensaje_horario] => 44c0342125f59f5
    [mensaje_horarionombre] => 09:00:00
    [mensaje_mensaje] => :)
    [mensaje_nombre] => Administrador
    [mensaje_fechaenvio] => 2017-04-05
    [mensaje_descripcion] => Administrador
    [mensaje_fechaalta] => 2017/03/31 12:17:54
    [mensaje_activo] => 1
    [mensaje_region] => dummy
    [mensaje_ocupacion] => dummy
    [mensaje_procesado] => 1
    [mensaje_usuario] => 1
)

2017-03-31T12:17:54-06:00 INFO (6): SE INSERTO: 1
2017-03-31T12:17:54-06:00 INFO (6): FIN:::...
2017-03-31T12:26:09-06:00 INFO (6): ------------------------------------------------
2017-03-31T12:26:09-06:00 INFO (6): ------------------------------------------------
2017-03-31T12:26:09-06:00 INFO (6): ------------------------------------------------
2017-03-31T12:26:09-06:00 INFO (6): ---- ENVIO PROGRAMADOS - FN GUARDAR ------------
2017-03-31T12:26:09-06:00 INFO (6): REQUESTArray
(
    [categoria] => dummy
    [fechaenvio] => 2017-03-31
    [horaenvio] => 24c03b5364d69a4
    [msgtxt] => hey
    [caracteres] => 3
    [accion] => guardar
    [retenido] => 40.6
    [PHPSESSID] => ult1oglvptm271j5gs3lj6g9t0
)

2017-03-31T12:26:09-06:00 INFO (6): CATEGORIA: dummy
2017-03-31T12:26:09-06:00 INFO (6): HORA DE ENVIO: 24c03b5364d69a4
2017-03-31T12:26:09-06:00 INFO (6): FECHA DE ENVIO: 2017-03-31
2017-03-31T12:26:09-06:00 INFO (6): MENSAJE: hey
2017-03-31T12:26:09-06:00 INFO (6): CAMPANIA: Administrador
2017-03-31T12:26:09-06:00 INFO (6): SI REQUESITO TODOS LOS CAMPOS
2017-03-31T12:26:09-06:00 INFO (6): DIFERENCIA: 0
2017-03-31T12:26:09-06:00 INFO (6): ES UNA FECHA VALIDAD, AUN NO HA PASADO
2017-03-31T12:26:09-06:00 INFO (6): DATOS A INSERTAR EN LA BASE MENSAJES PROGRAMADOS: Array
(
    [mensaje_horario] => 24c03b5364d69a4
    [mensaje_horarionombre] => 11:00:00
    [mensaje_mensaje] => hey
    [mensaje_nombre] => Administrador
    [mensaje_fechaenvio] => 2017-03-31
    [mensaje_descripcion] => Administrador
    [mensaje_fechaalta] => 2017/03/31 12:26:09
    [mensaje_activo] => 1
    [mensaje_region] => dummy
    [mensaje_ocupacion] => dummy
    [mensaje_procesado] => 1
    [mensaje_usuario] => 1
)

2017-03-31T12:26:09-06:00 INFO (6): SE INSERTO: 1
2017-03-31T12:26:09-06:00 INFO (6): FIN:::...
2017-03-31T16:23:12-06:00 INFO (6): ------------------------------------------------
2017-03-31T16:23:12-06:00 INFO (6): ------------------------------------------------
2017-03-31T16:23:12-06:00 INFO (6): ------------------------------------------------
2017-03-31T16:23:12-06:00 INFO (6): ---- ENVIO PROGRAMADOS - FN GUARDAR ------------
2017-03-31T16:23:12-06:00 INFO (6): REQUESTArray
(
    [categoria] => nueva
    [fechaenvio] => 2017-03-31
    [horaenvio] => 64c0d309f24d0d6
    [msgtxt] => Come on Eilen
    [caracteres] => 13
    [accion] => guardar
    [retenido] => 0.58
    [PHPSESSID] => ult1oglvptm271j5gs3lj6g9t0
)

2017-03-31T16:23:12-06:00 INFO (6): CATEGORIA: nueva
2017-03-31T16:23:12-06:00 INFO (6): HORA DE ENVIO: 64c0d309f24d0d6
2017-03-31T16:23:12-06:00 INFO (6): FECHA DE ENVIO: 2017-03-31
2017-03-31T16:23:12-06:00 INFO (6): MENSAJE: Come on Eilen
2017-03-31T16:23:12-06:00 INFO (6): CAMPANIA: Administrador
2017-03-31T16:23:12-06:00 INFO (6): SI REQUESITO TODOS LOS CAMPOS
2017-03-31T16:23:12-06:00 INFO (6): DIFERENCIA: 0
2017-03-31T16:23:12-06:00 INFO (6): ES UNA FECHA VALIDAD, AUN NO HA PASADO
2017-03-31T16:23:12-06:00 INFO (6): DATOS A INSERTAR EN LA BASE MENSAJES PROGRAMADOS: Array
(
    [mensaje_horario] => 64c0d309f24d0d6
    [mensaje_horarionombre] => 15:30:00
    [mensaje_mensaje] => Come on Eilen
    [mensaje_nombre] => Administrador
    [mensaje_fechaenvio] => 2017-03-31
    [mensaje_descripcion] => Administrador
    [mensaje_fechaalta] => 2017/03/31 16:23:12
    [mensaje_activo] => 1
    [mensaje_region] => nueva
    [mensaje_ocupacion] => nueva
    [mensaje_procesado] => 1
    [mensaje_usuario] => 1
)

2017-03-31T16:23:12-06:00 INFO (6): SE INSERTO: 1
2017-03-31T16:23:12-06:00 INFO (6): FIN:::...
2017-03-31T16:23:35-06:00 INFO (6): ------------------------------------------------
2017-03-31T16:23:35-06:00 INFO (6): ------------------------------------------------
2017-03-31T16:23:35-06:00 INFO (6): ------------------------------------------------
2017-03-31T16:23:35-06:00 INFO (6): ---- ENVIO PROGRAMADOS - FN GUARDAR ------------
2017-03-31T16:23:35-06:00 INFO (6): REQUESTArray
(
    [categoria] => nueva
    [fechaenvio] => 2017-03-31
    [horaenvio] => 64c03b50e85e7d6
    [msgtxt] => Eat it up
    [caracteres] => 9
    [accion] => guardar
    [retenido] => 0.58
    [PHPSESSID] => ult1oglvptm271j5gs3lj6g9t0
)

2017-03-31T16:23:35-06:00 INFO (6): CATEGORIA: nueva
2017-03-31T16:23:35-06:00 INFO (6): HORA DE ENVIO: 64c03b50e85e7d6
2017-03-31T16:23:35-06:00 INFO (6): FECHA DE ENVIO: 2017-03-31
2017-03-31T16:23:35-06:00 INFO (6): MENSAJE: Eat it up
2017-03-31T16:23:35-06:00 INFO (6): CAMPANIA: Administrador
2017-03-31T16:23:35-06:00 INFO (6): SI REQUESITO TODOS LOS CAMPOS
2017-03-31T16:23:35-06:00 INFO (6): DIFERENCIA: 0
2017-03-31T16:23:35-06:00 INFO (6): ES UNA FECHA VALIDAD, AUN NO HA PASADO
2017-03-31T16:23:35-06:00 INFO (6): DATOS A INSERTAR EN LA BASE MENSAJES PROGRAMADOS: Array
(
    [mensaje_horario] => 64c03b50e85e7d6
    [mensaje_horarionombre] => 10:30:00
    [mensaje_mensaje] => Eat it up
    [mensaje_nombre] => Administrador
    [mensaje_fechaenvio] => 2017-03-31
    [mensaje_descripcion] => Administrador
    [mensaje_fechaalta] => 2017/03/31 16:23:35
    [mensaje_activo] => 1
    [mensaje_region] => nueva
    [mensaje_ocupacion] => nueva
    [mensaje_procesado] => 1
    [mensaje_usuario] => 1
)

2017-03-31T16:23:35-06:00 INFO (6): SE INSERTO: 1
2017-03-31T16:23:35-06:00 INFO (6): FIN:::...
2017-03-31T16:24:14-06:00 INFO (6): ------------------------------------------------
2017-03-31T16:24:14-06:00 INFO (6): ------------------------------------------------
2017-03-31T16:24:14-06:00 INFO (6): ------------------------------------------------
2017-03-31T16:24:14-06:00 INFO (6): ---- ENVIO PROGRAMADOS - FN GUARDAR ------------
2017-03-31T16:24:14-06:00 INFO (6): REQUESTArray
(
    [categoria] => dummy
    [fechaenvio] => 2017-03-31
    [horaenvio] => 24c03b5364d69a4
    [msgtxt] => perooo
    [caracteres] => 6
    [accion] => guardar
    [retenido] => 40.6
    [PHPSESSID] => ult1oglvptm271j5gs3lj6g9t0
)

2017-03-31T16:24:14-06:00 INFO (6): CATEGORIA: dummy
2017-03-31T16:24:14-06:00 INFO (6): HORA DE ENVIO: 24c03b5364d69a4
2017-03-31T16:24:14-06:00 INFO (6): FECHA DE ENVIO: 2017-03-31
2017-03-31T16:24:14-06:00 INFO (6): MENSAJE: perooo
2017-03-31T16:24:14-06:00 INFO (6): CAMPANIA: Administrador
2017-03-31T16:24:14-06:00 INFO (6): SI REQUESITO TODOS LOS CAMPOS
2017-03-31T16:24:14-06:00 INFO (6): DIFERENCIA: 0
2017-03-31T16:24:14-06:00 INFO (6): ES UNA FECHA VALIDAD, AUN NO HA PASADO
2017-03-31T16:24:14-06:00 INFO (6): DATOS A INSERTAR EN LA BASE MENSAJES PROGRAMADOS: Array
(
    [mensaje_horario] => 24c03b5364d69a4
    [mensaje_horarionombre] => 11:00:00
    [mensaje_mensaje] => perooo
    [mensaje_nombre] => Administrador
    [mensaje_fechaenvio] => 2017-03-31
    [mensaje_descripcion] => Administrador
    [mensaje_fechaalta] => 2017/03/31 16:24:14
    [mensaje_activo] => 1
    [mensaje_region] => dummy
    [mensaje_ocupacion] => dummy
    [mensaje_procesado] => 1
    [mensaje_usuario] => 1
)

2017-03-31T16:24:14-06:00 INFO (6): SE INSERTO: 1
2017-03-31T16:24:14-06:00 INFO (6): FIN:::...
