2017-04-07T10:27:26-05:00 INFO (6): -----------------------------------------------------------------------------
2017-04-07T10:27:26-05:00 INFO (6): -----------------------------------------------------------------------------
2017-04-07T10:27:26-05:00 INFO (6): --------------- INICIO DE RECARGA-----------------------
2017-04-07T10:27:26-05:00 INFO (6): INICIO: 2017/04/07 10:27:26
2017-04-07T10:27:26-05:00 INFO (6): REQUEST: Array
(
    [Content] => sms 1
    [DA] => telcel_77700
    [SOA] => 5549444527
    [smscId] => telcel_77700
    [carrier] => Telcel
)

2017-04-07T10:27:26-05:00 INFO (6): DATOS MO:: Array
(
    [msisdn] => 5549444527
    [fecha] => 2017-04-07 10:27:26
    [contenido] => sms 1
    [operador] => Telcel
)

2017-04-07T10:27:26-05:00 INFO (6): INSERTO MO:: 1
2017-04-07T10:27:26-05:00 INFO (6): Array data_cr:: Array
(
    [credito_valor] => 109,28
)

2017-04-07T10:27:26-05:00 INFO (6): SE ACTUALIZO:: 1
2017-04-07T10:27:26-05:00 INFO (6): URL: http://localhost:13013/cgi-bin/sendsms?username=sendsmstelcel_77700&password=kaiser&to=525549444527&text=La+recarga+de+su+credito+fue+existosa.+Se+han+a%C3%B1adido+5.22+MXN+a+tu+saldo
2017-04-07T10:27:26-05:00 INFO (6): response:: 0: Accepted for delivery
2017-04-07T10:27:26-05:00 INFO (6): return: <?xml version="1.0" encoding="UTF-8"?><status>OK</status>
2017-04-07T10:27:26-05:00 INFO (6): Array data_mt:: Array
(
    [mt_servicio] => RECARGA
    [mt_marcacion] => 77700
    [mt_operador] => Telcel
    [mt_folio] => 958e7afdeb49026
    [mt_msisdn] => 5549444527
    [mt_contenido] => La recarga de su crédito fue existosa
    [mt_fecha] => 2017-04-07 10:27:26
    [mt_tag] => mail
    [usuario_id] => 1
)

2017-04-07T10:27:26-05:00 INFO (6): SE INSERTO:: 1
2017-04-07T10:27:26-05:00 INFO (6): FIN::::::... 
2017-04-07T10:27:59-05:00 INFO (6): -----------------------------------------------------------------------------
2017-04-07T10:27:59-05:00 INFO (6): -----------------------------------------------------------------------------
2017-04-07T10:27:59-05:00 INFO (6): --------------- INICIO DE RECARGA-----------------------
2017-04-07T10:27:59-05:00 INFO (6): INICIO: 2017/04/07 10:27:59
2017-04-07T10:27:59-05:00 INFO (6): REQUEST: Array
(
    [Content] => sms 1
    [DA] => telcel_77700
    [SOA] => 5549444527
    [smscId] => telcel_77700
    [carrier] => Telcel
)

2017-04-07T10:27:59-05:00 INFO (6): DATOS MO:: Array
(
    [msisdn] => 5549444527
    [fecha] => 2017-04-07 10:27:59
    [contenido] => sms 1
    [operador] => Telcel
)

2017-04-07T10:27:59-05:00 INFO (6): INSERTO MO:: 1
2017-04-07T10:27:59-05:00 INFO (6): Array data_cr:: Array
(
    [credito_valor] => 114,5
)

2017-04-07T10:27:59-05:00 INFO (6): SE ACTUALIZO:: 1
2017-04-07T10:27:59-05:00 INFO (6): URL: http://localhost:13013/cgi-bin/sendsms?username=sendsmstelcel_77700&password=kaiser&to=525549444527&text=La+recarga+de+su+credito+fue+existosa.+Se+han+a%C3%B1adido+5.22+MXN+a+tu+saldo%0Ahttp%3A%2F%2Fwww.broadcastersms.com
2017-04-07T10:27:59-05:00 INFO (6): response:: 0: Accepted for delivery
2017-04-07T10:27:59-05:00 INFO (6): return: <?xml version="1.0" encoding="UTF-8"?><status>OK</status>
2017-04-07T10:27:59-05:00 INFO (6): Array data_mt:: Array
(
    [mt_servicio] => RECARGA
    [mt_marcacion] => 77700
    [mt_operador] => Telcel
    [mt_folio] => 158e7afffdcd471
    [mt_msisdn] => 5549444527
    [mt_contenido] => La recarga de su crédito fue existosa
    [mt_fecha] => 2017-04-07 10:27:59
    [mt_tag] => mail
    [usuario_id] => 1
)

2017-04-07T10:27:59-05:00 INFO (6): SE INSERTO:: 1
2017-04-07T10:27:59-05:00 INFO (6): FIN::::::... 
2017-04-07T12:26:21-05:00 INFO (6): -----------------------------------------------------------------------------
2017-04-07T12:26:21-05:00 INFO (6): -----------------------------------------------------------------------------
2017-04-07T12:26:21-05:00 INFO (6): --------------- INICIO DE RECARGA-----------------------
2017-04-07T12:26:21-05:00 INFO (6): INICIO: 2017/04/07 12:26:21
2017-04-07T12:26:21-05:00 INFO (6): REQUEST: Array
(
    [Content] => sms 1
    [DA] => telcel_77700
    [SOA] => 5554995994
    [smscId] => telcel_77700
    [carrier] => Telcel
)

2017-04-07T12:26:21-05:00 INFO (6): DATOS MO:: Array
(
    [msisdn] => 5554995994
    [fecha] => 2017-04-07 12:26:21
    [contenido] => sms 1
    [operador] => Telcel
)

2017-04-07T12:26:21-05:00 INFO (6): INSERTO MO:: 1
2017-04-07T12:26:21-05:00 INFO (6): Array data_cr:: Array
(
    [credito_valor] => 119,14
)

2017-04-07T12:26:21-05:00 INFO (6): SE ACTUALIZO:: 1
2017-04-07T12:26:21-05:00 INFO (6): URL: http://localhost:13013/cgi-bin/sendsms?username=sendsmstelcel_77700&password=kaiser&to=525554995994&text=La+recarga+de+su+credito+fue+existosa.+Se+han+a%C3%B1adido+5.22+MXN+a+tu+saldo%0Ahttp%3A%2F%2Fwww.broadcastersms.com
2017-04-07T12:26:21-05:00 INFO (6): response:: 0: Accepted for delivery
2017-04-07T12:26:21-05:00 INFO (6): return: <?xml version="1.0" encoding="UTF-8"?><status>OK</status>
2017-04-07T12:26:21-05:00 INFO (6): Array data_mt:: Array
(
    [mt_servicio] => RECARGA
    [mt_marcacion] => 77700
    [mt_operador] => Telcel
    [mt_folio] => 858e7cbbdef63c8
    [mt_msisdn] => 5554995994
    [mt_contenido] => La recarga de su crédito fue existosa
    [mt_fecha] => 2017-04-07 12:26:21
    [mt_tag] => mail
    [usuario_id] => 1
)

2017-04-07T12:26:22-05:00 INFO (6): SE INSERTO:: 1
2017-04-07T12:26:22-05:00 INFO (6): FIN::::::... 
