2017-03-21T13:26:28-06:00 INFO (6): -----------------------------------------------------------------------------
2017-03-21T13:26:28-06:00 INFO (6): -----------------------------------------------------------------------------
2017-03-21T13:26:28-06:00 INFO (6): --------------- INICIO DE RECARGA-----------------------
2017-03-21T13:26:28-06:00 INFO (6): INICIO: 2017/03/21 13:26:28
2017-03-21T13:26:28-06:00 INFO (6): REQUEST: Array
(
    [Content] => sms 1
    [DA] => telcel_77700
    [SOA] => 5549444527
    [smscId] => telcel_77700
    [carrier] => Telcel
)

2017-03-21T13:26:28-06:00 INFO (6): DATOS MO:: Array
(
    [msisdn] => 5549444527
    [fecha] => 2017-03-21 13:26:28
    [contenido] => sms 1
    [operador] => Telcel
)

2017-03-21T13:26:28-06:00 INFO (6): INSERTO MO:: 1
2017-03-21T13:26:28-06:00 INFO (6): Array data_cr:: Array
(
    [credito_valor] => 25,76
)

2017-03-21T13:26:28-06:00 INFO (6): SE ACTUALIZO:: 1
2017-03-21T13:26:28-06:00 INFO (6): URL: http://localhost:13013/cgi-bin/sendsms?username=sendsmstelcel_77700&password=kaiser&to=525549444527&text=La+recarga+de+su+credito+fue+existosa.+Se+han+a%C3%B1adido+5.22+MXN+a+tu+saldo
2017-03-21T13:26:28-06:00 INFO (6): response:: 0: Accepted for delivery
2017-03-21T13:26:28-06:00 INFO (6): return: <?xml version="1.0" encoding="UTF-8"?><status>OK</status>
2017-03-21T13:26:28-06:00 INFO (6): Array data_mt:: Array
(
    [mt_servicio] => RECARGA
    [mt_marcacion] => 77700
    [mt_operador] => Telcel
    [mt_folio] => 058d17e64c714a0
    [mt_msisdn] => 5549444527
    [mt_contenido] => La recarga de su crédito fue existosa
    [mt_fecha] => 2017-03-21 13:26:28
    [mt_tag] => mail
    [usuario_id] => 1
)

2017-03-21T13:26:28-06:00 INFO (6): SE INSERTO:: 1
2017-03-21T13:26:28-06:00 INFO (6): FIN::::::... 
2017-03-21T19:26:53-06:00 INFO (6): -----------------------------------------------------------------------------
2017-03-21T19:26:53-06:00 INFO (6): -----------------------------------------------------------------------------
2017-03-21T19:26:53-06:00 INFO (6): --------------- INICIO DE RECARGA-----------------------
2017-03-21T19:26:53-06:00 INFO (6): INICIO: 2017/03/21 19:26:53
2017-03-21T19:26:53-06:00 INFO (6): REQUEST: Array
(
    [Content] => sms 56
    [DA] => telcel_77700
    [SOA] => 5547870016
    [smscId] => telcel_77700
    [carrier] => Telcel
)

2017-03-21T19:26:53-06:00 INFO (6): DATOS MO:: Array
(
    [msisdn] => 5547870016
    [fecha] => 2017-03-21 19:26:53
    [contenido] => sms 56
    [operador] => Telcel
)

2017-03-21T19:26:53-06:00 INFO (6): INSERTO MO:: 1
2017-03-21T19:26:53-06:00 INFO (6): Array data_cr:: Array
(
    [credito_valor] => 5,22
)

2017-03-21T19:26:53-06:00 INFO (6): SE ACTUALIZO:: 1
2017-03-21T19:26:53-06:00 INFO (6): URL: http://localhost:13013/cgi-bin/sendsms?username=sendsmstelcel_77700&password=kaiser&to=525547870016&text=La+recarga+de+su+credito+fue+existosa.+Se+han+a%C3%B1adido+5.22+MXN+a+tu+saldo
2017-03-21T19:26:53-06:00 INFO (6): response:: 0: Accepted for delivery
2017-03-21T19:26:53-06:00 INFO (6): return: <?xml version="1.0" encoding="UTF-8"?><status>OK</status>
2017-03-21T19:26:53-06:00 INFO (6): Array data_mt:: Array
(
    [mt_servicio] => RECARGA
    [mt_marcacion] => 77700
    [mt_operador] => Telcel
    [mt_folio] => 858d1d2dd5f1217
    [mt_msisdn] => 5547870016
    [mt_contenido] => La recarga de su crédito fue existosa
    [mt_fecha] => 2017-03-21 19:26:53
    [mt_tag] => mail
    [usuario_id] => 56
)

2017-03-21T19:26:53-06:00 INFO (6): SE INSERTO:: 1
2017-03-21T19:26:53-06:00 INFO (6): FIN::::::... 
2017-03-21T19:32:34-06:00 INFO (6): -----------------------------------------------------------------------------
2017-03-21T19:32:34-06:00 INFO (6): -----------------------------------------------------------------------------
2017-03-21T19:32:34-06:00 INFO (6): --------------- INICIO DE RECARGA-----------------------
2017-03-21T19:32:34-06:00 INFO (6): INICIO: 2017/03/21 19:32:34
2017-03-21T19:32:34-06:00 INFO (6): REQUEST: Array
(
    [Content] => sms 56
    [DA] => telcel_77700
    [SOA] => 5554995994
    [smscId] => telcel_77700
    [carrier] => Telcel
)

2017-03-21T19:32:34-06:00 INFO (6): DATOS MO:: Array
(
    [msisdn] => 5554995994
    [fecha] => 2017-03-21 19:32:34
    [contenido] => sms 56
    [operador] => Telcel
)

2017-03-21T19:32:34-06:00 INFO (6): INSERTO MO:: 1
2017-03-21T19:32:34-06:00 INFO (6): Array data_cr:: Array
(
    [credito_valor] => 10,44
)

2017-03-21T19:32:34-06:00 INFO (6): SE ACTUALIZO:: 1
2017-03-21T19:32:34-06:00 INFO (6): URL: http://localhost:13013/cgi-bin/sendsms?username=sendsmstelcel_77700&password=kaiser&to=525554995994&text=La+recarga+de+su+credito+fue+existosa.+Se+han+a%C3%B1adido+5.22+MXN+a+tu+saldo
2017-03-21T19:32:34-06:00 INFO (6): response:: 0: Accepted for delivery
2017-03-21T19:32:34-06:00 INFO (6): return: <?xml version="1.0" encoding="UTF-8"?><status>OK</status>
2017-03-21T19:32:34-06:00 INFO (6): Array data_mt:: Array
(
    [mt_servicio] => RECARGA
    [mt_marcacion] => 77700
    [mt_operador] => Telcel
    [mt_folio] => 758d1d43291efe0
    [mt_msisdn] => 5554995994
    [mt_contenido] => La recarga de su crédito fue existosa
    [mt_fecha] => 2017-03-21 19:32:34
    [mt_tag] => mail
    [usuario_id] => 56
)

2017-03-21T19:32:34-06:00 INFO (6): SE INSERTO:: 1
2017-03-21T19:32:34-06:00 INFO (6): FIN::::::... 
2017-03-21T19:32:41-06:00 INFO (6): -----------------------------------------------------------------------------
2017-03-21T19:32:41-06:00 INFO (6): -----------------------------------------------------------------------------
2017-03-21T19:32:41-06:00 INFO (6): --------------- INICIO DE RECARGA-----------------------
2017-03-21T19:32:41-06:00 INFO (6): INICIO: 2017/03/21 19:32:41
2017-03-21T19:32:41-06:00 INFO (6): REQUEST: Array
(
    [Content] => sms 56
    [DA] => telcel_77700
    [SOA] => 5554995994
    [smscId] => telcel_77700
    [carrier] => Telcel
)

2017-03-21T19:32:41-06:00 INFO (6): DATOS MO:: Array
(
    [msisdn] => 5554995994
    [fecha] => 2017-03-21 19:32:41
    [contenido] => sms 56
    [operador] => Telcel
)

2017-03-21T19:32:41-06:00 INFO (6): INSERTO MO:: 1
2017-03-21T19:32:41-06:00 INFO (6): Array data_cr:: Array
(
    [credito_valor] => 15,66
)

2017-03-21T19:32:41-06:00 INFO (6): SE ACTUALIZO:: 1
2017-03-21T19:32:41-06:00 INFO (6): URL: http://localhost:13013/cgi-bin/sendsms?username=sendsmstelcel_77700&password=kaiser&to=525554995994&text=La+recarga+de+su+credito+fue+existosa.+Se+han+a%C3%B1adido+5.22+MXN+a+tu+saldo
2017-03-21T19:32:41-06:00 INFO (6): response:: 0: Accepted for delivery
2017-03-21T19:32:41-06:00 INFO (6): return: <?xml version="1.0" encoding="UTF-8"?><status>OK</status>
2017-03-21T19:32:41-06:00 INFO (6): Array data_mt:: Array
(
    [mt_servicio] => RECARGA
    [mt_marcacion] => 77700
    [mt_operador] => Telcel
    [mt_folio] => 958d1d439a3e313
    [mt_msisdn] => 5554995994
    [mt_contenido] => La recarga de su crédito fue existosa
    [mt_fecha] => 2017-03-21 19:32:41
    [mt_tag] => mail
    [usuario_id] => 56
)

2017-03-21T19:32:41-06:00 INFO (6): SE INSERTO:: 1
2017-03-21T19:32:41-06:00 INFO (6): FIN::::::... 
2017-03-21T19:33:00-06:00 INFO (6): -----------------------------------------------------------------------------
2017-03-21T19:33:00-06:00 INFO (6): -----------------------------------------------------------------------------
2017-03-21T19:33:00-06:00 INFO (6): --------------- INICIO DE RECARGA-----------------------
2017-03-21T19:33:00-06:00 INFO (6): INICIO: 2017/03/21 19:33:00
2017-03-21T19:33:00-06:00 INFO (6): REQUEST: Array
(
    [Content] => sms 56
    [DA] => telcel_77700
    [SOA] => 5554995994
    [smscId] => telcel_77700
    [carrier] => Telcel
)

2017-03-21T19:33:00-06:00 INFO (6): DATOS MO:: Array
(
    [msisdn] => 5554995994
    [fecha] => 2017-03-21 19:33:00
    [contenido] => sms 56
    [operador] => Telcel
)

2017-03-21T19:33:00-06:00 INFO (6): INSERTO MO:: 1
2017-03-21T19:33:00-06:00 INFO (6): Array data_cr:: Array
(
    [credito_valor] => 20,88
)

2017-03-21T19:33:00-06:00 INFO (6): SE ACTUALIZO:: 1
2017-03-21T19:33:00-06:00 INFO (6): URL: http://localhost:13013/cgi-bin/sendsms?username=sendsmstelcel_77700&password=kaiser&to=525554995994&text=La+recarga+de+su+credito+fue+existosa.+Se+han+a%C3%B1adido+5.22+MXN+a+tu+saldo
2017-03-21T19:33:00-06:00 INFO (6): response:: 0: Accepted for delivery
2017-03-21T19:33:00-06:00 INFO (6): return: <?xml version="1.0" encoding="UTF-8"?><status>OK</status>
2017-03-21T19:33:00-06:00 INFO (6): Array data_mt:: Array
(
    [mt_servicio] => RECARGA
    [mt_marcacion] => 77700
    [mt_operador] => Telcel
    [mt_folio] => 258d1d44cc14f91
    [mt_msisdn] => 5554995994
    [mt_contenido] => La recarga de su crédito fue existosa
    [mt_fecha] => 2017-03-21 19:33:00
    [mt_tag] => mail
    [usuario_id] => 56
)

2017-03-21T19:33:00-06:00 INFO (6): SE INSERTO:: 1
2017-03-21T19:33:00-06:00 INFO (6): FIN::::::... 
2017-03-21T19:34:30-06:00 INFO (6): -----------------------------------------------------------------------------
2017-03-21T19:34:30-06:00 INFO (6): -----------------------------------------------------------------------------
2017-03-21T19:34:30-06:00 INFO (6): --------------- INICIO DE RECARGA-----------------------
2017-03-21T19:34:30-06:00 INFO (6): INICIO: 2017/03/21 19:34:30
2017-03-21T19:34:30-06:00 INFO (6): REQUEST: Array
(
    [Content] => sms 56
    [DA] => telcel_77700
    [SOA] => 5554995994
    [smscId] => telcel_77700
    [carrier] => Telcel
)

2017-03-21T19:34:30-06:00 INFO (6): DATOS MO:: Array
(
    [msisdn] => 5554995994
    [fecha] => 2017-03-21 19:34:30
    [contenido] => sms 56
    [operador] => Telcel
)

2017-03-21T19:34:30-06:00 INFO (6): INSERTO MO:: 1
2017-03-21T19:34:30-06:00 INFO (6): Array data_cr:: Array
(
    [credito_valor] => 26,1
)

2017-03-21T19:34:30-06:00 INFO (6): SE ACTUALIZO:: 1
2017-03-21T19:34:30-06:00 INFO (6): URL: http://localhost:13013/cgi-bin/sendsms?username=sendsmstelcel_77700&password=kaiser&to=525554995994&text=La+recarga+de+su+credito+fue+existosa.+Se+han+a%C3%B1adido+5.22+MXN+a+tu+saldo
2017-03-21T19:34:30-06:00 INFO (6): response:: 0: Accepted for delivery
2017-03-21T19:34:30-06:00 INFO (6): return: <?xml version="1.0" encoding="UTF-8"?><status>OK</status>
2017-03-21T19:34:30-06:00 INFO (6): Array data_mt:: Array
(
    [mt_servicio] => RECARGA
    [mt_marcacion] => 77700
    [mt_operador] => Telcel
    [mt_folio] => 258d1d4a6f040d4
    [mt_msisdn] => 5554995994
    [mt_contenido] => La recarga de su crédito fue existosa
    [mt_fecha] => 2017-03-21 19:34:30
    [mt_tag] => mail
    [usuario_id] => 56
)

2017-03-21T19:34:30-06:00 INFO (6): SE INSERTO:: 1
2017-03-21T19:34:30-06:00 INFO (6): FIN::::::... 
2017-03-21T19:34:45-06:00 INFO (6): -----------------------------------------------------------------------------
2017-03-21T19:34:45-06:00 INFO (6): -----------------------------------------------------------------------------
2017-03-21T19:34:45-06:00 INFO (6): --------------- INICIO DE RECARGA-----------------------
2017-03-21T19:34:45-06:00 INFO (6): INICIO: 2017/03/21 19:34:45
2017-03-21T19:34:45-06:00 INFO (6): REQUEST: Array
(
    [Content] => sms 56
    [DA] => telcel_77700
    [SOA] => 5554995994
    [smscId] => telcel_77700
    [carrier] => Telcel
)

2017-03-21T19:34:45-06:00 INFO (6): DATOS MO:: Array
(
    [msisdn] => 5554995994
    [fecha] => 2017-03-21 19:34:45
    [contenido] => sms 56
    [operador] => Telcel
)

2017-03-21T19:34:45-06:00 INFO (6): INSERTO MO:: 1
2017-03-21T19:34:45-06:00 INFO (6): Array data_cr:: Array
(
    [credito_valor] => 31,32
)

2017-03-21T19:34:45-06:00 INFO (6): SE ACTUALIZO:: 1
2017-03-21T19:34:45-06:00 INFO (6): URL: http://localhost:13013/cgi-bin/sendsms?username=sendsmstelcel_77700&password=kaiser&to=525554995994&text=La+recarga+de+su+credito+fue+existosa.+Se+han+a%C3%B1adido+5.22+MXN+a+tu+saldo
2017-03-21T19:34:45-06:00 INFO (6): response:: 0: Accepted for delivery
2017-03-21T19:34:45-06:00 INFO (6): return: <?xml version="1.0" encoding="UTF-8"?><status>OK</status>
2017-03-21T19:34:45-06:00 INFO (6): Array data_mt:: Array
(
    [mt_servicio] => RECARGA
    [mt_marcacion] => 77700
    [mt_operador] => Telcel
    [mt_folio] => 058d1d4b588c010
    [mt_msisdn] => 5554995994
    [mt_contenido] => La recarga de su crédito fue existosa
    [mt_fecha] => 2017-03-21 19:34:45
    [mt_tag] => mail
    [usuario_id] => 56
)

2017-03-21T19:34:45-06:00 INFO (6): SE INSERTO:: 1
2017-03-21T19:34:45-06:00 INFO (6): FIN::::::... 
