2017-03-26T17:07:40-06:00 INFO (6): -----------------------------------------------------------------------------
2017-03-26T17:07:40-06:00 INFO (6): -----------------------------------------------------------------------------
2017-03-26T17:07:40-06:00 INFO (6): --------------- INICIO DE RECARGA-----------------------
2017-03-26T17:07:40-06:00 INFO (6): INICIO: 2017/03/26 17:07:40
2017-03-26T17:07:40-06:00 INFO (6): REQUEST: Array
(
    [Content] => sms 1
    [DA] => telcel_77700
    [SOA] => 5549444527
    [smscId] => telcel_77700
    [carrier] => Telcel
)

2017-03-26T17:07:40-06:00 INFO (6): DATOS MO:: Array
(
    [msisdn] => 5549444527
    [fecha] => 2017-03-26 17:07:40
    [contenido] => sms 1
    [operador] => Telcel
)

2017-03-26T17:07:40-06:00 INFO (6): INSERTO MO:: 1
2017-03-26T17:07:40-06:00 INFO (6): Array data_cr:: Array
(
    [credito_valor] => 888,74
)

2017-03-26T17:07:40-06:00 INFO (6): SE ACTUALIZO:: 1
2017-03-26T17:07:40-06:00 INFO (6): URL: http://localhost:13013/cgi-bin/sendsms?username=sendsmstelcel_77700&password=kaiser&to=525549444527&text=La+recarga+de+su+credito+fue+existosa.+Se+han+a%C3%B1adido+5.22+MXN+a+tu+saldo
2017-03-26T17:07:40-06:00 INFO (6): response:: 0: Accepted for delivery
2017-03-26T17:07:40-06:00 INFO (6): return: <?xml version="1.0" encoding="UTF-8"?><status>OK</status>
2017-03-26T17:07:40-06:00 INFO (6): Array data_mt:: Array
(
    [mt_servicio] => RECARGA
    [mt_marcacion] => 77700
    [mt_operador] => Telcel
    [mt_folio] => 458d849bcee2c15
    [mt_msisdn] => 5549444527
    [mt_contenido] => La recarga de su crédito fue existosa
    [mt_fecha] => 2017-03-26 17:07:40
    [mt_tag] => mail
    [usuario_id] => 1
)

2017-03-26T17:07:40-06:00 INFO (6): SE INSERTO:: 1
2017-03-26T17:07:40-06:00 INFO (6): FIN::::::... 
