2017-03-26T20:03:51-06:00 INFO (6): >>>>>>>>>>>>>>>>>>>>>>>>>>>>>>>>>>>>>>>>
2017-03-26T20:03:51-06:00 INFO (6): >>>>>>>>>>>>>>>>>>>>>>>>>>>>>>>>>>>>>>>>
2017-03-26T20:03:51-06:00 INFO (6): >>>>>>>>>>>>>>>>>>>>>>>>>>>>>>>>>>>>>>>>
2017-03-26T20:03:51-06:00 INFO (6): >>>>>>>>>>>>>>>>>>>>>>>>>>>>>>>>>>>>>>>>INICIO REGISTRO DE USUARIOS: 2017/03/26 20:03:51
2017-03-26T20:03:51-06:00 INFO (6): REQUESTArray
(
    [usuarioURL] => 
    [accion] => guardar
    [PHPSESSID] => p0slapa788hhmufv4uqpuskk14
)

2017-03-26T20:03:51-06:00 INFO (6): NOMBRE: Administrador
2017-03-26T20:03:51-06:00 INFO (6): DESCRIPCION:  
2017-03-26T20:03:51-06:00 INFO (6): USUARIOAdministrador
2017-03-26T20:03:51-06:00 INFO (6): USUARIO FORMADO: Administrador
2017-03-26T20:03:51-06:00 INFO (6): URL GENERADA: http://broadcaster.cm-operations.com/dashboard/email2sms/bin/tu_empresa.php?msisdn=XXXXXXXXXX&message=MESSAGE&tag=58d8730780223&user=Administrador
2017-03-26T20:03:51-06:00 INFO (6): DATOS A INSERTAR EN LA BASE CLIENTES DEMO: Array
(
    [cliente_nombre] => Administrador
    [cliente_descripcion] =>  
    [cliente_url] => http://broadcaster.cm-operations.com/dashboard/email2sms/bin/tu_empresa.php?msisdn=XXXXXXXXXX&message=MESSAGE&tag=58d8730780223&user=Administrador
    [cliente_usuario] => Administrador
    [cliente_agente] => Administrador
    [cliente_fecha] => 2017/03/26 20:03:51
    [cliente_activo] => 1
)

2017-03-26T20:03:51-06:00 INFO (6): SE INSERTO: 1
2017-03-26T20:03:51-06:00 INFO (6): Fin: 2017/03/26 20:03:51
