2017-03-28T11:38:10-06:00 INFO (6): >>>>>>>>>>>>>>>>>>>>>>>>>>>>>>>>>>>>>>>>
2017-03-28T11:38:10-06:00 INFO (6): >>>>>>>>>>>>>>>>>>>>>>>>>>>>>>>>>>>>>>>>
2017-03-28T11:38:10-06:00 INFO (6): >>>>>>>>>>>>>>>>>>>>>>>>>>>>>>>>>>>>>>>>
2017-03-28T11:38:10-06:00 INFO (6): >>>>>>>>>>>>>>>>>>>>>>>>>>>>>>>>>>>>>>>>INICIO REGISTRO DE USUARIOS: 2017/03/28 11:38:10
2017-03-28T11:38:10-06:00 INFO (6): REQUESTArray
(
    [usuarioURL] => 
    [accion] => guardar
    [PHPSESSID] => p0slapa788hhmufv4uqpuskk14
)

2017-03-28T11:38:10-06:00 INFO (6): NOMBRE: Administrador
2017-03-28T11:38:10-06:00 INFO (6): DESCRIPCION:  
2017-03-28T11:38:10-06:00 INFO (6): USUARIOAdministrador
2017-03-28T11:38:10-06:00 INFO (6): USUARIO FORMADO: Administrador
2017-03-28T11:38:10-06:00 INFO (6): URL GENERADA: http://broadcaster.cm-operations.com/dashboard/email2sms/bin/tu_empresa.php?msisdn=XXXXXXXXXX&message=MESSAGE&tag=58da9f820974b&user=Administrador
2017-03-28T11:38:10-06:00 INFO (6): DATOS A INSERTAR EN LA BASE CLIENTES DEMO: Array
(
    [cliente_nombre] => Administrador
    [cliente_descripcion] =>  
    [cliente_url] => http://broadcaster.cm-operations.com/dashboard/email2sms/bin/tu_empresa.php?msisdn=XXXXXXXXXX&message=MESSAGE&tag=58da9f820974b&user=Administrador
    [cliente_usuario] => Administrador
    [cliente_agente] => Administrador
    [cliente_fecha] => 2017/03/28 11:38:10
    [cliente_activo] => 1
)

2017-03-28T11:38:10-06:00 INFO (6): SE INSERTO: 1
2017-03-28T11:38:10-06:00 INFO (6): Fin: 2017/03/28 11:38:10
2017-03-28T11:38:16-06:00 INFO (6): >>>>>>>>>>>>>>>>>>>>>>>>>>>>>>>>>>>>>>>>
2017-03-28T11:38:16-06:00 INFO (6): >>>>>>>>>>>>>>>>>>>>>>>>>>>>>>>>>>>>>>>>
2017-03-28T11:38:16-06:00 INFO (6): >>>>>>>>>>>>>>>>>>>>>>>>>>>>>>>>>>>>>>>>
2017-03-28T11:38:16-06:00 INFO (6): >>>>>>>>>>>>>>>>>>>>>>>>>>>>>>>>>>>>>>>>INICIO REGISTRO DE USUARIOS: 2017/03/28 11:38:16
2017-03-28T11:38:16-06:00 INFO (6): REQUESTArray
(
    [usuarioURL] => 
    [accion] => guardar
    [PHPSESSID] => p0slapa788hhmufv4uqpuskk14
)

2017-03-28T11:38:16-06:00 INFO (6): NOMBRE: Administrador
2017-03-28T11:38:16-06:00 INFO (6): DESCRIPCION:  
2017-03-28T11:38:16-06:00 INFO (6): USUARIOAdministrador
2017-03-28T11:38:16-06:00 INFO (6): USUARIO FORMADO: Administrador
2017-03-28T11:38:16-06:00 INFO (6): URL GENERADA: http://broadcaster.cm-operations.com/dashboard/email2sms/bin/tu_empresa.php?msisdn=XXXXXXXXXX&message=MESSAGE&tag=58da9f888e034&user=Administrador
2017-03-28T11:38:16-06:00 INFO (6): Fin: 2017/03/28 11:38:16
2017-03-28T11:38:33-06:00 INFO (6): >>>>>>>>>>>>>>>>>>>>>>>>>>>>>>>>>>>>>>>>
2017-03-28T11:38:33-06:00 INFO (6): >>>>>>>>>>>>>>>>>>>>>>>>>>>>>>>>>>>>>>>>
2017-03-28T11:38:33-06:00 INFO (6): >>>>>>>>>>>>>>>>>>>>>>>>>>>>>>>>>>>>>>>>
2017-03-28T11:38:33-06:00 INFO (6): >>>>>>>>>>>>>>>>>>>>>>>>>>>>>>>>>>>>>>>>INICIO REGISTRO DE USUARIOS: 2017/03/28 11:38:33
2017-03-28T11:38:33-06:00 INFO (6): REQUESTArray
(
    [usuarioURL] => 
    [accion] => guardar
    [PHPSESSID] => p0slapa788hhmufv4uqpuskk14
)

2017-03-28T11:38:33-06:00 INFO (6): NOMBRE: Administrador
2017-03-28T11:38:33-06:00 INFO (6): DESCRIPCION:  
2017-03-28T11:38:33-06:00 INFO (6): USUARIOAdministrador
2017-03-28T11:38:33-06:00 INFO (6): USUARIO FORMADO: Administrador
2017-03-28T11:38:33-06:00 INFO (6): URL GENERADA: http://broadcaster.cm-operations.com/dashboard/email2sms/bin/tu_empresa.php?msisdn=XXXXXXXXXX&message=MESSAGE&tag=58da9f9985b6f&user=Administrador
2017-03-28T11:38:33-06:00 INFO (6): Fin: 2017/03/28 11:38:33
