2017-03-21T16:52:50-06:00 INFO (6): >>>>>>>>>>>>>>>>>>>>>>>>>>>>>>>>>>>>>>>>
2017-03-21T16:52:50-06:00 INFO (6): >>>>>>>>>>>>>>>>>>>>>>>>>>>>>>>>>>>>>>>>
2017-03-21T16:52:50-06:00 INFO (6): >>>>>>>>>>>>>>>>>>>>>>>>>>>>>>>>>>>>>>>>
2017-03-21T16:52:50-06:00 INFO (6): >>>>>>>>>>>>>>>>>>>>>>>>>>>>>>>>>>>>>>>>INICIO REGISTRO DE USUARIOS: 2017/03/21 16:52:50
2017-03-21T16:52:50-06:00 INFO (6): REQUESTArray
(
    [usuarioURL] => http://repositorio.cm-operations.com/proyectemail/bin/tu_empresa.php?msisdn=XXXXXXXXXX&message=MESSAGE&tag=TAG&user=Administrador
    [accion] => guardar
    [PHPSESSID] => je1vgcb0h0qj8lkpdoegoi3o90
)

2017-03-21T16:52:50-06:00 INFO (6): NOMBRE: Administrador
2017-03-21T16:52:50-06:00 INFO (6): DESCRIPCION:  
2017-03-21T16:52:50-06:00 INFO (6): USUARIOAdministrador
2017-03-21T16:52:50-06:00 INFO (6): USUARIO FORMADO: Administrador
2017-03-21T16:52:50-06:00 INFO (6): URL GENERADA: http://repositorio.cm-operations.com/proyectemail/bin/tu_empresa.php?msisdn=XXXXXXXXXX&message=MESSAGE&tag=TAG&user=Administrador
2017-03-21T16:52:50-06:00 INFO (6): Fin: 2017/03/21 16:52:50
2017-03-21T16:53:53-06:00 INFO (6): >>>>>>>>>>>>>>>>>>>>>>>>>>>>>>>>>>>>>>>>
2017-03-21T16:53:53-06:00 INFO (6): >>>>>>>>>>>>>>>>>>>>>>>>>>>>>>>>>>>>>>>>
2017-03-21T16:53:53-06:00 INFO (6): >>>>>>>>>>>>>>>>>>>>>>>>>>>>>>>>>>>>>>>>
2017-03-21T16:53:53-06:00 INFO (6): >>>>>>>>>>>>>>>>>>>>>>>>>>>>>>>>>>>>>>>>INICIO REGISTRO DE USUARIOS: 2017/03/21 16:53:53
2017-03-21T16:53:53-06:00 INFO (6): REQUESTArray
(
    [usuarioURL] => http://repositorio.cm-operations.com/proyectemail/bin/tu_empresa.php?msisdn=XXXXXXXXXX&message=MESSAGE&tag=TAG&user=Administrador
    [accion] => guardar
    [PHPSESSID] => je1vgcb0h0qj8lkpdoegoi3o90
)

2017-03-21T16:53:53-06:00 INFO (6): NOMBRE: Administrador
2017-03-21T16:53:53-06:00 INFO (6): DESCRIPCION:  
2017-03-21T16:53:53-06:00 INFO (6): USUARIOAdministrador
2017-03-21T16:53:53-06:00 INFO (6): USUARIO FORMADO: Administrador
2017-03-21T16:53:53-06:00 INFO (6): URL GENERADA: http://repositorio.cm-operations.com/proyectemail/bin/tu_empresa.php?msisdn=XXXXXXXXXX&message=MESSAGE&tag=TAG&user=Administrador
2017-03-21T16:53:53-06:00 INFO (6): Fin: 2017/03/21 16:53:53
2017-03-21T16:54:44-06:00 INFO (6): >>>>>>>>>>>>>>>>>>>>>>>>>>>>>>>>>>>>>>>>
2017-03-21T16:54:44-06:00 INFO (6): >>>>>>>>>>>>>>>>>>>>>>>>>>>>>>>>>>>>>>>>
2017-03-21T16:54:44-06:00 INFO (6): >>>>>>>>>>>>>>>>>>>>>>>>>>>>>>>>>>>>>>>>
2017-03-21T16:54:44-06:00 INFO (6): >>>>>>>>>>>>>>>>>>>>>>>>>>>>>>>>>>>>>>>>INICIO REGISTRO DE USUARIOS: 2017/03/21 16:54:44
2017-03-21T16:54:44-06:00 INFO (6): REQUESTArray
(
    [usuarioURL] => http://repositorio.cm-operations.com/proyectemail/bin/tu_empresa.php?msisdn=XXXXXXXXXX&message=MESSAGE&tag=TAG&user=Administrador
    [accion] => guardar
    [PHPSESSID] => je1vgcb0h0qj8lkpdoegoi3o90
)

2017-03-21T16:54:44-06:00 INFO (6): NOMBRE: Administrador
2017-03-21T16:54:44-06:00 INFO (6): DESCRIPCION:  
2017-03-21T16:54:44-06:00 INFO (6): USUARIOAdministrador
2017-03-21T16:54:44-06:00 INFO (6): USUARIO FORMADO: Administrador
2017-03-21T16:54:44-06:00 INFO (6): URL GENERADA: http://repositorio.cm-operations.com/proyectemail/bin/tu_empresa.php?msisdn=XXXXXXXXXX&message=MESSAGE&tag=TAG&user=Administrador
2017-03-21T16:54:44-06:00 INFO (6): Fin: 2017/03/21 16:54:44
2017-03-21T16:55:05-06:00 INFO (6): >>>>>>>>>>>>>>>>>>>>>>>>>>>>>>>>>>>>>>>>
2017-03-21T16:55:05-06:00 INFO (6): >>>>>>>>>>>>>>>>>>>>>>>>>>>>>>>>>>>>>>>>
2017-03-21T16:55:05-06:00 INFO (6): >>>>>>>>>>>>>>>>>>>>>>>>>>>>>>>>>>>>>>>>
2017-03-21T16:55:05-06:00 INFO (6): >>>>>>>>>>>>>>>>>>>>>>>>>>>>>>>>>>>>>>>>INICIO REGISTRO DE USUARIOS: 2017/03/21 16:55:05
2017-03-21T16:55:05-06:00 INFO (6): REQUESTArray
(
    [usuarioURL] => http://repositorio.cm-operations.com/proyectemail/bin/tu_empresa.php?msisdn=XXXXXXXXXX&message=MESSAGE&tag=TAG&user=Administrador
    [accion] => guardar
    [PHPSESSID] => je1vgcb0h0qj8lkpdoegoi3o90
)

2017-03-21T16:55:05-06:00 INFO (6): NOMBRE: Administrador
2017-03-21T16:55:05-06:00 INFO (6): DESCRIPCION:  
2017-03-21T16:55:05-06:00 INFO (6): USUARIOAdministrador
2017-03-21T16:55:05-06:00 INFO (6): USUARIO FORMADO: Administrador
2017-03-21T16:55:05-06:00 INFO (6): URL GENERADA: http://repositorio.cm-operations.com/proyectemail/bin/tu_empresa.php?msisdn=XXXXXXXXXX&message=MESSAGE&tag=TAG&user=Administrador
2017-03-21T16:55:05-06:00 INFO (6): Fin: 2017/03/21 16:55:05
2017-03-21T16:55:33-06:00 INFO (6): >>>>>>>>>>>>>>>>>>>>>>>>>>>>>>>>>>>>>>>>
2017-03-21T16:55:33-06:00 INFO (6): >>>>>>>>>>>>>>>>>>>>>>>>>>>>>>>>>>>>>>>>
2017-03-21T16:55:33-06:00 INFO (6): >>>>>>>>>>>>>>>>>>>>>>>>>>>>>>>>>>>>>>>>
2017-03-21T16:55:33-06:00 INFO (6): >>>>>>>>>>>>>>>>>>>>>>>>>>>>>>>>>>>>>>>>INICIO REGISTRO DE USUARIOS: 2017/03/21 16:55:33
2017-03-21T16:55:33-06:00 INFO (6): REQUESTArray
(
    [usuarioURL] => http://repositorio.cm-operations.com/proyectemail/bin/tu_empresa.php?msisdn=XXXXXXXXXX&message=MESSAGE&tag=TAG&user=Administrador
    [accion] => guardar
    [PHPSESSID] => je1vgcb0h0qj8lkpdoegoi3o90
)

2017-03-21T16:55:33-06:00 INFO (6): NOMBRE: Administrador
2017-03-21T16:55:33-06:00 INFO (6): DESCRIPCION:  
2017-03-21T16:55:33-06:00 INFO (6): USUARIOAdministrador
2017-03-21T16:55:33-06:00 INFO (6): USUARIO FORMADO: Administrador
2017-03-21T16:55:33-06:00 INFO (6): URL GENERADA: http://repositorio.cm-operations.com/proyectemail/bin/tu_empresa.php?msisdn=XXXXXXXXXX&message=MESSAGE&tag=TAG&user=Administrador
2017-03-21T16:55:33-06:00 INFO (6): Fin: 2017/03/21 16:55:33
2017-03-21T16:56:00-06:00 INFO (6): >>>>>>>>>>>>>>>>>>>>>>>>>>>>>>>>>>>>>>>>
2017-03-21T16:56:00-06:00 INFO (6): >>>>>>>>>>>>>>>>>>>>>>>>>>>>>>>>>>>>>>>>
2017-03-21T16:56:00-06:00 INFO (6): >>>>>>>>>>>>>>>>>>>>>>>>>>>>>>>>>>>>>>>>
2017-03-21T16:56:00-06:00 INFO (6): >>>>>>>>>>>>>>>>>>>>>>>>>>>>>>>>>>>>>>>>INICIO REGISTRO DE USUARIOS: 2017/03/21 16:56:00
2017-03-21T16:56:00-06:00 INFO (6): REQUESTArray
(
    [usuarioURL] => http://repositorio.cm-operations.com/proyectemail/bin/tu_empresa.php?msisdn=XXXXXXXXXX&message=MESSAGE&tag=TAG&user=Administrador
    [accion] => guardar
    [PHPSESSID] => je1vgcb0h0qj8lkpdoegoi3o90
)

2017-03-21T16:56:00-06:00 INFO (6): NOMBRE: Administrador
2017-03-21T16:56:00-06:00 INFO (6): DESCRIPCION:  
2017-03-21T16:56:00-06:00 INFO (6): USUARIOAdministrador
2017-03-21T16:56:00-06:00 INFO (6): USUARIO FORMADO: Administrador
2017-03-21T16:56:00-06:00 INFO (6): URL GENERADA: http://repositorio.cm-operations.com/proyectemail/bin/tu_empresa.php?msisdn=XXXXXXXXXX&message=MESSAGE&tag=TAG&user=Administrador
2017-03-21T16:56:00-06:00 INFO (6): Fin: 2017/03/21 16:56:00
2017-03-21T16:56:29-06:00 INFO (6): >>>>>>>>>>>>>>>>>>>>>>>>>>>>>>>>>>>>>>>>
2017-03-21T16:56:29-06:00 INFO (6): >>>>>>>>>>>>>>>>>>>>>>>>>>>>>>>>>>>>>>>>
2017-03-21T16:56:29-06:00 INFO (6): >>>>>>>>>>>>>>>>>>>>>>>>>>>>>>>>>>>>>>>>
2017-03-21T16:56:29-06:00 INFO (6): >>>>>>>>>>>>>>>>>>>>>>>>>>>>>>>>>>>>>>>>INICIO REGISTRO DE USUARIOS: 2017/03/21 16:56:29
2017-03-21T16:56:29-06:00 INFO (6): REQUESTArray
(
    [usuarioURL] => http://repositorio.cm-operations.com/proyectemail/bin/tu_empresa.php?msisdn=XXXXXXXXXX&message=MESSAGE&tag=TAG&user=Administrador
    [accion] => guardar
    [PHPSESSID] => je1vgcb0h0qj8lkpdoegoi3o90
)

2017-03-21T16:56:29-06:00 INFO (6): NOMBRE: Administrador
2017-03-21T16:56:29-06:00 INFO (6): DESCRIPCION:  
2017-03-21T16:56:29-06:00 INFO (6): USUARIOAdministrador
2017-03-21T16:56:29-06:00 INFO (6): USUARIO FORMADO: Administrador
2017-03-21T16:56:29-06:00 INFO (6): URL GENERADA: http://repositorio.cm-operations.com/proyectemail/bin/tu_empresa.php?msisdn=XXXXXXXXXX&message=MESSAGE&tag=TAG&user=Administrador
2017-03-21T16:56:29-06:00 INFO (6): Fin: 2017/03/21 16:56:29
2017-03-21T16:57:32-06:00 INFO (6): >>>>>>>>>>>>>>>>>>>>>>>>>>>>>>>>>>>>>>>>
2017-03-21T16:57:32-06:00 INFO (6): >>>>>>>>>>>>>>>>>>>>>>>>>>>>>>>>>>>>>>>>
2017-03-21T16:57:32-06:00 INFO (6): >>>>>>>>>>>>>>>>>>>>>>>>>>>>>>>>>>>>>>>>
2017-03-21T16:57:32-06:00 INFO (6): >>>>>>>>>>>>>>>>>>>>>>>>>>>>>>>>>>>>>>>>INICIO REGISTRO DE USUARIOS: 2017/03/21 16:57:32
2017-03-21T16:57:32-06:00 INFO (6): REQUESTArray
(
    [usuarioURL] => http://repositorio.cm-operations.com/proyectemail/bin/tu_empresa.php?msisdn=XXXXXXXXXX&message=MESSAGE&tag=TAG&user=Administrador
    [accion] => guardar
    [PHPSESSID] => je1vgcb0h0qj8lkpdoegoi3o90
)

2017-03-21T16:57:32-06:00 INFO (6): NOMBRE: Administrador
2017-03-21T16:57:32-06:00 INFO (6): DESCRIPCION:  
2017-03-21T16:57:32-06:00 INFO (6): USUARIOAdministrador
2017-03-21T16:57:32-06:00 INFO (6): USUARIO FORMADO: Administrador
2017-03-21T16:57:32-06:00 INFO (6): URL GENERADA: http://repositorio.cm-operations.com/proyectemail/bin/tu_empresa.php?msisdn=XXXXXXXXXX&message=MESSAGE&tag=TAG&user=Administrador
2017-03-21T16:57:32-06:00 INFO (6): Fin: 2017/03/21 16:57:32
2017-03-21T16:57:53-06:00 INFO (6): >>>>>>>>>>>>>>>>>>>>>>>>>>>>>>>>>>>>>>>>
2017-03-21T16:57:53-06:00 INFO (6): >>>>>>>>>>>>>>>>>>>>>>>>>>>>>>>>>>>>>>>>
2017-03-21T16:57:53-06:00 INFO (6): >>>>>>>>>>>>>>>>>>>>>>>>>>>>>>>>>>>>>>>>
2017-03-21T16:57:53-06:00 INFO (6): >>>>>>>>>>>>>>>>>>>>>>>>>>>>>>>>>>>>>>>>INICIO REGISTRO DE USUARIOS: 2017/03/21 16:57:53
2017-03-21T16:57:53-06:00 INFO (6): REQUESTArray
(
    [usuarioURL] => http://repositorio.cm-operations.com/proyectemail/bin/tu_empresa.php?msisdn=XXXXXXXXXX&message=MESSAGE&tag=TAG&user=Administrador
    [accion] => guardar
    [PHPSESSID] => je1vgcb0h0qj8lkpdoegoi3o90
)

2017-03-21T16:57:53-06:00 INFO (6): NOMBRE: Administrador
2017-03-21T16:57:53-06:00 INFO (6): DESCRIPCION:  
2017-03-21T16:57:53-06:00 INFO (6): USUARIOAdministrador
2017-03-21T16:57:53-06:00 INFO (6): USUARIO FORMADO: Administrador
2017-03-21T16:57:53-06:00 INFO (6): URL GENERADA: http://repositorio.cm-operations.com/proyectemail/bin/tu_empresa.php?msisdn=XXXXXXXXXX&message=MESSAGE&tag=TAG&user=Administrador
2017-03-21T16:57:53-06:00 INFO (6): Fin: 2017/03/21 16:57:53
2017-03-21T17:00:59-06:00 INFO (6): >>>>>>>>>>>>>>>>>>>>>>>>>>>>>>>>>>>>>>>>
2017-03-21T17:00:59-06:00 INFO (6): >>>>>>>>>>>>>>>>>>>>>>>>>>>>>>>>>>>>>>>>
2017-03-21T17:00:59-06:00 INFO (6): >>>>>>>>>>>>>>>>>>>>>>>>>>>>>>>>>>>>>>>>
2017-03-21T17:00:59-06:00 INFO (6): >>>>>>>>>>>>>>>>>>>>>>>>>>>>>>>>>>>>>>>>INICIO REGISTRO DE USUARIOS: 2017/03/21 17:00:59
2017-03-21T17:00:59-06:00 INFO (6): REQUESTArray
(
    [usuarioURL] => http://repositorio.cm-operations.com/proyectemail/bin/tu_empresa.php?msisdn=XXXXXXXXXX&message=MESSAGE&tag=TAG&user=Administrador
    [accion] => guardar
    [PHPSESSID] => je1vgcb0h0qj8lkpdoegoi3o90
)

2017-03-21T17:00:59-06:00 INFO (6): NOMBRE: Administrador
2017-03-21T17:00:59-06:00 INFO (6): DESCRIPCION:  
2017-03-21T17:00:59-06:00 INFO (6): USUARIOAdministrador
2017-03-21T17:00:59-06:00 INFO (6): USUARIO FORMADO: Administrador
2017-03-21T17:00:59-06:00 INFO (6): URL GENERADA: http://repositorio.cm-operations.com/proyectemail/bin/tu_empresa.php?msisdn=XXXXXXXXXX&message=MESSAGE&tag=TAG&user=Administrador
2017-03-21T17:00:59-06:00 INFO (6): DATOS A INSERTAR EN LA BASE CLIENTES DEMO: Array
(
    [cliente_nombre] => Administrador
    [cliente_descripcion] =>  
    [cliente_url] => http://repositorio.cm-operations.com/proyectemail/bin/tu_empresa.php?msisdn=XXXXXXXXXX&message=MESSAGE&tag=TAG&user=Administrador
    [cliente_usuario] => Administrador
    [cliente_agente] => Administrador
    [cliente_fecha] => 2017/03/21 17:00:59
    [cliente_activo] => 1
)

2017-03-21T17:00:59-06:00 INFO (6): SE INSERTO: 1
2017-03-21T17:00:59-06:00 INFO (6): Fin: 2017/03/21 17:00:59
2017-03-21T17:03:12-06:00 INFO (6): >>>>>>>>>>>>>>>>>>>>>>>>>>>>>>>>>>>>>>>>
2017-03-21T17:03:12-06:00 INFO (6): >>>>>>>>>>>>>>>>>>>>>>>>>>>>>>>>>>>>>>>>
2017-03-21T17:03:12-06:00 INFO (6): >>>>>>>>>>>>>>>>>>>>>>>>>>>>>>>>>>>>>>>>
2017-03-21T17:03:12-06:00 INFO (6): >>>>>>>>>>>>>>>>>>>>>>>>>>>>>>>>>>>>>>>>INICIO REGISTRO DE USUARIOS: 2017/03/21 17:03:12
2017-03-21T17:03:12-06:00 INFO (6): REQUESTArray
(
    [usuarioURL] => 
    [accion] => guardar
    [PHPSESSID] => je1vgcb0h0qj8lkpdoegoi3o90
)

2017-03-21T17:03:12-06:00 INFO (6): NOMBRE: Administrador
2017-03-21T17:03:12-06:00 INFO (6): DESCRIPCION:  
2017-03-21T17:03:12-06:00 INFO (6): USUARIOAdministrador
2017-03-21T17:03:12-06:00 INFO (6): USUARIO FORMADO: Administrador
2017-03-21T17:03:12-06:00 INFO (6): URL GENERADA: http://repositorio.cm-operations.com/proyectemail/bin/tu_empresa.php?msisdn=XXXXXXXXXX&message=MESSAGE&tag=TAG&user=Administrador
2017-03-21T17:03:12-06:00 INFO (6): DATOS A INSERTAR EN LA BASE CLIENTES DEMO: Array
(
    [cliente_nombre] => Administrador
    [cliente_descripcion] =>  
    [cliente_url] => http://repositorio.cm-operations.com/proyectemail/bin/tu_empresa.php?msisdn=XXXXXXXXXX&message=MESSAGE&tag=TAG&user=Administrador
    [cliente_usuario] => Administrador
    [cliente_agente] => Administrador
    [cliente_fecha] => 2017/03/21 17:03:12
    [cliente_activo] => 1
)

2017-03-21T17:03:12-06:00 INFO (6): SE INSERTO: 1
2017-03-21T17:03:12-06:00 INFO (6): Fin: 2017/03/21 17:03:12
2017-03-21T17:03:18-06:00 INFO (6): >>>>>>>>>>>>>>>>>>>>>>>>>>>>>>>>>>>>>>>>
2017-03-21T17:03:18-06:00 INFO (6): >>>>>>>>>>>>>>>>>>>>>>>>>>>>>>>>>>>>>>>>
2017-03-21T17:03:18-06:00 INFO (6): >>>>>>>>>>>>>>>>>>>>>>>>>>>>>>>>>>>>>>>>
2017-03-21T17:03:18-06:00 INFO (6): >>>>>>>>>>>>>>>>>>>>>>>>>>>>>>>>>>>>>>>>INICIO REGISTRO DE USUARIOS: 2017/03/21 17:03:18
2017-03-21T17:03:18-06:00 INFO (6): REQUESTArray
(
    [usuarioURL] => http://repositorio.cm-operations.com/proyectemail/bin/tu_empresa.php?msisdn=XXXXXXXXXX&message=MESSAGE&tag=TAG&user=Administrador
    [accion] => guardar
    [PHPSESSID] => je1vgcb0h0qj8lkpdoegoi3o90
)

2017-03-21T17:03:18-06:00 INFO (6): NOMBRE: Administrador
2017-03-21T17:03:18-06:00 INFO (6): DESCRIPCION:  
2017-03-21T17:03:18-06:00 INFO (6): USUARIOAdministrador
2017-03-21T17:03:18-06:00 INFO (6): USUARIO FORMADO: Administrador
2017-03-21T17:03:18-06:00 INFO (6): URL GENERADA: http://repositorio.cm-operations.com/proyectemail/bin/tu_empresa.php?msisdn=XXXXXXXXXX&message=MESSAGE&tag=TAG&user=Administrador
2017-03-21T17:03:18-06:00 INFO (6): Fin: 2017/03/21 17:03:18
