2017-04-05T11:47:04-05:00 INFO (6): >>>>>>>>>>>>>>>>>>>>>>>>>>>>>>>>>>>>>>>>
2017-04-05T11:47:04-05:00 INFO (6): >>>>>>>>>>>>>>>>>>>>>>>>>>>>>>>>>>>>>>>>
2017-04-05T11:47:04-05:00 INFO (6): >>>>>>>>>>>>>>>>>>>>>>>>>>>>>>>>>>>>>>>>
2017-04-05T11:47:04-05:00 INFO (6): >>>>>>>>>>>>>>>>>>>>>>>>>>>>>>>>>>>>>>>>INICIO REGISTRO DE USUARIOS: 2017/04/05 11:47:04
2017-04-05T11:47:04-05:00 INFO (6): REQUESTArray
(
    [usuarioURL] => 
    [accion] => guardar
    [PHPSESSID] => omj399hbfsilsfdp9qk5vsojk2
)

2017-04-05T11:47:04-05:00 INFO (6): NOMBRE: Administrador
2017-04-05T11:47:04-05:00 INFO (6): DESCRIPCION:  
2017-04-05T11:47:04-05:00 INFO (6): USUARIOAdministrador
2017-04-05T11:47:04-05:00 INFO (6): USUARIO FORMADO: Administrador
2017-04-05T11:47:04-05:00 INFO (6): URL GENERADA: http://broadcaster.cm-operations.com/dashboard/broadcasterwebsms/bin/tu_empresa.php?msisdn=XXXXXXXXXX&message=MESSAGE&tag=EXAMPLE&idu=58e51f88afa80&user=Administrador
2017-04-05T11:47:04-05:00 INFO (6): DATOS A INSERTAR EN LA BASE CLIENTES DEMO: Array
(
    [cliente_nombre] => Administrador
    [cliente_descripcion] =>  
    [cliente_url] => http://broadcaster.cm-operations.com/dashboard/broadcasterwebsms/bin/tu_empresa.php?msisdn=XXXXXXXXXX&message=MESSAGE&tag=EXAMPLE&idu=58e51f88afa80&user=Administrador
    [cliente_usuario] => Administrador
    [cliente_agente] => Administrador
    [cliente_fecha] => 2017/04/05 11:47:04
    [cliente_activo] => 1
)

2017-04-05T11:47:04-05:00 INFO (6): SE INSERTO: 1
2017-04-05T11:47:04-05:00 INFO (6): Fin: 2017/04/05 11:47:04
