2017-04-04T09:37:05-05:00 INFO (6): >>>>>>>>>>>>>>>>>>>>>>>>>>>>>>>>>>>>>>>>
2017-04-04T09:37:05-05:00 INFO (6): >>>>>>>>>>>>>>>>>>>>>>>>>>>>>>>>>>>>>>>>
2017-04-04T09:37:05-05:00 INFO (6): >>>>>>>>>>>>>>>>>>>>>>>>>>>>>>>>>>>>>>>>
2017-04-04T09:37:05-05:00 INFO (6): >>>>>>>>>>>>>>>>>>>>>>>>>>>>>>>>>>>>>>>>INICIO REGISTRO DE USUARIOS: 2017/04/04 09:37:05
2017-04-04T09:37:05-05:00 INFO (6): REQUESTArray
(
    [usuarioURL] => 
    [accion] => guardar
    [PHPSESSID] => b8gpmclkc7l4rjs4jfsv1rhau0
)

2017-04-04T09:37:05-05:00 INFO (6): NOMBRE: Administrador
2017-04-04T09:37:05-05:00 INFO (6): DESCRIPCION:  
2017-04-04T09:37:05-05:00 INFO (6): USUARIOAdministrador
2017-04-04T09:37:05-05:00 INFO (6): USUARIO FORMADO: Administrador
2017-04-04T09:37:05-05:00 INFO (6): URL GENERADA: http://broadcaster.cm-operations.com/dashboard/broadcasterwebsms/bin/tu_empresa.php?msisdn=XXXXXXXXXX&message=MESSAGE&tag=58e3af9158ae4&user=Administrador
2017-04-04T09:37:05-05:00 INFO (6): DATOS A INSERTAR EN LA BASE CLIENTES DEMO: Array
(
    [cliente_nombre] => Administrador
    [cliente_descripcion] =>  
    [cliente_url] => http://broadcaster.cm-operations.com/dashboard/broadcasterwebsms/bin/tu_empresa.php?msisdn=XXXXXXXXXX&message=MESSAGE&tag=58e3af9158ae4&user=Administrador
    [cliente_usuario] => Administrador
    [cliente_agente] => Administrador
    [cliente_fecha] => 2017/04/04 09:37:05
    [cliente_activo] => 1
)

2017-04-04T09:37:05-05:00 INFO (6): SE INSERTO: 1
2017-04-04T09:37:05-05:00 INFO (6): Fin: 2017/04/04 09:37:05
2017-04-04T09:39:54-05:00 INFO (6): >>>>>>>>>>>>>>>>>>>>>>>>>>>>>>>>>>>>>>>>
2017-04-04T09:39:54-05:00 INFO (6): >>>>>>>>>>>>>>>>>>>>>>>>>>>>>>>>>>>>>>>>
2017-04-04T09:39:54-05:00 INFO (6): >>>>>>>>>>>>>>>>>>>>>>>>>>>>>>>>>>>>>>>>
2017-04-04T09:39:54-05:00 INFO (6): >>>>>>>>>>>>>>>>>>>>>>>>>>>>>>>>>>>>>>>>INICIO REGISTRO DE USUARIOS: 2017/04/04 09:39:54
2017-04-04T09:39:54-05:00 INFO (6): REQUESTArray
(
    [usuarioURL] => 
    [accion] => guardar
    [PHPSESSID] => b8gpmclkc7l4rjs4jfsv1rhau0
)

2017-04-04T09:39:54-05:00 INFO (6): NOMBRE: Administrador
2017-04-04T09:39:54-05:00 INFO (6): DESCRIPCION:  
2017-04-04T09:39:54-05:00 INFO (6): USUARIOAdministrador
2017-04-04T09:39:54-05:00 INFO (6): USUARIO FORMADO: Administrador
2017-04-04T09:39:54-05:00 INFO (6): URL GENERADA: http://broadcaster.cm-operations.com/dashboard/broadcasterwebsms/bin/tu_empresa.php?msisdn=XXXXXXXXXX&message=MESSAGE&tag=58e3b03a86aa6&user=Administrador
2017-04-04T09:39:54-05:00 INFO (6): Fin: 2017/04/04 09:39:54
