2017-03-22T13:00:57-06:00 INFO (6): >>>>>>>>>>>>>>>>>>>>>>>>>>>>>>>>>>>>>>>>
2017-03-22T13:00:57-06:00 INFO (6): >>>>>>>>>>>>>>>>>>>>>>>>>>>>>>>>>>>>>>>>
2017-03-22T13:00:57-06:00 INFO (6): >>>>>>>>>>>>>>>>>>>>>>>>>>>>>>>>>>>>>>>>
2017-03-22T13:00:57-06:00 INFO (6): >>>>>>>>>>>>>>>>>>>>>>>>>>>>>>>>>>>>>>>>INICIO REGISTRO DE USUARIOS: 2017/03/22 13:00:57
2017-03-22T13:00:57-06:00 INFO (6): REQUESTArray
(
    [usuarioURL] => 
    [accion] => guardar
    [PHPSESSID] => je1vgcb0h0qj8lkpdoegoi3o90
)

2017-03-22T13:00:57-06:00 INFO (6): NOMBRE: Administrador
2017-03-22T13:00:57-06:00 INFO (6): DESCRIPCION:  
2017-03-22T13:00:57-06:00 INFO (6): USUARIOAdministrador
2017-03-22T13:00:57-06:00 INFO (6): USUARIO FORMADO: Administrador
2017-03-22T13:00:57-06:00 INFO (6): URL GENERADA: http://repositorio.cm-operations.com/proyectemail/bin/tu_empresa.php?msisdn=XXXXXXXXXX&message=MESSAGE&tag=TAG&user=Administrador
2017-03-22T13:00:57-06:00 INFO (6): DATOS A INSERTAR EN LA BASE CLIENTES DEMO: Array
(
    [cliente_nombre] => Administrador
    [cliente_descripcion] =>  
    [cliente_url] => http://repositorio.cm-operations.com/proyectemail/bin/tu_empresa.php?msisdn=XXXXXXXXXX&message=MESSAGE&tag=TAG&user=Administrador
    [cliente_usuario] => Administrador
    [cliente_agente] => Administrador
    [cliente_fecha] => 2017/03/22 13:00:57
    [cliente_activo] => 1
)

2017-03-22T13:00:57-06:00 INFO (6): SE INSERTO: 1
2017-03-22T13:00:57-06:00 INFO (6): Fin: 2017/03/22 13:00:57
2017-03-22T13:11:04-06:00 INFO (6): >>>>>>>>>>>>>>>>>>>>>>>>>>>>>>>>>>>>>>>>
2017-03-22T13:11:04-06:00 INFO (6): >>>>>>>>>>>>>>>>>>>>>>>>>>>>>>>>>>>>>>>>
2017-03-22T13:11:04-06:00 INFO (6): >>>>>>>>>>>>>>>>>>>>>>>>>>>>>>>>>>>>>>>>
2017-03-22T13:11:04-06:00 INFO (6): >>>>>>>>>>>>>>>>>>>>>>>>>>>>>>>>>>>>>>>>INICIO REGISTRO DE USUARIOS: 2017/03/22 13:11:04
2017-03-22T13:11:04-06:00 INFO (6): REQUESTArray
(
    [usuarioURL] => 
    [accion] => guardar
    [PHPSESSID] => je1vgcb0h0qj8lkpdoegoi3o90
)

2017-03-22T13:11:04-06:00 INFO (6): NOMBRE: Administrador
2017-03-22T13:11:04-06:00 INFO (6): DESCRIPCION:  
2017-03-22T13:11:04-06:00 INFO (6): USUARIOAdministrador
2017-03-22T13:11:04-06:00 INFO (6): USUARIO FORMADO: Administrador
2017-03-22T13:11:04-06:00 INFO (6): URL GENERADA: http://repositorio.cm-operations.com/proyectemail/bin/tu_empresa.php?msisdn=XXXXXXXXXX&message=MESSAGE&tag=TAG&user=Administrador
2017-03-22T13:11:04-06:00 INFO (6): DATOS A INSERTAR EN LA BASE CLIENTES DEMO: Array
(
    [cliente_nombre] => Administrador
    [cliente_descripcion] =>  
    [cliente_url] => http://repositorio.cm-operations.com/proyectemail/bin/tu_empresa.php?msisdn=XXXXXXXXXX&message=MESSAGE&tag=TAG&user=Administrador
    [cliente_usuario] => Administrador
    [cliente_agente] => Administrador
    [cliente_fecha] => 2017/03/22 13:11:04
    [cliente_activo] => 1
)

2017-03-22T13:11:04-06:00 INFO (6): SE INSERTO: 1
2017-03-22T13:11:04-06:00 INFO (6): Fin: 2017/03/22 13:11:04
2017-03-22T13:20:50-06:00 INFO (6): >>>>>>>>>>>>>>>>>>>>>>>>>>>>>>>>>>>>>>>>
2017-03-22T13:20:50-06:00 INFO (6): >>>>>>>>>>>>>>>>>>>>>>>>>>>>>>>>>>>>>>>>
2017-03-22T13:20:50-06:00 INFO (6): >>>>>>>>>>>>>>>>>>>>>>>>>>>>>>>>>>>>>>>>
2017-03-22T13:20:50-06:00 INFO (6): >>>>>>>>>>>>>>>>>>>>>>>>>>>>>>>>>>>>>>>>INICIO REGISTRO DE USUARIOS: 2017/03/22 13:20:50
2017-03-22T13:20:50-06:00 INFO (6): REQUESTArray
(
    [usuarioURL] => 
    [accion] => guardar
    [PHPSESSID] => je1vgcb0h0qj8lkpdoegoi3o90
)

2017-03-22T13:20:50-06:00 INFO (6): NOMBRE: Administrador
2017-03-22T13:20:50-06:00 INFO (6): DESCRIPCION:  
2017-03-22T13:20:50-06:00 INFO (6): USUARIOAdministrador
2017-03-22T13:20:50-06:00 INFO (6): USUARIO FORMADO: Administrador
2017-03-22T13:20:50-06:00 INFO (6): URL GENERADA: http://repositorio.cm-operations.com/proyectemail/bin/tu_empresa.php?msisdn=XXXXXXXXXX&message=MESSAGE&tag=TAG&user=Administrador
2017-03-22T13:20:50-06:00 INFO (6): Fin: 2017/03/22 13:20:50
