2017-03-30T17:36:56-06:00 INFO (6): >>>>>>>>>>>>>>>>>>>>>>>>>>>>>>>>>>>>>>>>
2017-03-30T17:36:56-06:00 INFO (6): >>>>>>>>>>>>>>>>>>>>>>>>>>>>>>>>>>>>>>>>
2017-03-30T17:36:56-06:00 INFO (6): >>>>>>>>>>>>>>>>>>>>>>>>>>>>>>>>>>>>>>>>
2017-03-30T17:36:56-06:00 INFO (6): >>>>>>>>>>>>>>>>>>>>>>>>>>>>>>>>>>>>>>>>FUNCION Navegador.php: 2017/03/30 17:36:56
2017-03-30T17:36:56-06:00 INFO (6): _REQUEST::Array
(
    [fechaInicial] => 2017-03-30
    [fechaFinal] => 2017-03-30
    [draw] => 1
    [columns] => Array
        (
            [0] => Array
                (
                    [data] => 0
                    [name] => 
                    [searchable] => true
                    [orderable] => false
                    [search] => Array
                        (
                            [value] => 
                            [regex] => false
                        )

                )

            [1] => Array
                (
                    [data] => 1
                    [name] => 
                    [searchable] => true
                    [orderable] => false
                    [search] => Array
                        (
                            [value] => 
                            [regex] => false
                        )

                )

            [2] => Array
                (
                    [data] => 2
                    [name] => 
                    [searchable] => true
                    [orderable] => true
                    [search] => Array
                        (
                            [value] => 
                            [regex] => false
                        )

                )

            [3] => Array
                (
                    [data] => 3
                    [name] => 
                    [searchable] => true
                    [orderable] => true
                    [search] => Array
                        (
                            [value] => 
                            [regex] => false
                        )

                )

            [4] => Array
                (
                    [data] => 4
                    [name] => 
                    [searchable] => true
                    [orderable] => true
                    [search] => Array
                        (
                            [value] => 
                            [regex] => false
                        )

                )

        )

    [order] => Array
        (
            [0] => Array
                (
                    [column] => 3
                    [dir] => asc
                )

        )

    [start] => 0
    [length] => 10
    [search] => Array
        (
            [value] => 
            [regex] => false
        )

    [_] => 1490917017529
    [PHPSESSID] => egb9h20nrp32oqm0fq4kbnrr65
)

2017-03-30T17:36:56-06:00 INFO (6): WHERE::  mt_fecha BETWEEN '2017-03-30 00:00:00' AND '2017-03-30 23:59:59' AND usuario_id=55
2017-03-30T17:37:00-06:00 INFO (6): >>>>>>>>>>>>>>>>>>>>>>>>>>>>>>>>>>>>>>>>
2017-03-30T17:37:00-06:00 INFO (6): >>>>>>>>>>>>>>>>>>>>>>>>>>>>>>>>>>>>>>>>
2017-03-30T17:37:00-06:00 INFO (6): >>>>>>>>>>>>>>>>>>>>>>>>>>>>>>>>>>>>>>>>
2017-03-30T17:37:00-06:00 INFO (6): >>>>>>>>>>>>>>>>>>>>>>>>>>>>>>>>>>>>>>>>FUNCION Navegador.php: 2017/03/30 17:37:00
2017-03-30T17:37:00-06:00 INFO (6): _REQUEST::Array
(
    [fechaInicial] => 2017-03-30
    [fechaFinal] => 2017-03-30
    [draw] => 1
    [columns] => Array
        (
            [0] => Array
                (
                    [data] => 0
                    [name] => 
                    [searchable] => true
                    [orderable] => false
                    [search] => Array
                        (
                            [value] => 
                            [regex] => false
                        )

                )

            [1] => Array
                (
                    [data] => 1
                    [name] => 
                    [searchable] => true
                    [orderable] => false
                    [search] => Array
                        (
                            [value] => 
                            [regex] => false
                        )

                )

            [2] => Array
                (
                    [data] => 2
                    [name] => 
                    [searchable] => true
                    [orderable] => true
                    [search] => Array
                        (
                            [value] => 
                            [regex] => false
                        )

                )

            [3] => Array
                (
                    [data] => 3
                    [name] => 
                    [searchable] => true
                    [orderable] => true
                    [search] => Array
                        (
                            [value] => 
                            [regex] => false
                        )

                )

            [4] => Array
                (
                    [data] => 4
                    [name] => 
                    [searchable] => true
                    [orderable] => true
                    [search] => Array
                        (
                            [value] => 
                            [regex] => false
                        )

                )

        )

    [order] => Array
        (
            [0] => Array
                (
                    [column] => 3
                    [dir] => asc
                )

        )

    [start] => 0
    [length] => 10
    [search] => Array
        (
            [value] => 
            [regex] => false
        )

    [_] => 1490917021451
    [PHPSESSID] => egb9h20nrp32oqm0fq4kbnrr65
)

2017-03-30T17:37:00-06:00 INFO (6): WHERE::  mt_fecha BETWEEN '2017-03-30 00:00:00' AND '2017-03-30 23:59:59' AND usuario_id=55
2017-03-30T17:37:16-06:00 INFO (6): >>>>>>>>>>>>>>>>>>>>>>>>>>>>>>>>>>>>>>>>
2017-03-30T17:37:16-06:00 INFO (6): >>>>>>>>>>>>>>>>>>>>>>>>>>>>>>>>>>>>>>>>
2017-03-30T17:37:16-06:00 INFO (6): >>>>>>>>>>>>>>>>>>>>>>>>>>>>>>>>>>>>>>>>
2017-03-30T17:37:16-06:00 INFO (6): >>>>>>>>>>>>>>>>>>>>>>>>>>>>>>>>>>>>>>>>FUNCION Navegador.php: 2017/03/30 17:37:16
2017-03-30T17:37:16-06:00 INFO (6): _REQUEST::Array
(
    [fechaInicial] => 2017-03-30
    [fechaFinal] => 2017-03-30
    [draw] => 1
    [columns] => Array
        (
            [0] => Array
                (
                    [data] => 0
                    [name] => 
                    [searchable] => true
                    [orderable] => false
                    [search] => Array
                        (
                            [value] => 
                            [regex] => false
                        )

                )

            [1] => Array
                (
                    [data] => 1
                    [name] => 
                    [searchable] => true
                    [orderable] => false
                    [search] => Array
                        (
                            [value] => 
                            [regex] => false
                        )

                )

            [2] => Array
                (
                    [data] => 2
                    [name] => 
                    [searchable] => true
                    [orderable] => true
                    [search] => Array
                        (
                            [value] => 
                            [regex] => false
                        )

                )

            [3] => Array
                (
                    [data] => 3
                    [name] => 
                    [searchable] => true
                    [orderable] => true
                    [search] => Array
                        (
                            [value] => 
                            [regex] => false
                        )

                )

            [4] => Array
                (
                    [data] => 4
                    [name] => 
                    [searchable] => true
                    [orderable] => true
                    [search] => Array
                        (
                            [value] => 
                            [regex] => false
                        )

                )

        )

    [order] => Array
        (
            [0] => Array
                (
                    [column] => 3
                    [dir] => asc
                )

        )

    [start] => 0
    [length] => 10
    [search] => Array
        (
            [value] => 
            [regex] => false
        )

    [_] => 1490917037132
    [PHPSESSID] => egb9h20nrp32oqm0fq4kbnrr65
)

2017-03-30T17:37:16-06:00 INFO (6): WHERE::  mt_fecha BETWEEN '2017-03-30 00:00:00' AND '2017-03-30 23:59:59' AND usuario_id=55
2017-03-30T17:37:21-06:00 INFO (6): >>>>>>>>>>>>>>>>>>>>>>>>>>>>>>>>>>>>>>>>
2017-03-30T17:37:21-06:00 INFO (6): >>>>>>>>>>>>>>>>>>>>>>>>>>>>>>>>>>>>>>>>
2017-03-30T17:37:21-06:00 INFO (6): >>>>>>>>>>>>>>>>>>>>>>>>>>>>>>>>>>>>>>>>
2017-03-30T17:37:21-06:00 INFO (6): >>>>>>>>>>>>>>>>>>>>>>>>>>>>>>>>>>>>>>>>FUNCION Navegador.php: 2017/03/30 17:37:21
2017-03-30T17:37:21-06:00 INFO (6): _REQUEST::Array
(
    [fechaInicial] => 2017-03-30
    [fechaFinal] => 2017-03-30
    [draw] => 1
    [columns] => Array
        (
            [0] => Array
                (
                    [data] => 0
                    [name] => 
                    [searchable] => true
                    [orderable] => false
                    [search] => Array
                        (
                            [value] => 
                            [regex] => false
                        )

                )

            [1] => Array
                (
                    [data] => 1
                    [name] => 
                    [searchable] => true
                    [orderable] => false
                    [search] => Array
                        (
                            [value] => 
                            [regex] => false
                        )

                )

            [2] => Array
                (
                    [data] => 2
                    [name] => 
                    [searchable] => true
                    [orderable] => true
                    [search] => Array
                        (
                            [value] => 
                            [regex] => false
                        )

                )

            [3] => Array
                (
                    [data] => 3
                    [name] => 
                    [searchable] => true
                    [orderable] => true
                    [search] => Array
                        (
                            [value] => 
                            [regex] => false
                        )

                )

            [4] => Array
                (
                    [data] => 4
                    [name] => 
                    [searchable] => true
                    [orderable] => true
                    [search] => Array
                        (
                            [value] => 
                            [regex] => false
                        )

                )

        )

    [order] => Array
        (
            [0] => Array
                (
                    [column] => 3
                    [dir] => asc
                )

        )

    [start] => 0
    [length] => 10
    [search] => Array
        (
            [value] => 
            [regex] => false
        )

    [_] => 1490917042285
    [PHPSESSID] => egb9h20nrp32oqm0fq4kbnrr65
)

2017-03-30T17:37:21-06:00 INFO (6): WHERE::  mt_fecha BETWEEN '2017-03-30 00:00:00' AND '2017-03-30 23:59:59' AND usuario_id=55
2017-03-30T17:37:27-06:00 INFO (6): >>>>>>>>>>>>>>>>>>>>>>>>>>>>>>>>>>>>>>>>
2017-03-30T17:37:27-06:00 INFO (6): >>>>>>>>>>>>>>>>>>>>>>>>>>>>>>>>>>>>>>>>
2017-03-30T17:37:27-06:00 INFO (6): >>>>>>>>>>>>>>>>>>>>>>>>>>>>>>>>>>>>>>>>
2017-03-30T17:37:27-06:00 INFO (6): >>>>>>>>>>>>>>>>>>>>>>>>>>>>>>>>>>>>>>>>FUNCION Navegador.php: 2017/03/30 17:37:27
2017-03-30T17:37:27-06:00 INFO (6): _REQUEST::Array
(
    [fechaInicial] => 2017-03-30
    [fechaFinal] => 2017-03-30
    [draw] => 1
    [columns] => Array
        (
            [0] => Array
                (
                    [data] => 0
                    [name] => 
                    [searchable] => true
                    [orderable] => false
                    [search] => Array
                        (
                            [value] => 
                            [regex] => false
                        )

                )

            [1] => Array
                (
                    [data] => 1
                    [name] => 
                    [searchable] => true
                    [orderable] => false
                    [search] => Array
                        (
                            [value] => 
                            [regex] => false
                        )

                )

            [2] => Array
                (
                    [data] => 2
                    [name] => 
                    [searchable] => true
                    [orderable] => true
                    [search] => Array
                        (
                            [value] => 
                            [regex] => false
                        )

                )

            [3] => Array
                (
                    [data] => 3
                    [name] => 
                    [searchable] => true
                    [orderable] => true
                    [search] => Array
                        (
                            [value] => 
                            [regex] => false
                        )

                )

            [4] => Array
                (
                    [data] => 4
                    [name] => 
                    [searchable] => true
                    [orderable] => true
                    [search] => Array
                        (
                            [value] => 
                            [regex] => false
                        )

                )

        )

    [order] => Array
        (
            [0] => Array
                (
                    [column] => 3
                    [dir] => asc
                )

        )

    [start] => 0
    [length] => 10
    [search] => Array
        (
            [value] => 
            [regex] => false
        )

    [_] => 1490917047665
    [PHPSESSID] => egb9h20nrp32oqm0fq4kbnrr65
)

2017-03-30T17:37:27-06:00 INFO (6): WHERE::  mt_fecha BETWEEN '2017-03-30 00:00:00' AND '2017-03-30 23:59:59' AND usuario_id=55
