2017-04-06T13:57:05-05:00 INFO (6): >>>>>>>>>>>>>>>>>>>>>>>>>>>>>>>>>>>>>>>>
2017-04-06T13:57:05-05:00 INFO (6): >>>>>>>>>>>>>>>>>>>>>>>>>>>>>>>>>>>>>>>>
2017-04-06T13:57:05-05:00 INFO (6): >>>>>>>>>>>>>>>>>>>>>>>>>>>>>>>>>>>>>>>>
2017-04-06T13:57:05-05:00 INFO (6): >>>>>>>>>>>>>>>>>>>>>>>>>>>>>>>>>>>>>>>>FUNCION Navegador.php: 2017/04/06 13:57:05
2017-04-06T13:57:05-05:00 INFO (6): _REQUEST::Array
(
    [fechaInicial] => 2017-04-06
    [fechaFinal] => 2017-04-06
    [draw] => 1
    [columns] => Array
        (
            [0] => Array
                (
                    [data] => 0
                    [name] => 
                    [searchable] => true
                    [orderable] => false
                    [search] => Array
                        (
                            [value] => 
                            [regex] => false
                        )

                )

            [1] => Array
                (
                    [data] => 1
                    [name] => 
                    [searchable] => true
                    [orderable] => false
                    [search] => Array
                        (
                            [value] => 
                            [regex] => false
                        )

                )

            [2] => Array
                (
                    [data] => 2
                    [name] => 
                    [searchable] => true
                    [orderable] => true
                    [search] => Array
                        (
                            [value] => 
                            [regex] => false
                        )

                )

            [3] => Array
                (
                    [data] => 3
                    [name] => 
                    [searchable] => true
                    [orderable] => true
                    [search] => Array
                        (
                            [value] => 
                            [regex] => false
                        )

                )

            [4] => Array
                (
                    [data] => 4
                    [name] => 
                    [searchable] => true
                    [orderable] => true
                    [search] => Array
                        (
                            [value] => 
                            [regex] => false
                        )

                )

        )

    [order] => Array
        (
            [0] => Array
                (
                    [column] => 3
                    [dir] => asc
                )

        )

    [start] => 0
    [length] => 10
    [search] => Array
        (
            [value] => 
            [regex] => false
        )

    [_] => 1491505024743
    [PHPSESSID] => omj399hbfsilsfdp9qk5vsojk2
)

2017-04-06T13:57:05-05:00 INFO (6): WHERE::  mt_fecha BETWEEN '2017-04-06 00:00:00' AND '2017-04-06 23:59:59' AND usuario_id=1
2017-04-06T15:53:28-05:00 INFO (6): >>>>>>>>>>>>>>>>>>>>>>>>>>>>>>>>>>>>>>>>
2017-04-06T15:53:28-05:00 INFO (6): >>>>>>>>>>>>>>>>>>>>>>>>>>>>>>>>>>>>>>>>
2017-04-06T15:53:28-05:00 INFO (6): >>>>>>>>>>>>>>>>>>>>>>>>>>>>>>>>>>>>>>>>
2017-04-06T15:53:28-05:00 INFO (6): >>>>>>>>>>>>>>>>>>>>>>>>>>>>>>>>>>>>>>>>FUNCION Navegador.php: 2017/04/06 15:53:28
2017-04-06T15:53:28-05:00 INFO (6): _REQUEST::Array
(
    [fechaInicial] => 2017-04-06
    [fechaFinal] => 2017-04-06
    [draw] => 1
    [columns] => Array
        (
            [0] => Array
                (
                    [data] => 0
                    [name] => 
                    [searchable] => true
                    [orderable] => false
                    [search] => Array
                        (
                            [value] => 
                            [regex] => false
                        )

                )

            [1] => Array
                (
                    [data] => 1
                    [name] => 
                    [searchable] => true
                    [orderable] => false
                    [search] => Array
                        (
                            [value] => 
                            [regex] => false
                        )

                )

            [2] => Array
                (
                    [data] => 2
                    [name] => 
                    [searchable] => true
                    [orderable] => true
                    [search] => Array
                        (
                            [value] => 
                            [regex] => false
                        )

                )

            [3] => Array
                (
                    [data] => 3
                    [name] => 
                    [searchable] => true
                    [orderable] => true
                    [search] => Array
                        (
                            [value] => 
                            [regex] => false
                        )

                )

            [4] => Array
                (
                    [data] => 4
                    [name] => 
                    [searchable] => true
                    [orderable] => true
                    [search] => Array
                        (
                            [value] => 
                            [regex] => false
                        )

                )

        )

    [order] => Array
        (
            [0] => Array
                (
                    [column] => 3
                    [dir] => asc
                )

        )

    [start] => 0
    [length] => 10
    [search] => Array
        (
            [value] => 
            [regex] => false
        )

    [_] => 1491512007929
    [PHPSESSID] => omj399hbfsilsfdp9qk5vsojk2
)

2017-04-06T15:53:28-05:00 INFO (6): WHERE::  mt_fecha BETWEEN '2017-04-06 00:00:00' AND '2017-04-06 23:59:59' AND usuario_id=60
