2017-04-10T10:15:01-05:00 INFO (6): >>>>>>>>>>>>>>>>>>>>>>>>>>>>>>>>>>>>>>>>
2017-04-10T10:15:01-05:00 INFO (6): >>>>>>>>>>>>>>>>>>>>>>>>>>>>>>>>>>>>>>>>
2017-04-10T10:15:01-05:00 INFO (6): >>>>>>>>>>>>>>>>>>>>>>>>>>>>>>>>>>>>>>>>
2017-04-10T10:15:01-05:00 INFO (6): >>>>>>>>>>>>>>>>>>>>>>>>>>>>>>>>>>>>>>>>FUNCION Navegador.php: 2017/04/10 10:15:01
2017-04-10T10:15:01-05:00 INFO (6): _REQUEST::Array
(
    [fechaInicial] => 2017-04-10
    [fechaFinal] => 2017-04-10
    [draw] => 1
    [columns] => Array
        (
            [0] => Array
                (
                    [data] => 0
                    [name] => 
                    [searchable] => true
                    [orderable] => false
                    [search] => Array
                        (
                            [value] => 
                            [regex] => false
                        )

                )

            [1] => Array
                (
                    [data] => 1
                    [name] => 
                    [searchable] => true
                    [orderable] => false
                    [search] => Array
                        (
                            [value] => 
                            [regex] => false
                        )

                )

            [2] => Array
                (
                    [data] => 2
                    [name] => 
                    [searchable] => true
                    [orderable] => true
                    [search] => Array
                        (
                            [value] => 
                            [regex] => false
                        )

                )

            [3] => Array
                (
                    [data] => 3
                    [name] => 
                    [searchable] => true
                    [orderable] => true
                    [search] => Array
                        (
                            [value] => 
                            [regex] => false
                        )

                )

            [4] => Array
                (
                    [data] => 4
                    [name] => 
                    [searchable] => true
                    [orderable] => true
                    [search] => Array
                        (
                            [value] => 
                            [regex] => false
                        )

                )

        )

    [order] => Array
        (
            [0] => Array
                (
                    [column] => 3
                    [dir] => asc
                )

        )

    [start] => 0
    [length] => 10
    [search] => Array
        (
            [value] => 
            [regex] => false
        )

    [_] => 1491837300656
    [PHPSESSID] => omj399hbfsilsfdp9qk5vsojk2
)

2017-04-10T10:15:01-05:00 INFO (6): WHERE::  mt_fecha BETWEEN '2017-04-10 00:00:00' AND '2017-04-10 23:59:59' AND usuario_id=1
2017-04-10T11:40:06-05:00 INFO (6): >>>>>>>>>>>>>>>>>>>>>>>>>>>>>>>>>>>>>>>>
2017-04-10T11:40:06-05:00 INFO (6): >>>>>>>>>>>>>>>>>>>>>>>>>>>>>>>>>>>>>>>>
2017-04-10T11:40:06-05:00 INFO (6): >>>>>>>>>>>>>>>>>>>>>>>>>>>>>>>>>>>>>>>>
2017-04-10T11:40:06-05:00 INFO (6): >>>>>>>>>>>>>>>>>>>>>>>>>>>>>>>>>>>>>>>>FUNCION Navegador.php: 2017/04/10 11:40:06
2017-04-10T11:40:06-05:00 INFO (6): _REQUEST::Array
(
    [fechaInicial] => 2017-04-10
    [fechaFinal] => 2017-04-10
    [draw] => 1
    [columns] => Array
        (
            [0] => Array
                (
                    [data] => 0
                    [name] => 
                    [searchable] => true
                    [orderable] => false
                    [search] => Array
                        (
                            [value] => 
                            [regex] => false
                        )

                )

            [1] => Array
                (
                    [data] => 1
                    [name] => 
                    [searchable] => true
                    [orderable] => false
                    [search] => Array
                        (
                            [value] => 
                            [regex] => false
                        )

                )

            [2] => Array
                (
                    [data] => 2
                    [name] => 
                    [searchable] => true
                    [orderable] => true
                    [search] => Array
                        (
                            [value] => 
                            [regex] => false
                        )

                )

            [3] => Array
                (
                    [data] => 3
                    [name] => 
                    [searchable] => true
                    [orderable] => true
                    [search] => Array
                        (
                            [value] => 
                            [regex] => false
                        )

                )

            [4] => Array
                (
                    [data] => 4
                    [name] => 
                    [searchable] => true
                    [orderable] => true
                    [search] => Array
                        (
                            [value] => 
                            [regex] => false
                        )

                )

        )

    [order] => Array
        (
            [0] => Array
                (
                    [column] => 3
                    [dir] => asc
                )

        )

    [start] => 0
    [length] => 10
    [search] => Array
        (
            [value] => 
            [regex] => false
        )

    [_] => 1491842406615
    [PHPSESSID] => omj399hbfsilsfdp9qk5vsojk2
)

2017-04-10T11:40:06-05:00 INFO (6): WHERE::  mt_fecha BETWEEN '2017-04-10 00:00:00' AND '2017-04-10 23:59:59' AND usuario_id=1
2017-04-10T11:40:13-05:00 INFO (6): >>>>>>>>>>>>>>>>>>>>>>>>>>>>>>>>>>>>>>>>
2017-04-10T11:40:13-05:00 INFO (6): >>>>>>>>>>>>>>>>>>>>>>>>>>>>>>>>>>>>>>>>
2017-04-10T11:40:13-05:00 INFO (6): >>>>>>>>>>>>>>>>>>>>>>>>>>>>>>>>>>>>>>>>
2017-04-10T11:40:13-05:00 INFO (6): >>>>>>>>>>>>>>>>>>>>>>>>>>>>>>>>>>>>>>>>FUNCION Navegador.php: 2017/04/10 11:40:13
2017-04-10T11:40:13-05:00 INFO (6): _REQUEST::Array
(
    [fechaInicial] => 2017-03-27 
    [fechaFinal] => 2017-04-10
    [draw] => 1
    [columns] => Array
        (
            [0] => Array
                (
                    [data] => 0
                    [name] => 
                    [searchable] => true
                    [orderable] => false
                    [search] => Array
                        (
                            [value] => 
                            [regex] => false
                        )

                )

            [1] => Array
                (
                    [data] => 1
                    [name] => 
                    [searchable] => true
                    [orderable] => false
                    [search] => Array
                        (
                            [value] => 
                            [regex] => false
                        )

                )

            [2] => Array
                (
                    [data] => 2
                    [name] => 
                    [searchable] => true
                    [orderable] => true
                    [search] => Array
                        (
                            [value] => 
                            [regex] => false
                        )

                )

            [3] => Array
                (
                    [data] => 3
                    [name] => 
                    [searchable] => true
                    [orderable] => true
                    [search] => Array
                        (
                            [value] => 
                            [regex] => false
                        )

                )

            [4] => Array
                (
                    [data] => 4
                    [name] => 
                    [searchable] => true
                    [orderable] => true
                    [search] => Array
                        (
                            [value] => 
                            [regex] => false
                        )

                )

        )

    [order] => Array
        (
            [0] => Array
                (
                    [column] => 3
                    [dir] => asc
                )

        )

    [start] => 0
    [length] => 10
    [search] => Array
        (
            [value] => 
            [regex] => false
        )

    [_] => 1491842406616
    [PHPSESSID] => omj399hbfsilsfdp9qk5vsojk2
)

2017-04-10T11:40:13-05:00 INFO (6): WHERE::  mt_fecha BETWEEN '2017-03-27  00:00:00' AND '2017-04-10 23:59:59' AND usuario_id=1
2017-04-10T11:40:14-05:00 INFO (6): >>>>>>>>>>>>>>>>>>>>>>>>>>>>>>>>>>>>>>>>
2017-04-10T11:40:14-05:00 INFO (6): >>>>>>>>>>>>>>>>>>>>>>>>>>>>>>>>>>>>>>>>
2017-04-10T11:40:14-05:00 INFO (6): >>>>>>>>>>>>>>>>>>>>>>>>>>>>>>>>>>>>>>>>
2017-04-10T11:40:14-05:00 INFO (6): >>>>>>>>>>>>>>>>>>>>>>>>>>>>>>>>>>>>>>>>FUNCION Navegador.php: 2017/04/10 11:40:14
2017-04-10T11:40:14-05:00 INFO (6): _REQUEST::Array
(
    [fechaInicial] => 2017-03-27 
    [fechaFinal] => 2017-04-10
    [draw] => 1
    [columns] => Array
        (
            [0] => Array
                (
                    [data] => 0
                    [name] => 
                    [searchable] => true
                    [orderable] => false
                    [search] => Array
                        (
                            [value] => 
                            [regex] => false
                        )

                )

            [1] => Array
                (
                    [data] => 1
                    [name] => 
                    [searchable] => true
                    [orderable] => false
                    [search] => Array
                        (
                            [value] => 
                            [regex] => false
                        )

                )

            [2] => Array
                (
                    [data] => 2
                    [name] => 
                    [searchable] => true
                    [orderable] => true
                    [search] => Array
                        (
                            [value] => 
                            [regex] => false
                        )

                )

            [3] => Array
                (
                    [data] => 3
                    [name] => 
                    [searchable] => true
                    [orderable] => true
                    [search] => Array
                        (
                            [value] => 
                            [regex] => false
                        )

                )

            [4] => Array
                (
                    [data] => 4
                    [name] => 
                    [searchable] => true
                    [orderable] => true
                    [search] => Array
                        (
                            [value] => 
                            [regex] => false
                        )

                )

        )

    [order] => Array
        (
            [0] => Array
                (
                    [column] => 3
                    [dir] => asc
                )

        )

    [start] => 0
    [length] => 10
    [search] => Array
        (
            [value] => 
            [regex] => false
        )

    [_] => 1491842414216
    [PHPSESSID] => omj399hbfsilsfdp9qk5vsojk2
)

2017-04-10T11:40:14-05:00 INFO (6): WHERE::  mt_fecha BETWEEN '2017-03-27  00:00:00' AND '2017-04-10 23:59:59' AND usuario_id=1
2017-04-10T12:34:20-05:00 INFO (6): >>>>>>>>>>>>>>>>>>>>>>>>>>>>>>>>>>>>>>>>
2017-04-10T12:34:20-05:00 INFO (6): >>>>>>>>>>>>>>>>>>>>>>>>>>>>>>>>>>>>>>>>
2017-04-10T12:34:20-05:00 INFO (6): >>>>>>>>>>>>>>>>>>>>>>>>>>>>>>>>>>>>>>>>
2017-04-10T12:34:20-05:00 INFO (6): >>>>>>>>>>>>>>>>>>>>>>>>>>>>>>>>>>>>>>>>FUNCION Navegador.php: 2017/04/10 12:34:20
2017-04-10T12:34:20-05:00 INFO (6): _REQUEST::Array
(
    [fechaInicial] => 2017-04-10
    [fechaFinal] => 2017-04-10
    [draw] => 1
    [columns] => Array
        (
            [0] => Array
                (
                    [data] => 0
                    [name] => 
                    [searchable] => true
                    [orderable] => false
                    [search] => Array
                        (
                            [value] => 
                            [regex] => false
                        )

                )

            [1] => Array
                (
                    [data] => 1
                    [name] => 
                    [searchable] => true
                    [orderable] => false
                    [search] => Array
                        (
                            [value] => 
                            [regex] => false
                        )

                )

            [2] => Array
                (
                    [data] => 2
                    [name] => 
                    [searchable] => true
                    [orderable] => true
                    [search] => Array
                        (
                            [value] => 
                            [regex] => false
                        )

                )

            [3] => Array
                (
                    [data] => 3
                    [name] => 
                    [searchable] => true
                    [orderable] => true
                    [search] => Array
                        (
                            [value] => 
                            [regex] => false
                        )

                )

            [4] => Array
                (
                    [data] => 4
                    [name] => 
                    [searchable] => true
                    [orderable] => true
                    [search] => Array
                        (
                            [value] => 
                            [regex] => false
                        )

                )

        )

    [order] => Array
        (
            [0] => Array
                (
                    [column] => 3
                    [dir] => asc
                )

        )

    [start] => 0
    [length] => 10
    [search] => Array
        (
            [value] => 
            [regex] => false
        )

    [_] => 1491845660025
    [PHPSESSID] => omj399hbfsilsfdp9qk5vsojk2
)

2017-04-10T12:34:20-05:00 INFO (6): WHERE::  mt_fecha BETWEEN '2017-04-10 00:00:00' AND '2017-04-10 23:59:59' AND usuario_id=4
2017-04-10T12:35:05-05:00 INFO (6): >>>>>>>>>>>>>>>>>>>>>>>>>>>>>>>>>>>>>>>>
2017-04-10T12:35:05-05:00 INFO (6): >>>>>>>>>>>>>>>>>>>>>>>>>>>>>>>>>>>>>>>>
2017-04-10T12:35:05-05:00 INFO (6): >>>>>>>>>>>>>>>>>>>>>>>>>>>>>>>>>>>>>>>>
2017-04-10T12:35:05-05:00 INFO (6): >>>>>>>>>>>>>>>>>>>>>>>>>>>>>>>>>>>>>>>>FUNCION Navegador.php: 2017/04/10 12:35:05
2017-04-10T12:35:05-05:00 INFO (6): _REQUEST::Array
(
    [fechaInicial] => 2017-04-10
    [fechaFinal] => 2017-04-10
    [draw] => 1
    [columns] => Array
        (
            [0] => Array
                (
                    [data] => 0
                    [name] => 
                    [searchable] => true
                    [orderable] => false
                    [search] => Array
                        (
                            [value] => 
                            [regex] => false
                        )

                )

            [1] => Array
                (
                    [data] => 1
                    [name] => 
                    [searchable] => true
                    [orderable] => false
                    [search] => Array
                        (
                            [value] => 
                            [regex] => false
                        )

                )

            [2] => Array
                (
                    [data] => 2
                    [name] => 
                    [searchable] => true
                    [orderable] => true
                    [search] => Array
                        (
                            [value] => 
                            [regex] => false
                        )

                )

            [3] => Array
                (
                    [data] => 3
                    [name] => 
                    [searchable] => true
                    [orderable] => true
                    [search] => Array
                        (
                            [value] => 
                            [regex] => false
                        )

                )

            [4] => Array
                (
                    [data] => 4
                    [name] => 
                    [searchable] => true
                    [orderable] => true
                    [search] => Array
                        (
                            [value] => 
                            [regex] => false
                        )

                )

        )

    [order] => Array
        (
            [0] => Array
                (
                    [column] => 3
                    [dir] => asc
                )

        )

    [start] => 0
    [length] => 10
    [search] => Array
        (
            [value] => 
            [regex] => false
        )

    [_] => 1491845705623
    [PHPSESSID] => omj399hbfsilsfdp9qk5vsojk2
)

2017-04-10T12:35:05-05:00 INFO (6): WHERE::  mt_fecha BETWEEN '2017-04-10 00:00:00' AND '2017-04-10 23:59:59' AND usuario_id=4
2017-04-10T12:39:29-05:00 INFO (6): >>>>>>>>>>>>>>>>>>>>>>>>>>>>>>>>>>>>>>>>
2017-04-10T12:39:29-05:00 INFO (6): >>>>>>>>>>>>>>>>>>>>>>>>>>>>>>>>>>>>>>>>
2017-04-10T12:39:29-05:00 INFO (6): >>>>>>>>>>>>>>>>>>>>>>>>>>>>>>>>>>>>>>>>
2017-04-10T12:39:29-05:00 INFO (6): >>>>>>>>>>>>>>>>>>>>>>>>>>>>>>>>>>>>>>>>FUNCION Navegador.php: 2017/04/10 12:39:29
2017-04-10T12:39:29-05:00 INFO (6): _REQUEST::Array
(
    [fechaInicial] => 2017-04-10
    [fechaFinal] => 2017-04-10
    [draw] => 1
    [columns] => Array
        (
            [0] => Array
                (
                    [data] => 0
                    [name] => 
                    [searchable] => true
                    [orderable] => false
                    [search] => Array
                        (
                            [value] => 
                            [regex] => false
                        )

                )

            [1] => Array
                (
                    [data] => 1
                    [name] => 
                    [searchable] => true
                    [orderable] => false
                    [search] => Array
                        (
                            [value] => 
                            [regex] => false
                        )

                )

            [2] => Array
                (
                    [data] => 2
                    [name] => 
                    [searchable] => true
                    [orderable] => true
                    [search] => Array
                        (
                            [value] => 
                            [regex] => false
                        )

                )

            [3] => Array
                (
                    [data] => 3
                    [name] => 
                    [searchable] => true
                    [orderable] => true
                    [search] => Array
                        (
                            [value] => 
                            [regex] => false
                        )

                )

            [4] => Array
                (
                    [data] => 4
                    [name] => 
                    [searchable] => true
                    [orderable] => true
                    [search] => Array
                        (
                            [value] => 
                            [regex] => false
                        )

                )

        )

    [order] => Array
        (
            [0] => Array
                (
                    [column] => 3
                    [dir] => asc
                )

        )

    [start] => 0
    [length] => 10
    [search] => Array
        (
            [value] => 
            [regex] => false
        )

    [_] => 1491845969139
    [PHPSESSID] => omj399hbfsilsfdp9qk5vsojk2
)

2017-04-10T12:39:29-05:00 INFO (6): WHERE::  mt_fecha BETWEEN '2017-04-10 00:00:00' AND '2017-04-10 23:59:59' AND usuario_id=4
2017-04-10T12:45:58-05:00 INFO (6): >>>>>>>>>>>>>>>>>>>>>>>>>>>>>>>>>>>>>>>>
2017-04-10T12:45:58-05:00 INFO (6): >>>>>>>>>>>>>>>>>>>>>>>>>>>>>>>>>>>>>>>>
2017-04-10T12:45:58-05:00 INFO (6): >>>>>>>>>>>>>>>>>>>>>>>>>>>>>>>>>>>>>>>>
2017-04-10T12:45:58-05:00 INFO (6): >>>>>>>>>>>>>>>>>>>>>>>>>>>>>>>>>>>>>>>>FUNCION Navegador.php: 2017/04/10 12:45:58
2017-04-10T12:45:58-05:00 INFO (6): _REQUEST::Array
(
    [fechaInicial] => 2017-04-10
    [fechaFinal] => 2017-04-10
    [draw] => 1
    [columns] => Array
        (
            [0] => Array
                (
                    [data] => 0
                    [name] => 
                    [searchable] => true
                    [orderable] => false
                    [search] => Array
                        (
                            [value] => 
                            [regex] => false
                        )

                )

            [1] => Array
                (
                    [data] => 1
                    [name] => 
                    [searchable] => true
                    [orderable] => false
                    [search] => Array
                        (
                            [value] => 
                            [regex] => false
                        )

                )

            [2] => Array
                (
                    [data] => 2
                    [name] => 
                    [searchable] => true
                    [orderable] => true
                    [search] => Array
                        (
                            [value] => 
                            [regex] => false
                        )

                )

            [3] => Array
                (
                    [data] => 3
                    [name] => 
                    [searchable] => true
                    [orderable] => true
                    [search] => Array
                        (
                            [value] => 
                            [regex] => false
                        )

                )

            [4] => Array
                (
                    [data] => 4
                    [name] => 
                    [searchable] => true
                    [orderable] => true
                    [search] => Array
                        (
                            [value] => 
                            [regex] => false
                        )

                )

        )

    [order] => Array
        (
            [0] => Array
                (
                    [column] => 3
                    [dir] => asc
                )

        )

    [start] => 0
    [length] => 10
    [search] => Array
        (
            [value] => 
            [regex] => false
        )

    [_] => 1491846358663
    [PHPSESSID] => omj399hbfsilsfdp9qk5vsojk2
)

2017-04-10T12:45:58-05:00 INFO (6): WHERE::  mt_fecha BETWEEN '2017-04-10 00:00:00' AND '2017-04-10 23:59:59' AND usuario_id=4
2017-04-10T12:47:12-05:00 INFO (6): >>>>>>>>>>>>>>>>>>>>>>>>>>>>>>>>>>>>>>>>
2017-04-10T12:47:12-05:00 INFO (6): >>>>>>>>>>>>>>>>>>>>>>>>>>>>>>>>>>>>>>>>
2017-04-10T12:47:12-05:00 INFO (6): >>>>>>>>>>>>>>>>>>>>>>>>>>>>>>>>>>>>>>>>
2017-04-10T12:47:12-05:00 INFO (6): >>>>>>>>>>>>>>>>>>>>>>>>>>>>>>>>>>>>>>>>FUNCION Navegador.php: 2017/04/10 12:47:12
2017-04-10T12:47:12-05:00 INFO (6): _REQUEST::Array
(
    [fechaInicial] => 2017-04-10
    [fechaFinal] => 2017-04-10
    [draw] => 1
    [columns] => Array
        (
            [0] => Array
                (
                    [data] => 0
                    [name] => 
                    [searchable] => true
                    [orderable] => false
                    [search] => Array
                        (
                            [value] => 
                            [regex] => false
                        )

                )

            [1] => Array
                (
                    [data] => 1
                    [name] => 
                    [searchable] => true
                    [orderable] => false
                    [search] => Array
                        (
                            [value] => 
                            [regex] => false
                        )

                )

            [2] => Array
                (
                    [data] => 2
                    [name] => 
                    [searchable] => true
                    [orderable] => true
                    [search] => Array
                        (
                            [value] => 
                            [regex] => false
                        )

                )

            [3] => Array
                (
                    [data] => 3
                    [name] => 
                    [searchable] => true
                    [orderable] => true
                    [search] => Array
                        (
                            [value] => 
                            [regex] => false
                        )

                )

            [4] => Array
                (
                    [data] => 4
                    [name] => 
                    [searchable] => true
                    [orderable] => true
                    [search] => Array
                        (
                            [value] => 
                            [regex] => false
                        )

                )

        )

    [order] => Array
        (
            [0] => Array
                (
                    [column] => 3
                    [dir] => asc
                )

        )

    [start] => 0
    [length] => 10
    [search] => Array
        (
            [value] => 
            [regex] => false
        )

    [_] => 1491846431895
    [PHPSESSID] => omj399hbfsilsfdp9qk5vsojk2
)

2017-04-10T12:47:12-05:00 INFO (6): WHERE::  mt_fecha BETWEEN '2017-04-10 00:00:00' AND '2017-04-10 23:59:59' AND usuario_id=4
2017-04-10T12:47:26-05:00 INFO (6): >>>>>>>>>>>>>>>>>>>>>>>>>>>>>>>>>>>>>>>>
2017-04-10T12:47:26-05:00 INFO (6): >>>>>>>>>>>>>>>>>>>>>>>>>>>>>>>>>>>>>>>>
2017-04-10T12:47:26-05:00 INFO (6): >>>>>>>>>>>>>>>>>>>>>>>>>>>>>>>>>>>>>>>>
2017-04-10T12:47:26-05:00 INFO (6): >>>>>>>>>>>>>>>>>>>>>>>>>>>>>>>>>>>>>>>>FUNCION Navegador.php: 2017/04/10 12:47:26
2017-04-10T12:47:26-05:00 INFO (6): _REQUEST::Array
(
    [fechaInicial] => 2017-04-10
    [fechaFinal] => 2017-04-10
    [draw] => 1
    [columns] => Array
        (
            [0] => Array
                (
                    [data] => 0
                    [name] => 
                    [searchable] => true
                    [orderable] => false
                    [search] => Array
                        (
                            [value] => 
                            [regex] => false
                        )

                )

            [1] => Array
                (
                    [data] => 1
                    [name] => 
                    [searchable] => true
                    [orderable] => false
                    [search] => Array
                        (
                            [value] => 
                            [regex] => false
                        )

                )

            [2] => Array
                (
                    [data] => 2
                    [name] => 
                    [searchable] => true
                    [orderable] => true
                    [search] => Array
                        (
                            [value] => 
                            [regex] => false
                        )

                )

            [3] => Array
                (
                    [data] => 3
                    [name] => 
                    [searchable] => true
                    [orderable] => true
                    [search] => Array
                        (
                            [value] => 
                            [regex] => false
                        )

                )

            [4] => Array
                (
                    [data] => 4
                    [name] => 
                    [searchable] => true
                    [orderable] => true
                    [search] => Array
                        (
                            [value] => 
                            [regex] => false
                        )

                )

        )

    [order] => Array
        (
            [0] => Array
                (
                    [column] => 3
                    [dir] => asc
                )

        )

    [start] => 0
    [length] => 10
    [search] => Array
        (
            [value] => 
            [regex] => false
        )

    [_] => 1491846446652
    [PHPSESSID] => omj399hbfsilsfdp9qk5vsojk2
)

2017-04-10T12:47:26-05:00 INFO (6): WHERE::  mt_fecha BETWEEN '2017-04-10 00:00:00' AND '2017-04-10 23:59:59' AND usuario_id=4
2017-04-10T12:48:27-05:00 INFO (6): >>>>>>>>>>>>>>>>>>>>>>>>>>>>>>>>>>>>>>>>
2017-04-10T12:48:27-05:00 INFO (6): >>>>>>>>>>>>>>>>>>>>>>>>>>>>>>>>>>>>>>>>
2017-04-10T12:48:27-05:00 INFO (6): >>>>>>>>>>>>>>>>>>>>>>>>>>>>>>>>>>>>>>>>
2017-04-10T12:48:27-05:00 INFO (6): >>>>>>>>>>>>>>>>>>>>>>>>>>>>>>>>>>>>>>>>FUNCION Navegador.php: 2017/04/10 12:48:27
2017-04-10T12:48:27-05:00 INFO (6): _REQUEST::Array
(
    [fechaInicial] => 2017-04-10
    [fechaFinal] => 2017-04-10
    [draw] => 1
    [columns] => Array
        (
            [0] => Array
                (
                    [data] => 0
                    [name] => 
                    [searchable] => true
                    [orderable] => false
                    [search] => Array
                        (
                            [value] => 
                            [regex] => false
                        )

                )

            [1] => Array
                (
                    [data] => 1
                    [name] => 
                    [searchable] => true
                    [orderable] => false
                    [search] => Array
                        (
                            [value] => 
                            [regex] => false
                        )

                )

            [2] => Array
                (
                    [data] => 2
                    [name] => 
                    [searchable] => true
                    [orderable] => true
                    [search] => Array
                        (
                            [value] => 
                            [regex] => false
                        )

                )

            [3] => Array
                (
                    [data] => 3
                    [name] => 
                    [searchable] => true
                    [orderable] => true
                    [search] => Array
                        (
                            [value] => 
                            [regex] => false
                        )

                )

            [4] => Array
                (
                    [data] => 4
                    [name] => 
                    [searchable] => true
                    [orderable] => true
                    [search] => Array
                        (
                            [value] => 
                            [regex] => false
                        )

                )

        )

    [order] => Array
        (
            [0] => Array
                (
                    [column] => 3
                    [dir] => asc
                )

        )

    [start] => 0
    [length] => 10
    [search] => Array
        (
            [value] => 
            [regex] => false
        )

    [_] => 1491846507747
    [PHPSESSID] => omj399hbfsilsfdp9qk5vsojk2
)

2017-04-10T12:48:27-05:00 INFO (6): WHERE::  mt_fecha BETWEEN '2017-04-10 00:00:00' AND '2017-04-10 23:59:59' AND usuario_id=4
2017-04-10T12:48:34-05:00 INFO (6): >>>>>>>>>>>>>>>>>>>>>>>>>>>>>>>>>>>>>>>>
2017-04-10T12:48:34-05:00 INFO (6): >>>>>>>>>>>>>>>>>>>>>>>>>>>>>>>>>>>>>>>>
2017-04-10T12:48:34-05:00 INFO (6): >>>>>>>>>>>>>>>>>>>>>>>>>>>>>>>>>>>>>>>>
2017-04-10T12:48:34-05:00 INFO (6): >>>>>>>>>>>>>>>>>>>>>>>>>>>>>>>>>>>>>>>>FUNCION Navegador.php: 2017/04/10 12:48:34
2017-04-10T12:48:34-05:00 INFO (6): _REQUEST::Array
(
    [fechaInicial] => 2017-04-03 
    [fechaFinal] => 2017-04-10
    [draw] => 1
    [columns] => Array
        (
            [0] => Array
                (
                    [data] => 0
                    [name] => 
                    [searchable] => true
                    [orderable] => false
                    [search] => Array
                        (
                            [value] => 
                            [regex] => false
                        )

                )

            [1] => Array
                (
                    [data] => 1
                    [name] => 
                    [searchable] => true
                    [orderable] => false
                    [search] => Array
                        (
                            [value] => 
                            [regex] => false
                        )

                )

            [2] => Array
                (
                    [data] => 2
                    [name] => 
                    [searchable] => true
                    [orderable] => true
                    [search] => Array
                        (
                            [value] => 
                            [regex] => false
                        )

                )

            [3] => Array
                (
                    [data] => 3
                    [name] => 
                    [searchable] => true
                    [orderable] => true
                    [search] => Array
                        (
                            [value] => 
                            [regex] => false
                        )

                )

            [4] => Array
                (
                    [data] => 4
                    [name] => 
                    [searchable] => true
                    [orderable] => true
                    [search] => Array
                        (
                            [value] => 
                            [regex] => false
                        )

                )

        )

    [order] => Array
        (
            [0] => Array
                (
                    [column] => 3
                    [dir] => asc
                )

        )

    [start] => 0
    [length] => 10
    [search] => Array
        (
            [value] => 
            [regex] => false
        )

    [_] => 1491846507748
    [PHPSESSID] => omj399hbfsilsfdp9qk5vsojk2
)

2017-04-10T12:48:34-05:00 INFO (6): WHERE::  mt_fecha BETWEEN '2017-04-03  00:00:00' AND '2017-04-10 23:59:59' AND usuario_id=4
2017-04-10T12:48:35-05:00 INFO (6): >>>>>>>>>>>>>>>>>>>>>>>>>>>>>>>>>>>>>>>>
2017-04-10T12:48:35-05:00 INFO (6): >>>>>>>>>>>>>>>>>>>>>>>>>>>>>>>>>>>>>>>>
2017-04-10T12:48:35-05:00 INFO (6): >>>>>>>>>>>>>>>>>>>>>>>>>>>>>>>>>>>>>>>>
2017-04-10T12:48:35-05:00 INFO (6): >>>>>>>>>>>>>>>>>>>>>>>>>>>>>>>>>>>>>>>>FUNCION Navegador.php: 2017/04/10 12:48:35
2017-04-10T12:48:35-05:00 INFO (6): _REQUEST::Array
(
    [fechaInicial] => 2017-04-03 
    [fechaFinal] => 2017-04-10
    [draw] => 1
    [columns] => Array
        (
            [0] => Array
                (
                    [data] => 0
                    [name] => 
                    [searchable] => true
                    [orderable] => false
                    [search] => Array
                        (
                            [value] => 
                            [regex] => false
                        )

                )

            [1] => Array
                (
                    [data] => 1
                    [name] => 
                    [searchable] => true
                    [orderable] => false
                    [search] => Array
                        (
                            [value] => 
                            [regex] => false
                        )

                )

            [2] => Array
                (
                    [data] => 2
                    [name] => 
                    [searchable] => true
                    [orderable] => true
                    [search] => Array
                        (
                            [value] => 
                            [regex] => false
                        )

                )

            [3] => Array
                (
                    [data] => 3
                    [name] => 
                    [searchable] => true
                    [orderable] => true
                    [search] => Array
                        (
                            [value] => 
                            [regex] => false
                        )

                )

            [4] => Array
                (
                    [data] => 4
                    [name] => 
                    [searchable] => true
                    [orderable] => true
                    [search] => Array
                        (
                            [value] => 
                            [regex] => false
                        )

                )

        )

    [order] => Array
        (
            [0] => Array
                (
                    [column] => 3
                    [dir] => asc
                )

        )

    [start] => 0
    [length] => 10
    [search] => Array
        (
            [value] => 
            [regex] => false
        )

    [_] => 1491846515241
    [PHPSESSID] => omj399hbfsilsfdp9qk5vsojk2
)

2017-04-10T12:48:35-05:00 INFO (6): WHERE::  mt_fecha BETWEEN '2017-04-03  00:00:00' AND '2017-04-10 23:59:59' AND usuario_id=4
2017-04-10T12:51:18-05:00 INFO (6): >>>>>>>>>>>>>>>>>>>>>>>>>>>>>>>>>>>>>>>>
2017-04-10T12:51:18-05:00 INFO (6): >>>>>>>>>>>>>>>>>>>>>>>>>>>>>>>>>>>>>>>>
2017-04-10T12:51:18-05:00 INFO (6): >>>>>>>>>>>>>>>>>>>>>>>>>>>>>>>>>>>>>>>>
2017-04-10T12:51:18-05:00 INFO (6): >>>>>>>>>>>>>>>>>>>>>>>>>>>>>>>>>>>>>>>>FUNCION Navegador.php: 2017/04/10 12:51:18
2017-04-10T12:51:18-05:00 INFO (6): _REQUEST::Array
(
    [fechaInicial] => 2017-04-10
    [fechaFinal] => 2017-04-10
    [draw] => 1
    [columns] => Array
        (
            [0] => Array
                (
                    [data] => 0
                    [name] => 
                    [searchable] => true
                    [orderable] => false
                    [search] => Array
                        (
                            [value] => 
                            [regex] => false
                        )

                )

            [1] => Array
                (
                    [data] => 1
                    [name] => 
                    [searchable] => true
                    [orderable] => false
                    [search] => Array
                        (
                            [value] => 
                            [regex] => false
                        )

                )

            [2] => Array
                (
                    [data] => 2
                    [name] => 
                    [searchable] => true
                    [orderable] => true
                    [search] => Array
                        (
                            [value] => 
                            [regex] => false
                        )

                )

            [3] => Array
                (
                    [data] => 3
                    [name] => 
                    [searchable] => true
                    [orderable] => true
                    [search] => Array
                        (
                            [value] => 
                            [regex] => false
                        )

                )

            [4] => Array
                (
                    [data] => 4
                    [name] => 
                    [searchable] => true
                    [orderable] => true
                    [search] => Array
                        (
                            [value] => 
                            [regex] => false
                        )

                )

        )

    [order] => Array
        (
            [0] => Array
                (
                    [column] => 3
                    [dir] => asc
                )

        )

    [start] => 0
    [length] => 10
    [search] => Array
        (
            [value] => 
            [regex] => false
        )

    [_] => 1491846678555
    [PHPSESSID] => omj399hbfsilsfdp9qk5vsojk2
)

2017-04-10T12:51:18-05:00 INFO (6): WHERE::  mt_fecha BETWEEN '2017-04-10 00:00:00' AND '2017-04-10 23:59:59' AND usuario_id=4
2017-04-10T12:51:22-05:00 INFO (6): >>>>>>>>>>>>>>>>>>>>>>>>>>>>>>>>>>>>>>>>
2017-04-10T12:51:22-05:00 INFO (6): >>>>>>>>>>>>>>>>>>>>>>>>>>>>>>>>>>>>>>>>
2017-04-10T12:51:22-05:00 INFO (6): >>>>>>>>>>>>>>>>>>>>>>>>>>>>>>>>>>>>>>>>
2017-04-10T12:51:22-05:00 INFO (6): >>>>>>>>>>>>>>>>>>>>>>>>>>>>>>>>>>>>>>>>FUNCION Navegador.php: 2017/04/10 12:51:22
2017-04-10T12:51:22-05:00 INFO (6): _REQUEST::Array
(
    [fechaInicial] => 2017-04-10
    [fechaFinal] => 2017-04-10
    [draw] => 1
    [columns] => Array
        (
            [0] => Array
                (
                    [data] => 0
                    [name] => 
                    [searchable] => true
                    [orderable] => false
                    [search] => Array
                        (
                            [value] => 
                            [regex] => false
                        )

                )

            [1] => Array
                (
                    [data] => 1
                    [name] => 
                    [searchable] => true
                    [orderable] => false
                    [search] => Array
                        (
                            [value] => 
                            [regex] => false
                        )

                )

            [2] => Array
                (
                    [data] => 2
                    [name] => 
                    [searchable] => true
                    [orderable] => true
                    [search] => Array
                        (
                            [value] => 
                            [regex] => false
                        )

                )

            [3] => Array
                (
                    [data] => 3
                    [name] => 
                    [searchable] => true
                    [orderable] => true
                    [search] => Array
                        (
                            [value] => 
                            [regex] => false
                        )

                )

            [4] => Array
                (
                    [data] => 4
                    [name] => 
                    [searchable] => true
                    [orderable] => true
                    [search] => Array
                        (
                            [value] => 
                            [regex] => false
                        )

                )

        )

    [order] => Array
        (
            [0] => Array
                (
                    [column] => 3
                    [dir] => asc
                )

        )

    [start] => 0
    [length] => 10
    [search] => Array
        (
            [value] => 
            [regex] => false
        )

    [_] => 1491846681926
    [PHPSESSID] => omj399hbfsilsfdp9qk5vsojk2
)

2017-04-10T12:51:22-05:00 INFO (6): WHERE::  mt_fecha BETWEEN '2017-04-10 00:00:00' AND '2017-04-10 23:59:59' AND usuario_id=4
