2017-03-31T16:48:34-06:00 INFO (6): >>>>>>>>>>>>>>>>>>>>>>>>>>>>>>>>>>>>>>>>
2017-03-31T16:48:34-06:00 INFO (6): >>>>>>>>>>>>>>>>>>>>>>>>>>>>>>>>>>>>>>>>
2017-03-31T16:48:34-06:00 INFO (6): >>>>>>>>>>>>>>>>>>>>>>>>>>>>>>>>>>>>>>>>
2017-03-31T16:48:34-06:00 INFO (6): >>>>>>>>>>>>>>>>>>>>>>>>>>>>>>>>>>>>>>>>FUNCION Navegador.php: 2017/03/31 16:48:34
2017-03-31T16:48:34-06:00 INFO (6): _REQUEST::Array
(
    [fechaInicial] => 2017-03-31
    [fechaFinal] => 2017-03-31
    [draw] => 1
    [columns] => Array
        (
            [0] => Array
                (
                    [data] => 0
                    [name] => 
                    [searchable] => true
                    [orderable] => false
                    [search] => Array
                        (
                            [value] => 
                            [regex] => false
                        )

                )

            [1] => Array
                (
                    [data] => 1
                    [name] => 
                    [searchable] => true
                    [orderable] => false
                    [search] => Array
                        (
                            [value] => 
                            [regex] => false
                        )

                )

            [2] => Array
                (
                    [data] => 2
                    [name] => 
                    [searchable] => true
                    [orderable] => true
                    [search] => Array
                        (
                            [value] => 
                            [regex] => false
                        )

                )

            [3] => Array
                (
                    [data] => 3
                    [name] => 
                    [searchable] => true
                    [orderable] => true
                    [search] => Array
                        (
                            [value] => 
                            [regex] => false
                        )

                )

            [4] => Array
                (
                    [data] => 4
                    [name] => 
                    [searchable] => true
                    [orderable] => true
                    [search] => Array
                        (
                            [value] => 
                            [regex] => false
                        )

                )

        )

    [order] => Array
        (
            [0] => Array
                (
                    [column] => 3
                    [dir] => asc
                )

        )

    [start] => 0
    [length] => 10
    [search] => Array
        (
            [value] => 
            [regex] => false
        )

    [_] => 1491000514430
    [PHPSESSID] => ult1oglvptm271j5gs3lj6g9t0
)

2017-03-31T16:48:35-06:00 INFO (6): WHERE::  mt_fecha BETWEEN '2017-03-31 00:00:00' AND '2017-03-31 23:59:59' AND usuario_id=1
