2017-03-27T10:09:33-06:00 INFO (6): ----------------------------------------------------
2017-03-27T10:09:33-06:00 INFO (6): ----------------------------------------------------
2017-03-27T10:09:33-06:00 INFO (6): ----------------------------------------------------
2017-03-27T10:09:33-06:00 INFO (6): ---- ENVIO UNICO - FN ENVIAR -----------------------
2017-03-27T10:09:33-06:00 INFO (6): REQUEST: Array
(
    [msisdn] => 5547870016
    [message] => esto es una prueba con $$$ así que vamos a ver
    [caracteres] => 46
    [accion] => enviar
    [PHPSESSID] => 8fgu7p454l0l13pqkfbhehuj36
)

2017-03-27T10:09:33-06:00 INFO (6): MSISDN: 5547870016
2017-03-27T10:09:33-06:00 INFO (6): SMS: esto es una prueba con $$$ asi que vamos a ver
2017-03-27T10:09:33-06:00 INFO (6): SI PUSO UN MSISDN Y UN MENSAJE
2017-03-27T10:09:33-06:00 INFO (6): SI ES UN MSISDN VALIDO
2017-03-27T10:09:33-06:00 INFO (6): POSICON SIGNO DE PESOS: 23
2017-03-27T10:09:33-06:00 INFO (6): SUSTITUYENDO EL SIGNO DE PESOS: esto es una prueba con  asi que vamos a ver
2017-03-27T10:09:33-06:00 INFO (6): .
2017-03-27T10:09:33-06:00 INFO (6): .
2017-03-27T10:09:33-06:00 INFO (6): .
2017-03-27T10:09:33-06:00 INFO (6): CONTENIDO A ENVIAR SIN CODIFICAR: esto es una prueba con $$$ asi que vamos a ver
2017-03-27T10:09:33-06:00 INFO (6): CONTENIDO A ENVIAR CODIFICADO: esto+es+una+prueba+con+%24%24%24+asi+que+vamos+a+ver
2017-03-27T10:09:33-06:00 INFO (6): URL: http://localhost:13013/cgi-bin/sendsms?username=sendsmsmt_26262&password=kaiser&to=525547870016&text=esto+es+una+prueba+con+%24%24%24+asi+que+vamos+a+ver
2017-03-27T10:09:33-06:00 INFO (6): SE SE ARMO LA URL SE VA A EJECUTAR
2017-03-27T10:09:33-06:00 INFO (6): response:: 0: Accepted for delivery
2017-03-27T10:09:33-06:00 INFO (6): return: <?xml version="1.0" encoding="UTF-8"?><status>OK</status>
2017-03-27T10:09:33-06:00 INFO (6): SE VA A GUARDAR EN BASE DE DATOS:::...
2017-03-27T10:09:33-06:00 INFO (6): DATOS MT:: Array
(
    [mt_marcacion] => 26262
    [mt_operador] => Telcel
    [mt_msisdn] => 5547870016
    [mt_medio] => Base
    [mt_folio] => 058d9393d683679
    [mt_contenido] => esto es una prueba con $$$ asi que vamos a ver
    [mt_fecha] => 2017-03-27 10:09:33
    [mt_tag] => UNICO
    [usuario_id] => 55
)

2017-03-27T10:09:33-06:00 INFO (6): SE INSERTO:: 1
2017-03-27T10:09:33-06:00 INFO (6): CODIGO DE RESPUESTA 200
2017-03-27T10:09:33-06:00 INFO (6): Array data_cr:: Array
(
    [credito_valor] => 97,1
)

2017-03-27T10:09:33-06:00 INFO (6): SE ACTUALIZO:: 1
2017-03-27T11:44:54-06:00 INFO (6): ----------------------------------------------------
2017-03-27T11:44:54-06:00 INFO (6): ----------------------------------------------------
2017-03-27T11:44:54-06:00 INFO (6): ----------------------------------------------------
2017-03-27T11:44:54-06:00 INFO (6): ---- ENVIO UNICO - FN ENVIAR -----------------------
2017-03-27T11:44:54-06:00 INFO (6): REQUEST: Array
(
    [msisdn] => 5519330373
    [message] => Hola
estoy tiste
    [caracteres] => 16
    [accion] => enviar
    [PHPSESSID] => 8fgu7p454l0l13pqkfbhehuj36
)

2017-03-27T11:44:54-06:00 INFO (6): MSISDN: 5519330373
2017-03-27T11:44:54-06:00 INFO (6): SMS: Hola
estoy tiste
2017-03-27T11:44:54-06:00 INFO (6): SI PUSO UN MSISDN Y UN MENSAJE
2017-03-27T11:44:54-06:00 INFO (6): SI ES UN MSISDN VALIDO
2017-03-27T11:44:54-06:00 INFO (6): POSICON SIGNO DE PESOS: 
2017-03-27T11:44:54-06:00 INFO (6): SUSTITUYENDO EL SIGNO DE PESOS: Hola
estoy tiste
2017-03-27T11:44:54-06:00 INFO (6): .
2017-03-27T11:44:54-06:00 INFO (6): .
2017-03-27T11:44:54-06:00 INFO (6): .
2017-03-27T11:44:54-06:00 INFO (6): CONTENIDO A ENVIAR SIN CODIFICAR: Hola
estoy tiste
2017-03-27T11:44:54-06:00 INFO (6): CONTENIDO A ENVIAR CODIFICADO: Hola%0D%0Aestoy+tiste
2017-03-27T11:44:54-06:00 INFO (6): URL: http://localhost:13013/cgi-bin/sendsms?username=sendsmsmt_26262&password=kaiser&to=525519330373&text=Hola%0D%0Aestoy+tiste
2017-03-27T11:44:54-06:00 INFO (6): SE SE ARMO LA URL SE VA A EJECUTAR
2017-03-27T11:45:04-06:00 INFO (6): response:: 0: Accepted for delivery
2017-03-27T11:45:04-06:00 INFO (6): return: <?xml version="1.0" encoding="UTF-8"?><status>OK</status>
2017-03-27T11:45:04-06:00 INFO (6): SE VA A GUARDAR EN BASE DE DATOS:::...
2017-03-27T11:45:04-06:00 INFO (6): DATOS MT:: Array
(
    [mt_marcacion] => 26262
    [mt_operador] => Telcel
    [mt_msisdn] => 5519330373
    [mt_medio] => Base
    [mt_folio] => 858d94fa0661825
    [mt_contenido] => Hola
estoy tiste
    [mt_fecha] => 2017-03-27 11:45:04
    [mt_tag] => UNICO
    [usuario_id] => 55
)

2017-03-27T11:45:04-06:00 INFO (6): SE INSERTO:: 1
2017-03-27T11:45:04-06:00 INFO (6): CODIGO DE RESPUESTA 200
2017-03-27T11:45:04-06:00 INFO (6): Array data_cr:: Array
(
    [credito_valor] => 96,52
)

2017-03-27T11:45:04-06:00 INFO (6): SE ACTUALIZO:: 1
2017-03-27T12:25:06-06:00 INFO (6): ----------------------------------------------------
2017-03-27T12:25:06-06:00 INFO (6): ----------------------------------------------------
2017-03-27T12:25:06-06:00 INFO (6): ----------------------------------------------------
2017-03-27T12:25:06-06:00 INFO (6): ---- ENVIO UNICO - FN ENVIAR -----------------------
2017-03-27T12:25:06-06:00 INFO (6): REQUEST: Array
(
    [msisdn] => 5549444527
    [message] => adasd
    [caracteres] => 5
    [accion] => enviar
    [PHPSESSID] => p0slapa788hhmufv4uqpuskk14
)

2017-03-27T12:25:06-06:00 INFO (6): MSISDN: 5549444527
2017-03-27T12:25:06-06:00 INFO (6): SMS: adasd
2017-03-27T12:25:06-06:00 INFO (6): SI PUSO UN MSISDN Y UN MENSAJE
2017-03-27T12:25:06-06:00 INFO (6): SI ES UN MSISDN VALIDO
2017-03-27T12:25:06-06:00 INFO (6): POSICON SIGNO DE PESOS: 
2017-03-27T12:25:06-06:00 INFO (6): SUSTITUYENDO EL SIGNO DE PESOS: adasd
2017-03-27T12:25:06-06:00 INFO (6): .
2017-03-27T12:25:06-06:00 INFO (6): .
2017-03-27T12:25:06-06:00 INFO (6): .
2017-03-27T12:25:06-06:00 INFO (6): CONTENIDO A ENVIAR SIN CODIFICAR: adasd
2017-03-27T12:25:06-06:00 INFO (6): CONTENIDO A ENVIAR CODIFICADO: adasd
2017-03-27T12:25:06-06:00 INFO (6): URL: http://localhost:13013/cgi-bin/sendsms?username=sendsmsmt_26262&password=kaiser&to=525549444527&text=adasd
2017-03-27T12:25:06-06:00 INFO (6): SE SE ARMO LA URL SE VA A EJECUTAR
2017-03-27T12:25:06-06:00 INFO (6): response:: 0: Accepted for delivery
2017-03-27T12:25:06-06:00 INFO (6): return: <?xml version="1.0" encoding="UTF-8"?><status>OK</status>
2017-03-27T12:25:06-06:00 INFO (6): SE VA A GUARDAR EN BASE DE DATOS:::...
2017-03-27T12:25:06-06:00 INFO (6): DATOS MT:: Array
(
    [mt_marcacion] => 26262
    [mt_operador] => Telcel
    [mt_msisdn] => 5549444527
    [mt_medio] => Base
    [mt_folio] => 358d9590235fd04
    [mt_contenido] => adasd
    [mt_fecha] => 2017-03-27 12:25:06
    [mt_tag] => UNICO
    [usuario_id] => 1
)

2017-03-27T12:25:06-06:00 INFO (6): SE INSERTO:: 1
2017-03-27T12:25:06-06:00 INFO (6): CODIGO DE RESPUESTA 200
2017-03-27T12:25:06-06:00 INFO (6): Array data_cr:: Array
(
    [credito_valor] => 875,4
)

2017-03-27T12:25:06-06:00 INFO (6): SE ACTUALIZO:: 1
