2017-03-26T19:22:51-06:00 INFO (6): ----------------------------------------------------
2017-03-26T19:22:51-06:00 INFO (6): ----------------------------------------------------
2017-03-26T19:22:51-06:00 INFO (6): ----------------------------------------------------
2017-03-26T19:22:51-06:00 INFO (6): ---- ENVIO UNICO - FN ENVIAR -----------------------
2017-03-26T19:22:51-06:00 INFO (6): REQUEST: Array
(
    [msisdn] => 5549444527
    [message] => WEDMOEWMDOEWMDOWEMDOIEMWDIEMWDIMEWIDMEOWMDIEWMDIOEWMDIOEMWDIOMEWIDMEIOWMDIOEWMDIOEWMDIOEWMDIOEMWDIOEMWDIOMEWIODMEWIODMEIOWMDIOEWMDIOEWMDIOEWMDOIEMWDIOMEWIODMEIO
    [caracteres] => 160
    [accion] => enviar
    [PHPSESSID] => p0slapa788hhmufv4uqpuskk14
)

2017-03-26T19:22:51-06:00 INFO (6): MSISDN: 5549444527
2017-03-26T19:22:51-06:00 INFO (6): SMS: WEDMOEWMDOEWMDOWEMDOIEMWDIEMWDIMEWIDMEOWMDIEWMDIOEWMDIOEMWDIOMEWIDMEIOWMDIOEWMDIOEWMDIOEWMDIOEMWDIOEMWDIOMEWIODMEWIODMEIOWMDIOEWMDIOEWMDIOEWMDOIEMWDIOMEWIODMEIO
2017-03-26T19:22:51-06:00 INFO (6): SI PUSO UN MSISDN Y UN MENSAJE
2017-03-26T19:22:51-06:00 INFO (6): SI ES UN MSISDN VALIDO
2017-03-26T19:22:51-06:00 INFO (6): POSICON SIGNO DE PESOS: 
2017-03-26T19:22:51-06:00 INFO (6): SUSTITUYENDO EL SIGNO DE PESOS: WEDMOEWMDOEWMDOWEMDOIEMWDIEMWDIMEWIDMEOWMDIEWMDIOEWMDIOEMWDIOMEWIDMEIOWMDIOEWMDIOEWMDIOEWMDIOEMWDIOEMWDIOMEWIODMEWIODMEIOWMDIOEWMDIOEWMDIOEWMDOIEMWDIOMEWIODMEIO
2017-03-26T19:22:51-06:00 INFO (6): .
2017-03-26T19:22:51-06:00 INFO (6): .
2017-03-26T19:22:51-06:00 INFO (6): .
2017-03-26T19:22:51-06:00 INFO (6): CONTENIDO A ENVIAR SIN CODIFICAR: WEDMOEWMDOEWMDOWEMDOIEMWDIEMWDIMEWIDMEOWMDIEWMDIOEWMDIOEMWDIOMEWIDMEIOWMDIOEWMDIOEWMDIOEWMDIOEMWDIOEMWDIOMEWIODMEWIODMEIOWMDIOEWMDIOEWMDIOEWMDOIEMWDIOMEWIODMEIO
2017-03-26T19:22:51-06:00 INFO (6): CONTENIDO A ENVIAR CODIFICADO: WEDMOEWMDOEWMDOWEMDOIEMWDIEMWDIMEWIDMEOWMDIEWMDIOEWMDIOEMWDIOMEWIDMEIOWMDIOEWMDIOEWMDIOEWMDIOEMWDIOEMWDIOMEWIODMEWIODMEIOWMDIOEWMDIOEWMDIOEWMDOIEMWDIOMEWIODMEIO
2017-03-26T19:22:51-06:00 INFO (6): URL: http://localhost:13013/cgi-bin/sendsms?username=sendsmsmt_26262&password=kaiser&to=525549444527&text=WEDMOEWMDOEWMDOWEMDOIEMWDIEMWDIMEWIDMEOWMDIEWMDIOEWMDIOEMWDIOMEWIDMEIOWMDIOEWMDIOEWMDIOEWMDIOEMWDIOEMWDIOMEWIODMEWIODMEIOWMDIOEWMDIOEWMDIOEWMDOIEMWDIOMEWIODMEIO
2017-03-26T19:22:51-06:00 INFO (6): SE SE ARMO LA URL SE VA A EJECUTAR
2017-03-26T19:22:51-06:00 INFO (6): response:: 0: Accepted for delivery
2017-03-26T19:22:51-06:00 INFO (6): return: <?xml version="1.0" encoding="UTF-8"?><status>OK</status>
2017-03-26T19:22:51-06:00 INFO (6): SE VA A GUARDAR EN BASE DE DATOS:::...
2017-03-26T19:22:51-06:00 INFO (6): DATOS MT:: Array
(
    [mt_marcacion] => 26262
    [mt_operador] => Telcel
    [mt_msisdn] => 5549444527
    [mt_medio] => Base
    [mt_folio] => 758d8696bf1a1e4
    [mt_contenido] => WEDMOEWMDOEWMDOWEMDOIEMWDIEMWDIMEWIDMEOWMDIEWMDIOEWMDIOEMWDIOMEWIDMEIOWMDIOEWMDIOEWMDIOEWMDIOEMWDIOEMWDIOMEWIODMEWIODMEIOWMDIOEWMDIOEWMDIOEWMDOIEMWDIOMEWIODMEIO
    [mt_fecha] => 2017-03-26 19:22:51
    [mt_tag] => UNICO
    [usuario_id] => 1
)

2017-03-26T19:22:51-06:00 INFO (6): SE INSERTO:: 1
2017-03-26T19:22:51-06:00 INFO (6): CODIGO DE RESPUESTA 200
2017-03-26T19:22:51-06:00 INFO (6): Array data_cr:: Array
(
    [credito_valor] => 888,16
)

2017-03-26T19:22:51-06:00 INFO (6): SE ACTUALIZO:: 1
2017-03-26T19:26:13-06:00 INFO (6): ----------------------------------------------------
2017-03-26T19:26:13-06:00 INFO (6): ----------------------------------------------------
2017-03-26T19:26:13-06:00 INFO (6): ----------------------------------------------------
2017-03-26T19:26:13-06:00 INFO (6): ---- ENVIO UNICO - FN ENVIAR -----------------------
2017-03-26T19:26:13-06:00 INFO (6): REQUEST: Array
(
    [msisdn] => 5549444527
    [message] => frf r3fj2 ufhu2rfh8 2hf 24hfyr2 fhr fh8r2 f74 f7r2 f784 2f7234 fy8724y f87fh87432 fh87432 f734hf87423hf842 3fh8347
    [caracteres] => 114
    [accion] => enviar
    [PHPSESSID] => p0slapa788hhmufv4uqpuskk14
)

2017-03-26T19:26:13-06:00 INFO (6): MSISDN: 5549444527
2017-03-26T19:26:13-06:00 INFO (6): SMS: frf r3fj2 ufhu2rfh8 2hf 24hfyr2 fhr fh8r2 f74 f7r2 f784 2f7234 fy8724y f87fh87432 fh87432 f734hf87423hf842 3fh8347
2017-03-26T19:26:13-06:00 INFO (6): SI PUSO UN MSISDN Y UN MENSAJE
2017-03-26T19:26:13-06:00 INFO (6): SI ES UN MSISDN VALIDO
2017-03-26T19:26:13-06:00 INFO (6): POSICON SIGNO DE PESOS: 
2017-03-26T19:26:13-06:00 INFO (6): SUSTITUYENDO EL SIGNO DE PESOS: frf r3fj2 ufhu2rfh8 2hf 24hfyr2 fhr fh8r2 f74 f7r2 f784 2f7234 fy8724y f87fh87432 fh87432 f734hf87423hf842 3fh8347
2017-03-26T19:26:13-06:00 INFO (6): .
2017-03-26T19:26:13-06:00 INFO (6): .
2017-03-26T19:26:13-06:00 INFO (6): .
2017-03-26T19:26:13-06:00 INFO (6): CONTENIDO A ENVIAR SIN CODIFICAR: frf r3fj2 ufhu2rfh8 2hf 24hfyr2 fhr fh8r2 f74 f7r2 f784 2f7234 fy8724y f87fh87432 fh87432 f734hf87423hf842 3fh8347
2017-03-26T19:26:13-06:00 INFO (6): CONTENIDO A ENVIAR CODIFICADO: frf+r3fj2+ufhu2rfh8+2hf+24hfyr2+fhr+fh8r2+f74+f7r2+f784+2f7234+fy8724y+f87fh87432+fh87432+f734hf87423hf842+3fh8347
2017-03-26T19:26:13-06:00 INFO (6): URL: http://localhost:13013/cgi-bin/sendsms?username=sendsmsmt_26262&password=kaiser&to=525549444527&text=frf+r3fj2+ufhu2rfh8+2hf+24hfyr2+fhr+fh8r2+f74+f7r2+f784+2f7234+fy8724y+f87fh87432+fh87432+f734hf87423hf842+3fh8347
2017-03-26T19:26:13-06:00 INFO (6): SE SE ARMO LA URL SE VA A EJECUTAR
2017-03-26T19:26:13-06:00 INFO (6): response:: 0: Accepted for delivery
2017-03-26T19:26:13-06:00 INFO (6): return: <?xml version="1.0" encoding="UTF-8"?><status>OK</status>
2017-03-26T19:26:13-06:00 INFO (6): SE VA A GUARDAR EN BASE DE DATOS:::...
2017-03-26T19:26:13-06:00 INFO (6): DATOS MT:: Array
(
    [mt_marcacion] => 26262
    [mt_operador] => Telcel
    [mt_msisdn] => 5549444527
    [mt_medio] => Base
    [mt_folio] => 358d86a353f9225
    [mt_contenido] => frf r3fj2 ufhu2rfh8 2hf 24hfyr2 fhr fh8r2 f74 f7r2 f784 2f7234 fy8724y f87fh87432 fh87432 f734hf87423hf842 3fh8347
    [mt_fecha] => 2017-03-26 19:26:13
    [mt_tag] => UNICO
    [usuario_id] => 1
)

2017-03-26T19:26:13-06:00 INFO (6): SE INSERTO:: 1
2017-03-26T19:26:13-06:00 INFO (6): CODIGO DE RESPUESTA 200
2017-03-26T19:26:13-06:00 INFO (6): Array data_cr:: Array
(
    [credito_valor] => 887,58
)

2017-03-26T19:26:13-06:00 INFO (6): SE ACTUALIZO:: 1
