2017-04-03T21:06:11-05:00 INFO (6): ----------------------------------------------------
2017-04-03T21:06:11-05:00 INFO (6): ----------------------------------------------------
2017-04-03T21:06:11-05:00 INFO (6): ----------------------------------------------------
2017-04-03T21:06:11-05:00 INFO (6): ---- ENVIO UNICO - FN ENVIAR -----------------------
2017-04-03T21:06:11-05:00 INFO (6): REQUEST: Array
(
    [msisdn] => 5519701250
    [message] => TESTCM
    [caracteres] => 6
    [accion] => enviar
    [PHPSESSID] => hnqrcjide6mr5qm80fjfcfv495
)

2017-04-03T21:06:11-05:00 INFO (6): MSISDN: 5519701250
2017-04-03T21:06:11-05:00 INFO (6): SMS: TESTCM
2017-04-03T21:06:11-05:00 INFO (6): SI PUSO UN MSISDN Y UN MENSAJE
2017-04-03T21:06:11-05:00 INFO (6): SI ES UN MSISDN VALIDO
2017-04-03T21:06:11-05:00 INFO (6): POSICON SIGNO DE PESOS: 
2017-04-03T21:06:11-05:00 INFO (6): SUSTITUYENDO EL SIGNO DE PESOS: TESTCM
2017-04-03T21:06:11-05:00 INFO (6): .
2017-04-03T21:06:11-05:00 INFO (6): .
2017-04-03T21:06:11-05:00 INFO (6): .
2017-04-03T21:06:11-05:00 INFO (6): CONTENIDO A ENVIAR SIN CODIFICAR: TESTCM
2017-04-03T21:06:11-05:00 INFO (6): CONTENIDO A ENVIAR CODIFICADO: TESTCM
2017-04-03T21:06:11-05:00 INFO (6): URL: http://administrador.cm-operations.com/iusacell/router/router_mt.php?SOA=5519701250&dial=26262&message=TESTCM&service=EMAILTOSMSUNICO&subservice=UNICO&username=sendsmsatt_26262
2017-04-03T21:06:11-05:00 INFO (6): SE SE ARMO LA URL SE VA A EJECUTAR
2017-04-03T21:06:11-05:00 INFO (6): response:: 0: Accepted for delivery
2017-04-03T21:06:11-05:00 INFO (6): return: <?xml version="1.0" encoding="UTF-8"?><status>OK</status>
2017-04-03T21:06:11-05:00 INFO (6): SE VA A GUARDAR EN BASE DE DATOS:::...
2017-04-03T21:06:11-05:00 INFO (6): DATOS MT:: Array
(
    [mt_marcacion] => 26262
    [mt_operador] => Iusacell
    [mt_msisdn] => 5519701250
    [mt_medio] => Base
    [mt_folio] => 358e2ff93b20e94
    [mt_contenido] => TESTCM
    [mt_fecha] => 2017-04-03 21:06:11
    [mt_tag] => UNICO
    [usuario_id] => 23
)

2017-04-03T21:06:11-05:00 INFO (6): SE INSERTO:: 1
2017-04-03T21:06:11-05:00 INFO (6): CODIGO DE RESPUESTA 200
2017-04-03T21:06:11-05:00 INFO (6): Array data_cr:: Array
(
    [credito_valor] => 27,12
)

2017-04-03T21:06:11-05:00 INFO (6): SE ACTUALIZO:: 1
2017-04-03T21:12:58-05:00 INFO (6): ----------------------------------------------------
2017-04-03T21:12:58-05:00 INFO (6): ----------------------------------------------------
2017-04-03T21:12:58-05:00 INFO (6): ----------------------------------------------------
2017-04-03T21:12:58-05:00 INFO (6): ---- ENVIO UNICO - FN ENVIAR -----------------------
2017-04-03T21:12:58-05:00 INFO (6): REQUEST: Array
(
    [msisdn] => 5554995994
    [message] => TESTCM26262
    [caracteres] => 11
    [accion] => enviar
    [PHPSESSID] => hnqrcjide6mr5qm80fjfcfv495
)

2017-04-03T21:12:58-05:00 INFO (6): MSISDN: 5554995994
2017-04-03T21:12:58-05:00 INFO (6): SMS: TESTCM26262
2017-04-03T21:12:58-05:00 INFO (6): SI PUSO UN MSISDN Y UN MENSAJE
2017-04-03T21:12:58-05:00 INFO (6): SI ES UN MSISDN VALIDO
2017-04-03T21:12:58-05:00 INFO (6): POSICON SIGNO DE PESOS: 
2017-04-03T21:12:58-05:00 INFO (6): SUSTITUYENDO EL SIGNO DE PESOS: TESTCM26262
2017-04-03T21:12:58-05:00 INFO (6): .
2017-04-03T21:12:58-05:00 INFO (6): .
2017-04-03T21:12:58-05:00 INFO (6): .
2017-04-03T21:12:58-05:00 INFO (6): CONTENIDO A ENVIAR SIN CODIFICAR: TESTCM26262
2017-04-03T21:12:58-05:00 INFO (6): CONTENIDO A ENVIAR CODIFICADO: TESTCM26262
2017-04-03T21:12:58-05:00 INFO (6): URL: http://localhost:13013/cgi-bin/sendsms?username=sendsmsmt_26262&password=kaiser&to=525554995994&text=TESTCM26262
2017-04-03T21:12:58-05:00 INFO (6): SE SE ARMO LA URL SE VA A EJECUTAR
2017-04-03T21:12:59-05:00 INFO (6): response:: 0: Accepted for delivery
2017-04-03T21:12:59-05:00 INFO (6): return: <?xml version="1.0" encoding="UTF-8"?><status>OK</status>
2017-04-03T21:12:59-05:00 INFO (6): SE VA A GUARDAR EN BASE DE DATOS:::...
2017-04-03T21:12:59-05:00 INFO (6): DATOS MT:: Array
(
    [mt_marcacion] => 26262
    [mt_operador] => Telcel
    [mt_msisdn] => 5554995994
    [mt_medio] => Base
    [mt_folio] => 858e3012b0e2103
    [mt_contenido] => TESTCM26262
    [mt_fecha] => 2017-04-03 21:12:59
    [mt_tag] => UNICO
    [usuario_id] => 23
)

2017-04-03T21:12:59-05:00 INFO (6): SE INSERTO:: 1
2017-04-03T21:12:59-05:00 INFO (6): CODIGO DE RESPUESTA 200
2017-04-03T21:12:59-05:00 INFO (6): Array data_cr:: Array
(
    [credito_valor] => 26,54
)

2017-04-03T21:12:59-05:00 INFO (6): SE ACTUALIZO:: 1
2017-04-03T21:17:16-05:00 INFO (6): ----------------------------------------------------
2017-04-03T21:17:16-05:00 INFO (6): ----------------------------------------------------
2017-04-03T21:17:16-05:00 INFO (6): ----------------------------------------------------
2017-04-03T21:17:16-05:00 INFO (6): ---- ENVIO UNICO - FN ENVIAR -----------------------
2017-04-03T21:17:16-05:00 INFO (6): REQUEST: Array
(
    [msisdn] => 5554995994
    [message] => TEST2
    [caracteres] => 5
    [accion] => enviar
    [PHPSESSID] => hnqrcjide6mr5qm80fjfcfv495
)

2017-04-03T21:17:16-05:00 INFO (6): MSISDN: 5554995994
2017-04-03T21:17:16-05:00 INFO (6): SMS: TEST2
2017-04-03T21:17:16-05:00 INFO (6): SI PUSO UN MSISDN Y UN MENSAJE
2017-04-03T21:17:16-05:00 INFO (6): SI ES UN MSISDN VALIDO
2017-04-03T21:17:16-05:00 INFO (6): POSICON SIGNO DE PESOS: 
2017-04-03T21:17:16-05:00 INFO (6): SUSTITUYENDO EL SIGNO DE PESOS: TEST2
2017-04-03T21:17:16-05:00 INFO (6): .
2017-04-03T21:17:16-05:00 INFO (6): .
2017-04-03T21:17:16-05:00 INFO (6): .
2017-04-03T21:17:16-05:00 INFO (6): CONTENIDO A ENVIAR SIN CODIFICAR: TEST2
2017-04-03T21:17:16-05:00 INFO (6): CONTENIDO A ENVIAR CODIFICADO: TEST2
2017-04-03T21:17:16-05:00 INFO (6): URL: http://localhost:13013/cgi-bin/sendsms?username=sendsmsmt_26262&password=kaiser&to=525554995994&text=TEST2
2017-04-03T21:17:16-05:00 INFO (6): SE SE ARMO LA URL SE VA A EJECUTAR
2017-04-03T21:17:16-05:00 INFO (6): response:: 0: Accepted for delivery
2017-04-03T21:17:16-05:00 INFO (6): return: <?xml version="1.0" encoding="UTF-8"?><status>OK</status>
2017-04-03T21:17:16-05:00 INFO (6): SE VA A GUARDAR EN BASE DE DATOS:::...
2017-04-03T21:17:16-05:00 INFO (6): DATOS MT:: Array
(
    [mt_marcacion] => 26262
    [mt_operador] => Telcel
    [mt_msisdn] => 5554995994
    [mt_medio] => Base
    [mt_folio] => 158e3022cb1ee46
    [mt_contenido] => TEST2
    [mt_fecha] => 2017-04-03 21:17:16
    [mt_tag] => UNICO
    [usuario_id] => 23
)

2017-04-03T21:17:16-05:00 INFO (6): SE INSERTO:: 1
2017-04-03T21:17:16-05:00 INFO (6): CODIGO DE RESPUESTA 200
2017-04-03T21:17:16-05:00 INFO (6): Array data_cr:: Array
(
    [credito_valor] => 25,96
)

2017-04-03T21:17:16-05:00 INFO (6): SE ACTUALIZO:: 1
2017-04-03T21:18:01-05:00 INFO (6): ----------------------------------------------------
2017-04-03T21:18:01-05:00 INFO (6): ----------------------------------------------------
2017-04-03T21:18:01-05:00 INFO (6): ----------------------------------------------------
2017-04-03T21:18:01-05:00 INFO (6): ---- ENVIO UNICO - FN ENVIAR -----------------------
2017-04-03T21:18:01-05:00 INFO (6): REQUEST: Array
(
    [msisdn] => 5554995994
    [message] => test3
    [caracteres] => 5
    [accion] => enviar
    [PHPSESSID] => hnqrcjide6mr5qm80fjfcfv495
)

2017-04-03T21:18:01-05:00 INFO (6): MSISDN: 5554995994
2017-04-03T21:18:01-05:00 INFO (6): SMS: test3
2017-04-03T21:18:01-05:00 INFO (6): SI PUSO UN MSISDN Y UN MENSAJE
2017-04-03T21:18:01-05:00 INFO (6): SI ES UN MSISDN VALIDO
2017-04-03T21:18:01-05:00 INFO (6): POSICON SIGNO DE PESOS: 
2017-04-03T21:18:01-05:00 INFO (6): SUSTITUYENDO EL SIGNO DE PESOS: test3
2017-04-03T21:18:01-05:00 INFO (6): .
2017-04-03T21:18:01-05:00 INFO (6): .
2017-04-03T21:18:01-05:00 INFO (6): .
2017-04-03T21:18:01-05:00 INFO (6): CONTENIDO A ENVIAR SIN CODIFICAR: test3
2017-04-03T21:18:01-05:00 INFO (6): CONTENIDO A ENVIAR CODIFICADO: test3
2017-04-03T21:18:01-05:00 INFO (6): URL: http://localhost:13013/cgi-bin/sendsms?username=sendsmsmt_26262&password=kaiser&to=525554995994&text=test3
2017-04-03T21:18:01-05:00 INFO (6): SE SE ARMO LA URL SE VA A EJECUTAR
2017-04-03T21:18:10-05:00 INFO (6): response:: 0: Accepted for delivery
2017-04-03T21:18:10-05:00 INFO (6): return: <?xml version="1.0" encoding="UTF-8"?><status>OK</status>
2017-04-03T21:18:10-05:00 INFO (6): SE VA A GUARDAR EN BASE DE DATOS:::...
2017-04-03T21:18:10-05:00 INFO (6): DATOS MT:: Array
(
    [mt_marcacion] => 26262
    [mt_operador] => Telcel
    [mt_msisdn] => 5554995994
    [mt_medio] => Base
    [mt_folio] => 658e30262d0d307
    [mt_contenido] => test3
    [mt_fecha] => 2017-04-03 21:18:10
    [mt_tag] => UNICO
    [usuario_id] => 23
)

2017-04-03T21:18:10-05:00 INFO (6): SE INSERTO:: 1
2017-04-03T21:18:10-05:00 INFO (6): CODIGO DE RESPUESTA 200
2017-04-03T21:18:10-05:00 INFO (6): Array data_cr:: Array
(
    [credito_valor] => 25,38
)

2017-04-03T21:18:10-05:00 INFO (6): SE ACTUALIZO:: 1
2017-04-03T21:22:17-05:00 INFO (6): ----------------------------------------------------
2017-04-03T21:22:17-05:00 INFO (6): ----------------------------------------------------
2017-04-03T21:22:17-05:00 INFO (6): ----------------------------------------------------
2017-04-03T21:22:17-05:00 INFO (6): ---- ENVIO UNICO - FN ENVIAR -----------------------
2017-04-03T21:22:17-05:00 INFO (6): REQUEST: Array
(
    [msisdn] => 5554995994
    [message] => TEST262622
    [caracteres] => 10
    [accion] => enviar
    [PHPSESSID] => hnqrcjide6mr5qm80fjfcfv495
)

2017-04-03T21:22:17-05:00 INFO (6): MSISDN: 5554995994
2017-04-03T21:22:17-05:00 INFO (6): SMS: TEST262622
2017-04-03T21:22:17-05:00 INFO (6): SI PUSO UN MSISDN Y UN MENSAJE
2017-04-03T21:22:17-05:00 INFO (6): SI ES UN MSISDN VALIDO
2017-04-03T21:22:17-05:00 INFO (6): POSICON SIGNO DE PESOS: 
2017-04-03T21:22:17-05:00 INFO (6): SUSTITUYENDO EL SIGNO DE PESOS: TEST262622
2017-04-03T21:22:17-05:00 INFO (6): .
2017-04-03T21:22:17-05:00 INFO (6): .
2017-04-03T21:22:17-05:00 INFO (6): .
2017-04-03T21:22:17-05:00 INFO (6): CONTENIDO A ENVIAR SIN CODIFICAR: TEST262622
2017-04-03T21:22:17-05:00 INFO (6): CONTENIDO A ENVIAR CODIFICADO: TEST262622
2017-04-03T21:22:17-05:00 INFO (6): URL: http://localhost:13013/cgi-bin/sendsms?username=sendsmsmt_26262&password=kaiser&to=525554995994&text=TEST262622
2017-04-03T21:22:17-05:00 INFO (6): SE SE ARMO LA URL SE VA A EJECUTAR
2017-04-03T21:22:17-05:00 INFO (6): response:: 0: Accepted for delivery
2017-04-03T21:22:17-05:00 INFO (6): return: <?xml version="1.0" encoding="UTF-8"?><status>OK</status>
2017-04-03T21:22:17-05:00 INFO (6): SE VA A GUARDAR EN BASE DE DATOS:::...
2017-04-03T21:22:17-05:00 INFO (6): DATOS MT:: Array
(
    [mt_marcacion] => 26262
    [mt_operador] => Telcel
    [mt_msisdn] => 5554995994
    [mt_medio] => Base
    [mt_folio] => 458e30359a39dd0
    [mt_contenido] => TEST262622
    [mt_fecha] => 2017-04-03 21:22:17
    [mt_tag] => UNICO
    [usuario_id] => 23
)

2017-04-03T21:22:17-05:00 INFO (6): SE INSERTO:: 1
2017-04-03T21:22:17-05:00 INFO (6): CODIGO DE RESPUESTA 200
2017-04-03T21:22:17-05:00 INFO (6): Array data_cr:: Array
(
    [credito_valor] => 24,8
)

2017-04-03T21:22:17-05:00 INFO (6): SE ACTUALIZO:: 1
2017-04-03T21:28:43-05:00 INFO (6): ----------------------------------------------------
2017-04-03T21:28:43-05:00 INFO (6): ----------------------------------------------------
2017-04-03T21:28:43-05:00 INFO (6): ----------------------------------------------------
2017-04-03T21:28:43-05:00 INFO (6): ---- ENVIO UNICO - FN ENVIAR -----------------------
2017-04-03T21:28:43-05:00 INFO (6): REQUEST: Array
(
    [msisdn] => 5554995994
    [message] => 2128
    [caracteres] => 4
    [accion] => enviar
    [PHPSESSID] => hnqrcjide6mr5qm80fjfcfv495
)

2017-04-03T21:28:43-05:00 INFO (6): MSISDN: 5554995994
2017-04-03T21:28:43-05:00 INFO (6): SMS: 2128
2017-04-03T21:28:43-05:00 INFO (6): SI PUSO UN MSISDN Y UN MENSAJE
2017-04-03T21:28:43-05:00 INFO (6): SI ES UN MSISDN VALIDO
2017-04-03T21:28:43-05:00 INFO (6): POSICON SIGNO DE PESOS: 
2017-04-03T21:28:43-05:00 INFO (6): SUSTITUYENDO EL SIGNO DE PESOS: 2128
2017-04-03T21:28:43-05:00 INFO (6): .
2017-04-03T21:28:43-05:00 INFO (6): .
2017-04-03T21:28:43-05:00 INFO (6): .
2017-04-03T21:28:43-05:00 INFO (6): CONTENIDO A ENVIAR SIN CODIFICAR: 2128
2017-04-03T21:28:43-05:00 INFO (6): CONTENIDO A ENVIAR CODIFICADO: 2128
2017-04-03T21:28:43-05:00 INFO (6): URL: http://localhost:13013/cgi-bin/sendsms?username=sendsmsmt_26262&password=kaiser&to=525554995994&text=2128
2017-04-03T21:28:43-05:00 INFO (6): SE SE ARMO LA URL SE VA A EJECUTAR
2017-04-03T21:28:43-05:00 INFO (6): response:: 0: Accepted for delivery
2017-04-03T21:28:43-05:00 INFO (6): return: <?xml version="1.0" encoding="UTF-8"?><status>OK</status>
2017-04-03T21:28:43-05:00 INFO (6): SE VA A GUARDAR EN BASE DE DATOS:::...
2017-04-03T21:28:43-05:00 INFO (6): DATOS MT:: Array
(
    [mt_marcacion] => 26262
    [mt_operador] => Telcel
    [mt_msisdn] => 5554995994
    [mt_medio] => Base
    [mt_folio] => 558e304dbdd4e22
    [mt_contenido] => 2128
    [mt_fecha] => 2017-04-03 21:28:43
    [mt_tag] => UNICO
    [usuario_id] => 23
)

2017-04-03T21:28:43-05:00 INFO (6): SE INSERTO:: 1
2017-04-03T21:28:43-05:00 INFO (6): CODIGO DE RESPUESTA 200
2017-04-03T21:28:43-05:00 INFO (6): Array data_cr:: Array
(
    [credito_valor] => 24,22
)

2017-04-03T21:28:43-05:00 INFO (6): SE ACTUALIZO:: 1
2017-04-03T21:29:23-05:00 INFO (6): ----------------------------------------------------
2017-04-03T21:29:23-05:00 INFO (6): ----------------------------------------------------
2017-04-03T21:29:23-05:00 INFO (6): ----------------------------------------------------
2017-04-03T21:29:23-05:00 INFO (6): ---- ENVIO UNICO - FN ENVIAR -----------------------
2017-04-03T21:29:23-05:00 INFO (6): REQUEST: Array
(
    [msisdn] => 5554995994
    [message] => xxxxx
    [caracteres] => 5
    [accion] => enviar
    [PHPSESSID] => hnqrcjide6mr5qm80fjfcfv495
)

2017-04-03T21:29:23-05:00 INFO (6): MSISDN: 5554995994
2017-04-03T21:29:23-05:00 INFO (6): SMS: xxxxx
2017-04-03T21:29:23-05:00 INFO (6): SI PUSO UN MSISDN Y UN MENSAJE
2017-04-03T21:29:23-05:00 INFO (6): SI ES UN MSISDN VALIDO
2017-04-03T21:29:23-05:00 INFO (6): POSICON SIGNO DE PESOS: 
2017-04-03T21:29:23-05:00 INFO (6): SUSTITUYENDO EL SIGNO DE PESOS: xxxxx
2017-04-03T21:29:23-05:00 INFO (6): .
2017-04-03T21:29:23-05:00 INFO (6): .
2017-04-03T21:29:23-05:00 INFO (6): .
2017-04-03T21:29:23-05:00 INFO (6): CONTENIDO A ENVIAR SIN CODIFICAR: xxxxx
2017-04-03T21:29:23-05:00 INFO (6): CONTENIDO A ENVIAR CODIFICADO: xxxxx
2017-04-03T21:29:23-05:00 INFO (6): URL: http://localhost:13013/cgi-bin/sendsms?username=sendsmsmt_26262&password=kaiser&to=525554995994&text=xxxxx
2017-04-03T21:29:23-05:00 INFO (6): SE SE ARMO LA URL SE VA A EJECUTAR
2017-04-03T21:29:23-05:00 INFO (6): response:: 0: Accepted for delivery
2017-04-03T21:29:23-05:00 INFO (6): return: <?xml version="1.0" encoding="UTF-8"?><status>OK</status>
2017-04-03T21:29:23-05:00 INFO (6): SE VA A GUARDAR EN BASE DE DATOS:::...
2017-04-03T21:29:23-05:00 INFO (6): DATOS MT:: Array
(
    [mt_marcacion] => 26262
    [mt_operador] => Telcel
    [mt_msisdn] => 5554995994
    [mt_medio] => Base
    [mt_folio] => 858e305031df1e2
    [mt_contenido] => xxxxx
    [mt_fecha] => 2017-04-03 21:29:23
    [mt_tag] => UNICO
    [usuario_id] => 23
)

2017-04-03T21:29:23-05:00 INFO (6): SE INSERTO:: 1
2017-04-03T21:29:23-05:00 INFO (6): CODIGO DE RESPUESTA 200
2017-04-03T21:29:23-05:00 INFO (6): Array data_cr:: Array
(
    [credito_valor] => 23,64
)

2017-04-03T21:29:23-05:00 INFO (6): SE ACTUALIZO:: 1
2017-04-03T21:29:47-05:00 INFO (6): ----------------------------------------------------
2017-04-03T21:29:47-05:00 INFO (6): ----------------------------------------------------
2017-04-03T21:29:47-05:00 INFO (6): ----------------------------------------------------
2017-04-03T21:29:47-05:00 INFO (6): ---- ENVIO UNICO - FN ENVIAR -----------------------
2017-04-03T21:29:47-05:00 INFO (6): REQUEST: Array
(
    [msisdn] => 5554995994
    [message] => XXXXXX
    [caracteres] => 6
    [accion] => enviar
    [PHPSESSID] => hnqrcjide6mr5qm80fjfcfv495
)

2017-04-03T21:29:47-05:00 INFO (6): MSISDN: 5554995994
2017-04-03T21:29:47-05:00 INFO (6): SMS: XXXXXX
2017-04-03T21:29:47-05:00 INFO (6): SI PUSO UN MSISDN Y UN MENSAJE
2017-04-03T21:29:47-05:00 INFO (6): SI ES UN MSISDN VALIDO
2017-04-03T21:29:47-05:00 INFO (6): POSICON SIGNO DE PESOS: 
2017-04-03T21:29:47-05:00 INFO (6): SUSTITUYENDO EL SIGNO DE PESOS: XXXXXX
2017-04-03T21:29:47-05:00 INFO (6): .
2017-04-03T21:29:47-05:00 INFO (6): .
2017-04-03T21:29:47-05:00 INFO (6): .
2017-04-03T21:29:47-05:00 INFO (6): CONTENIDO A ENVIAR SIN CODIFICAR: XXXXXX
2017-04-03T21:29:47-05:00 INFO (6): CONTENIDO A ENVIAR CODIFICADO: XXXXXX
2017-04-03T21:29:47-05:00 INFO (6): URL: http://localhost:13013/cgi-bin/sendsms?username=sendsmsmt_26262&password=kaiser&to=525554995994&text=XXXXXX
2017-04-03T21:29:47-05:00 INFO (6): SE SE ARMO LA URL SE VA A EJECUTAR
2017-04-03T21:29:47-05:00 INFO (6): response:: 0: Accepted for delivery
2017-04-03T21:29:47-05:00 INFO (6): return: <?xml version="1.0" encoding="UTF-8"?><status>OK</status>
2017-04-03T21:29:47-05:00 INFO (6): SE VA A GUARDAR EN BASE DE DATOS:::...
2017-04-03T21:29:47-05:00 INFO (6): DATOS MT:: Array
(
    [mt_marcacion] => 26262
    [mt_operador] => Telcel
    [mt_msisdn] => 5554995994
    [mt_medio] => Base
    [mt_folio] => 658e3051b0f3c78
    [mt_contenido] => XXXXXX
    [mt_fecha] => 2017-04-03 21:29:47
    [mt_tag] => UNICO
    [usuario_id] => 23
)

2017-04-03T21:29:47-05:00 INFO (6): SE INSERTO:: 1
2017-04-03T21:29:47-05:00 INFO (6): CODIGO DE RESPUESTA 200
2017-04-03T21:29:47-05:00 INFO (6): Array data_cr:: Array
(
    [credito_valor] => 23,06
)

2017-04-03T21:29:47-05:00 INFO (6): SE ACTUALIZO:: 1
2017-04-03T21:30:42-05:00 INFO (6): ----------------------------------------------------
2017-04-03T21:30:42-05:00 INFO (6): ----------------------------------------------------
2017-04-03T21:30:42-05:00 INFO (6): ----------------------------------------------------
2017-04-03T21:30:42-05:00 INFO (6): ---- ENVIO UNICO - FN ENVIAR -----------------------
2017-04-03T21:30:42-05:00 INFO (6): REQUEST: Array
(
    [msisdn] => 5554995994
    [message] => xxx
    [caracteres] => 3
    [accion] => enviar
    [PHPSESSID] => hnqrcjide6mr5qm80fjfcfv495
)

2017-04-03T21:30:42-05:00 INFO (6): MSISDN: 5554995994
2017-04-03T21:30:42-05:00 INFO (6): SMS: xxx
2017-04-03T21:30:42-05:00 INFO (6): SI PUSO UN MSISDN Y UN MENSAJE
2017-04-03T21:30:42-05:00 INFO (6): SI ES UN MSISDN VALIDO
2017-04-03T21:30:42-05:00 INFO (6): POSICON SIGNO DE PESOS: 
2017-04-03T21:30:42-05:00 INFO (6): SUSTITUYENDO EL SIGNO DE PESOS: xxx
2017-04-03T21:30:42-05:00 INFO (6): .
2017-04-03T21:30:42-05:00 INFO (6): .
2017-04-03T21:30:42-05:00 INFO (6): .
2017-04-03T21:30:42-05:00 INFO (6): CONTENIDO A ENVIAR SIN CODIFICAR: xxx
2017-04-03T21:30:42-05:00 INFO (6): CONTENIDO A ENVIAR CODIFICADO: xxx
2017-04-03T21:30:42-05:00 INFO (6): URL: http://localhost:13013/cgi-bin/sendsms?username=sendsmsmt_26262&password=kaiser&to=525554995994&text=xxx
2017-04-03T21:30:42-05:00 INFO (6): SE SE ARMO LA URL SE VA A EJECUTAR
2017-04-03T21:30:42-05:00 INFO (6): response:: 0: Accepted for delivery
2017-04-03T21:30:42-05:00 INFO (6): return: <?xml version="1.0" encoding="UTF-8"?><status>OK</status>
2017-04-03T21:30:42-05:00 INFO (6): SE VA A GUARDAR EN BASE DE DATOS:::...
2017-04-03T21:30:42-05:00 INFO (6): DATOS MT:: Array
(
    [mt_marcacion] => 26262
    [mt_operador] => Telcel
    [mt_msisdn] => 5554995994
    [mt_medio] => Base
    [mt_folio] => 558e30552406b91
    [mt_contenido] => xxx
    [mt_fecha] => 2017-04-03 21:30:42
    [mt_tag] => UNICO
    [usuario_id] => 23
)

2017-04-03T21:30:42-05:00 INFO (6): SE INSERTO:: 1
2017-04-03T21:30:42-05:00 INFO (6): CODIGO DE RESPUESTA 200
2017-04-03T21:30:42-05:00 INFO (6): Array data_cr:: Array
(
    [credito_valor] => 22,48
)

2017-04-03T21:30:42-05:00 INFO (6): SE ACTUALIZO:: 1
2017-04-03T21:43:12-05:00 INFO (6): ----------------------------------------------------
2017-04-03T21:43:12-05:00 INFO (6): ----------------------------------------------------
2017-04-03T21:43:12-05:00 INFO (6): ----------------------------------------------------
2017-04-03T21:43:12-05:00 INFO (6): ---- ENVIO UNICO - FN ENVIAR -----------------------
2017-04-03T21:43:12-05:00 INFO (6): REQUEST: Array
(
    [msisdn] => 5519701250
    [message] => TESTCON52
    [caracteres] => 9
    [accion] => enviar
    [PHPSESSID] => hnqrcjide6mr5qm80fjfcfv495
)

2017-04-03T21:43:12-05:00 INFO (6): MSISDN: 5519701250
2017-04-03T21:43:12-05:00 INFO (6): SMS: TESTCON52
2017-04-03T21:43:12-05:00 INFO (6): SI PUSO UN MSISDN Y UN MENSAJE
2017-04-03T21:43:12-05:00 INFO (6): SI ES UN MSISDN VALIDO
2017-04-03T21:43:12-05:00 INFO (6): POSICON SIGNO DE PESOS: 
2017-04-03T21:43:12-05:00 INFO (6): SUSTITUYENDO EL SIGNO DE PESOS: TESTCON52
2017-04-03T21:43:12-05:00 INFO (6): .
2017-04-03T21:43:12-05:00 INFO (6): .
2017-04-03T21:43:12-05:00 INFO (6): .
2017-04-03T21:43:12-05:00 INFO (6): CONTENIDO A ENVIAR SIN CODIFICAR: TESTCON52
2017-04-03T21:43:12-05:00 INFO (6): CONTENIDO A ENVIAR CODIFICADO: TESTCON52
2017-04-03T21:43:12-05:00 INFO (6): URL: http://administrador.cm-operations.com/iusacell/router/router_mt.php?SOA=5519701250&dial=26262&message=TESTCON52&service=EMAILTOSMSUNICO&subservice=UNICO&username=sendsmsatt_26262
2017-04-03T21:43:12-05:00 INFO (6): SE SE ARMO LA URL SE VA A EJECUTAR
2017-04-03T21:43:13-05:00 INFO (6): response:: 0: Accepted for delivery
2017-04-03T21:43:13-05:00 INFO (6): return: <?xml version="1.0" encoding="UTF-8"?><status>OK</status>
2017-04-03T21:43:13-05:00 INFO (6): SE VA A GUARDAR EN BASE DE DATOS:::...
2017-04-03T21:43:13-05:00 INFO (6): DATOS MT:: Array
(
    [mt_marcacion] => 26262
    [mt_operador] => Iusacell
    [mt_msisdn] => 5519701250
    [mt_medio] => Base
    [mt_folio] => 658e3084116c5f8
    [mt_contenido] => TESTCON52
    [mt_fecha] => 2017-04-03 21:43:13
    [mt_tag] => UNICO
    [usuario_id] => 23
)

2017-04-03T21:43:13-05:00 INFO (6): SE INSERTO:: 1
2017-04-03T21:43:13-05:00 INFO (6): CODIGO DE RESPUESTA 200
2017-04-03T21:43:13-05:00 INFO (6): Array data_cr:: Array
(
    [credito_valor] => 21,9
)

2017-04-03T21:43:13-05:00 INFO (6): SE ACTUALIZO:: 1
2017-04-03T21:47:30-05:00 INFO (6): ----------------------------------------------------
2017-04-03T21:47:30-05:00 INFO (6): ----------------------------------------------------
2017-04-03T21:47:30-05:00 INFO (6): ----------------------------------------------------
2017-04-03T21:47:30-05:00 INFO (6): ---- ENVIO UNICO - FN ENVIAR -----------------------
2017-04-03T21:47:30-05:00 INFO (6): REQUEST: Array
(
    [msisdn] => 5519701250
    [message] => Pruebaatt
    [caracteres] => 9
    [accion] => enviar
    [PHPSESSID] => hnqrcjide6mr5qm80fjfcfv495
)

2017-04-03T21:47:30-05:00 INFO (6): MSISDN: 5519701250
2017-04-03T21:47:30-05:00 INFO (6): SMS: Pruebaatt
2017-04-03T21:47:30-05:00 INFO (6): SI PUSO UN MSISDN Y UN MENSAJE
2017-04-03T21:47:30-05:00 INFO (6): SI ES UN MSISDN VALIDO
2017-04-03T21:47:30-05:00 INFO (6): POSICON SIGNO DE PESOS: 
2017-04-03T21:47:30-05:00 INFO (6): SUSTITUYENDO EL SIGNO DE PESOS: Pruebaatt
2017-04-03T21:47:30-05:00 INFO (6): .
2017-04-03T21:47:30-05:00 INFO (6): .
2017-04-03T21:47:30-05:00 INFO (6): .
2017-04-03T21:47:30-05:00 INFO (6): CONTENIDO A ENVIAR SIN CODIFICAR: Pruebaatt
2017-04-03T21:47:30-05:00 INFO (6): CONTENIDO A ENVIAR CODIFICADO: Pruebaatt
2017-04-03T21:47:30-05:00 INFO (6): URL: http://administrador.cm-operations.com/iusacell/router/router_mt.php?SOA=5519701250&dial=26262&message=Pruebaatt&service=EMAILTOSMSUNICO&subservice=UNICO&username=sendsmsatt_26262
2017-04-03T21:47:30-05:00 INFO (6): SE SE ARMO LA URL SE VA A EJECUTAR
2017-04-03T21:47:30-05:00 INFO (6): response:: 0: Accepted for delivery
2017-04-03T21:47:30-05:00 INFO (6): return: <?xml version="1.0" encoding="UTF-8"?><status>OK</status>
2017-04-03T21:47:30-05:00 INFO (6): SE VA A GUARDAR EN BASE DE DATOS:::...
2017-04-03T21:47:30-05:00 INFO (6): DATOS MT:: Array
(
    [mt_marcacion] => 26262
    [mt_operador] => Iusacell
    [mt_msisdn] => 5519701250
    [mt_medio] => Base
    [mt_folio] => 958e30942bc4a04
    [mt_contenido] => Pruebaatt
    [mt_fecha] => 2017-04-03 21:47:30
    [mt_tag] => UNICO
    [usuario_id] => 23
)

2017-04-03T21:47:30-05:00 INFO (6): SE INSERTO:: 1
2017-04-03T21:47:30-05:00 INFO (6): CODIGO DE RESPUESTA 200
2017-04-03T21:47:30-05:00 INFO (6): Array data_cr:: Array
(
    [credito_valor] => 21,32
)

2017-04-03T21:47:30-05:00 INFO (6): SE ACTUALIZO:: 1
2017-04-03T21:52:30-05:00 INFO (6): ----------------------------------------------------
2017-04-03T21:52:30-05:00 INFO (6): ----------------------------------------------------
2017-04-03T21:52:30-05:00 INFO (6): ----------------------------------------------------
2017-04-03T21:52:30-05:00 INFO (6): ---- ENVIO UNICO - FN ENVIAR -----------------------
2017-04-03T21:52:30-05:00 INFO (6): REQUEST: Array
(
    [msisdn] => 5519701250
    [message] => TEST52
    [caracteres] => 6
    [accion] => enviar
    [PHPSESSID] => hnqrcjide6mr5qm80fjfcfv495
)

2017-04-03T21:52:30-05:00 INFO (6): MSISDN: 5519701250
2017-04-03T21:52:30-05:00 INFO (6): SMS: TEST52
2017-04-03T21:52:30-05:00 INFO (6): SI PUSO UN MSISDN Y UN MENSAJE
2017-04-03T21:52:30-05:00 INFO (6): SI ES UN MSISDN VALIDO
2017-04-03T21:52:30-05:00 INFO (6): POSICON SIGNO DE PESOS: 
2017-04-03T21:52:30-05:00 INFO (6): SUSTITUYENDO EL SIGNO DE PESOS: TEST52
2017-04-03T21:52:30-05:00 INFO (6): .
2017-04-03T21:52:30-05:00 INFO (6): .
2017-04-03T21:52:30-05:00 INFO (6): .
2017-04-03T21:52:30-05:00 INFO (6): CONTENIDO A ENVIAR SIN CODIFICAR: TEST52
2017-04-03T21:52:30-05:00 INFO (6): CONTENIDO A ENVIAR CODIFICADO: TEST52
2017-04-03T21:52:30-05:00 INFO (6): URL: http://administrador.cm-operations.com/iusacell/router/router_mt.php?SOA=5519701250&dial=26262&message=TEST52&service=EMAILTOSMSUNICO&subservice=UNICO&username=sendsmsatt_26262
2017-04-03T21:52:30-05:00 INFO (6): SE SE ARMO LA URL SE VA A EJECUTAR
2017-04-03T21:52:30-05:00 INFO (6): response:: 0: Accepted for delivery
2017-04-03T21:52:30-05:00 INFO (6): return: <?xml version="1.0" encoding="UTF-8"?><status>OK</status>
2017-04-03T21:52:30-05:00 INFO (6): SE VA A GUARDAR EN BASE DE DATOS:::...
2017-04-03T21:52:30-05:00 INFO (6): DATOS MT:: Array
(
    [mt_marcacion] => 26262
    [mt_operador] => Iusacell
    [mt_msisdn] => 5519701250
    [mt_medio] => Base
    [mt_folio] => 258e30a6e45fd93
    [mt_contenido] => TEST52
    [mt_fecha] => 2017-04-03 21:52:30
    [mt_tag] => UNICO
    [usuario_id] => 23
)

2017-04-03T21:52:30-05:00 INFO (6): SE INSERTO:: 1
2017-04-03T21:52:30-05:00 INFO (6): CODIGO DE RESPUESTA 200
2017-04-03T21:52:30-05:00 INFO (6): Array data_cr:: Array
(
    [credito_valor] => 20,74
)

2017-04-03T21:52:30-05:00 INFO (6): SE ACTUALIZO:: 1
